11-09-2024 00:06:57 1726013217761 BuildInfo[
                          Build=20220328
                          BuildNumber=20220328
                          Revision=52ab9d6
                          Version=5.0.3
                          SerialVersion=1
                          Enterprise=false]
11-09-2024 00:06:57 1726013217762 SystemProperties[
                          hazelcast.config=/opt/hazelcast/config/hazelcast.xml
                          hazelcast.logging.type=log4j2
                          hazelcast.tracking.server=true
                          java.class.path=/opt/hazelcast/*:/opt/hazelcast/lib:/opt/hazelcast/lib/log4j-slf4j-impl-2.17.1.jar:/opt/hazelcast/lib/hazelcast-jet-cdc-mysql-5.0.3.jar:/opt/hazelcast/lib/jmx_prometheus_javaagent-0.14.0.jar:/opt/hazelcast/lib/cache-api-1.1.1.jar:/opt/hazelcast/lib/hazelcast-jet-python-5.0.3.jar:/opt/hazelcast/lib/hazelcast-jet-files-s3-5.0.3.jar:/opt/hazelcast/lib/hazelcast-jet-csv-5.0.3.jar:/opt/hazelcast/lib/jline-terminal-jansi-3.21.0.jar:/opt/hazelcast/lib/hazelcast-sql-5.0.3.jar:/opt/hazelcast/lib/hazelcast-3-connector-interface-5.0.3.jar:/opt/hazelcast/lib/hazelcast-jet-hadoop-all-5.0.3.jar:/opt/hazelcast/lib/hazelcast-5.0.3.jar:/opt/hazelcast/lib/hazelcast-jet-kinesis-5.0.3.jar:/opt/hazelcast/lib/jansi-2.4.0.jar:/opt/hazelcast/lib/hazelcast-3-connector-common-5.0.3.jar:/opt/hazelcast/lib/slf4j-api-1.7.36.jar:/opt/hazelcast/lib/hazelcast-wm-4.0.jar:/opt/hazelcast/lib/hazelcast-jet-files-azure-5.0.3.jar:/opt/hazelcast/lib/hazelcast-jet-kafka-5.0.3.jar:/opt/hazelcast/lib/hazelcast-jet-protobuf-5.0.3.jar:/opt/hazelcast/lib/jline-reader-3.21.0.jar:/opt/hazelcast/lib/hazelcast-jet-elasticsearch-7-5.0.3.jar:/opt/hazelcast/lib/picocli-4.4.0.jar:/opt/hazelcast/lib/jline-terminal-3.21.0.jar:/opt/hazelcast/lib/hazelcast-jet-cdc-postgres-5.0.3.jar:/opt/hazelcast/lib/hazelcast-distribution-5.0.3.jar:/opt/hazelcast/lib/hazelcast-hibernate53-2.1.1.jar:/opt/hazelcast/lib/hazelcast-jet-grpc-5.0.3.jar:/opt/hazelcast/lib/hazelcast-jet-s3-5.0.3.jar:/opt/hazelcast/lib/hazelcast-jet-cdc-debezium-5.0.3.jar:/opt/hazelcast/lib/log4j-api-2.17.1.jar:/opt/hazelcast/lib/hazelcast-jet-files-gcs-5.0.3.jar:/opt/hazelcast/lib/log4j-core-2.17.1.jar:/opt/hazelcast/lib/hazelcast-jet-avro-5.0.3.jar:/opt/hazelcast/bin/user-lib:/opt/hazelcast/bin/user-lib/*
                          java.class.version=55.0
                          java.home=/usr/lib/jvm/java-11-openjdk
                          java.io.tmpdir=/tmp
                          java.library.path=/usr/lib/jvm/java-11-openjdk/lib/server:/usr/lib/jvm/java-11-openjdk/lib:/usr/lib/jvm/java-11-openjdk/../lib:/usr/java/packages/lib:/lib:/usr/lib:/usr/lib64:/lib64
                          java.net.preferIPv4Stack=true
                          java.runtime.name=OpenJDK Runtime Environment
                          java.runtime.version=11.0.14+9-alpine-r0
                          java.specification.name=Java Platform API Specification
                          java.specification.vendor=Oracle Corporation
                          java.specification.version=11
                          java.vendor=Alpine
                          java.vendor.url=https://alpinelinux.org/
                          java.vendor.url.bug=https://gitlab.alpinelinux.org/alpine/aports/issues
                          java.version=11.0.14
                          java.version.date=2022-01-18
                          java.vm.args=--add-modules=java.se --add-exports=java.base/jdk.internal.ref=ALL-UNNAMED --add-opens=java.base/java.lang=ALL-UNNAMED --add-opens=java.base/java.nio=ALL-UNNAMED --add-opens=java.base/sun.nio.ch=ALL-UNNAMED --add-opens=java.management/sun.management=ALL-UNNAMED --add-opens=jdk.management/com.sun.management.internal=ALL-UNNAMED -Dhazelcast.logging.type=log4j2 -Dlog4j.configurationFile=file:/opt/hazelcast/config/log4j2.properties -Dhazelcast.config=/opt/hazelcast/config/hazelcast-docker.xml -Djet.custom.lib.dir=/opt/hazelcast/custom-lib -Djava.net.preferIPv4Stack=true -XX:MaxRAMPercentage=80.0 -XX:MaxGCPauseMillis=5 
                          java.vm.compressedOopsMode=Zero based
                          java.vm.info=mixed mode
                          java.vm.name=OpenJDK 64-Bit Server VM
                          java.vm.specification.name=Java Virtual Machine Specification
                          java.vm.specification.vendor=Oracle Corporation
                          java.vm.specification.version=11
                          java.vm.vendor=Alpine
                          java.vm.version=11.0.14+9-alpine-r0
                          os.arch=aarch64
                          os.name=Linux
                          os.version=6.6.32-linuxkit
                          sun.arch.data.model=64
                          sun.boot.library.path=/usr/lib/jvm/java-11-openjdk/lib
                          sun.cpu.endian=little
                          sun.cpu.isalist=
                          sun.io.unicode.encoding=UnicodeLittle
                          sun.java.command=com.hazelcast.commandline.HazelcastServerCommandLine start -c /opt/hazelcast/config/hazelcast.xml
                          sun.java.launcher=SUN_STANDARD
                          sun.jnu.encoding=UTF-8
                          sun.management.compiler=HotSpot 64-Bit Tiered Compilers
                          sun.os.patch.level=unknown]
11-09-2024 00:06:57 1726013217765 ConfigProperties[
                          hazelcast.diagnostics.directory=/opt/hazelcast/logs
                          hazelcast.diagnostics.enabled=true
                          hazelcast.diagnostics.invocation.sample.period.seconds=30
                          hazelcast.diagnostics.metric.level=DEBUG
                          hazelcast.local.public.address=192.168.1.2
                          hazelcast.logging.type=log4j2]
11-09-2024 00:06:57 1726013217765 Metric[[metric=classloading.totalLoadedClassesCount]=7282]
11-09-2024 00:06:57 1726013217765 Metric[[thread=hz.compassionate_moore.generic-operation.thread-3,unit=count,metric=operation.thread.completedTotalCount]=0]
11-09-2024 00:06:57 1726013217765 Metric[[unit=ns,metric=partitions.elapsedDestinationCommitTime]=0]
11-09-2024 00:06:57 1726013217765 Metric[[thread=hz.compassionate_moore.partition-operation.thread-9,unit=count,metric=operation.thread.completedPartitionSpecificRunnableCount]=0]
11-09-2024 00:06:57 1726013217765 Metric[[unit=count,metric=operation.genericQueueSize]=0]
11-09-2024 00:06:57 1726013217765 Metric[[unit=count,metric=partitions.replicaSyncSemaphore]=10]
11-09-2024 00:06:57 1726013217765 Metric[[unit=count,metric=operation.genericThreadCount]=6]
11-09-2024 00:06:57 1726013217765 Metric[[unit=count,metric=operation.completedCount]=0]
11-09-2024 00:06:57 1726013217765 Metric[[thread=hz.compassionate_moore.partition-operation.thread-3,unit=count,metric=operation.thread.completedOperationCount]=0]
11-09-2024 00:06:57 1726013217765 Metric[[thread=hz.compassionate_moore.generic-operation.thread-2,unit=count,metric=operation.thread.completedPartitionSpecificRunnableCount]=0]
11-09-2024 00:06:57 1726013217765 Metric[[thread=hz.compassionate_moore.generic-operation.thread-4,unit=count,metric=operation.thread.errorCount]=0]
11-09-2024 00:06:57 1726013217765 Metric[[metric=classloading.unloadedClassesCount]=0]
11-09-2024 00:06:57 1726013217765 Metric[[unit=count,metric=operation.runningPartitionCount]=0]
11-09-2024 00:06:57 1726013217765 Metric[[metric=os.committedVirtualMemorySize]=8568246272]
11-09-2024 00:06:57 1726013217765 Metric[[unit=ns,metric=partitions.elapsedMigrationTime]=0]
11-09-2024 00:06:57 1726013217765 Metric[[thread=hz.compassionate_moore.priority-generic-operation.thread-0,unit=count,metric=operation.thread.completedOperationCount]=0]
11-09-2024 00:06:57 1726013217765 Metric[[thread=hz.compassionate_moore.generic-operation.thread-4,unit=count,metric=operation.thread.completedTotalCount]=0]
11-09-2024 00:06:57 1726013217765 Metric[[unit=count,metric=partitions.migrationQueueSize]=0]
11-09-2024 00:06:57 1726013217765 Metric[[unit=count,metric=event.threadCount]=5]
11-09-2024 00:06:57 1726013217765 Metric[[metric=runtime.usedMemory]=42511088]
11-09-2024 00:06:57 1726013217765 Metric[[unit=ns,metric=partitions.totalElapsedMigrationTime]=0]
11-09-2024 00:06:57 1726013217765 Metric[[unit=bytes,metric=memory.maxHeap]=6578765824]
11-09-2024 00:06:57 1726013217765 Metric[[unit=ms,metric=cluster.clock.maxClusterTimeDiff]=0]
11-09-2024 00:06:57 1726013217765 Metric[[metric=os.processCpuTime]=4110000000]
11-09-2024 00:06:57 1726013217765 Metric[[unit=ns,metric=partitions.totalElapsedMigrationOperationTime]=0]
11-09-2024 00:06:57 1726013217765 Metric[[unit=bytes,metric=memory.committedHeap]=439353344]
11-09-2024 00:06:57 1726013217765 Metric[[unit=count,metric=raft.terminatedRaftNodeGroupIds]=0]
11-09-2024 00:06:57 1726013217765 Metric[[thread=hz.compassionate_moore.partition-operation.thread-2,unit=count,metric=operation.thread.completedOperationCount]=0]
11-09-2024 00:06:57 1726013217765 Metric[[thread=hz.compassionate_moore.generic-operation.thread-3,unit=count,metric=operation.thread.completedPartitionSpecificRunnableCount]=0]
11-09-2024 00:06:57 1726013217765 Metric[[thread=hz.compassionate_moore.generic-operation.thread-3,unit=count,metric=operation.thread.errorCount]=0]
11-09-2024 00:06:57 1726013217765 Metric[[unit=bytes,metric=memory.freeHeap]=396842256]
11-09-2024 00:06:57 1726013217765 Metric[[metric=os.freePhysicalMemorySize]=1792843776]
11-09-2024 00:06:57 1726013217765 Metric[[thread=hz.compassionate_moore.generic-operation.thread-4,unit=count,metric=operation.thread.completedOperationBatchCount]=0]
11-09-2024 00:06:57 1726013217765 Metric[[unit=count,metric=event.totalFailureCount]=0]
11-09-2024 00:06:57 1726013217765 Metric[[thread=hz.compassionate_moore.partition-operation.thread-9,unit=count,metric=operation.thread.errorCount]=0]
11-09-2024 00:06:57 1726013217765 Metric[[unit=count,metric=partitions.totalCompletedMigrations]=0]
11-09-2024 00:06:57 1726013217765 Metric[[thread=hz.compassionate_moore.partition-operation.thread-0,unit=count,metric=operation.thread.normalPendingCount]=0]
11-09-2024 00:06:57 1726013217765 Metric[[unit=ms,metric=operation.invocations.invocationScanPeriodMillis]=1000]
11-09-2024 00:06:57 1726013217765 Metric[[thread=hz.compassionate_moore.partition-operation.thread-5,unit=count,metric=operation.thread.completedOperationCount]=0]
11-09-2024 00:06:57 1726013217765 Metric[[unit=count,metric=operation.responses.backupCount]=0]
11-09-2024 00:06:57 1726013217765 Metric[[thread=hz.compassionate_moore.generic-operation.thread-2,unit=count,metric=operation.thread.errorCount]=0]
11-09-2024 00:06:57 1726013217765 Metric[[thread=hz.compassionate_moore.generic-operation.thread-4,unit=count,metric=operation.thread.completedPartitionSpecificRunnableCount]=0]
11-09-2024 00:06:57 1726013217765 Metric[[unit=count,metric=operation.runningGenericCount]=0]
11-09-2024 00:06:57 1726013217765 Metric[[unit=count,metric=raft.metadata.activeMembersCommitIndex]=0]
11-09-2024 00:06:57 1726013217765 Metric[[thread=hz.compassionate_moore.partition-operation.thread-8,unit=count,metric=operation.thread.errorCount]=0]
11-09-2024 00:06:57 1726013217765 Metric[[unit=count,metric=operation.asyncOperations]=0]
11-09-2024 00:06:57 1726013217765 Metric[[metric=os.totalSwapSpaceSize]=1073737728]
11-09-2024 00:06:57 1726013217765 Metric[[thread=hz.compassionate_moore.partition-operation.thread-0,unit=count,metric=operation.thread.priorityPendingCount]=0]
11-09-2024 00:06:57 1726013217765 Metric[[thread=hz.compassionate_moore.partition-operation.thread-4,unit=count,metric=operation.thread.completedOperationCount]=0]
11-09-2024 00:06:57 1726013217765 Metric[[thread=hz.compassionate_moore.generic-operation.thread-1,unit=count,metric=operation.thread.errorCount]=0]
11-09-2024 00:06:57 1726013217765 Metric[[unit=ms,metric=gc.minorTime]=118]
11-09-2024 00:06:57 1726013217765 Metric[[service=hz:core:clusterService,unit=count,metric=event.publicationCount]=0]
11-09-2024 00:06:57 1726013217765 Metric[[unit=count,metric=event.eventQueueSize]=0]
11-09-2024 00:06:57 1726013217765 Metric[[thread=hz.compassionate_moore.generic-operation.thread-2,unit=count,metric=operation.thread.completedOperationBatchCount]=0]
11-09-2024 00:06:57 1726013217765 Metric[[thread=hz.compassionate_moore.partition-operation.thread-1,unit=count,metric=operation.thread.completedPacketCount]=0]
11-09-2024 00:06:57 1726013217765 Metric[[unit=count,metric=operation.callTimeoutCount]=0]
11-09-2024 00:06:57 1726013217765 Metric[[thread=hz.compassionate_moore.partition-operation.thread-5,unit=count,metric=operation.thread.completedPartitionSpecificRunnableCount]=0]
11-09-2024 00:06:57 1726013217765 Metric[[thread=hz.compassionate_moore.partition-operation.thread-7,unit=count,metric=operation.thread.errorCount]=0]
11-09-2024 00:06:57 1726013217765 Metric[[unit=boolean,metric=partitions.migrationActive]=1]
11-09-2024 00:06:57 1726013217765 Metric[[thread=hz.compassionate_moore.partition-operation.thread-9,unit=count,metric=operation.thread.completedRunnableCount]=0]
11-09-2024 00:06:57 1726013217765 Metric[[thread=hz.compassionate_moore.partition-operation.thread-9,unit=count,metric=operation.thread.priorityPendingCount]=0]
11-09-2024 00:06:57 1726013217765 Metric[[unit=count,metric=client.endpoint.totalRegistrations]=0]
11-09-2024 00:06:57 1726013217765 Metric[[metric=runtime.freeMemory]=396842256]
11-09-2024 00:06:57 1726013217765 Metric[[unit=ms,metric=cluster.heartbeat.lastHeartbeat]=0]
11-09-2024 00:06:57 1726013217765 Metric[[thread=hz.compassionate_moore.partition-operation.thread-1,unit=count,metric=operation.thread.completedOperationBatchCount]=0]
11-09-2024 00:06:57 1726013217765 Metric[[thread=hz.compassionate_moore.generic-operation.thread-1,unit=count,metric=operation.thread.completedPacketCount]=0]
11-09-2024 00:06:57 1726013217765 Metric[[thread=hz.compassionate_moore.partition-operation.thread-7,unit=count,metric=operation.thread.completedOperationCount]=0]
11-09-2024 00:06:57 1726013217765 Metric[[thread=hz.compassionate_moore.generic-operation.thread-3,unit=count,metric=operation.thread.completedOperationBatchCount]=0]
11-09-2024 00:06:57 1726013217765 Metric[[unit=count,metric=operation.invocations.delayedExecutionCount]=0]
11-09-2024 00:06:57 1726013217765 Metric[[thread=hz.compassionate_moore.partition-operation.thread-0,unit=count,metric=operation.thread.completedPacketCount]=0]
11-09-2024 00:06:57 1726013217765 Metric[[thread=hz.compassionate_moore.generic-operation.thread-0,unit=count,metric=operation.thread.completedTotalCount]=0]
11-09-2024 00:06:57 1726013217765 Metric[[thread=hz.compassionate_moore.partition-operation.thread-6,unit=count,metric=operation.thread.completedPartitionSpecificRunnableCount]=0]
11-09-2024 00:06:57 1726013217765 Metric[[thread=hz.compassionate_moore.partition-operation.thread-6,unit=count,metric=operation.thread.errorCount]=0]
11-09-2024 00:06:57 1726013217765 Metric[[unit=count,metric=operation.responses.missingCount]=0]
11-09-2024 00:06:57 1726013217765 Metric[[thread=hz.compassionate_moore.partition-operation.thread-8,unit=count,metric=operation.thread.completedRunnableCount]=0]
11-09-2024 00:06:57 1726013217765 Metric[[thread=hz.compassionate_moore.partition-operation.thread-9,unit=count,metric=operation.thread.normalPendingCount]=0]
11-09-2024 00:06:57 1726013217765 Metric[[unit=count,metric=event.syncDeliveryFailureCount]=0]
11-09-2024 00:06:57 1726013217765 Metric[[unit=ms,metric=cluster.clock.clusterTimeDiff]=0]
11-09-2024 00:06:57 1726013217765 Metric[[thread=hz.compassionate_moore.partition-operation.thread-2,unit=count,metric=operation.thread.completedOperationBatchCount]=0]
11-09-2024 00:06:57 1726013217765 Metric[[thread=hz.compassionate_moore.generic-operation.thread-2,unit=count,metric=operation.thread.completedPacketCount]=0]
11-09-2024 00:06:57 1726013217765 Metric[[unit=count,metric=raft.metadata.groups]=0]
11-09-2024 00:06:57 1726013217765 Metric[[unit=count,metric=proxy.createdCount]=0]
11-09-2024 00:06:57 1726013217765 Metric[[thread=hz.compassionate_moore.partition-operation.thread-6,unit=count,metric=operation.thread.completedOperationCount]=0]
11-09-2024 00:06:57 1726013217765 Metric[[unit=count,metric=operation.retryCount]=0]
11-09-2024 00:06:57 1726013217765 Metric[[unit=ms,metric=operation.invocations.heartbeatBroadcastPeriodMillis]=15000]
11-09-2024 00:06:57 1726013217765 Metric[[unit=bytes,metric=memory.maxNative]=0]
11-09-2024 00:06:57 1726013217765 Metric[[thread=hz.compassionate_moore.generic-operation.thread-0,unit=count,metric=operation.thread.completedOperationBatchCount]=0]
11-09-2024 00:06:57 1726013217765 Metric[[thread=hz.compassionate_moore.partition-operation.thread-3,unit=count,metric=operation.thread.completedPacketCount]=0]
11-09-2024 00:06:57 1726013217765 Metric[[thread=hz.compassionate_moore.generic-operation.thread-1,unit=count,metric=operation.thread.completedTotalCount]=0]
11-09-2024 00:06:57 1726013217765 Metric[[unit=bytes,metric=memory.totalPhysical]=8221618176]
11-09-2024 00:06:57 1726013217765 Metric[[unit=percent,metric=operation.invocations.usedPercentage]=0.0]
11-09-2024 00:06:57 1726013217765 Metric[[thread=hz.compassionate_moore.partition-operation.thread-5,unit=count,metric=operation.thread.errorCount]=0]
11-09-2024 00:06:57 1726013217765 Metric[[thread=hz.compassionate_moore.partition-operation.thread-7,unit=count,metric=operation.thread.completedPartitionSpecificRunnableCount]=0]
11-09-2024 00:06:57 1726013217765 Metric[[metric=os.systemLoadAverage]=1.931640625]
11-09-2024 00:06:57 1726013217765 Metric[[metric=thread.totalStartedThreadCount]=39]
11-09-2024 00:06:57 1726013217765 Metric[[thread=hz.compassionate_moore.priority-generic-operation.thread-0,unit=count,metric=operation.thread.completedPacketCount]=0]
11-09-2024 00:06:57 1726013217765 Metric[[service=hz:core:proxyService,unit=count,metric=event.publicationCount]=0]
11-09-2024 00:06:57 1726013217765 Metric[[thread=hz.compassionate_moore.generic-operation.thread-3,unit=count,metric=operation.thread.completedPacketCount]=0]
11-09-2024 00:06:57 1726013217765 Metric[[thread=hz.compassionate_moore.partition-operation.thread-0,unit=count,metric=operation.thread.completedTotalCount]=0]
11-09-2024 00:06:57 1726013217765 Metric[[unit=ms,metric=gc.unknownTime]=0]
11-09-2024 00:06:57 1726013217765 Metric[[thread=hz.compassionate_moore.partition-operation.thread-9,unit=count,metric=operation.thread.completedOperationCount]=0]
11-09-2024 00:06:57 1726013217765 Metric[[thread=hz.compassionate_moore.priority-generic-operation.thread-0,unit=count,metric=operation.thread.completedOperationBatchCount]=0]
11-09-2024 00:06:57 1726013217765 Metric[[thread=hz.compassionate_moore.generic-operation.thread-1,unit=count,metric=operation.thread.completedOperationBatchCount]=0]
11-09-2024 00:06:57 1726013217765 Metric[[unit=ms,metric=cluster.clock.clusterUpTime]=-9223370310841558016]
11-09-2024 00:06:57 1726013217765 Metric[[thread=hz.compassionate_moore.partition-operation.thread-2,unit=count,metric=operation.thread.completedPacketCount]=0]
11-09-2024 00:06:57 1726013217765 Metric[[thread=hz.compassionate_moore.generic-operation.thread-2,unit=count,metric=operation.thread.completedTotalCount]=0]
11-09-2024 00:06:57 1726013217765 Metric[[unit=count,metric=operation.queueSize]=0]
11-09-2024 00:06:57 1726013217765 Metric[[thread=hz.compassionate_moore.partition-operation.thread-4,unit=count,metric=operation.thread.errorCount]=0]
11-09-2024 00:06:57 1726013217765 Metric[[thread=hz.compassionate_moore.partition-operation.thread-8,unit=count,metric=operation.thread.completedPartitionSpecificRunnableCount]=0]
11-09-2024 00:06:57 1726013217765 Metric[[service=hz:core:clusterService,unit=count,metric=event.listenerCount]=2]
11-09-2024 00:06:57 1726013217765 Metric[[unit=count,metric=operation.partitionThreadCount]=10]
11-09-2024 00:06:57 1726013217765 Metric[[thread=hz.compassionate_moore.partition-operation.thread-0,unit=count,metric=operation.thread.completedOperationBatchCount]=0]
11-09-2024 00:06:57 1726013217765 Metric[[metric=thread.threadCount]=39]
11-09-2024 00:06:57 1726013217765 Metric[[thread=hz.compassionate_moore.generic-operation.thread-4,unit=count,metric=operation.thread.completedPacketCount]=0]
11-09-2024 00:06:57 1726013217765 Metric[[thread=hz.compassionate_moore.partition-operation.thread-1,unit=count,metric=operation.thread.completedTotalCount]=0]
11-09-2024 00:06:57 1726013217765 Metric[[thread=hz.compassionate_moore.priority-generic-operation.thread-0,unit=count,metric=operation.thread.completedTotalCount]=0]
11-09-2024 00:06:57 1726013217765 Metric[[unit=count,metric=operation.invocations.heartbeatPacketsSent]=1]
11-09-2024 00:06:57 1726013217765 Metric[[thread=hz.compassionate_moore.partition-operation.thread-8,unit=count,metric=operation.thread.completedOperationCount]=0]
11-09-2024 00:06:57 1726013217765 Metric[[unit=count,metric=partitions.replicaSyncRequestsCounter]=0]
11-09-2024 00:06:57 1726013217765 Metric[[unit=count,metric=partitions.partitionCount]=271]
11-09-2024 00:06:57 1726013217765 Metric[[metric=runtime.maxMemory]=6578765824]
11-09-2024 00:06:57 1726013217765 Metric[[unit=count,metric=operation.invocations.heartbeatPacketsReceived]=1]
11-09-2024 00:06:57 1726013217765 Metric[[service=hz:core:partitionService,unit=count,metric=event.publicationCount]=0]
11-09-2024 00:06:57 1726013217765 Metric[[metric=thread.daemonThreadCount]=5]
11-09-2024 00:06:57 1726013217765 Metric[[thread=hz.compassionate_moore.partition-operation.thread-5,unit=count,metric=operation.thread.completedPacketCount]=0]
11-09-2024 00:06:57 1726013217765 Metric[[metric=os.processCpuLoad]=0.0]
11-09-2024 00:06:57 1726013217765 Metric[[unit=bytes,metric=memory.freeNative]=0]
11-09-2024 00:06:57 1726013217765 Metric[[unit=count,metric=cluster.size]=1]
11-09-2024 00:06:57 1726013217765 Metric[[thread=hz.compassionate_moore.partition-operation.thread-1,unit=count,metric=operation.thread.completedPartitionSpecificRunnableCount]=0]
11-09-2024 00:06:57 1726013217765 Metric[[thread=hz.compassionate_moore.partition-operation.thread-3,unit=count,metric=operation.thread.errorCount]=0]
11-09-2024 00:06:57 1726013217765 Metric[[thread=hz.compassionate_moore.generic-operation.thread-4,unit=count,metric=operation.thread.completedOperationCount]=0]
11-09-2024 00:06:57 1726013217765 Metric[[unit=count,metric=event.rejectedCount]=0]
11-09-2024 00:06:57 1726013217765 Metric[[thread=hz.compassionate_moore.partition-operation.thread-5,unit=count,metric=operation.thread.completedRunnableCount]=0]
11-09-2024 00:06:57 1726013217765 Metric[[thread=hz.compassionate_moore.partition-operation.thread-5,unit=count,metric=operation.thread.priorityPendingCount]=0]
11-09-2024 00:06:57 1726013217765 Metric[[thread=hz.compassionate_moore.partition-operation.thread-6,unit=count,metric=operation.thread.normalPendingCount]=0]
11-09-2024 00:06:57 1726013217765 Metric[[thread=hz.compassionate_moore.partition-operation.thread-5,unit=count,metric=operation.thread.completedOperationBatchCount]=0]
11-09-2024 00:06:57 1726013217765 Metric[[thread=hz.compassionate_moore.partition-operation.thread-2,unit=count,metric=operation.thread.completedTotalCount]=0]
11-09-2024 00:06:57 1726013217765 Metric[[unit=count,metric=raft.missingMembers]=0]
11-09-2024 00:06:57 1726013217765 Metric[[thread=hz.compassionate_moore.partition-operation.thread-4,unit=count,metric=operation.thread.completedPacketCount]=0]
11-09-2024 00:06:57 1726013217765 Metric[[thread=hz.compassionate_moore.partition-operation.thread-2,unit=count,metric=operation.thread.completedPartitionSpecificRunnableCount]=0]
11-09-2024 00:06:57 1726013217765 Metric[[thread=hz.compassionate_moore.partition-operation.thread-2,unit=count,metric=operation.thread.errorCount]=0]
11-09-2024 00:06:57 1726013217765 Metric[[thread=hz.compassionate_moore.generic-operation.thread-3,unit=count,metric=operation.thread.completedOperationCount]=0]
11-09-2024 00:06:57 1726013217765 Metric[[thread=hz.compassionate_moore.partition-operation.thread-4,unit=count,metric=operation.thread.completedRunnableCount]=0]
11-09-2024 00:06:57 1726013217765 Metric[[unit=ms,metric=cluster.clock.localClockTime]=1726013217793]
11-09-2024 00:06:57 1726013217765 Metric[[dir=user.home,unit=bytes,metric=file.partition.freeSpace]=28257603584]
11-09-2024 00:06:57 1726013217765 Metric[[thread=hz.compassionate_moore.partition-operation.thread-6,unit=count,metric=operation.thread.priorityPendingCount]=0]
11-09-2024 00:06:57 1726013217765 Metric[[thread=hz.compassionate_moore.priority-generic-operation.thread-0,unit=count,metric=operation.thread.errorCount]=0]
11-09-2024 00:06:57 1726013217765 Metric[[thread=hz.compassionate_moore.partition-operation.thread-5,unit=count,metric=operation.thread.normalPendingCount]=0]
11-09-2024 00:06:57 1726013217765 Metric[[thread=hz.compassionate_moore.partition-operation.thread-6,unit=count,metric=operation.thread.completedOperationBatchCount]=0]
11-09-2024 00:06:57 1726013217765 Metric[[unit=count,metric=gc.majorCount]=0]
11-09-2024 00:06:57 1726013217765 Metric[[thread=hz.compassionate_moore.priority-generic-operation.thread-0,unit=count,metric=operation.thread.completedPartitionSpecificRunnableCount]=0]
11-09-2024 00:06:57 1726013217765 Metric[[thread=hz.compassionate_moore.partition-operation.thread-3,unit=count,metric=operation.thread.completedTotalCount]=0]
11-09-2024 00:06:57 1726013217765 Metric[[metric=thread.peakThreadCount]=41]
11-09-2024 00:06:57 1726013217765 Metric[[unit=count,metric=partitions.maxBackupCount]=0]
11-09-2024 00:06:57 1726013217765 Metric[[unit=ms,metric=operation.invocations.invocationTimeoutMillis]=60000]
11-09-2024 00:06:57 1726013217765 Metric[[unit=count,metric=operation.priorityQueueSize]=0]
11-09-2024 00:06:57 1726013217765 Metric[[thread=hz.compassionate_moore.partition-operation.thread-7,unit=count,metric=operation.thread.completedPacketCount]=0]
11-09-2024 00:06:57 1726013217765 Metric[[metric=runtime.totalMemory]=439353344]
11-09-2024 00:06:57 1726013217765 Metric[[unit=ms,metric=operation.invocations.backupTimeoutMillis]=5000]
11-09-2024 00:06:57 1726013217765 Metric[[thread=hz.compassionate_moore.partition-operation.thread-1,unit=count,metric=operation.thread.errorCount]=0]
11-09-2024 00:06:57 1726013217765 Metric[[thread=hz.compassionate_moore.partition-operation.thread-3,unit=count,metric=operation.thread.completedPartitionSpecificRunnableCount]=0]
11-09-2024 00:06:57 1726013217765 Metric[[thread=hz.compassionate_moore.partition-operation.thread-7,unit=count,metric=operation.thread.completedRunnableCount]=0]
11-09-2024 00:06:57 1726013217765 Metric[[unit=count,metric=operation.responses.errorCount]=0]
11-09-2024 00:06:57 1726013217765 Metric[[service=hz:impl:replicatedMapService,unit=count,metric=event.listenerCount]=1]
11-09-2024 00:06:57 1726013217765 Metric[[thread=hz.compassionate_moore.partition-operation.thread-7,unit=count,metric=operation.thread.priorityPendingCount]=0]
11-09-2024 00:06:57 1726013217765 Metric[[thread=hz.compassionate_moore.partition-operation.thread-8,unit=count,metric=operation.thread.normalPendingCount]=0]
11-09-2024 00:06:57 1726013217765 Metric[[service=hz:core:proxyService,unit=count,metric=event.listenerCount]=1]
11-09-2024 00:06:57 1726013217765 Metric[[thread=hz.compassionate_moore.partition-operation.thread-3,unit=count,metric=operation.thread.completedOperationBatchCount]=0]
11-09-2024 00:06:57 1726013217765 Metric[[unit=count,metric=proxy.proxyCount]=1]
11-09-2024 00:06:57 1726013217765 Metric[[thread=hz.compassionate_moore.partition-operation.thread-4,unit=count,metric=operation.thread.completedTotalCount]=0]
11-09-2024 00:06:57 1726013217765 Metric[[unit=bytes,metric=memory.freePhysical]=1789480960]
11-09-2024 00:06:57 1726013217765 Metric[[thread=hz.compassionate_moore.generic-operation.thread-0,unit=count,metric=operation.thread.completedRunnableCount]=0]
11-09-2024 00:06:57 1726013217765 Metric[[unit=bytes,metric=memory.committedNative]=0]
11-09-2024 00:06:57 1726013217765 Metric[[unit=ns,metric=partitions.totalElapsedDestinationCommitTime]=0]
11-09-2024 00:06:57 1726013217765 Metric[[unit=count,metric=operation.responses.timeoutCount]=0]
11-09-2024 00:06:57 1726013217765 Metric[[metric=os.openFileDescriptorCount]=49]
11-09-2024 00:06:57 1726013217765 Metric[[unit=count,metric=operation.invocations.backupTimeouts]=0]
11-09-2024 00:06:57 1726013217765 Metric[[unit=ns,metric=partitions.elapsedMigrationOperationTime]=0]
11-09-2024 00:06:57 1726013217765 Metric[[unit=count,metric=operation.genericPriorityQueueSize]=0]
11-09-2024 00:06:57 1726013217765 Metric[[thread=hz.compassionate_moore.partition-operation.thread-6,unit=count,metric=operation.thread.completedPacketCount]=0]
11-09-2024 00:06:57 1726013217765 Metric[[unit=count,metric=gc.minorCount]=16]
11-09-2024 00:06:57 1726013217765 Metric[[thread=hz.compassionate_moore.partition-operation.thread-0,unit=count,metric=operation.thread.errorCount]=0]
11-09-2024 00:06:57 1726013217765 Metric[[thread=hz.compassionate_moore.partition-operation.thread-4,unit=count,metric=operation.thread.completedPartitionSpecificRunnableCount]=0]
11-09-2024 00:06:57 1726013217765 Metric[[thread=hz.compassionate_moore.partition-operation.thread-6,unit=count,metric=operation.thread.completedRunnableCount]=0]
11-09-2024 00:06:57 1726013217765 Metric[[thread=hz.compassionate_moore.partition-operation.thread-8,unit=count,metric=operation.thread.priorityPendingCount]=0]
11-09-2024 00:06:57 1726013217765 Metric[[unit=count,metric=transactions.startCount]=0]
11-09-2024 00:06:57 1726013217765 Metric[[unit=bytes,metric=memory.usedMetadata]=0]
11-09-2024 00:06:57 1726013217765 Metric[[thread=hz.compassionate_moore.partition-operation.thread-7,unit=count,metric=operation.thread.normalPendingCount]=0]
11-09-2024 00:06:57 1726013217765 Metric[[metric=os.freeSwapSpaceSize]=1073737728]
11-09-2024 00:06:57 1726013217765 Metric[[thread=hz.compassionate_moore.partition-operation.thread-4,unit=count,metric=operation.thread.completedOperationBatchCount]=0]
11-09-2024 00:06:57 1726013217765 Metric[[metric=os.systemCpuLoad]=100.0]
11-09-2024 00:06:57 1726013217765 Metric[[metric=os.totalPhysicalMemorySize]=8221618176]
11-09-2024 00:06:57 1726013217765 Metric[[unit=ms,metric=partitions.lastRepartitionTime]=0]
11-09-2024 00:06:57 1726013217765 Metric[[thread=hz.compassionate_moore.generic-operation.thread-0,unit=count,metric=operation.thread.completedPacketCount]=0]
11-09-2024 00:06:57 1726013217765 Metric[[thread=hz.compassionate_moore.partition-operation.thread-5,unit=count,metric=operation.thread.completedTotalCount]=0]
11-09-2024 00:06:57 1726013217765 Metric[[metric=runtime.availableProcessors]=10]
11-09-2024 00:06:57 1726013217765 Metric[[unit=count,metric=event.eventsProcessed]=8]
11-09-2024 00:06:57 1726013217765 Metric[[unit=count,metric=operation.parker.parkQueueCount]=0]
11-09-2024 00:06:57 1726013217765 Metric[[unit=count,metric=operation.responses.normalCount]=0]
11-09-2024 00:06:57 1726013217765 Metric[[unit=count,metric=client.endpoint.count]=0]
11-09-2024 00:06:57 1726013217765 Metric[[thread=hz.compassionate_moore.partition-operation.thread-9,unit=count,metric=operation.thread.completedPacketCount]=0]
11-09-2024 00:06:57 1726013217765 Metric[[unit=count,metric=gc.unknownCount]=0]
11-09-2024 00:06:57 1726013217765 Metric[[thread=hz.compassionate_moore.generic-operation.thread-0,unit=count,metric=operation.thread.completedOperationCount]=0]
11-09-2024 00:06:57 1726013217765 Metric[[unit=count,metric=operation.responseQueueSize]=0]
11-09-2024 00:06:57 1726013217765 Metric[[thread=hz.compassionate_moore.partition-operation.thread-1,unit=count,metric=operation.thread.completedRunnableCount]=0]
11-09-2024 00:06:57 1726013217765 Metric[[thread=hz.compassionate_moore.partition-operation.thread-1,unit=count,metric=operation.thread.priorityPendingCount]=0]
11-09-2024 00:06:57 1726013217765 Metric[[thread=hz.compassionate_moore.partition-operation.thread-2,unit=count,metric=operation.thread.normalPendingCount]=0]
11-09-2024 00:06:57 1726013217765 Metric[[unit=bytes,metric=memory.maxMetadata]=0]
11-09-2024 00:06:57 1726013217765 Metric[[thread=hz.compassionate_moore.partition-operation.thread-9,unit=count,metric=operation.thread.completedOperationBatchCount]=0]
11-09-2024 00:06:57 1726013217765 Metric[[unit=count,metric=operation.parker.totalParkedOperationCount]=0]
11-09-2024 00:06:57 1726013217765 Metric[[unit=count,metric=partitions.localPartitionCount]=0]
11-09-2024 00:06:57 1726013217765 Metric[[unit=ms,metric=gc.majorTime]=0]
11-09-2024 00:06:57 1726013217765 Metric[[thread=hz.compassionate_moore.partition-operation.thread-6,unit=count,metric=operation.thread.completedTotalCount]=0]
11-09-2024 00:06:57 1726013217765 Metric[[thread=hz.compassionate_moore.generic-operation.thread-0,unit=count,metric=operation.thread.errorCount]=0]
11-09-2024 00:06:57 1726013217765 Metric[[thread=hz.compassionate_moore.generic-operation.thread-2,unit=count,metric=operation.thread.completedRunnableCount]=0]
11-09-2024 00:06:57 1726013217765 Metric[[unit=count,metric=operation.runningCount]=0]
11-09-2024 00:06:57 1726013217765 Metric[[metric=classloading.loadedClassesCount]=7348]
11-09-2024 00:06:57 1726013217765 Metric[[thread=hz.compassionate_moore.partition-operation.thread-8,unit=count,metric=operation.thread.completedPacketCount]=0]
11-09-2024 00:06:57 1726013217765 Metric[[unit=count,metric=operation.invocations.lastCallId]=0]
11-09-2024 00:06:57 1726013217765 Metric[[thread=hz.compassionate_moore.partition-operation.thread-0,unit=count,metric=operation.thread.completedRunnableCount]=0]
11-09-2024 00:06:57 1726013217765 Metric[[thread=hz.compassionate_moore.partition-operation.thread-2,unit=count,metric=operation.thread.priorityPendingCount]=0]
11-09-2024 00:06:57 1726013217765 Metric[[thread=hz.compassionate_moore.partition-operation.thread-1,unit=count,metric=operation.thread.normalPendingCount]=0]
11-09-2024 00:06:57 1726013217765 Metric[[unit=count,metric=transactions.commitCount]=0]
11-09-2024 00:06:57 1726013217765 Metric[[thread=hz.compassionate_moore.partition-operation.thread-7,unit=count,metric=operation.thread.completedTotalCount]=0]
11-09-2024 00:06:57 1726013217765 Metric[[unit=count,metric=raft.destroyedGroupIds]=0]
11-09-2024 00:06:57 1726013217765 Metric[[unit=count,metric=partitions.activePartitionCount]=0]
11-09-2024 00:06:57 1726013217765 Metric[[metric=os.maxFileDescriptorCount]=1048576]
11-09-2024 00:06:57 1726013217765 Metric[[thread=hz.compassionate_moore.generic-operation.thread-1,unit=count,metric=operation.thread.completedRunnableCount]=0]
11-09-2024 00:06:57 1726013217765 Metric[[service=hz:core:partitionService,unit=count,metric=event.listenerCount]=3]
11-09-2024 00:06:57 1726013217765 Metric[[unit=count,metric=operation.invocations.pending]=0]
11-09-2024 00:06:57 1726013217765 Metric[[unit=bytes,metric=memory.usedNative]=0]
11-09-2024 00:06:57 1726013217765 Metric[[dir=user.home,unit=bytes,metric=file.partition.totalSpace]=62671097856]
11-09-2024 00:06:57 1726013217765 Metric[[unit=ms,metric=cluster.clock.clusterStartTime]=-9223372036854775808]
11-09-2024 00:06:57 1726013217765 Metric[[thread=hz.compassionate_moore.generic-operation.thread-2,unit=count,metric=operation.thread.completedOperationCount]=0]
11-09-2024 00:06:57 1726013217765 Metric[[unit=ms,metric=cluster.clock.clusterTime]=1726013217799]
11-09-2024 00:06:57 1726013217765 Metric[[thread=hz.compassionate_moore.partition-operation.thread-3,unit=count,metric=operation.thread.completedRunnableCount]=0]
11-09-2024 00:06:57 1726013217765 Metric[[thread=hz.compassionate_moore.partition-operation.thread-3,unit=count,metric=operation.thread.priorityPendingCount]=0]
11-09-2024 00:06:57 1726013217765 Metric[[unit=count,metric=partitions.plannedMigrations]=0]
11-09-2024 00:06:57 1726013217765 Metric[[thread=hz.compassionate_moore.partition-operation.thread-4,unit=count,metric=operation.thread.normalPendingCount]=0]
11-09-2024 00:06:57 1726013217765 Metric[[thread=hz.compassionate_moore.partition-operation.thread-7,unit=count,metric=operation.thread.completedOperationBatchCount]=0]
11-09-2024 00:06:57 1726013217765 Metric[[service=hz:impl:replicatedMapService,unit=count,metric=event.publicationCount]=0]
11-09-2024 00:06:57 1726013217765 Metric[[thread=hz.compassionate_moore.partition-operation.thread-8,unit=count,metric=operation.thread.completedTotalCount]=0]
11-09-2024 00:06:57 1726013217765 Metric[[thread=hz.compassionate_moore.partition-operation.thread-1,unit=count,metric=operation.thread.completedOperationCount]=0]
11-09-2024 00:06:57 1726013217765 Metric[[dir=user.home,unit=bytes,metric=file.partition.usableSpace]=25040875520]
11-09-2024 00:06:57 1726013217765 Metric[[thread=hz.compassionate_moore.generic-operation.thread-0,unit=count,metric=operation.thread.completedPartitionSpecificRunnableCount]=0]
11-09-2024 00:06:57 1726013217765 Metric[[unit=count,metric=proxy.destroyedCount]=0]
11-09-2024 00:06:57 1726013217765 Metric[[thread=hz.compassionate_moore.generic-operation.thread-4,unit=count,metric=operation.thread.completedRunnableCount]=0]
11-09-2024 00:06:57 1726013217765 Metric[[unit=count,metric=operation.invocations.normalTimeouts]=0]
11-09-2024 00:06:57 1726013217765 Metric[[unit=count,metric=raft.metadata.activeMembers]=0]
11-09-2024 00:06:57 1726013217765 Metric[[unit=count,metric=operation.failedBackups]=0]
11-09-2024 00:06:57 1726013217765 Metric[[unit=count,metric=partitions.memberGroupsSize]=0]
11-09-2024 00:06:57 1726013217765 Metric[[unit=count,metric=operation.operationTimeoutCount]=0]
11-09-2024 00:06:57 1726013217765 Metric[[unit=count,metric=transactions.rollbackCount]=0]
11-09-2024 00:06:57 1726013217765 Metric[[metric=runtime.uptime]=3394]
11-09-2024 00:06:57 1726013217765 Metric[[thread=hz.compassionate_moore.partition-operation.thread-0,unit=count,metric=operation.thread.completedPartitionSpecificRunnableCount]=0]
11-09-2024 00:06:57 1726013217765 Metric[[thread=hz.compassionate_moore.generic-operation.thread-1,unit=count,metric=operation.thread.completedOperationCount]=0]
11-09-2024 00:06:57 1726013217765 Metric[[unit=count,metric=event.queueCapacity]=1000000]
11-09-2024 00:06:57 1726013217765 Metric[[thread=hz.compassionate_moore.partition-operation.thread-2,unit=count,metric=operation.thread.completedRunnableCount]=0]
11-09-2024 00:06:57 1726013217765 Metric[[thread=hz.compassionate_moore.partition-operation.thread-4,unit=count,metric=operation.thread.priorityPendingCount]=0]
11-09-2024 00:06:57 1726013217765 Metric[[thread=hz.compassionate_moore.partition-operation.thread-3,unit=count,metric=operation.thread.normalPendingCount]=0]
11-09-2024 00:06:57 1726013217765 Metric[[thread=hz.compassionate_moore.priority-generic-operation.thread-0,unit=count,metric=operation.thread.completedRunnableCount]=0]
11-09-2024 00:06:57 1726013217765 Metric[[unit=count,metric=raft.nodes]=0]
11-09-2024 00:06:57 1726013217765 Metric[[thread=hz.compassionate_moore.partition-operation.thread-8,unit=count,metric=operation.thread.completedOperationBatchCount]=0]
11-09-2024 00:06:57 1726013217765 Metric[[thread=hz.compassionate_moore.partition-operation.thread-9,unit=count,metric=operation.thread.completedTotalCount]=0]
11-09-2024 00:06:57 1726013217765 Metric[[thread=hz.compassionate_moore.partition-operation.thread-0,unit=count,metric=operation.thread.completedOperationCount]=0]
11-09-2024 00:06:57 1726013217765 Metric[[thread=hz.compassionate_moore.generic-operation.thread-1,unit=count,metric=operation.thread.completedPartitionSpecificRunnableCount]=0]
11-09-2024 00:06:57 1726013217765 Metric[[unit=count,metric=partitions.stateStamp]=0]
11-09-2024 00:06:57 1726013217765 Metric[[unit=count,metric=partitions.completedMigrations]=0]
11-09-2024 00:06:57 1726013217765 Metric[[thread=hz.compassionate_moore.generic-operation.thread-3,unit=count,metric=operation.thread.completedRunnableCount]=0]
11-09-2024 00:06:57 1726013217765 Metric[[unit=bytes,metric=memory.usedHeap]=43398216]
11-09-2024 00:06:57 1726013217765 Metric[[name=hz:cluster,unit=count,metric=executor.internal.remainingQueueCapacity]=2147483647]
11-09-2024 00:06:57 1726013217765 Metric[[name=hz:cluster,unit=count,metric=executor.internal.maximumPoolSize]=2]
11-09-2024 00:06:57 1726013217765 Metric[[name=hz:cluster,unit=count,metric=executor.internal.completedTasks]=0]
11-09-2024 00:06:57 1726013217765 Metric[[name=hz:cluster,unit=count,metric=executor.internal.queueSize]=0]
11-09-2024 00:06:57 1726013217765 Metric[[name=hz:cluster,unit=count,metric=executor.internal.poolSize]=0]
11-09-2024 00:06:57 1726013217765 Metric[[name=hz:cluster:event,unit=count,metric=executor.internal.remainingQueueCapacity]=2147483647]
11-09-2024 00:06:57 1726013217765 Metric[[name=hz:cluster:event,unit=count,metric=executor.internal.maximumPoolSize]=1]
11-09-2024 00:06:57 1726013217765 Metric[[name=hz:cluster:event,unit=count,metric=executor.internal.completedTasks]=6]
11-09-2024 00:06:57 1726013217765 Metric[[name=hz:cluster:event,unit=count,metric=executor.internal.queueSize]=0]
11-09-2024 00:06:57 1726013217765 Metric[[name=hz:cluster:event,unit=count,metric=executor.internal.poolSize]=0]
11-09-2024 00:06:57 1726013217765 Metric[[name=hz:offloadable,unit=count,metric=executor.internal.remainingQueueCapacity]=100000]
11-09-2024 00:06:57 1726013217765 Metric[[name=hz:offloadable,unit=count,metric=executor.internal.maximumPoolSize]=10]
11-09-2024 00:06:57 1726013217765 Metric[[name=hz:offloadable,unit=count,metric=executor.internal.completedTasks]=0]
11-09-2024 00:06:57 1726013217765 Metric[[name=hz:offloadable,unit=count,metric=executor.internal.queueSize]=0]
11-09-2024 00:06:57 1726013217765 Metric[[name=hz:offloadable,unit=count,metric=executor.internal.poolSize]=0]
11-09-2024 00:06:57 1726013217765 Metric[[name=hz:client,unit=count,metric=executor.internal.remainingQueueCapacity]=1000000]
11-09-2024 00:06:57 1726013217765 Metric[[name=hz:client,unit=count,metric=executor.internal.maximumPoolSize]=10]
11-09-2024 00:06:57 1726013217765 Metric[[name=hz:client,unit=count,metric=executor.internal.completedTasks]=0]
11-09-2024 00:06:57 1726013217765 Metric[[name=hz:client,unit=count,metric=executor.internal.queueSize]=0]
11-09-2024 00:06:57 1726013217765 Metric[[name=hz:client,unit=count,metric=executor.internal.poolSize]=0]
11-09-2024 00:06:57 1726013217765 Metric[[name=hz:cluster:mastership,unit=count,metric=executor.internal.remainingQueueCapacity]=2147483647]
11-09-2024 00:06:57 1726013217765 Metric[[name=hz:cluster:mastership,unit=count,metric=executor.internal.maximumPoolSize]=1]
11-09-2024 00:06:57 1726013217765 Metric[[name=hz:cluster:mastership,unit=count,metric=executor.internal.completedTasks]=0]
11-09-2024 00:06:57 1726013217765 Metric[[name=hz:cluster:mastership,unit=count,metric=executor.internal.queueSize]=0]
11-09-2024 00:06:57 1726013217765 Metric[[name=hz:cluster:mastership,unit=count,metric=executor.internal.poolSize]=0]
11-09-2024 00:06:57 1726013217765 Metric[[name=hz:async,unit=count,metric=executor.internal.remainingQueueCapacity]=100000]
11-09-2024 00:06:57 1726013217765 Metric[[name=hz:async,unit=count,metric=executor.internal.maximumPoolSize]=10]
11-09-2024 00:06:57 1726013217765 Metric[[name=hz:async,unit=count,metric=executor.internal.completedTasks]=0]
11-09-2024 00:06:57 1726013217765 Metric[[name=hz:async,unit=count,metric=executor.internal.queueSize]=0]
11-09-2024 00:06:57 1726013217765 Metric[[name=hz:async,unit=count,metric=executor.internal.poolSize]=0]
11-09-2024 00:06:57 1726013217765 Metric[[name=hz:client-blocking-tasks,unit=count,metric=executor.internal.remainingQueueCapacity]=1000000]
11-09-2024 00:06:57 1726013217765 Metric[[name=hz:client-blocking-tasks,unit=count,metric=executor.internal.maximumPoolSize]=200]
11-09-2024 00:06:57 1726013217765 Metric[[name=hz:client-blocking-tasks,unit=count,metric=executor.internal.completedTasks]=0]
11-09-2024 00:06:57 1726013217765 Metric[[name=hz:client-blocking-tasks,unit=count,metric=executor.internal.queueSize]=0]
11-09-2024 00:06:57 1726013217765 Metric[[name=hz:client-blocking-tasks,unit=count,metric=executor.internal.poolSize]=0]
11-09-2024 00:06:57 1726013217765 Metric[[name=hz:client-query,unit=count,metric=executor.internal.remainingQueueCapacity]=1000000]
11-09-2024 00:06:57 1726013217765 Metric[[name=hz:client-query,unit=count,metric=executor.internal.maximumPoolSize]=10]
11-09-2024 00:06:57 1726013217765 Metric[[name=hz:client-query,unit=count,metric=executor.internal.completedTasks]=0]
11-09-2024 00:06:57 1726013217765 Metric[[name=hz:client-query,unit=count,metric=executor.internal.queueSize]=0]
11-09-2024 00:06:57 1726013217765 Metric[[name=hz:client-query,unit=count,metric=executor.internal.poolSize]=0]
11-09-2024 00:06:57 1726013217765 Metric[[name=hz:scheduled,unit=count,metric=executor.internal.remainingQueueCapacity]=1000000]
11-09-2024 00:06:57 1726013217765 Metric[[name=hz:scheduled,unit=count,metric=executor.internal.maximumPoolSize]=20]
11-09-2024 00:06:57 1726013217765 Metric[[name=hz:scheduled,unit=count,metric=executor.internal.completedTasks]=1]
11-09-2024 00:06:57 1726013217765 Metric[[name=hz:scheduled,unit=count,metric=executor.internal.queueSize]=0]
11-09-2024 00:06:57 1726013217765 Metric[[name=hz:scheduled,unit=count,metric=executor.internal.poolSize]=0]
11-09-2024 00:06:57 1726013217765 Metric[[name=hz:system,unit=count,metric=executor.internal.remainingQueueCapacity]=2147483647]
11-09-2024 00:06:57 1726013217765 Metric[[name=hz:system,unit=count,metric=executor.internal.maximumPoolSize]=10]
11-09-2024 00:06:57 1726013217765 Metric[[name=hz:system,unit=count,metric=executor.internal.completedTasks]=0]
11-09-2024 00:06:57 1726013217765 Metric[[name=hz:system,unit=count,metric=executor.internal.queueSize]=0]
11-09-2024 00:06:57 1726013217765 Metric[[name=hz:system,unit=count,metric=executor.internal.poolSize]=0]
11-09-2024 00:06:57 1726013217765 Metric[[name=MetricsPublisher,unit=count,metric=executor.internal.remainingQueueCapacity]=2147483647]
11-09-2024 00:06:57 1726013217765 Metric[[name=MetricsPublisher,unit=count,metric=executor.internal.maximumPoolSize]=16]
11-09-2024 00:06:57 1726013217765 Metric[[name=MetricsPublisher,unit=count,metric=executor.internal.completedTasks]=0]
11-09-2024 00:06:57 1726013217765 Metric[[name=MetricsPublisher,unit=count,metric=executor.internal.queueSize]=0]
11-09-2024 00:06:57 1726013217765 Metric[[name=MetricsPublisher,unit=count,metric=executor.internal.poolSize]=0]
11-09-2024 00:06:57 1726013217765 Metric[[name=hz:cluster:splitbrain,unit=count,metric=executor.internal.remainingQueueCapacity]=2147483647]
11-09-2024 00:06:57 1726013217765 Metric[[name=hz:cluster:splitbrain,unit=count,metric=executor.internal.maximumPoolSize]=2]
11-09-2024 00:06:57 1726013217765 Metric[[name=hz:cluster:splitbrain,unit=count,metric=executor.internal.completedTasks]=0]
11-09-2024 00:06:57 1726013217765 Metric[[name=hz:cluster:splitbrain,unit=count,metric=executor.internal.queueSize]=0]
11-09-2024 00:06:57 1726013217765 Metric[[name=hz:cluster:splitbrain,unit=count,metric=executor.internal.poolSize]=0]
11-09-2024 00:06:57 1726013217765 Metric[[name=hz:cluster:version:auto:upgrade,unit=count,metric=executor.internal.remainingQueueCapacity]=2147483647]
11-09-2024 00:06:57 1726013217765 Metric[[name=hz:cluster:version:auto:upgrade,unit=count,metric=executor.internal.maximumPoolSize]=1]
11-09-2024 00:06:57 1726013217765 Metric[[name=hz:cluster:version:auto:upgrade,unit=count,metric=executor.internal.completedTasks]=0]
11-09-2024 00:06:57 1726013217765 Metric[[name=hz:cluster:version:auto:upgrade,unit=count,metric=executor.internal.queueSize]=0]
11-09-2024 00:06:57 1726013217765 Metric[[name=hz:cluster:version:auto:upgrade,unit=count,metric=executor.internal.poolSize]=0]
11-09-2024 00:06:57 1726013217765 Metric[[name=hz:scheduled:cqc:1c552dfe-5cde-4c23-ab01-3de8ccfbad44,unit=count,metric=executor.internal.remainingQueueCapacity]=10000]
11-09-2024 00:06:57 1726013217765 Metric[[name=hz:scheduled:cqc:1c552dfe-5cde-4c23-ab01-3de8ccfbad44,unit=count,metric=executor.internal.maximumPoolSize]=1]
11-09-2024 00:06:57 1726013217765 Metric[[name=hz:scheduled:cqc:1c552dfe-5cde-4c23-ab01-3de8ccfbad44,unit=count,metric=executor.internal.completedTasks]=0]
11-09-2024 00:06:57 1726013217765 Metric[[name=hz:scheduled:cqc:1c552dfe-5cde-4c23-ab01-3de8ccfbad44,unit=count,metric=executor.internal.queueSize]=0]
11-09-2024 00:06:57 1726013217765 Metric[[name=hz:scheduled:cqc:1c552dfe-5cde-4c23-ab01-3de8ccfbad44,unit=count,metric=executor.internal.poolSize]=0]
11-09-2024 00:06:57 1726013217765 Metric[[name=hz:query,unit=count,metric=executor.internal.remainingQueueCapacity]=2147483647]
11-09-2024 00:06:57 1726013217765 Metric[[name=hz:query,unit=count,metric=executor.internal.maximumPoolSize]=16]
11-09-2024 00:06:57 1726013217765 Metric[[name=hz:query,unit=count,metric=executor.internal.completedTasks]=0]
11-09-2024 00:06:57 1726013217765 Metric[[name=hz:query,unit=count,metric=executor.internal.queueSize]=0]
11-09-2024 00:06:57 1726013217765 Metric[[name=hz:query,unit=count,metric=executor.internal.poolSize]=0]
11-09-2024 00:06:57 1726013217765 Metric[[name=hz:CRDTReplicationMigration,unit=count,metric=executor.internal.remainingQueueCapacity]=2147483647]
11-09-2024 00:06:57 1726013217765 Metric[[name=hz:CRDTReplicationMigration,unit=count,metric=executor.internal.maximumPoolSize]=16]
11-09-2024 00:06:57 1726013217765 Metric[[name=hz:CRDTReplicationMigration,unit=count,metric=executor.internal.completedTasks]=1]
11-09-2024 00:06:57 1726013217765 Metric[[name=hz:CRDTReplicationMigration,unit=count,metric=executor.internal.queueSize]=0]
11-09-2024 00:06:57 1726013217765 Metric[[name=hz:CRDTReplicationMigration,unit=count,metric=executor.internal.poolSize]=0]
11-09-2024 00:06:57 1726013217765 Metric[[name=__sql.catalog,unit=ms,metric=replicatedMap.maxGetLatency]=0]
11-09-2024 00:06:57 1726013217765 Metric[[name=__sql.catalog,unit=ms,metric=replicatedMap.maxPutLatency]=0]
11-09-2024 00:06:57 1726013217765 Metric[[name=__sql.catalog,unit=ms,metric=replicatedMap.totalRemoveLatencies]=0]
11-09-2024 00:06:57 1726013217765 Metric[[name=__sql.catalog,unit=ms,metric=replicatedMap.maxRemoveLatency]=0]
11-09-2024 00:06:57 1726013217765 Metric[[name=__sql.catalog,unit=ms,metric=replicatedMap.totalPutLatencies]=0]
11-09-2024 00:06:57 1726013217765 Metric[[name=__sql.catalog,unit=ms,metric=replicatedMap.totalGetLatencies]=0]
11-09-2024 00:06:57 1726013217765 Metric[[name=__sql.catalog,unit=count,metric=replicatedMap.total]=0]
11-09-2024 00:06:57 1726013217765 Metric[[name=__sql.catalog,unit=ms,metric=replicatedMap.lastAccessTime]=0]
11-09-2024 00:06:57 1726013217765 Metric[[name=__sql.catalog,unit=ms,metric=replicatedMap.lastUpdateTime]=0]
11-09-2024 00:06:57 1726013217765 Metric[[name=__sql.catalog,unit=count,metric=replicatedMap.hits]=0]
11-09-2024 00:06:57 1726013217765 Metric[[name=__sql.catalog,unit=count,metric=replicatedMap.numberOfOtherOperations]=0]
11-09-2024 00:06:57 1726013217765 Metric[[name=__sql.catalog,unit=count,metric=replicatedMap.numberOfEvents]=0]
11-09-2024 00:06:57 1726013217765 Metric[[name=__sql.catalog,unit=count,metric=replicatedMap.getCount]=0]
11-09-2024 00:06:57 1726013217765 Metric[[name=__sql.catalog,unit=count,metric=replicatedMap.putCount]=0]
11-09-2024 00:06:57 1726013217765 Metric[[name=__sql.catalog,unit=count,metric=replicatedMap.removeCount]=0]
11-09-2024 00:06:57 1726013217765 Metric[[name=__sql.catalog,unit=ms,metric=replicatedMap.creationTime]=1726013217804]
11-09-2024 00:06:57 1726013217765 Metric[[name=__sql.catalog,unit=count,metric=replicatedMap.ownedEntryCount]=0]
11-09-2024 00:06:57 1726013217765 Metric[[name=__sql.catalog,unit=bytes,metric=replicatedMap.ownedEntryMemoryCost]=0]
11-09-2024 00:06:57 1726013217765 Metric[[thread=hz.compassionate_moore.IO.thread-Acceptor,unit=ms,metric=tcp.acceptor.idleTimeMillis]=1726013217816]
11-09-2024 00:06:57 1726013217765 Metric[[thread=hz.compassionate_moore.IO.thread-Acceptor,unit=count,metric=tcp.acceptor.eventCount]=0]
11-09-2024 00:06:57 1726013217765 Metric[[thread=hz.compassionate_moore.IO.thread-Acceptor,unit=count,metric=tcp.acceptor.exceptionCount]=0]
11-09-2024 00:06:57 1726013217765 Metric[[thread=hz.compassionate_moore.IO.thread-Acceptor,unit=count,metric=tcp.acceptor.selectorRecreateCount]=0]
11-09-2024 00:06:57 1726013217765 Metric[[unit=count,metric=tcp.connection.inProgressCount]=0]
11-09-2024 00:06:57 1726013217765 Metric[[unit=count,metric=tcp.connection.count]=0]
11-09-2024 00:06:57 1726013217765 Metric[[unit=count,metric=tcp.connection.openedCount]=0]
11-09-2024 00:06:57 1726013217765 Metric[[unit=count,metric=tcp.connection.closedCount]=0]
11-09-2024 00:06:57 1726013217765 Metric[[unit=count,metric=tcp.connection.activeCount]=0]
11-09-2024 00:06:57 1726013217765 Metric[[unit=count,metric=tcp.connection.acceptedSocketCount]=0]
11-09-2024 00:06:57 1726013217765 Metric[[unit=count,metric=tcp.connection.connectionListenerCount]=3]
11-09-2024 00:06:57 1726013217765 Metric[[unit=count,metric=tcp.connection.clientCount]=0]
11-09-2024 00:06:57 1726013217765 Metric[[unit=count,metric=tcp.connection.textCount]=0]
11-09-2024 00:06:57 1726013217823 SlowOperations[]
11-09-2024 00:06:57 1726013217823 Invocations[
                          Pending[]
                          History[]
                          SlowHistory[]]
11-09-2024 00:06:57 1726013217824 InvocationProfiler[]
11-09-2024 00:06:57 1726013217825 OperationsProfiler[]
11-09-2024 00:06:57 1726013217825 HazelcastInstance[
                          thisAddress=[172.18.0.9]:5701
                          isRunning=true
                          isLite=false
                          joined=false
                          nodeState=ACTIVE
                          clusterId=null
                          clusterSize=1
                          isMaster=false
                          masterAddress=null
                          Members[
                                  [172.18.0.9]:5701]]
11-09-2024 00:06:57 1726013217826 ClusterVersionChanged[
                          5.0]
11-09-2024 00:06:57 1726013217826 Lifecycle[
                          STARTING]
11-09-2024 00:06:57 1726013217826 MemberAdded[
                          member=[172.18.0.9]:5701
                          Members[
                                  [172.18.0.9]:5701:this:master]]
11-09-2024 00:07:01 1726013221764 ClusterVersionChanged[
                          5.0]
11-09-2024 00:07:01 1726013221764 Lifecycle[
                          STARTED]
11-09-2024 00:07:01 1726013221764 ConnectionAdded[
                          Connection[id=1, /172.18.0.9:5701->/172.18.0.3:49841, qualifier=null, endpoint=[172.18.0.3]:5701, alive=true, connectionType=MEMBER, planeIndex=0]
                          type=MEMBER
                          isAlive=true]
11-09-2024 00:07:01 1726013221764 ConnectionAdded[
                          Connection[id=2, /172.18.0.9:5701->/172.18.0.8:40047, qualifier=null, endpoint=[172.18.0.8]:5701, alive=true, connectionType=MEMBER, planeIndex=0]
                          type=MEMBER
                          isAlive=true]
11-09-2024 00:07:02 1726013222759 InvocationProfiler[
                          com.hazelcast.client.impl.operations.GetConnectedClientsOperation[
                                  count=1
                                  totalTime(us)=3,207
                                  avg(us)=3,207
                                  max(us)=3,207
                                  latency-distribution[
                                          2048..4095us=1]]]
11-09-2024 00:07:02 1726013222759 OperationsProfiler[
                          com.hazelcast.internal.cluster.impl.operations.JoinRequestOp[
                                  count=6
                                  totalTime(us)=2,937
                                  avg(us)=489
                                  max(us)=1,847
                                  latency-distribution[
                                          64..127us=1
                                          128..255us=1
                                          256..511us=3
                                          1024..2047us=1]]
                          com.hazelcast.client.impl.operations.GetConnectedClientsOperation[
                                  count=1
                                  totalTime(us)=2,129
                                  avg(us)=2,129
                                  max(us)=2,129
                                  latency-distribution[
                                          2048..4095us=1]]]
11-09-2024 00:07:07 1726013227759 InvocationProfiler[
                          com.hazelcast.internal.cluster.impl.operations.FinalizeJoinOp[
                                  count=2
                                  totalTime(us)=8,501
                                  avg(us)=4,250
                                  max(us)=4,404
                                  latency-distribution[
                                          4096..8191us=2]]
                          com.hazelcast.client.impl.operations.GetConnectedClientsOperation[
                                  count=1
                                  totalTime(us)=3,207
                                  avg(us)=3,207
                                  max(us)=3,207
                                  latency-distribution[
                                          2048..4095us=1]]
                          com.hazelcast.internal.cluster.impl.operations.OnJoinOp[
                                  count=2
                                  totalTime(us)=1,805
                                  avg(us)=902
                                  max(us)=907
                                  latency-distribution[
                                          512..1023us=2]]]
11-09-2024 00:07:07 1726013227760 OperationsProfiler[
                          com.hazelcast.internal.cluster.impl.operations.JoinRequestOp[
                                  count=15
                                  totalTime(us)=7,976
                                  avg(us)=531
                                  max(us)=3,585
                                  latency-distribution[
                                          64..127us=1
                                          128..255us=8
                                          256..511us=4
                                          1024..2047us=1
                                          2048..4095us=1]]
                          com.hazelcast.client.impl.protocol.task.AuthenticationMessageTask[
                                  count=1
                                  totalTime(us)=2,130
                                  avg(us)=2,130
                                  max(us)=2,130
                                  latency-distribution[
                                          2048..4095us=1]]
                          com.hazelcast.client.impl.operations.GetConnectedClientsOperation[
                                  count=1
                                  totalTime(us)=2,129
                                  avg(us)=2,129
                                  max(us)=2,129
                                  latency-distribution[
                                          2048..4095us=1]]
                          com.hazelcast.internal.cluster.impl.operations.OnJoinOp[
                                  count=2
                                  totalTime(us)=4,024
                                  avg(us)=2,012
                                  max(us)=2,231
                                  latency-distribution[
                                          1024..2047us=1
                                          2048..4095us=1]]
                          com.hazelcast.internal.cluster.impl.operations.HeartbeatOp[
                                  count=2
                                  totalTime(us)=328
                                  avg(us)=164
                                  max(us)=202
                                  latency-distribution[
                                          64..127us=1
                                          128..255us=1]]]
11-09-2024 00:07:07 1726013227762 MemberAdded[
                          member=[172.18.0.3]:5701
                          Members[
                                  [172.18.0.9]:5701:this:master
                                  [172.18.0.3]:5701]]
11-09-2024 00:07:07 1726013227762 MemberAdded[
                          member=[172.18.0.8]:5701
                          Members[
                                  [172.18.0.9]:5701:this:master
                                  [172.18.0.3]:5701
                                  [172.18.0.8]:5701]]
11-09-2024 00:07:07 1726013227762 ConnectionAdded[
                          Connection[id=3, /172.18.0.9:5701->/172.18.0.10:53927, qualifier=null, endpoint=[172.18.0.10]:53927, alive=true, connectionType=JVM, planeIndex=-1]
                          type=JVM
                          isAlive=true]
11-09-2024 00:07:10 1726013230764 ConnectionRemoved[
                          Connection[id=3, /172.18.0.9:5701->/172.18.0.10:53927, qualifier=null, endpoint=[172.18.0.10]:53927, alive=false, connectionType=JVM, planeIndex=-1]
                          type=JVM
                          isAlive=false
                          closeReason=Connection closed by the other side
                          CloseCause[
                                  java.io.EOFException: Remote socket closed!
                                  com.hazelcast.internal.networking.nio.NioInboundPipeline.process(NioInboundPipeline.java:117)
                                  com.hazelcast.internal.networking.nio.NioThread.processSelectionKey(NioThread.java:383)
                                  com.hazelcast.internal.networking.nio.NioThread.processSelectionKeys(NioThread.java:368)
                                  com.hazelcast.internal.networking.nio.NioThread.selectLoop(NioThread.java:294)
                                  com.hazelcast.internal.networking.nio.NioThread.executeRun(NioThread.java:249)
                                  com.hazelcast.internal.util.executor.HazelcastManagedThread.run(HazelcastManagedThread.java:102)]]
11-09-2024 00:07:12 1726013232758 InvocationProfiler[
                          com.hazelcast.internal.cluster.impl.operations.FinalizeJoinOp[
                                  count=2
                                  totalTime(us)=8,501
                                  avg(us)=4,250
                                  max(us)=4,404
                                  latency-distribution[
                                          4096..8191us=2]]
                          com.hazelcast.client.impl.operations.GetConnectedClientsOperation[
                                  count=1
                                  totalTime(us)=3,207
                                  avg(us)=3,207
                                  max(us)=3,207
                                  latency-distribution[
                                          2048..4095us=1]]
                          com.hazelcast.internal.cluster.impl.operations.OnJoinOp[
                                  count=2
                                  totalTime(us)=1,805
                                  avg(us)=902
                                  max(us)=907
                                  latency-distribution[
                                          512..1023us=2]]]
11-09-2024 00:07:12 1726013232759 OperationsProfiler[
                          com.hazelcast.internal.cluster.impl.operations.JoinRequestOp[
                                  count=15
                                  totalTime(us)=7,976
                                  avg(us)=531
                                  max(us)=3,585
                                  latency-distribution[
                                          64..127us=1
                                          128..255us=8
                                          256..511us=4
                                          1024..2047us=1
                                          2048..4095us=1]]
                          com.hazelcast.client.impl.protocol.task.AuthenticationMessageTask[
                                  count=1
                                  totalTime(us)=2,130
                                  avg(us)=2,130
                                  max(us)=2,130
                                  latency-distribution[
                                          2048..4095us=1]]
                          com.hazelcast.client.impl.operations.GetConnectedClientsOperation[
                                  count=3
                                  totalTime(us)=3,251
                                  avg(us)=1,083
                                  max(us)=2,129
                                  latency-distribution[
                                          128..255us=1
                                          512..1023us=1
                                          2048..4095us=1]]
                          com.hazelcast.internal.cluster.impl.operations.OnJoinOp[
                                  count=2
                                  totalTime(us)=4,024
                                  avg(us)=2,012
                                  max(us)=2,231
                                  latency-distribution[
                                          1024..2047us=1
                                          2048..4095us=1]]
                          com.hazelcast.internal.cluster.impl.operations.HeartbeatOp[
                                  count=4
                                  totalTime(us)=595
                                  avg(us)=148
                                  max(us)=202
                                  latency-distribution[
                                          64..127us=1
                                          128..255us=3]]]
11-09-2024 00:07:13 1726013233761 ConnectionAdded[
                          Connection[id=4, /172.18.0.9:5701->/172.18.0.10:51879, qualifier=null, endpoint=[172.18.0.10]:51879, alive=true, connectionType=JVM, planeIndex=-1]
                          type=JVM
                          isAlive=true]
11-09-2024 00:07:16 1726013236761 ConnectionRemoved[
                          Connection[id=4, /172.18.0.9:5701->/172.18.0.10:51879, qualifier=null, endpoint=[172.18.0.10]:51879, alive=false, connectionType=JVM, planeIndex=-1]
                          type=JVM
                          isAlive=false
                          closeReason=Connection closed by the other side
                          CloseCause[
                                  java.io.EOFException: Remote socket closed!
                                  com.hazelcast.internal.networking.nio.NioInboundPipeline.process(NioInboundPipeline.java:117)
                                  com.hazelcast.internal.networking.nio.NioThread.processSelectionKey(NioThread.java:383)
                                  com.hazelcast.internal.networking.nio.NioThread.processSelectionKeys(NioThread.java:368)
                                  com.hazelcast.internal.networking.nio.NioThread.selectLoop(NioThread.java:294)
                                  com.hazelcast.internal.networking.nio.NioThread.executeRun(NioThread.java:249)
                                  com.hazelcast.internal.util.executor.HazelcastManagedThread.run(HazelcastManagedThread.java:102)]]
11-09-2024 00:07:17 1726013237758 InvocationProfiler[
                          com.hazelcast.internal.cluster.impl.operations.FinalizeJoinOp[
                                  count=2
                                  totalTime(us)=8,501
                                  avg(us)=4,250
                                  max(us)=4,404
                                  latency-distribution[
                                          4096..8191us=2]]
                          com.hazelcast.client.impl.operations.GetConnectedClientsOperation[
                                  count=1
                                  totalTime(us)=3,207
                                  avg(us)=3,207
                                  max(us)=3,207
                                  latency-distribution[
                                          2048..4095us=1]]
                          com.hazelcast.internal.cluster.impl.operations.OnJoinOp[
                                  count=2
                                  totalTime(us)=1,805
                                  avg(us)=902
                                  max(us)=907
                                  latency-distribution[
                                          512..1023us=2]]]
11-09-2024 00:07:17 1726013237759 OperationsProfiler[
                          com.hazelcast.internal.cluster.impl.operations.JoinRequestOp[
                                  count=15
                                  totalTime(us)=7,976
                                  avg(us)=531
                                  max(us)=3,585
                                  latency-distribution[
                                          64..127us=1
                                          128..255us=8
                                          256..511us=4
                                          1024..2047us=1
                                          2048..4095us=1]]
                          com.hazelcast.client.impl.protocol.task.AuthenticationMessageTask[
                                  count=2
                                  totalTime(us)=2,559
                                  avg(us)=1,279
                                  max(us)=2,130
                                  latency-distribution[
                                          256..511us=1
                                          2048..4095us=1]]
                          com.hazelcast.client.impl.operations.GetConnectedClientsOperation[
                                  count=3
                                  totalTime(us)=3,251
                                  avg(us)=1,083
                                  max(us)=2,129
                                  latency-distribution[
                                          128..255us=1
                                          512..1023us=1
                                          2048..4095us=1]]
                          com.hazelcast.internal.cluster.impl.operations.OnJoinOp[
                                  count=2
                                  totalTime(us)=4,024
                                  avg(us)=2,012
                                  max(us)=2,231
                                  latency-distribution[
                                          1024..2047us=1
                                          2048..4095us=1]]
                          com.hazelcast.internal.cluster.impl.operations.HeartbeatOp[
                                  count=6
                                  totalTime(us)=3,572
                                  avg(us)=595
                                  max(us)=2,843
                                  latency-distribution[
                                          64..127us=1
                                          128..255us=4
                                          2048..4095us=1]]]
11-09-2024 00:07:19 1726013239762 ConnectionAdded[
                          Connection[id=5, /172.18.0.9:5701->/172.18.0.10:41205, qualifier=null, endpoint=[172.18.0.10]:41205, alive=true, connectionType=JVM, planeIndex=-1]
                          type=JVM
                          isAlive=true]
11-09-2024 00:07:22 1726013242758 InvocationProfiler[
                          com.hazelcast.internal.cluster.impl.operations.FinalizeJoinOp[
                                  count=2
                                  totalTime(us)=8,501
                                  avg(us)=4,250
                                  max(us)=4,404
                                  latency-distribution[
                                          4096..8191us=2]]
                          com.hazelcast.client.impl.operations.GetConnectedClientsOperation[
                                  count=1
                                  totalTime(us)=3,207
                                  avg(us)=3,207
                                  max(us)=3,207
                                  latency-distribution[
                                          2048..4095us=1]]
                          com.hazelcast.internal.cluster.impl.operations.OnJoinOp[
                                  count=2
                                  totalTime(us)=1,805
                                  avg(us)=902
                                  max(us)=907
                                  latency-distribution[
                                          512..1023us=2]]]
11-09-2024 00:07:22 1726013242759 OperationsProfiler[
                          com.hazelcast.internal.cluster.impl.operations.JoinRequestOp[
                                  count=15
                                  totalTime(us)=7,976
                                  avg(us)=531
                                  max(us)=3,585
                                  latency-distribution[
                                          64..127us=1
                                          128..255us=8
                                          256..511us=4
                                          1024..2047us=1
                                          2048..4095us=1]]
                          com.hazelcast.client.impl.protocol.task.AuthenticationMessageTask[
                                  count=3
                                  totalTime(us)=2,895
                                  avg(us)=965
                                  max(us)=2,130
                                  latency-distribution[
                                          256..511us=2
                                          2048..4095us=1]]
                          com.hazelcast.client.impl.operations.GetConnectedClientsOperation[
                                  count=3
                                  totalTime(us)=3,251
                                  avg(us)=1,083
                                  max(us)=2,129
                                  latency-distribution[
                                          128..255us=1
                                          512..1023us=1
                                          2048..4095us=1]]
                          com.hazelcast.internal.cluster.impl.operations.OnJoinOp[
                                  count=2
                                  totalTime(us)=4,024
                                  avg(us)=2,012
                                  max(us)=2,231
                                  latency-distribution[
                                          1024..2047us=1
                                          2048..4095us=1]]
                          com.hazelcast.internal.cluster.impl.operations.HeartbeatOp[
                                  count=8
                                  totalTime(us)=3,856
                                  avg(us)=482
                                  max(us)=2,843
                                  latency-distribution[
                                          64..127us=2
                                          128..255us=5
                                          2048..4095us=1]]]
11-09-2024 00:07:23 1726013243763 ConnectionRemoved[
                          Connection[id=5, /172.18.0.9:5701->/172.18.0.10:41205, qualifier=null, endpoint=[172.18.0.10]:41205, alive=false, connectionType=JVM, planeIndex=-1]
                          type=JVM
                          isAlive=false
                          closeReason=Connection closed by the other side
                          CloseCause[
                                  java.io.EOFException: Remote socket closed!
                                  com.hazelcast.internal.networking.nio.NioInboundPipeline.process(NioInboundPipeline.java:117)
                                  com.hazelcast.internal.networking.nio.NioThread.processSelectionKey(NioThread.java:383)
                                  com.hazelcast.internal.networking.nio.NioThread.processSelectionKeys(NioThread.java:368)
                                  com.hazelcast.internal.networking.nio.NioThread.selectLoop(NioThread.java:294)
                                  com.hazelcast.internal.networking.nio.NioThread.executeRun(NioThread.java:249)
                                  com.hazelcast.internal.util.executor.HazelcastManagedThread.run(HazelcastManagedThread.java:102)]]
11-09-2024 00:07:26 1726013246762 ConnectionAdded[
                          Connection[id=6, /172.18.0.9:5701->/172.18.0.10:57497, qualifier=null, endpoint=[172.18.0.10]:57497, alive=true, connectionType=JVM, planeIndex=-1]
                          type=JVM
                          isAlive=true]
11-09-2024 00:07:27 1726013247759 Invocations[
                          Pending[]
                          History[]
                          SlowHistory[]]
11-09-2024 00:07:27 1726013247762 InvocationProfiler[
                          com.hazelcast.internal.cluster.impl.operations.FinalizeJoinOp[
                                  count=2
                                  totalTime(us)=8,501
                                  avg(us)=4,250
                                  max(us)=4,404
                                  latency-distribution[
                                          4096..8191us=2]]
                          com.hazelcast.client.impl.operations.GetConnectedClientsOperation[
                                  count=1
                                  totalTime(us)=3,207
                                  avg(us)=3,207
                                  max(us)=3,207
                                  latency-distribution[
                                          2048..4095us=1]]
                          com.hazelcast.internal.cluster.impl.operations.OnJoinOp[
                                  count=2
                                  totalTime(us)=1,805
                                  avg(us)=902
                                  max(us)=907
                                  latency-distribution[
                                          512..1023us=2]]]
11-09-2024 00:07:27 1726013247767 OperationsProfiler[
                          com.hazelcast.internal.cluster.impl.operations.JoinRequestOp[
                                  count=15
                                  totalTime(us)=7,976
                                  avg(us)=531
                                  max(us)=3,585
                                  latency-distribution[
                                          64..127us=1
                                          128..255us=8
                                          256..511us=4
                                          1024..2047us=1
                                          2048..4095us=1]]
                          com.hazelcast.client.impl.protocol.task.AuthenticationMessageTask[
                                  count=4
                                  totalTime(us)=3,251
                                  avg(us)=812
                                  max(us)=2,130
                                  latency-distribution[
                                          256..511us=3
                                          2048..4095us=1]]
                          com.hazelcast.client.impl.operations.GetConnectedClientsOperation[
                                  count=3
                                  totalTime(us)=3,251
                                  avg(us)=1,083
                                  max(us)=2,129
                                  latency-distribution[
                                          128..255us=1
                                          512..1023us=1
                                          2048..4095us=1]]
                          com.hazelcast.internal.cluster.impl.operations.OnJoinOp[
                                  count=2
                                  totalTime(us)=4,024
                                  avg(us)=2,012
                                  max(us)=2,231
                                  latency-distribution[
                                          1024..2047us=1
                                          2048..4095us=1]]
                          com.hazelcast.internal.cluster.impl.operations.HeartbeatOp[
                                  count=10
                                  totalTime(us)=4,172
                                  avg(us)=417
                                  max(us)=2,843
                                  latency-distribution[
                                          64..127us=2
                                          128..255us=7
                                          2048..4095us=1]]]
11-09-2024 00:07:29 1726013249766 ConnectionRemoved[
                          Connection[id=6, /172.18.0.9:5701->/172.18.0.10:57497, qualifier=null, endpoint=[172.18.0.10]:57497, alive=false, connectionType=JVM, planeIndex=-1]
                          type=JVM
                          isAlive=false
                          closeReason=Connection closed by the other side
                          CloseCause[
                                  java.io.EOFException: Remote socket closed!
                                  com.hazelcast.internal.networking.nio.NioInboundPipeline.process(NioInboundPipeline.java:117)
                                  com.hazelcast.internal.networking.nio.NioThread.processSelectionKey(NioThread.java:383)
                                  com.hazelcast.internal.networking.nio.NioThread.processSelectionKeys(NioThread.java:368)
                                  com.hazelcast.internal.networking.nio.NioThread.selectLoop(NioThread.java:294)
                                  com.hazelcast.internal.networking.nio.NioThread.executeRun(NioThread.java:249)
                                  com.hazelcast.internal.util.executor.HazelcastManagedThread.run(HazelcastManagedThread.java:102)]]
11-09-2024 00:07:32 1726013252759 InvocationProfiler[
                          com.hazelcast.internal.cluster.impl.operations.FinalizeJoinOp[
                                  count=2
                                  totalTime(us)=8,501
                                  avg(us)=4,250
                                  max(us)=4,404
                                  latency-distribution[
                                          4096..8191us=2]]
                          com.hazelcast.client.impl.operations.GetConnectedClientsOperation[
                                  count=1
                                  totalTime(us)=3,207
                                  avg(us)=3,207
                                  max(us)=3,207
                                  latency-distribution[
                                          2048..4095us=1]]
                          com.hazelcast.internal.cluster.impl.operations.OnJoinOp[
                                  count=2
                                  totalTime(us)=1,805
                                  avg(us)=902
                                  max(us)=907
                                  latency-distribution[
                                          512..1023us=2]]
                          com.hazelcast.spi.impl.proxyservice.impl.operations.InitializeDistributedObjectOperation[
                                  count=1
                                  totalTime(us)=105
                                  avg(us)=105
                                  max(us)=105
                                  latency-distribution[
                                          64..127us=1]]]
11-09-2024 00:07:32 1726013252760 OperationsProfiler[
                          com.hazelcast.internal.cluster.impl.operations.JoinRequestOp[
                                  count=15
                                  totalTime(us)=7,976
                                  avg(us)=531
                                  max(us)=3,585
                                  latency-distribution[
                                          64..127us=1
                                          128..255us=8
                                          256..511us=4
                                          1024..2047us=1
                                          2048..4095us=1]]
                          com.hazelcast.client.impl.protocol.task.AuthenticationMessageTask[
                                  count=4
                                  totalTime(us)=3,251
                                  avg(us)=812
                                  max(us)=2,130
                                  latency-distribution[
                                          256..511us=3
                                          2048..4095us=1]]
                          com.hazelcast.client.impl.operations.GetConnectedClientsOperation[
                                  count=3
                                  totalTime(us)=3,251
                                  avg(us)=1,083
                                  max(us)=2,129
                                  latency-distribution[
                                          128..255us=1
                                          512..1023us=1
                                          2048..4095us=1]]
                          com.hazelcast.internal.cluster.impl.operations.OnJoinOp[
                                  count=2
                                  totalTime(us)=4,024
                                  avg(us)=2,012
                                  max(us)=2,231
                                  latency-distribution[
                                          1024..2047us=1
                                          2048..4095us=1]]
                          com.hazelcast.internal.cluster.impl.operations.HeartbeatOp[
                                  count=12
                                  totalTime(us)=4,461
                                  avg(us)=371
                                  max(us)=2,843
                                  latency-distribution[
                                          64..127us=2
                                          128..255us=9
                                          2048..4095us=1]]
                          com.hazelcast.spi.impl.proxyservice.impl.operations.InitializeDistributedObjectOperation[
                                  count=1
                                  totalTime(us)=70
                                  avg(us)=70
                                  max(us)=70
                                  latency-distribution[
                                          64..127us=1]]]
11-09-2024 00:07:33 1726013253762 ConnectionAdded[
                          Connection[id=7, /172.18.0.9:5701->/172.18.0.10:48927, qualifier=null, endpoint=[172.18.0.10]:48927, alive=true, connectionType=JVM, planeIndex=-1]
                          type=JVM
                          isAlive=true]
11-09-2024 00:07:36 1726013256760 ConnectionRemoved[
                          Connection[id=7, /172.18.0.9:5701->/172.18.0.10:48927, qualifier=null, endpoint=[172.18.0.10]:48927, alive=false, connectionType=JVM, planeIndex=-1]
                          type=JVM
                          isAlive=false
                          closeReason=Connection closed by the other side
                          CloseCause[
                                  java.io.EOFException: Remote socket closed!
                                  com.hazelcast.internal.networking.nio.NioInboundPipeline.process(NioInboundPipeline.java:117)
                                  com.hazelcast.internal.networking.nio.NioThread.processSelectionKey(NioThread.java:383)
                                  com.hazelcast.internal.networking.nio.NioThread.processSelectionKeys(NioThread.java:368)
                                  com.hazelcast.internal.networking.nio.NioThread.selectLoop(NioThread.java:294)
                                  com.hazelcast.internal.networking.nio.NioThread.executeRun(NioThread.java:249)
                                  com.hazelcast.internal.util.executor.HazelcastManagedThread.run(HazelcastManagedThread.java:102)]]
11-09-2024 00:07:37 1726013257757 InvocationProfiler[
                          com.hazelcast.internal.cluster.impl.operations.FinalizeJoinOp[
                                  count=2
                                  totalTime(us)=8,501
                                  avg(us)=4,250
                                  max(us)=4,404
                                  latency-distribution[
                                          4096..8191us=2]]
                          com.hazelcast.client.impl.operations.GetConnectedClientsOperation[
                                  count=1
                                  totalTime(us)=3,207
                                  avg(us)=3,207
                                  max(us)=3,207
                                  latency-distribution[
                                          2048..4095us=1]]
                          com.hazelcast.internal.cluster.impl.operations.OnJoinOp[
                                  count=2
                                  totalTime(us)=1,805
                                  avg(us)=902
                                  max(us)=907
                                  latency-distribution[
                                          512..1023us=2]]
                          com.hazelcast.spi.impl.proxyservice.impl.operations.InitializeDistributedObjectOperation[
                                  count=1
                                  totalTime(us)=105
                                  avg(us)=105
                                  max(us)=105
                                  latency-distribution[
                                          64..127us=1]]]
11-09-2024 00:07:37 1726013257757 OperationsProfiler[
                          com.hazelcast.internal.cluster.impl.operations.JoinRequestOp[
                                  count=15
                                  totalTime(us)=7,976
                                  avg(us)=531
                                  max(us)=3,585
                                  latency-distribution[
                                          64..127us=1
                                          128..255us=8
                                          256..511us=4
                                          1024..2047us=1
                                          2048..4095us=1]]
                          com.hazelcast.client.impl.protocol.task.AuthenticationMessageTask[
                                  count=5
                                  totalTime(us)=4,135
                                  avg(us)=827
                                  max(us)=2,130
                                  latency-distribution[
                                          256..511us=3
                                          512..1023us=1
                                          2048..4095us=1]]
                          com.hazelcast.client.impl.operations.GetConnectedClientsOperation[
                                  count=3
                                  totalTime(us)=3,251
                                  avg(us)=1,083
                                  max(us)=2,129
                                  latency-distribution[
                                          128..255us=1
                                          512..1023us=1
                                          2048..4095us=1]]
                          com.hazelcast.internal.cluster.impl.operations.OnJoinOp[
                                  count=2
                                  totalTime(us)=4,024
                                  avg(us)=2,012
                                  max(us)=2,231
                                  latency-distribution[
                                          1024..2047us=1
                                          2048..4095us=1]]
                          com.hazelcast.internal.cluster.impl.operations.HeartbeatOp[
                                  count=14
                                  totalTime(us)=4,966
                                  avg(us)=354
                                  max(us)=2,843
                                  latency-distribution[
                                          64..127us=2
                                          128..255us=10
                                          256..511us=1
                                          2048..4095us=1]]
                          com.hazelcast.spi.impl.proxyservice.impl.operations.InitializeDistributedObjectOperation[
                                  count=1
                                  totalTime(us)=70
                                  avg(us)=70
                                  max(us)=70
                                  latency-distribution[
                                          64..127us=1]]]
11-09-2024 00:07:42 1726013262839 InvocationProfiler[
                          com.hazelcast.internal.cluster.impl.operations.FinalizeJoinOp[
                                  count=2
                                  totalTime(us)=8,501
                                  avg(us)=4,250
                                  max(us)=4,404
                                  latency-distribution[
                                          4096..8191us=2]]
                          com.hazelcast.client.impl.operations.GetConnectedClientsOperation[
                                  count=1
                                  totalTime(us)=3,207
                                  avg(us)=3,207
                                  max(us)=3,207
                                  latency-distribution[
                                          2048..4095us=1]]
                          com.hazelcast.internal.cluster.impl.operations.OnJoinOp[
                                  count=2
                                  totalTime(us)=1,805
                                  avg(us)=902
                                  max(us)=907
                                  latency-distribution[
                                          512..1023us=2]]
                          com.hazelcast.spi.impl.proxyservice.impl.operations.InitializeDistributedObjectOperation[
                                  count=1
                                  totalTime(us)=105
                                  avg(us)=105
                                  max(us)=105
                                  latency-distribution[
                                          64..127us=1]]]
11-09-2024 00:07:44 1726013264176 OperationsProfiler[
                          com.hazelcast.internal.cluster.impl.operations.JoinRequestOp[
                                  count=15
                                  totalTime(us)=7,976
                                  avg(us)=531
                                  max(us)=3,585
                                  latency-distribution[
                                          64..127us=1
                                          128..255us=8
                                          256..511us=4
                                          1024..2047us=1
                                          2048..4095us=1]]
                          com.hazelcast.client.impl.protocol.task.AuthenticationMessageTask[
                                  count=5
                                  totalTime(us)=4,135
                                  avg(us)=827
                                  max(us)=2,130
                                  latency-distribution[
                                          256..511us=3
                                          512..1023us=1
                                          2048..4095us=1]]
                          com.hazelcast.client.impl.operations.GetConnectedClientsOperation[
                                  count=3
                                  totalTime(us)=3,251
                                  avg(us)=1,083
                                  max(us)=2,129
                                  latency-distribution[
                                          128..255us=1
                                          512..1023us=1
                                          2048..4095us=1]]
                          com.hazelcast.internal.cluster.impl.operations.OnJoinOp[
                                  count=2
                                  totalTime(us)=4,024
                                  avg(us)=2,012
                                  max(us)=2,231
                                  latency-distribution[
                                          1024..2047us=1
                                          2048..4095us=1]]
                          com.hazelcast.internal.cluster.impl.operations.HeartbeatOp[
                                  count=16
                                  totalTime(us)=442,322
                                  avg(us)=27,645
                                  max(us)=436,931
                                  latency-distribution[
                                          64..127us=2
                                          128..255us=10
                                          256..511us=2
                                          2048..4095us=1
                                          262144..524287us=1]]
                          com.hazelcast.spi.impl.proxyservice.impl.operations.InitializeDistributedObjectOperation[
                                  count=1
                                  totalTime(us)=70
                                  avg(us)=70
                                  max(us)=70
                                  latency-distribution[
                                          64..127us=1]]]
