12-09-2024 19:22:28 1726168948393 BuildInfo[
                          Build=20220328
                          BuildNumber=20220328
                          Revision=52ab9d6
                          Version=5.0.3
                          SerialVersion=1
                          Enterprise=false]
12-09-2024 19:22:28 1726168948393 SystemProperties[
                          hazelcast.config=/opt/hazelcast/config/hazelcast.xml
                          hazelcast.logging.type=log4j2
                          hazelcast.tracking.server=true
                          java.class.path=/opt/hazelcast/*:/opt/hazelcast/lib:/opt/hazelcast/lib/log4j-slf4j-impl-2.17.1.jar:/opt/hazelcast/lib/hazelcast-jet-cdc-mysql-5.0.3.jar:/opt/hazelcast/lib/jmx_prometheus_javaagent-0.14.0.jar:/opt/hazelcast/lib/cache-api-1.1.1.jar:/opt/hazelcast/lib/hazelcast-jet-python-5.0.3.jar:/opt/hazelcast/lib/hazelcast-jet-files-s3-5.0.3.jar:/opt/hazelcast/lib/hazelcast-jet-csv-5.0.3.jar:/opt/hazelcast/lib/jline-terminal-jansi-3.21.0.jar:/opt/hazelcast/lib/hazelcast-sql-5.0.3.jar:/opt/hazelcast/lib/hazelcast-3-connector-interface-5.0.3.jar:/opt/hazelcast/lib/hazelcast-jet-hadoop-all-5.0.3.jar:/opt/hazelcast/lib/hazelcast-5.0.3.jar:/opt/hazelcast/lib/hazelcast-jet-kinesis-5.0.3.jar:/opt/hazelcast/lib/jansi-2.4.0.jar:/opt/hazelcast/lib/hazelcast-3-connector-common-5.0.3.jar:/opt/hazelcast/lib/slf4j-api-1.7.36.jar:/opt/hazelcast/lib/hazelcast-wm-4.0.jar:/opt/hazelcast/lib/hazelcast-jet-files-azure-5.0.3.jar:/opt/hazelcast/lib/hazelcast-jet-kafka-5.0.3.jar:/opt/hazelcast/lib/hazelcast-jet-protobuf-5.0.3.jar:/opt/hazelcast/lib/jline-reader-3.21.0.jar:/opt/hazelcast/lib/hazelcast-jet-elasticsearch-7-5.0.3.jar:/opt/hazelcast/lib/picocli-4.4.0.jar:/opt/hazelcast/lib/jline-terminal-3.21.0.jar:/opt/hazelcast/lib/hazelcast-jet-cdc-postgres-5.0.3.jar:/opt/hazelcast/lib/hazelcast-distribution-5.0.3.jar:/opt/hazelcast/lib/hazelcast-hibernate53-2.1.1.jar:/opt/hazelcast/lib/hazelcast-jet-grpc-5.0.3.jar:/opt/hazelcast/lib/hazelcast-jet-s3-5.0.3.jar:/opt/hazelcast/lib/hazelcast-jet-cdc-debezium-5.0.3.jar:/opt/hazelcast/lib/log4j-api-2.17.1.jar:/opt/hazelcast/lib/hazelcast-jet-files-gcs-5.0.3.jar:/opt/hazelcast/lib/log4j-core-2.17.1.jar:/opt/hazelcast/lib/hazelcast-jet-avro-5.0.3.jar:/opt/hazelcast/bin/user-lib:/opt/hazelcast/bin/user-lib/*
                          java.class.version=55.0
                          java.home=/usr/lib/jvm/java-11-openjdk
                          java.io.tmpdir=/tmp
                          java.library.path=/usr/lib/jvm/java-11-openjdk/lib/server:/usr/lib/jvm/java-11-openjdk/lib:/usr/lib/jvm/java-11-openjdk/../lib:/usr/java/packages/lib:/lib:/usr/lib:/usr/lib64:/lib64
                          java.net.preferIPv4Stack=true
                          java.runtime.name=OpenJDK Runtime Environment
                          java.runtime.version=11.0.14+9-alpine-r0
                          java.specification.name=Java Platform API Specification
                          java.specification.vendor=Oracle Corporation
                          java.specification.version=11
                          java.vendor=Alpine
                          java.vendor.url=https://alpinelinux.org/
                          java.vendor.url.bug=https://gitlab.alpinelinux.org/alpine/aports/issues
                          java.version=11.0.14
                          java.version.date=2022-01-18
                          java.vm.args=--add-modules=java.se --add-exports=java.base/jdk.internal.ref=ALL-UNNAMED --add-opens=java.base/java.lang=ALL-UNNAMED --add-opens=java.base/java.nio=ALL-UNNAMED --add-opens=java.base/sun.nio.ch=ALL-UNNAMED --add-opens=java.management/sun.management=ALL-UNNAMED --add-opens=jdk.management/com.sun.management.internal=ALL-UNNAMED -Dhazelcast.logging.type=log4j2 -Dlog4j.configurationFile=file:/opt/hazelcast/config/log4j2.properties -Dhazelcast.config=/opt/hazelcast/config/hazelcast-docker.xml -Djet.custom.lib.dir=/opt/hazelcast/custom-lib -Djava.net.preferIPv4Stack=true -XX:MaxRAMPercentage=80.0 -XX:MaxGCPauseMillis=5 
                          java.vm.compressedOopsMode=Zero based
                          java.vm.info=mixed mode
                          java.vm.name=OpenJDK 64-Bit Server VM
                          java.vm.specification.name=Java Virtual Machine Specification
                          java.vm.specification.vendor=Oracle Corporation
                          java.vm.specification.version=11
                          java.vm.vendor=Alpine
                          java.vm.version=11.0.14+9-alpine-r0
                          os.arch=aarch64
                          os.name=Linux
                          os.version=6.6.32-linuxkit
                          sun.arch.data.model=64
                          sun.boot.library.path=/usr/lib/jvm/java-11-openjdk/lib
                          sun.cpu.endian=little
                          sun.cpu.isalist=
                          sun.io.unicode.encoding=UnicodeLittle
                          sun.java.command=com.hazelcast.commandline.HazelcastServerCommandLine start -c /opt/hazelcast/config/hazelcast.xml
                          sun.java.launcher=SUN_STANDARD
                          sun.jnu.encoding=UTF-8
                          sun.management.compiler=HotSpot 64-Bit Tiered Compilers
                          sun.os.patch.level=unknown]
12-09-2024 19:22:28 1726168948394 ConfigProperties[
                          hazelcast.diagnostics.directory=/opt/hazelcast/logs
                          hazelcast.diagnostics.enabled=true
                          hazelcast.diagnostics.invocation.sample.period.seconds=30
                          hazelcast.diagnostics.metric.level=DEBUG
                          hazelcast.logging.type=log4j2
                          hazelcast.max.no.heartbeat.seconds=120
                          hazelcast.max.no.master.confirmation.seconds=120
                          hazelcast.shutdownhook.enabled=true
                          hazelcast.shutdownhook.policy=GRACEFUL]
12-09-2024 19:22:28 1726168948394 Metric[[metric=classloading.totalLoadedClassesCount]=7278]
12-09-2024 19:22:28 1726168948394 Metric[[thread=hz.peaceful_khorana.generic-operation.thread-2,unit=count,metric=operation.thread.completedPacketCount]=0]
12-09-2024 19:22:28 1726168948394 Metric[[thread=hz.peaceful_khorana.partition-operation.thread-9,unit=count,metric=operation.thread.errorCount]=0]
12-09-2024 19:22:28 1726168948394 Metric[[unit=ns,metric=partitions.elapsedDestinationCommitTime]=0]
12-09-2024 19:22:28 1726168948394 Metric[[unit=count,metric=operation.genericQueueSize]=0]
12-09-2024 19:22:28 1726168948394 Metric[[thread=hz.peaceful_khorana.generic-operation.thread-0,unit=count,metric=operation.thread.errorCount]=0]
12-09-2024 19:22:28 1726168948394 Metric[[thread=hz.peaceful_khorana.partition-operation.thread-7,unit=count,metric=operation.thread.completedPartitionSpecificRunnableCount]=0]
12-09-2024 19:22:28 1726168948394 Metric[[unit=count,metric=partitions.replicaSyncSemaphore]=10]
12-09-2024 19:22:28 1726168948394 Metric[[thread=hz.peaceful_khorana.generic-operation.thread-2,unit=count,metric=operation.thread.completedRunnableCount]=0]
12-09-2024 19:22:28 1726168948394 Metric[[thread=hz.peaceful_khorana.priority-generic-operation.thread-0,unit=count,metric=operation.thread.completedRunnableCount]=0]
12-09-2024 19:22:28 1726168948394 Metric[[unit=count,metric=operation.genericThreadCount]=6]
12-09-2024 19:22:28 1726168948394 Metric[[thread=hz.peaceful_khorana.partition-operation.thread-8,unit=count,metric=operation.thread.completedTotalCount]=0]
12-09-2024 19:22:28 1726168948394 Metric[[thread=hz.peaceful_khorana.generic-operation.thread-2,unit=count,metric=operation.thread.completedOperationBatchCount]=0]
12-09-2024 19:22:28 1726168948394 Metric[[unit=count,metric=operation.completedCount]=0]
12-09-2024 19:22:28 1726168948394 Metric[[thread=hz.peaceful_khorana.partition-operation.thread-1,unit=count,metric=operation.thread.completedOperationCount]=0]
12-09-2024 19:22:28 1726168948394 Metric[[metric=classloading.unloadedClassesCount]=0]
12-09-2024 19:22:28 1726168948394 Metric[[unit=count,metric=operation.runningPartitionCount]=0]
12-09-2024 19:22:28 1726168948394 Metric[[metric=os.committedVirtualMemorySize]=15208091648]
12-09-2024 19:22:28 1726168948394 Metric[[unit=ns,metric=partitions.elapsedMigrationTime]=0]
12-09-2024 19:22:28 1726168948394 Metric[[thread=hz.peaceful_khorana.generic-operation.thread-3,unit=count,metric=operation.thread.completedPacketCount]=0]
12-09-2024 19:22:28 1726168948394 Metric[[unit=count,metric=partitions.migrationQueueSize]=0]
12-09-2024 19:22:28 1726168948394 Metric[[unit=count,metric=event.threadCount]=5]
12-09-2024 19:22:28 1726168948394 Metric[[metric=runtime.usedMemory]=61405840]
12-09-2024 19:22:28 1726168948394 Metric[[unit=ns,metric=partitions.totalElapsedMigrationTime]=0]
12-09-2024 19:22:28 1726168948394 Metric[[unit=bytes,metric=memory.maxHeap]=12981370880]
12-09-2024 19:22:28 1726168948394 Metric[[thread=hz.peaceful_khorana.generic-operation.thread-1,unit=count,metric=operation.thread.errorCount]=0]
12-09-2024 19:22:28 1726168948394 Metric[[thread=hz.peaceful_khorana.partition-operation.thread-6,unit=count,metric=operation.thread.completedPartitionSpecificRunnableCount]=0]
12-09-2024 19:22:28 1726168948394 Metric[[thread=hz.peaceful_khorana.generic-operation.thread-3,unit=count,metric=operation.thread.completedRunnableCount]=0]
12-09-2024 19:22:28 1726168948394 Metric[[unit=ms,metric=cluster.clock.maxClusterTimeDiff]=0]
12-09-2024 19:22:28 1726168948394 Metric[[thread=hz.peaceful_khorana.partition-operation.thread-7,unit=count,metric=operation.thread.completedTotalCount]=0]
12-09-2024 19:22:28 1726168948394 Metric[[thread=hz.peaceful_khorana.priority-generic-operation.thread-0,unit=count,metric=operation.thread.completedPacketCount]=0]
12-09-2024 19:22:28 1726168948394 Metric[[thread=hz.peaceful_khorana.generic-operation.thread-1,unit=count,metric=operation.thread.completedOperationBatchCount]=0]
12-09-2024 19:22:28 1726168948394 Metric[[unit=ns,metric=partitions.totalElapsedMigrationOperationTime]=0]
12-09-2024 19:22:28 1726168948394 Metric[[metric=os.processCpuTime]=3650000000]
12-09-2024 19:22:28 1726168948394 Metric[[unit=bytes,metric=memory.committedHeap]=608174080]
12-09-2024 19:22:28 1726168948394 Metric[[unit=count,metric=raft.terminatedRaftNodeGroupIds]=0]
12-09-2024 19:22:28 1726168948394 Metric[[unit=bytes,metric=memory.freeHeap]=546768240]
12-09-2024 19:22:28 1726168948394 Metric[[thread=hz.peaceful_khorana.partition-operation.thread-2,unit=count,metric=operation.thread.completedOperationCount]=0]
12-09-2024 19:22:28 1726168948394 Metric[[metric=os.freePhysicalMemorySize]=5631066112]
12-09-2024 19:22:28 1726168948394 Metric[[unit=count,metric=event.totalFailureCount]=0]
12-09-2024 19:22:28 1726168948394 Metric[[thread=hz.peaceful_khorana.generic-operation.thread-0,unit=count,metric=operation.thread.completedPacketCount]=0]
12-09-2024 19:22:28 1726168948394 Metric[[thread=hz.peaceful_khorana.generic-operation.thread-0,unit=count,metric=operation.thread.completedPartitionSpecificRunnableCount]=0]
12-09-2024 19:22:28 1726168948394 Metric[[thread=hz.peaceful_khorana.partition-operation.thread-7,unit=count,metric=operation.thread.errorCount]=0]
12-09-2024 19:22:28 1726168948394 Metric[[thread=hz.peaceful_khorana.generic-operation.thread-2,unit=count,metric=operation.thread.errorCount]=0]
12-09-2024 19:22:28 1726168948394 Metric[[thread=hz.peaceful_khorana.partition-operation.thread-5,unit=count,metric=operation.thread.completedPartitionSpecificRunnableCount]=0]
12-09-2024 19:22:28 1726168948394 Metric[[thread=hz.peaceful_khorana.partition-operation.thread-9,unit=count,metric=operation.thread.priorityPendingCount]=0]
12-09-2024 19:22:28 1726168948394 Metric[[thread=hz.peaceful_khorana.generic-operation.thread-0,unit=count,metric=operation.thread.completedRunnableCount]=0]
12-09-2024 19:22:28 1726168948394 Metric[[unit=count,metric=partitions.totalCompletedMigrations]=0]
12-09-2024 19:22:28 1726168948394 Metric[[thread=hz.peaceful_khorana.partition-operation.thread-6,unit=count,metric=operation.thread.completedTotalCount]=0]
12-09-2024 19:22:28 1726168948394 Metric[[thread=hz.peaceful_khorana.generic-operation.thread-0,unit=count,metric=operation.thread.completedOperationBatchCount]=0]
12-09-2024 19:22:28 1726168948394 Metric[[thread=hz.peaceful_khorana.generic-operation.thread-1,unit=count,metric=operation.thread.completedTotalCount]=0]
12-09-2024 19:22:28 1726168948394 Metric[[unit=ms,metric=operation.invocations.invocationScanPeriodMillis]=1000]
12-09-2024 19:22:28 1726168948394 Metric[[unit=count,metric=operation.responses.backupCount]=0]
12-09-2024 19:22:28 1726168948394 Metric[[thread=hz.peaceful_khorana.partition-operation.thread-3,unit=count,metric=operation.thread.completedOperationCount]=0]
12-09-2024 19:22:28 1726168948394 Metric[[unit=count,metric=operation.runningGenericCount]=0]
12-09-2024 19:22:28 1726168948394 Metric[[unit=count,metric=raft.metadata.activeMembersCommitIndex]=0]
12-09-2024 19:22:28 1726168948394 Metric[[thread=hz.peaceful_khorana.generic-operation.thread-1,unit=count,metric=operation.thread.completedPacketCount]=0]
12-09-2024 19:22:28 1726168948394 Metric[[thread=hz.peaceful_khorana.partition-operation.thread-8,unit=count,metric=operation.thread.errorCount]=0]
12-09-2024 19:22:28 1726168948394 Metric[[unit=count,metric=operation.asyncOperations]=0]
12-09-2024 19:22:28 1726168948394 Metric[[thread=hz.peaceful_khorana.generic-operation.thread-3,unit=count,metric=operation.thread.errorCount]=0]
12-09-2024 19:22:28 1726168948394 Metric[[thread=hz.peaceful_khorana.partition-operation.thread-4,unit=count,metric=operation.thread.completedPartitionSpecificRunnableCount]=0]
12-09-2024 19:22:28 1726168948394 Metric[[thread=hz.peaceful_khorana.partition-operation.thread-8,unit=count,metric=operation.thread.priorityPendingCount]=0]
12-09-2024 19:22:28 1726168948394 Metric[[thread=hz.peaceful_khorana.generic-operation.thread-1,unit=count,metric=operation.thread.completedRunnableCount]=0]
12-09-2024 19:22:28 1726168948394 Metric[[metric=os.totalSwapSpaceSize]=1610608640]
12-09-2024 19:22:28 1726168948394 Metric[[thread=hz.peaceful_khorana.partition-operation.thread-5,unit=count,metric=operation.thread.completedTotalCount]=0]
12-09-2024 19:22:28 1726168948394 Metric[[thread=hz.peaceful_khorana.generic-operation.thread-0,unit=count,metric=operation.thread.completedTotalCount]=0]
12-09-2024 19:22:28 1726168948394 Metric[[unit=ms,metric=gc.minorTime]=69]
12-09-2024 19:22:28 1726168948394 Metric[[thread=hz.peaceful_khorana.partition-operation.thread-4,unit=count,metric=operation.thread.completedOperationCount]=0]
12-09-2024 19:22:28 1726168948394 Metric[[thread=hz.peaceful_khorana.priority-generic-operation.thread-0,unit=count,metric=operation.thread.completedOperationBatchCount]=0]
12-09-2024 19:22:28 1726168948394 Metric[[service=hz:core:clusterService,unit=count,metric=event.publicationCount]=0]
12-09-2024 19:22:28 1726168948394 Metric[[unit=count,metric=event.eventQueueSize]=0]
12-09-2024 19:22:28 1726168948394 Metric[[unit=count,metric=operation.callTimeoutCount]=0]
12-09-2024 19:22:28 1726168948394 Metric[[thread=hz.peaceful_khorana.partition-operation.thread-5,unit=count,metric=operation.thread.errorCount]=0]
12-09-2024 19:22:28 1726168948394 Metric[[thread=hz.peaceful_khorana.partition-operation.thread-7,unit=count,metric=operation.thread.completedRunnableCount]=0]
12-09-2024 19:22:28 1726168948394 Metric[[unit=boolean,metric=partitions.migrationActive]=1]
12-09-2024 19:22:28 1726168948394 Metric[[thread=hz.peaceful_khorana.generic-operation.thread-4,unit=count,metric=operation.thread.errorCount]=0]
12-09-2024 19:22:28 1726168948394 Metric[[thread=hz.peaceful_khorana.partition-operation.thread-9,unit=count,metric=operation.thread.normalPendingCount]=0]
12-09-2024 19:22:28 1726168948394 Metric[[unit=count,metric=client.endpoint.totalRegistrations]=0]
12-09-2024 19:22:28 1726168948394 Metric[[thread=hz.peaceful_khorana.partition-operation.thread-4,unit=count,metric=operation.thread.completedTotalCount]=0]
12-09-2024 19:22:28 1726168948394 Metric[[metric=runtime.freeMemory]=546768240]
12-09-2024 19:22:28 1726168948394 Metric[[unit=ms,metric=cluster.heartbeat.lastHeartbeat]=0]
12-09-2024 19:22:28 1726168948394 Metric[[thread=hz.peaceful_khorana.generic-operation.thread-3,unit=count,metric=operation.thread.completedTotalCount]=0]
12-09-2024 19:22:28 1726168948394 Metric[[thread=hz.peaceful_khorana.priority-generic-operation.thread-0,unit=count,metric=operation.thread.completedPartitionSpecificRunnableCount]=0]
12-09-2024 19:22:28 1726168948394 Metric[[thread=hz.peaceful_khorana.priority-generic-operation.thread-0,unit=count,metric=operation.thread.completedTotalCount]=0]
12-09-2024 19:22:28 1726168948394 Metric[[thread=hz.peaceful_khorana.partition-operation.thread-5,unit=count,metric=operation.thread.completedOperationCount]=0]
12-09-2024 19:22:28 1726168948394 Metric[[unit=count,metric=operation.invocations.delayedExecutionCount]=0]
12-09-2024 19:22:28 1726168948394 Metric[[thread=hz.peaceful_khorana.partition-operation.thread-6,unit=count,metric=operation.thread.errorCount]=0]
12-09-2024 19:22:28 1726168948394 Metric[[thread=hz.peaceful_khorana.partition-operation.thread-8,unit=count,metric=operation.thread.completedRunnableCount]=0]
12-09-2024 19:22:28 1726168948394 Metric[[unit=count,metric=operation.responses.missingCount]=0]
12-09-2024 19:22:28 1726168948394 Metric[[thread=hz.peaceful_khorana.partition-operation.thread-8,unit=count,metric=operation.thread.normalPendingCount]=0]
12-09-2024 19:22:28 1726168948394 Metric[[thread=hz.peaceful_khorana.partition-operation.thread-3,unit=count,metric=operation.thread.completedTotalCount]=0]
12-09-2024 19:22:28 1726168948394 Metric[[unit=count,metric=event.syncDeliveryFailureCount]=0]
12-09-2024 19:22:28 1726168948394 Metric[[unit=ms,metric=cluster.clock.clusterTimeDiff]=0]
12-09-2024 19:22:28 1726168948394 Metric[[thread=hz.peaceful_khorana.generic-operation.thread-2,unit=count,metric=operation.thread.completedTotalCount]=0]
12-09-2024 19:22:28 1726168948394 Metric[[unit=count,metric=raft.metadata.groups]=0]
12-09-2024 19:22:28 1726168948394 Metric[[unit=count,metric=proxy.createdCount]=0]
12-09-2024 19:22:28 1726168948394 Metric[[thread=hz.peaceful_khorana.partition-operation.thread-0,unit=count,metric=operation.thread.completedPacketCount]=0]
12-09-2024 19:22:28 1726168948394 Metric[[unit=count,metric=operation.retryCount]=0]
12-09-2024 19:22:28 1726168948394 Metric[[thread=hz.peaceful_khorana.partition-operation.thread-6,unit=count,metric=operation.thread.completedOperationCount]=0]
12-09-2024 19:22:28 1726168948394 Metric[[unit=ms,metric=operation.invocations.heartbeatBroadcastPeriodMillis]=15000]
12-09-2024 19:22:28 1726168948394 Metric[[unit=bytes,metric=memory.maxNative]=0]
12-09-2024 19:22:28 1726168948394 Metric[[thread=hz.peaceful_khorana.generic-operation.thread-4,unit=count,metric=operation.thread.completedPacketCount]=0]
12-09-2024 19:22:28 1726168948394 Metric[[unit=bytes,metric=memory.totalPhysical]=16225161216]
12-09-2024 19:22:28 1726168948394 Metric[[unit=percent,metric=operation.invocations.usedPercentage]=0.0]
12-09-2024 19:22:28 1726168948394 Metric[[thread=hz.peaceful_khorana.partition-operation.thread-3,unit=count,metric=operation.thread.errorCount]=0]
12-09-2024 19:22:28 1726168948394 Metric[[thread=hz.peaceful_khorana.partition-operation.thread-9,unit=count,metric=operation.thread.completedRunnableCount]=0]
12-09-2024 19:22:28 1726168948394 Metric[[thread=hz.peaceful_khorana.partition-operation.thread-9,unit=count,metric=operation.thread.completedPartitionSpecificRunnableCount]=0]
12-09-2024 19:22:28 1726168948394 Metric[[metric=os.systemLoadAverage]=4.9765625]
12-09-2024 19:22:28 1726168948394 Metric[[thread=hz.peaceful_khorana.partition-operation.thread-2,unit=count,metric=operation.thread.completedTotalCount]=0]
12-09-2024 19:22:28 1726168948394 Metric[[metric=thread.totalStartedThreadCount]=39]
12-09-2024 19:22:28 1726168948394 Metric[[thread=hz.peaceful_khorana.generic-operation.thread-4,unit=count,metric=operation.thread.completedOperationBatchCount]=0]
12-09-2024 19:22:28 1726168948394 Metric[[service=hz:core:proxyService,unit=count,metric=event.publicationCount]=0]
12-09-2024 19:22:28 1726168948394 Metric[[thread=hz.peaceful_khorana.partition-operation.thread-1,unit=count,metric=operation.thread.completedOperationBatchCount]=0]
12-09-2024 19:22:28 1726168948394 Metric[[unit=ms,metric=gc.unknownTime]=0]
12-09-2024 19:22:28 1726168948394 Metric[[thread=hz.peaceful_khorana.partition-operation.thread-1,unit=count,metric=operation.thread.completedPacketCount]=0]
12-09-2024 19:22:28 1726168948394 Metric[[thread=hz.peaceful_khorana.priority-generic-operation.thread-0,unit=count,metric=operation.thread.errorCount]=0]
12-09-2024 19:22:28 1726168948394 Metric[[thread=hz.peaceful_khorana.partition-operation.thread-7,unit=count,metric=operation.thread.completedOperationCount]=0]
12-09-2024 19:22:28 1726168948394 Metric[[unit=ms,metric=cluster.clock.clusterUpTime]=-9223370310685827400]
12-09-2024 19:22:28 1726168948394 Metric[[unit=count,metric=operation.queueSize]=0]
12-09-2024 19:22:28 1726168948394 Metric[[thread=hz.peaceful_khorana.partition-operation.thread-4,unit=count,metric=operation.thread.errorCount]=0]
12-09-2024 19:22:28 1726168948394 Metric[[service=hz:core:clusterService,unit=count,metric=event.listenerCount]=2]
12-09-2024 19:22:28 1726168948394 Metric[[thread=hz.peaceful_khorana.partition-operation.thread-8,unit=count,metric=operation.thread.completedPartitionSpecificRunnableCount]=0]
12-09-2024 19:22:28 1726168948394 Metric[[unit=count,metric=operation.partitionThreadCount]=10]
12-09-2024 19:22:28 1726168948394 Metric[[thread=hz.peaceful_khorana.partition-operation.thread-1,unit=count,metric=operation.thread.completedTotalCount]=0]
12-09-2024 19:22:28 1726168948394 Metric[[thread=hz.peaceful_khorana.generic-operation.thread-3,unit=count,metric=operation.thread.completedOperationBatchCount]=0]
12-09-2024 19:22:28 1726168948394 Metric[[metric=thread.threadCount]=38]
12-09-2024 19:22:28 1726168948394 Metric[[thread=hz.peaceful_khorana.generic-operation.thread-4,unit=count,metric=operation.thread.completedTotalCount]=0]
12-09-2024 19:22:28 1726168948394 Metric[[thread=hz.peaceful_khorana.partition-operation.thread-0,unit=count,metric=operation.thread.completedOperationBatchCount]=0]
12-09-2024 19:22:28 1726168948394 Metric[[unit=count,metric=operation.invocations.heartbeatPacketsSent]=1]
12-09-2024 19:22:28 1726168948394 Metric[[unit=count,metric=partitions.replicaSyncRequestsCounter]=0]
12-09-2024 19:22:28 1726168948394 Metric[[unit=count,metric=partitions.partitionCount]=271]
12-09-2024 19:22:28 1726168948394 Metric[[thread=hz.peaceful_khorana.partition-operation.thread-2,unit=count,metric=operation.thread.completedPacketCount]=0]
12-09-2024 19:22:28 1726168948394 Metric[[metric=runtime.maxMemory]=12981370880]
12-09-2024 19:22:28 1726168948394 Metric[[thread=hz.peaceful_khorana.partition-operation.thread-8,unit=count,metric=operation.thread.completedOperationCount]=0]
12-09-2024 19:22:28 1726168948394 Metric[[unit=count,metric=operation.invocations.heartbeatPacketsReceived]=1]
12-09-2024 19:22:28 1726168948394 Metric[[service=hz:core:partitionService,unit=count,metric=event.publicationCount]=0]
12-09-2024 19:22:28 1726168948394 Metric[[metric=thread.daemonThreadCount]=5]
12-09-2024 19:22:28 1726168948394 Metric[[metric=os.processCpuLoad]=0.0]
12-09-2024 19:22:28 1726168948394 Metric[[unit=bytes,metric=memory.freeNative]=0]
12-09-2024 19:22:28 1726168948394 Metric[[thread=hz.peaceful_khorana.partition-operation.thread-1,unit=count,metric=operation.thread.errorCount]=0]
12-09-2024 19:22:28 1726168948394 Metric[[unit=count,metric=cluster.size]=1]
12-09-2024 19:22:28 1726168948394 Metric[[thread=hz.peaceful_khorana.partition-operation.thread-3,unit=count,metric=operation.thread.completedRunnableCount]=0]
12-09-2024 19:22:28 1726168948394 Metric[[unit=count,metric=event.rejectedCount]=0]
12-09-2024 19:22:28 1726168948394 Metric[[thread=hz.peaceful_khorana.partition-operation.thread-3,unit=count,metric=operation.thread.priorityPendingCount]=0]
12-09-2024 19:22:28 1726168948394 Metric[[thread=hz.peaceful_khorana.partition-operation.thread-5,unit=count,metric=operation.thread.normalPendingCount]=0]
12-09-2024 19:22:28 1726168948394 Metric[[thread=hz.peaceful_khorana.partition-operation.thread-0,unit=count,metric=operation.thread.completedTotalCount]=0]
12-09-2024 19:22:28 1726168948394 Metric[[thread=hz.peaceful_khorana.partition-operation.thread-3,unit=count,metric=operation.thread.completedOperationBatchCount]=0]
12-09-2024 19:22:28 1726168948394 Metric[[thread=hz.peaceful_khorana.generic-operation.thread-0,unit=count,metric=operation.thread.completedOperationCount]=0]
12-09-2024 19:22:28 1726168948394 Metric[[thread=hz.peaceful_khorana.partition-operation.thread-3,unit=count,metric=operation.thread.completedPacketCount]=0]
12-09-2024 19:22:28 1726168948394 Metric[[thread=hz.peaceful_khorana.partition-operation.thread-9,unit=count,metric=operation.thread.completedOperationCount]=0]
12-09-2024 19:22:28 1726168948394 Metric[[unit=count,metric=raft.missingMembers]=0]
12-09-2024 19:22:28 1726168948394 Metric[[thread=hz.peaceful_khorana.partition-operation.thread-2,unit=count,metric=operation.thread.errorCount]=0]
12-09-2024 19:22:28 1726168948394 Metric[[thread=hz.peaceful_khorana.partition-operation.thread-4,unit=count,metric=operation.thread.completedRunnableCount]=0]
12-09-2024 19:22:28 1726168948394 Metric[[unit=ms,metric=cluster.clock.localClockTime]=1726168948415]
12-09-2024 19:22:28 1726168948394 Metric[[dir=user.home,unit=bytes,metric=file.partition.freeSpace]=78887247872]
12-09-2024 19:22:28 1726168948394 Metric[[thread=hz.peaceful_khorana.partition-operation.thread-2,unit=count,metric=operation.thread.priorityPendingCount]=0]
12-09-2024 19:22:28 1726168948394 Metric[[thread=hz.peaceful_khorana.partition-operation.thread-4,unit=count,metric=operation.thread.normalPendingCount]=0]
12-09-2024 19:22:28 1726168948394 Metric[[unit=count,metric=gc.majorCount]=0]
12-09-2024 19:22:28 1726168948394 Metric[[thread=hz.peaceful_khorana.partition-operation.thread-2,unit=count,metric=operation.thread.completedOperationBatchCount]=0]
12-09-2024 19:22:28 1726168948394 Metric[[thread=hz.peaceful_khorana.generic-operation.thread-1,unit=count,metric=operation.thread.completedOperationCount]=0]
12-09-2024 19:22:28 1726168948394 Metric[[thread=hz.peaceful_khorana.partition-operation.thread-4,unit=count,metric=operation.thread.completedPacketCount]=0]
12-09-2024 19:22:28 1726168948394 Metric[[metric=thread.peakThreadCount]=39]
12-09-2024 19:22:28 1726168948394 Metric[[unit=count,metric=partitions.maxBackupCount]=0]
12-09-2024 19:22:28 1726168948394 Metric[[unit=ms,metric=operation.invocations.invocationTimeoutMillis]=60000]
12-09-2024 19:22:28 1726168948394 Metric[[unit=count,metric=operation.priorityQueueSize]=0]
12-09-2024 19:22:28 1726168948394 Metric[[thread=hz.peaceful_khorana.priority-generic-operation.thread-0,unit=count,metric=operation.thread.completedOperationCount]=0]
12-09-2024 19:22:28 1726168948394 Metric[[unit=ms,metric=operation.invocations.backupTimeoutMillis]=5000]
12-09-2024 19:22:28 1726168948394 Metric[[metric=runtime.totalMemory]=608174080]
12-09-2024 19:22:28 1726168948394 Metric[[thread=hz.peaceful_khorana.partition-operation.thread-5,unit=count,metric=operation.thread.completedRunnableCount]=0]
12-09-2024 19:22:28 1726168948394 Metric[[thread=hz.peaceful_khorana.partition-operation.thread-1,unit=count,metric=operation.thread.priorityPendingCount]=0]
12-09-2024 19:22:28 1726168948394 Metric[[unit=count,metric=operation.responses.errorCount]=0]
12-09-2024 19:22:28 1726168948394 Metric[[thread=hz.peaceful_khorana.partition-operation.thread-7,unit=count,metric=operation.thread.normalPendingCount]=0]
12-09-2024 19:22:28 1726168948394 Metric[[service=hz:impl:replicatedMapService,unit=count,metric=event.listenerCount]=1]
12-09-2024 19:22:28 1726168948394 Metric[[service=hz:core:proxyService,unit=count,metric=event.listenerCount]=1]
12-09-2024 19:22:28 1726168948394 Metric[[unit=count,metric=proxy.proxyCount]=1]
12-09-2024 19:22:28 1726168948394 Metric[[thread=hz.peaceful_khorana.partition-operation.thread-5,unit=count,metric=operation.thread.completedOperationBatchCount]=0]
12-09-2024 19:22:28 1726168948394 Metric[[unit=bytes,metric=memory.freePhysical]=5622419456]
12-09-2024 19:22:28 1726168948394 Metric[[thread=hz.peaceful_khorana.partition-operation.thread-5,unit=count,metric=operation.thread.completedPacketCount]=0]
12-09-2024 19:22:28 1726168948394 Metric[[unit=bytes,metric=memory.committedNative]=0]
12-09-2024 19:22:28 1726168948394 Metric[[unit=ns,metric=partitions.totalElapsedDestinationCommitTime]=0]
12-09-2024 19:22:28 1726168948394 Metric[[unit=count,metric=operation.responses.timeoutCount]=0]
12-09-2024 19:22:28 1726168948394 Metric[[metric=os.openFileDescriptorCount]=42]
12-09-2024 19:22:28 1726168948394 Metric[[unit=count,metric=operation.invocations.backupTimeouts]=0]
12-09-2024 19:22:28 1726168948394 Metric[[unit=ns,metric=partitions.elapsedMigrationOperationTime]=0]
12-09-2024 19:22:28 1726168948394 Metric[[unit=count,metric=operation.genericPriorityQueueSize]=0]
12-09-2024 19:22:28 1726168948394 Metric[[unit=count,metric=gc.minorCount]=9]
12-09-2024 19:22:28 1726168948394 Metric[[thread=hz.peaceful_khorana.partition-operation.thread-0,unit=count,metric=operation.thread.errorCount]=0]
12-09-2024 19:22:28 1726168948394 Metric[[thread=hz.peaceful_khorana.partition-operation.thread-6,unit=count,metric=operation.thread.completedRunnableCount]=0]
12-09-2024 19:22:28 1726168948394 Metric[[thread=hz.peaceful_khorana.partition-operation.thread-0,unit=count,metric=operation.thread.priorityPendingCount]=0]
12-09-2024 19:22:28 1726168948394 Metric[[thread=hz.peaceful_khorana.partition-operation.thread-6,unit=count,metric=operation.thread.normalPendingCount]=0]
12-09-2024 19:22:28 1726168948394 Metric[[unit=count,metric=transactions.startCount]=0]
12-09-2024 19:22:28 1726168948394 Metric[[unit=bytes,metric=memory.usedMetadata]=0]
12-09-2024 19:22:28 1726168948394 Metric[[metric=os.freeSwapSpaceSize]=1610608640]
12-09-2024 19:22:28 1726168948394 Metric[[unit=ms,metric=partitions.lastRepartitionTime]=0]
12-09-2024 19:22:28 1726168948394 Metric[[metric=os.totalPhysicalMemorySize]=16225161216]
12-09-2024 19:22:28 1726168948394 Metric[[metric=os.systemCpuLoad]=60.0]
12-09-2024 19:22:28 1726168948394 Metric[[thread=hz.peaceful_khorana.partition-operation.thread-4,unit=count,metric=operation.thread.completedOperationBatchCount]=0]
12-09-2024 19:22:28 1726168948394 Metric[[metric=runtime.availableProcessors]=10]
12-09-2024 19:22:28 1726168948394 Metric[[thread=hz.peaceful_khorana.partition-operation.thread-6,unit=count,metric=operation.thread.completedPacketCount]=0]
12-09-2024 19:22:28 1726168948394 Metric[[unit=count,metric=event.eventsProcessed]=8]
12-09-2024 19:22:28 1726168948394 Metric[[unit=count,metric=operation.parker.parkQueueCount]=0]
12-09-2024 19:22:28 1726168948394 Metric[[unit=count,metric=operation.responses.normalCount]=0]
12-09-2024 19:22:28 1726168948394 Metric[[unit=count,metric=client.endpoint.count]=0]
12-09-2024 19:22:28 1726168948394 Metric[[thread=hz.peaceful_khorana.generic-operation.thread-2,unit=count,metric=operation.thread.completedPartitionSpecificRunnableCount]=0]
12-09-2024 19:22:28 1726168948394 Metric[[unit=count,metric=gc.unknownCount]=0]
12-09-2024 19:22:28 1726168948394 Metric[[unit=count,metric=operation.responseQueueSize]=0]
12-09-2024 19:22:28 1726168948394 Metric[[thread=hz.peaceful_khorana.partition-operation.thread-3,unit=count,metric=operation.thread.completedPartitionSpecificRunnableCount]=0]
12-09-2024 19:22:28 1726168948394 Metric[[thread=hz.peaceful_khorana.partition-operation.thread-7,unit=count,metric=operation.thread.priorityPendingCount]=0]
12-09-2024 19:22:28 1726168948394 Metric[[thread=hz.peaceful_khorana.partition-operation.thread-1,unit=count,metric=operation.thread.normalPendingCount]=0]
12-09-2024 19:22:28 1726168948394 Metric[[unit=bytes,metric=memory.maxMetadata]=0]
12-09-2024 19:22:28 1726168948394 Metric[[unit=count,metric=operation.parker.totalParkedOperationCount]=0]
12-09-2024 19:22:28 1726168948394 Metric[[unit=count,metric=partitions.localPartitionCount]=0]
12-09-2024 19:22:28 1726168948394 Metric[[thread=hz.peaceful_khorana.partition-operation.thread-7,unit=count,metric=operation.thread.completedOperationBatchCount]=0]
12-09-2024 19:22:28 1726168948394 Metric[[unit=ms,metric=gc.majorTime]=0]
12-09-2024 19:22:28 1726168948394 Metric[[thread=hz.peaceful_khorana.generic-operation.thread-4,unit=count,metric=operation.thread.completedOperationCount]=0]
12-09-2024 19:22:28 1726168948394 Metric[[thread=hz.peaceful_khorana.partition-operation.thread-7,unit=count,metric=operation.thread.completedPacketCount]=0]
12-09-2024 19:22:28 1726168948394 Metric[[unit=count,metric=operation.runningCount]=0]
12-09-2024 19:22:28 1726168948394 Metric[[metric=classloading.loadedClassesCount]=7327]
12-09-2024 19:22:28 1726168948394 Metric[[unit=count,metric=operation.invocations.lastCallId]=0]
12-09-2024 19:22:28 1726168948394 Metric[[thread=hz.peaceful_khorana.generic-operation.thread-1,unit=count,metric=operation.thread.completedPartitionSpecificRunnableCount]=0]
12-09-2024 19:22:28 1726168948394 Metric[[thread=hz.peaceful_khorana.partition-operation.thread-0,unit=count,metric=operation.thread.completedRunnableCount]=0]
12-09-2024 19:22:28 1726168948394 Metric[[thread=hz.peaceful_khorana.partition-operation.thread-2,unit=count,metric=operation.thread.completedPartitionSpecificRunnableCount]=0]
12-09-2024 19:22:28 1726168948394 Metric[[thread=hz.peaceful_khorana.partition-operation.thread-6,unit=count,metric=operation.thread.priorityPendingCount]=0]
12-09-2024 19:22:28 1726168948394 Metric[[thread=hz.peaceful_khorana.partition-operation.thread-0,unit=count,metric=operation.thread.normalPendingCount]=0]
12-09-2024 19:22:28 1726168948394 Metric[[thread=hz.peaceful_khorana.partition-operation.thread-6,unit=count,metric=operation.thread.completedOperationBatchCount]=0]
12-09-2024 19:22:28 1726168948394 Metric[[unit=count,metric=transactions.commitCount]=0]
12-09-2024 19:22:28 1726168948394 Metric[[unit=count,metric=raft.destroyedGroupIds]=0]
12-09-2024 19:22:28 1726168948394 Metric[[unit=count,metric=partitions.activePartitionCount]=0]
12-09-2024 19:22:28 1726168948394 Metric[[metric=os.maxFileDescriptorCount]=1048576]
12-09-2024 19:22:28 1726168948394 Metric[[thread=hz.peaceful_khorana.partition-operation.thread-8,unit=count,metric=operation.thread.completedPacketCount]=0]
12-09-2024 19:22:28 1726168948394 Metric[[service=hz:core:partitionService,unit=count,metric=event.listenerCount]=3]
12-09-2024 19:22:28 1726168948394 Metric[[unit=count,metric=operation.invocations.pending]=0]
12-09-2024 19:22:28 1726168948394 Metric[[unit=bytes,metric=memory.usedNative]=0]
12-09-2024 19:22:28 1726168948394 Metric[[thread=hz.peaceful_khorana.generic-operation.thread-4,unit=count,metric=operation.thread.completedPartitionSpecificRunnableCount]=0]
12-09-2024 19:22:28 1726168948394 Metric[[dir=user.home,unit=bytes,metric=file.partition.totalSpace]=86289817600]
12-09-2024 19:22:28 1726168948394 Metric[[unit=ms,metric=cluster.clock.clusterStartTime]=-9223372036854775808]
12-09-2024 19:22:28 1726168948394 Metric[[thread=hz.peaceful_khorana.partition-operation.thread-1,unit=count,metric=operation.thread.completedRunnableCount]=0]
12-09-2024 19:22:28 1726168948394 Metric[[unit=ms,metric=cluster.clock.clusterTime]=1726168948421]
12-09-2024 19:22:28 1726168948394 Metric[[thread=hz.peaceful_khorana.partition-operation.thread-1,unit=count,metric=operation.thread.completedPartitionSpecificRunnableCount]=0]
12-09-2024 19:22:28 1726168948394 Metric[[thread=hz.peaceful_khorana.partition-operation.thread-5,unit=count,metric=operation.thread.priorityPendingCount]=0]
12-09-2024 19:22:28 1726168948394 Metric[[thread=hz.peaceful_khorana.generic-operation.thread-4,unit=count,metric=operation.thread.completedRunnableCount]=0]
12-09-2024 19:22:28 1726168948394 Metric[[thread=hz.peaceful_khorana.partition-operation.thread-3,unit=count,metric=operation.thread.normalPendingCount]=0]
12-09-2024 19:22:28 1726168948394 Metric[[unit=count,metric=partitions.plannedMigrations]=0]
12-09-2024 19:22:28 1726168948394 Metric[[service=hz:impl:replicatedMapService,unit=count,metric=event.publicationCount]=0]
12-09-2024 19:22:28 1726168948394 Metric[[thread=hz.peaceful_khorana.partition-operation.thread-9,unit=count,metric=operation.thread.completedOperationBatchCount]=0]
12-09-2024 19:22:28 1726168948394 Metric[[dir=user.home,unit=bytes,metric=file.partition.usableSpace]=74470543360]
12-09-2024 19:22:28 1726168948394 Metric[[thread=hz.peaceful_khorana.generic-operation.thread-2,unit=count,metric=operation.thread.completedOperationCount]=0]
12-09-2024 19:22:28 1726168948394 Metric[[unit=count,metric=proxy.destroyedCount]=0]
12-09-2024 19:22:28 1726168948394 Metric[[thread=hz.peaceful_khorana.partition-operation.thread-9,unit=count,metric=operation.thread.completedPacketCount]=0]
12-09-2024 19:22:28 1726168948394 Metric[[unit=count,metric=operation.invocations.normalTimeouts]=0]
12-09-2024 19:22:28 1726168948394 Metric[[unit=count,metric=raft.metadata.activeMembers]=0]
12-09-2024 19:22:28 1726168948394 Metric[[unit=count,metric=operation.failedBackups]=0]
12-09-2024 19:22:28 1726168948394 Metric[[unit=count,metric=partitions.memberGroupsSize]=0]
12-09-2024 19:22:28 1726168948394 Metric[[unit=count,metric=operation.operationTimeoutCount]=0]
12-09-2024 19:22:28 1726168948394 Metric[[unit=count,metric=transactions.rollbackCount]=0]
12-09-2024 19:22:28 1726168948394 Metric[[thread=hz.peaceful_khorana.generic-operation.thread-3,unit=count,metric=operation.thread.completedPartitionSpecificRunnableCount]=0]
12-09-2024 19:22:28 1726168948394 Metric[[metric=runtime.uptime]=2028]
12-09-2024 19:22:28 1726168948394 Metric[[thread=hz.peaceful_khorana.partition-operation.thread-2,unit=count,metric=operation.thread.completedRunnableCount]=0]
12-09-2024 19:22:28 1726168948394 Metric[[unit=count,metric=event.queueCapacity]=1000000]
12-09-2024 19:22:28 1726168948394 Metric[[thread=hz.peaceful_khorana.partition-operation.thread-0,unit=count,metric=operation.thread.completedPartitionSpecificRunnableCount]=0]
12-09-2024 19:22:28 1726168948394 Metric[[thread=hz.peaceful_khorana.partition-operation.thread-4,unit=count,metric=operation.thread.priorityPendingCount]=0]
12-09-2024 19:22:28 1726168948394 Metric[[thread=hz.peaceful_khorana.partition-operation.thread-2,unit=count,metric=operation.thread.normalPendingCount]=0]
12-09-2024 19:22:28 1726168948394 Metric[[thread=hz.peaceful_khorana.partition-operation.thread-9,unit=count,metric=operation.thread.completedTotalCount]=0]
12-09-2024 19:22:28 1726168948394 Metric[[unit=count,metric=raft.nodes]=0]
12-09-2024 19:22:28 1726168948394 Metric[[thread=hz.peaceful_khorana.partition-operation.thread-8,unit=count,metric=operation.thread.completedOperationBatchCount]=0]
12-09-2024 19:22:28 1726168948394 Metric[[thread=hz.peaceful_khorana.generic-operation.thread-3,unit=count,metric=operation.thread.completedOperationCount]=0]
12-09-2024 19:22:28 1726168948394 Metric[[unit=count,metric=partitions.completedMigrations]=0]
12-09-2024 19:22:28 1726168948394 Metric[[unit=count,metric=partitions.stateStamp]=0]
12-09-2024 19:22:28 1726168948394 Metric[[unit=bytes,metric=memory.usedHeap]=61796000]
12-09-2024 19:22:28 1726168948394 Metric[[thread=hz.peaceful_khorana.partition-operation.thread-0,unit=count,metric=operation.thread.completedOperationCount]=0]
12-09-2024 19:22:28 1726168948394 Metric[[name=__sql.catalog,unit=ms,metric=replicatedMap.maxGetLatency]=0]
12-09-2024 19:22:28 1726168948394 Metric[[name=__sql.catalog,unit=ms,metric=replicatedMap.maxPutLatency]=0]
12-09-2024 19:22:28 1726168948394 Metric[[name=__sql.catalog,unit=ms,metric=replicatedMap.totalRemoveLatencies]=0]
12-09-2024 19:22:28 1726168948394 Metric[[name=__sql.catalog,unit=ms,metric=replicatedMap.maxRemoveLatency]=0]
12-09-2024 19:22:28 1726168948394 Metric[[name=__sql.catalog,unit=ms,metric=replicatedMap.totalPutLatencies]=0]
12-09-2024 19:22:28 1726168948394 Metric[[name=__sql.catalog,unit=ms,metric=replicatedMap.totalGetLatencies]=0]
12-09-2024 19:22:28 1726168948394 Metric[[name=__sql.catalog,unit=count,metric=replicatedMap.total]=0]
12-09-2024 19:22:28 1726168948394 Metric[[name=__sql.catalog,unit=ms,metric=replicatedMap.lastAccessTime]=0]
12-09-2024 19:22:28 1726168948394 Metric[[name=__sql.catalog,unit=ms,metric=replicatedMap.lastUpdateTime]=0]
12-09-2024 19:22:28 1726168948394 Metric[[name=__sql.catalog,unit=count,metric=replicatedMap.hits]=0]
12-09-2024 19:22:28 1726168948394 Metric[[name=__sql.catalog,unit=count,metric=replicatedMap.numberOfOtherOperations]=0]
12-09-2024 19:22:28 1726168948394 Metric[[name=__sql.catalog,unit=count,metric=replicatedMap.numberOfEvents]=0]
12-09-2024 19:22:28 1726168948394 Metric[[name=__sql.catalog,unit=count,metric=replicatedMap.getCount]=0]
12-09-2024 19:22:28 1726168948394 Metric[[name=__sql.catalog,unit=count,metric=replicatedMap.putCount]=0]
12-09-2024 19:22:28 1726168948394 Metric[[name=__sql.catalog,unit=count,metric=replicatedMap.removeCount]=0]
12-09-2024 19:22:28 1726168948394 Metric[[name=__sql.catalog,unit=ms,metric=replicatedMap.creationTime]=1726168948423]
12-09-2024 19:22:28 1726168948394 Metric[[name=__sql.catalog,unit=count,metric=replicatedMap.ownedEntryCount]=0]
12-09-2024 19:22:28 1726168948394 Metric[[name=__sql.catalog,unit=bytes,metric=replicatedMap.ownedEntryMemoryCost]=0]
12-09-2024 19:22:28 1726168948394 Metric[[unit=count,metric=tcp.connection.inProgressCount]=0]
12-09-2024 19:22:28 1726168948394 Metric[[unit=count,metric=tcp.connection.count]=0]
12-09-2024 19:22:28 1726168948394 Metric[[unit=count,metric=tcp.connection.openedCount]=0]
12-09-2024 19:22:28 1726168948394 Metric[[unit=count,metric=tcp.connection.closedCount]=0]
12-09-2024 19:22:28 1726168948394 Metric[[unit=count,metric=tcp.connection.activeCount]=0]
12-09-2024 19:22:28 1726168948394 Metric[[unit=count,metric=tcp.connection.acceptedSocketCount]=0]
12-09-2024 19:22:28 1726168948394 Metric[[unit=count,metric=tcp.connection.connectionListenerCount]=3]
12-09-2024 19:22:28 1726168948394 Metric[[unit=count,metric=tcp.connection.clientCount]=0]
12-09-2024 19:22:28 1726168948394 Metric[[unit=count,metric=tcp.connection.textCount]=0]
12-09-2024 19:22:28 1726168948394 Metric[[name=hz:cluster,unit=count,metric=executor.internal.remainingQueueCapacity]=2147483647]
12-09-2024 19:22:28 1726168948394 Metric[[name=hz:cluster,unit=count,metric=executor.internal.queueSize]=0]
12-09-2024 19:22:28 1726168948394 Metric[[name=hz:cluster,unit=count,metric=executor.internal.poolSize]=0]
12-09-2024 19:22:28 1726168948394 Metric[[name=hz:cluster,unit=count,metric=executor.internal.maximumPoolSize]=2]
12-09-2024 19:22:28 1726168948394 Metric[[name=hz:cluster,unit=count,metric=executor.internal.completedTasks]=0]
12-09-2024 19:22:28 1726168948394 Metric[[name=hz:cluster:event,unit=count,metric=executor.internal.remainingQueueCapacity]=2147483647]
12-09-2024 19:22:28 1726168948394 Metric[[name=hz:cluster:event,unit=count,metric=executor.internal.queueSize]=0]
12-09-2024 19:22:28 1726168948394 Metric[[name=hz:cluster:event,unit=count,metric=executor.internal.poolSize]=0]
12-09-2024 19:22:28 1726168948394 Metric[[name=hz:cluster:event,unit=count,metric=executor.internal.maximumPoolSize]=1]
12-09-2024 19:22:28 1726168948394 Metric[[name=hz:cluster:event,unit=count,metric=executor.internal.completedTasks]=6]
12-09-2024 19:22:28 1726168948394 Metric[[name=hz:offloadable,unit=count,metric=executor.internal.remainingQueueCapacity]=100000]
12-09-2024 19:22:28 1726168948394 Metric[[name=hz:offloadable,unit=count,metric=executor.internal.queueSize]=0]
12-09-2024 19:22:28 1726168948394 Metric[[name=hz:offloadable,unit=count,metric=executor.internal.poolSize]=0]
12-09-2024 19:22:28 1726168948394 Metric[[name=hz:offloadable,unit=count,metric=executor.internal.maximumPoolSize]=10]
12-09-2024 19:22:28 1726168948394 Metric[[name=hz:offloadable,unit=count,metric=executor.internal.completedTasks]=0]
12-09-2024 19:22:28 1726168948394 Metric[[name=hz:splitBrainProtection,unit=count,metric=executor.internal.remainingQueueCapacity]=2147483647]
12-09-2024 19:22:28 1726168948394 Metric[[name=hz:splitBrainProtection,unit=count,metric=executor.internal.queueSize]=0]
12-09-2024 19:22:28 1726168948394 Metric[[name=hz:splitBrainProtection,unit=count,metric=executor.internal.poolSize]=0]
12-09-2024 19:22:28 1726168948394 Metric[[name=hz:splitBrainProtection,unit=count,metric=executor.internal.maximumPoolSize]=1]
12-09-2024 19:22:28 1726168948394 Metric[[name=hz:splitBrainProtection,unit=count,metric=executor.internal.completedTasks]=0]
12-09-2024 19:22:28 1726168948394 Metric[[name=hz:client,unit=count,metric=executor.internal.remainingQueueCapacity]=1000000]
12-09-2024 19:22:28 1726168948394 Metric[[name=hz:client,unit=count,metric=executor.internal.queueSize]=0]
12-09-2024 19:22:28 1726168948394 Metric[[name=hz:client,unit=count,metric=executor.internal.poolSize]=0]
12-09-2024 19:22:28 1726168948394 Metric[[name=hz:client,unit=count,metric=executor.internal.maximumPoolSize]=10]
12-09-2024 19:22:28 1726168948394 Metric[[name=hz:client,unit=count,metric=executor.internal.completedTasks]=0]
12-09-2024 19:22:28 1726168948394 Metric[[name=hz:cluster:mastership,unit=count,metric=executor.internal.remainingQueueCapacity]=2147483647]
12-09-2024 19:22:28 1726168948394 Metric[[name=hz:cluster:mastership,unit=count,metric=executor.internal.queueSize]=0]
12-09-2024 19:22:28 1726168948394 Metric[[name=hz:cluster:mastership,unit=count,metric=executor.internal.poolSize]=0]
12-09-2024 19:22:28 1726168948394 Metric[[name=hz:cluster:mastership,unit=count,metric=executor.internal.maximumPoolSize]=1]
12-09-2024 19:22:28 1726168948394 Metric[[name=hz:cluster:mastership,unit=count,metric=executor.internal.completedTasks]=0]
12-09-2024 19:22:28 1726168948394 Metric[[name=hz:async,unit=count,metric=executor.internal.remainingQueueCapacity]=100000]
12-09-2024 19:22:28 1726168948394 Metric[[name=hz:async,unit=count,metric=executor.internal.queueSize]=0]
12-09-2024 19:22:28 1726168948394 Metric[[name=hz:async,unit=count,metric=executor.internal.poolSize]=0]
12-09-2024 19:22:28 1726168948394 Metric[[name=hz:async,unit=count,metric=executor.internal.maximumPoolSize]=10]
12-09-2024 19:22:28 1726168948394 Metric[[name=hz:async,unit=count,metric=executor.internal.completedTasks]=0]
12-09-2024 19:22:28 1726168948394 Metric[[name=hz:client-blocking-tasks,unit=count,metric=executor.internal.remainingQueueCapacity]=1000000]
12-09-2024 19:22:28 1726168948394 Metric[[name=hz:client-blocking-tasks,unit=count,metric=executor.internal.queueSize]=0]
12-09-2024 19:22:28 1726168948394 Metric[[name=hz:client-blocking-tasks,unit=count,metric=executor.internal.poolSize]=0]
12-09-2024 19:22:28 1726168948394 Metric[[name=hz:client-blocking-tasks,unit=count,metric=executor.internal.maximumPoolSize]=200]
12-09-2024 19:22:28 1726168948394 Metric[[name=hz:client-blocking-tasks,unit=count,metric=executor.internal.completedTasks]=0]
12-09-2024 19:22:28 1726168948394 Metric[[name=hz:client-query,unit=count,metric=executor.internal.remainingQueueCapacity]=1000000]
12-09-2024 19:22:28 1726168948394 Metric[[name=hz:client-query,unit=count,metric=executor.internal.queueSize]=0]
12-09-2024 19:22:28 1726168948394 Metric[[name=hz:client-query,unit=count,metric=executor.internal.poolSize]=0]
12-09-2024 19:22:28 1726168948394 Metric[[name=hz:client-query,unit=count,metric=executor.internal.maximumPoolSize]=10]
12-09-2024 19:22:28 1726168948394 Metric[[name=hz:client-query,unit=count,metric=executor.internal.completedTasks]=0]
12-09-2024 19:22:28 1726168948394 Metric[[name=hz:scheduled,unit=count,metric=executor.internal.remainingQueueCapacity]=1000000]
12-09-2024 19:22:28 1726168948394 Metric[[name=hz:scheduled,unit=count,metric=executor.internal.queueSize]=0]
12-09-2024 19:22:28 1726168948394 Metric[[name=hz:scheduled,unit=count,metric=executor.internal.poolSize]=0]
12-09-2024 19:22:28 1726168948394 Metric[[name=hz:scheduled,unit=count,metric=executor.internal.maximumPoolSize]=20]
12-09-2024 19:22:28 1726168948394 Metric[[name=hz:scheduled,unit=count,metric=executor.internal.completedTasks]=1]
12-09-2024 19:22:28 1726168948394 Metric[[name=hz:system,unit=count,metric=executor.internal.remainingQueueCapacity]=2147483647]
12-09-2024 19:22:28 1726168948394 Metric[[name=hz:system,unit=count,metric=executor.internal.queueSize]=0]
12-09-2024 19:22:28 1726168948394 Metric[[name=hz:system,unit=count,metric=executor.internal.poolSize]=0]
12-09-2024 19:22:28 1726168948394 Metric[[name=hz:system,unit=count,metric=executor.internal.maximumPoolSize]=10]
12-09-2024 19:22:28 1726168948394 Metric[[name=hz:system,unit=count,metric=executor.internal.completedTasks]=0]
12-09-2024 19:22:28 1726168948394 Metric[[name=MetricsPublisher,unit=count,metric=executor.internal.remainingQueueCapacity]=2147483647]
12-09-2024 19:22:28 1726168948394 Metric[[name=MetricsPublisher,unit=count,metric=executor.internal.queueSize]=0]
12-09-2024 19:22:28 1726168948394 Metric[[name=MetricsPublisher,unit=count,metric=executor.internal.poolSize]=0]
12-09-2024 19:22:28 1726168948394 Metric[[name=MetricsPublisher,unit=count,metric=executor.internal.maximumPoolSize]=16]
12-09-2024 19:22:28 1726168948394 Metric[[name=MetricsPublisher,unit=count,metric=executor.internal.completedTasks]=0]
12-09-2024 19:22:28 1726168948394 Metric[[name=hz:cluster:splitbrain,unit=count,metric=executor.internal.remainingQueueCapacity]=2147483647]
12-09-2024 19:22:28 1726168948394 Metric[[name=hz:cluster:splitbrain,unit=count,metric=executor.internal.queueSize]=0]
12-09-2024 19:22:28 1726168948394 Metric[[name=hz:cluster:splitbrain,unit=count,metric=executor.internal.poolSize]=0]
12-09-2024 19:22:28 1726168948394 Metric[[name=hz:cluster:splitbrain,unit=count,metric=executor.internal.maximumPoolSize]=2]
12-09-2024 19:22:28 1726168948394 Metric[[name=hz:cluster:splitbrain,unit=count,metric=executor.internal.completedTasks]=0]
12-09-2024 19:22:28 1726168948394 Metric[[name=hz:cluster:version:auto:upgrade,unit=count,metric=executor.internal.remainingQueueCapacity]=2147483647]
12-09-2024 19:22:28 1726168948394 Metric[[name=hz:cluster:version:auto:upgrade,unit=count,metric=executor.internal.queueSize]=0]
12-09-2024 19:22:28 1726168948394 Metric[[name=hz:cluster:version:auto:upgrade,unit=count,metric=executor.internal.poolSize]=0]
12-09-2024 19:22:28 1726168948394 Metric[[name=hz:cluster:version:auto:upgrade,unit=count,metric=executor.internal.maximumPoolSize]=1]
12-09-2024 19:22:28 1726168948394 Metric[[name=hz:cluster:version:auto:upgrade,unit=count,metric=executor.internal.completedTasks]=0]
12-09-2024 19:22:28 1726168948394 Metric[[name=hz:query,unit=count,metric=executor.internal.remainingQueueCapacity]=2147483647]
12-09-2024 19:22:28 1726168948394 Metric[[name=hz:query,unit=count,metric=executor.internal.queueSize]=0]
12-09-2024 19:22:28 1726168948394 Metric[[name=hz:query,unit=count,metric=executor.internal.poolSize]=0]
12-09-2024 19:22:28 1726168948394 Metric[[name=hz:query,unit=count,metric=executor.internal.maximumPoolSize]=16]
12-09-2024 19:22:28 1726168948394 Metric[[name=hz:query,unit=count,metric=executor.internal.completedTasks]=0]
12-09-2024 19:22:28 1726168948394 Metric[[name=hz:CRDTReplicationMigration,unit=count,metric=executor.internal.remainingQueueCapacity]=2147483647]
12-09-2024 19:22:28 1726168948394 Metric[[name=hz:CRDTReplicationMigration,unit=count,metric=executor.internal.queueSize]=0]
12-09-2024 19:22:28 1726168948394 Metric[[name=hz:CRDTReplicationMigration,unit=count,metric=executor.internal.poolSize]=0]
12-09-2024 19:22:28 1726168948394 Metric[[name=hz:CRDTReplicationMigration,unit=count,metric=executor.internal.maximumPoolSize]=16]
12-09-2024 19:22:28 1726168948394 Metric[[name=hz:CRDTReplicationMigration,unit=count,metric=executor.internal.completedTasks]=1]
12-09-2024 19:22:28 1726168948394 Metric[[name=hz:scheduled:cqc:fd91151c-56c8-4383-852a-2aa7f9e0bf8c,unit=count,metric=executor.internal.remainingQueueCapacity]=10000]
12-09-2024 19:22:28 1726168948394 Metric[[name=hz:scheduled:cqc:fd91151c-56c8-4383-852a-2aa7f9e0bf8c,unit=count,metric=executor.internal.queueSize]=0]
12-09-2024 19:22:28 1726168948394 Metric[[name=hz:scheduled:cqc:fd91151c-56c8-4383-852a-2aa7f9e0bf8c,unit=count,metric=executor.internal.poolSize]=0]
12-09-2024 19:22:28 1726168948394 Metric[[name=hz:scheduled:cqc:fd91151c-56c8-4383-852a-2aa7f9e0bf8c,unit=count,metric=executor.internal.maximumPoolSize]=1]
12-09-2024 19:22:28 1726168948394 Metric[[name=hz:scheduled:cqc:fd91151c-56c8-4383-852a-2aa7f9e0bf8c,unit=count,metric=executor.internal.completedTasks]=0]
12-09-2024 19:22:28 1726168948434 SlowOperations[]
12-09-2024 19:22:28 1726168948435 Invocations[
                          Pending[]
                          History[]
                          SlowHistory[]]
12-09-2024 19:22:28 1726168948438 InvocationProfiler[]
12-09-2024 19:22:28 1726168948438 OperationsProfiler[]
12-09-2024 19:22:28 1726168948438 HazelcastInstance[
                          thisAddress=[172.18.0.11]:5701
                          isRunning=true
                          isLite=false
                          joined=false
                          nodeState=ACTIVE
                          clusterId=null
                          clusterSize=1
                          isMaster=false
                          masterAddress=null
                          Members[
                                  [172.18.0.11]:5701]]
12-09-2024 19:22:28 1726168948440 ClusterVersionChanged[
                          5.0]
12-09-2024 19:22:28 1726168948440 Lifecycle[
                          STARTING]
12-09-2024 19:22:28 1726168948440 MemberAdded[
                          member=[172.18.0.11]:5701
                          Members[
                                  [172.18.0.11]:5701:this:master]]
12-09-2024 19:22:29 1726168949396 ConnectionAdded[
                          Connection[id=1, /10.0.1.238:5701->/10.0.1.4:52909, qualifier=null, endpoint=[172.18.0.8]:5701, alive=true, connectionType=MEMBER, planeIndex=0]
                          type=MEMBER
                          isAlive=true]
12-09-2024 19:22:29 1726168949396 ConnectionAdded[
                          Connection[id=2, /10.0.1.238:57513->hazelcast/10.0.1.7:5701, qualifier=null, endpoint=[172.18.0.9]:5701, alive=true, connectionType=MEMBER, planeIndex=0]
                          type=MEMBER
                          isAlive=true]
12-09-2024 19:22:33 1726168953393 InvocationProfiler[]
12-09-2024 19:22:33 1726168953395 OperationsProfiler[]
12-09-2024 19:22:38 1726168958394 InvocationProfiler[]
12-09-2024 19:22:38 1726168958397 OperationsProfiler[]
12-09-2024 19:22:43 1726168963394 InvocationProfiler[]
12-09-2024 19:22:43 1726168963395 OperationsProfiler[]
12-09-2024 19:22:48 1726168968394 InvocationProfiler[]
12-09-2024 19:22:48 1726168968395 OperationsProfiler[]
12-09-2024 19:55:44 1726170944903 ConnectionRemoved[
                          Connection[id=1, /10.0.1.238:5701->/10.0.1.4:52909, qualifier=null, endpoint=[172.18.0.8]:5701, alive=false, connectionType=MEMBER, planeIndex=0]
                          type=MEMBER
                          isAlive=false
                          closeReason=Connection closed by the other side
                          CloseCause[
                                  java.io.EOFException: Remote socket closed!
                                  com.hazelcast.internal.networking.nio.NioInboundPipeline.process(NioInboundPipeline.java:117)
                                  com.hazelcast.internal.networking.nio.NioThread.processSelectionKey(NioThread.java:383)
                                  com.hazelcast.internal.networking.nio.NioThread.processSelectionKeys(NioThread.java:368)
                                  com.hazelcast.internal.networking.nio.NioThread.selectLoop(NioThread.java:294)
                                  com.hazelcast.internal.networking.nio.NioThread.executeRun(NioThread.java:249)
                                  com.hazelcast.internal.util.executor.HazelcastManagedThread.run(HazelcastManagedThread.java:102)]]
12-09-2024 19:55:44 1726170944911 Lifecycle[
                          SHUTTING_DOWN]
