10-09-2024 21:39:52 1726004392611 BuildInfo[
                          Build=20220328
                          BuildNumber=20220328
                          Revision=52ab9d6
                          Version=5.0.3
                          SerialVersion=1
                          Enterprise=false]
10-09-2024 21:39:52 1726004392611 SystemProperties[
                          hazelcast.config=/opt/hazelcast/config/hazelcast.xml
                          hazelcast.logging.type=log4j2
                          hazelcast.tracking.server=true
                          java.class.path=/opt/hazelcast/*:/opt/hazelcast/lib:/opt/hazelcast/lib/log4j-slf4j-impl-2.17.1.jar:/opt/hazelcast/lib/hazelcast-jet-cdc-mysql-5.0.3.jar:/opt/hazelcast/lib/jmx_prometheus_javaagent-0.14.0.jar:/opt/hazelcast/lib/cache-api-1.1.1.jar:/opt/hazelcast/lib/hazelcast-jet-python-5.0.3.jar:/opt/hazelcast/lib/hazelcast-jet-files-s3-5.0.3.jar:/opt/hazelcast/lib/hazelcast-jet-csv-5.0.3.jar:/opt/hazelcast/lib/jline-terminal-jansi-3.21.0.jar:/opt/hazelcast/lib/hazelcast-sql-5.0.3.jar:/opt/hazelcast/lib/hazelcast-3-connector-interface-5.0.3.jar:/opt/hazelcast/lib/hazelcast-jet-hadoop-all-5.0.3.jar:/opt/hazelcast/lib/hazelcast-5.0.3.jar:/opt/hazelcast/lib/hazelcast-jet-kinesis-5.0.3.jar:/opt/hazelcast/lib/jansi-2.4.0.jar:/opt/hazelcast/lib/hazelcast-3-connector-common-5.0.3.jar:/opt/hazelcast/lib/slf4j-api-1.7.36.jar:/opt/hazelcast/lib/hazelcast-wm-4.0.jar:/opt/hazelcast/lib/hazelcast-jet-files-azure-5.0.3.jar:/opt/hazelcast/lib/hazelcast-jet-kafka-5.0.3.jar:/opt/hazelcast/lib/hazelcast-jet-protobuf-5.0.3.jar:/opt/hazelcast/lib/jline-reader-3.21.0.jar:/opt/hazelcast/lib/hazelcast-jet-elasticsearch-7-5.0.3.jar:/opt/hazelcast/lib/picocli-4.4.0.jar:/opt/hazelcast/lib/jline-terminal-3.21.0.jar:/opt/hazelcast/lib/hazelcast-jet-cdc-postgres-5.0.3.jar:/opt/hazelcast/lib/hazelcast-distribution-5.0.3.jar:/opt/hazelcast/lib/hazelcast-hibernate53-2.1.1.jar:/opt/hazelcast/lib/hazelcast-jet-grpc-5.0.3.jar:/opt/hazelcast/lib/hazelcast-jet-s3-5.0.3.jar:/opt/hazelcast/lib/hazelcast-jet-cdc-debezium-5.0.3.jar:/opt/hazelcast/lib/log4j-api-2.17.1.jar:/opt/hazelcast/lib/hazelcast-jet-files-gcs-5.0.3.jar:/opt/hazelcast/lib/log4j-core-2.17.1.jar:/opt/hazelcast/lib/hazelcast-jet-avro-5.0.3.jar:/opt/hazelcast/bin/user-lib:/opt/hazelcast/bin/user-lib/*
                          java.class.version=55.0
                          java.home=/usr/lib/jvm/java-11-openjdk
                          java.io.tmpdir=/tmp
                          java.library.path=/usr/lib/jvm/java-11-openjdk/lib/server:/usr/lib/jvm/java-11-openjdk/lib:/usr/lib/jvm/java-11-openjdk/../lib:/usr/java/packages/lib:/lib:/usr/lib:/usr/lib64:/lib64
                          java.net.preferIPv4Stack=true
                          java.runtime.name=OpenJDK Runtime Environment
                          java.runtime.version=11.0.14+9-alpine-r0
                          java.specification.name=Java Platform API Specification
                          java.specification.vendor=Oracle Corporation
                          java.specification.version=11
                          java.vendor=Alpine
                          java.vendor.url=https://alpinelinux.org/
                          java.vendor.url.bug=https://gitlab.alpinelinux.org/alpine/aports/issues
                          java.version=11.0.14
                          java.version.date=2022-01-18
                          java.vm.args=--add-modules=java.se --add-exports=java.base/jdk.internal.ref=ALL-UNNAMED --add-opens=java.base/java.lang=ALL-UNNAMED --add-opens=java.base/java.nio=ALL-UNNAMED --add-opens=java.base/sun.nio.ch=ALL-UNNAMED --add-opens=java.management/sun.management=ALL-UNNAMED --add-opens=jdk.management/com.sun.management.internal=ALL-UNNAMED -Dhazelcast.logging.type=log4j2 -Dlog4j.configurationFile=file:/opt/hazelcast/config/log4j2.properties -Dhazelcast.config=/opt/hazelcast/config/hazelcast-docker.xml -Djet.custom.lib.dir=/opt/hazelcast/custom-lib -Djava.net.preferIPv4Stack=true -XX:MaxRAMPercentage=80.0 -XX:MaxGCPauseMillis=5 
                          java.vm.compressedOopsMode=Zero based
                          java.vm.info=mixed mode
                          java.vm.name=OpenJDK 64-Bit Server VM
                          java.vm.specification.name=Java Virtual Machine Specification
                          java.vm.specification.vendor=Oracle Corporation
                          java.vm.specification.version=11
                          java.vm.vendor=Alpine
                          java.vm.version=11.0.14+9-alpine-r0
                          os.arch=aarch64
                          os.name=Linux
                          os.version=6.6.32-linuxkit
                          sun.arch.data.model=64
                          sun.boot.library.path=/usr/lib/jvm/java-11-openjdk/lib
                          sun.cpu.endian=little
                          sun.cpu.isalist=
                          sun.io.unicode.encoding=UnicodeLittle
                          sun.java.command=com.hazelcast.commandline.HazelcastServerCommandLine start -c /opt/hazelcast/config/hazelcast.xml
                          sun.java.launcher=SUN_STANDARD
                          sun.jnu.encoding=UTF-8
                          sun.management.compiler=HotSpot 64-Bit Tiered Compilers
                          sun.os.patch.level=unknown]
10-09-2024 21:39:52 1726004392612 ConfigProperties[
                          hazelcast.diagnostics.directory=/opt/hazelcast/logs
                          hazelcast.diagnostics.enabled=true
                          hazelcast.diagnostics.invocation.sample.period.seconds=30
                          hazelcast.diagnostics.metric.level=DEBUG
                          hazelcast.local.public.address=192.168.1.2
                          hazelcast.logging.type=log4j2]
10-09-2024 21:39:52 1726004392612 Metric[[thread=hz.keen_booth.partition-operation.thread-9,unit=count,metric=operation.thread.normalPendingCount]=0]
10-09-2024 21:39:52 1726004392612 Metric[[metric=classloading.totalLoadedClassesCount]=7278]
10-09-2024 21:39:52 1726004392612 Metric[[thread=hz.keen_booth.partition-operation.thread-8,unit=count,metric=operation.thread.completedOperationBatchCount]=0]
10-09-2024 21:39:52 1726004392612 Metric[[thread=hz.keen_booth.partition-operation.thread-5,unit=count,metric=operation.thread.completedTotalCount]=0]
10-09-2024 21:39:52 1726004392612 Metric[[unit=ns,metric=partitions.elapsedDestinationCommitTime]=0]
10-09-2024 21:39:52 1726004392612 Metric[[unit=count,metric=operation.genericQueueSize]=0]
10-09-2024 21:39:52 1726004392612 Metric[[unit=count,metric=partitions.replicaSyncSemaphore]=10]
10-09-2024 21:39:52 1726004392612 Metric[[unit=count,metric=operation.genericThreadCount]=6]
10-09-2024 21:39:52 1726004392612 Metric[[unit=count,metric=operation.completedCount]=0]
10-09-2024 21:39:52 1726004392612 Metric[[thread=hz.keen_booth.partition-operation.thread-7,unit=count,metric=operation.thread.completedPacketCount]=0]
10-09-2024 21:39:52 1726004392612 Metric[[thread=hz.keen_booth.priority-generic-operation.thread-0,unit=count,metric=operation.thread.completedOperationBatchCount]=0]
10-09-2024 21:39:52 1726004392612 Metric[[thread=hz.keen_booth.partition-operation.thread-4,unit=count,metric=operation.thread.completedPartitionSpecificRunnableCount]=0]
10-09-2024 21:39:52 1726004392612 Metric[[thread=hz.keen_booth.generic-operation.thread-4,unit=count,metric=operation.thread.completedPartitionSpecificRunnableCount]=0]
10-09-2024 21:39:52 1726004392612 Metric[[thread=hz.keen_booth.partition-operation.thread-6,unit=count,metric=operation.thread.errorCount]=0]
10-09-2024 21:39:52 1726004392612 Metric[[thread=hz.keen_booth.partition-operation.thread-8,unit=count,metric=operation.thread.completedRunnableCount]=0]
10-09-2024 21:39:52 1726004392612 Metric[[thread=hz.keen_booth.priority-generic-operation.thread-0,unit=count,metric=operation.thread.completedPacketCount]=0]
10-09-2024 21:39:52 1726004392612 Metric[[thread=hz.keen_booth.partition-operation.thread-7,unit=count,metric=operation.thread.priorityPendingCount]=0]
10-09-2024 21:39:52 1726004392612 Metric[[thread=hz.keen_booth.partition-operation.thread-8,unit=count,metric=operation.thread.normalPendingCount]=0]
10-09-2024 21:39:52 1726004392612 Metric[[metric=classloading.unloadedClassesCount]=0]
10-09-2024 21:39:52 1726004392612 Metric[[thread=hz.keen_booth.generic-operation.thread-4,unit=count,metric=operation.thread.completedTotalCount]=0]
10-09-2024 21:39:52 1726004392612 Metric[[unit=count,metric=operation.runningPartitionCount]=0]
10-09-2024 21:39:52 1726004392612 Metric[[metric=os.committedVirtualMemorySize]=8567554048]
10-09-2024 21:39:52 1726004392612 Metric[[thread=hz.keen_booth.partition-operation.thread-9,unit=count,metric=operation.thread.completedOperationBatchCount]=0]
10-09-2024 21:39:52 1726004392612 Metric[[unit=ns,metric=partitions.elapsedMigrationTime]=0]
10-09-2024 21:39:52 1726004392612 Metric[[thread=hz.keen_booth.partition-operation.thread-6,unit=count,metric=operation.thread.completedTotalCount]=0]
10-09-2024 21:39:52 1726004392612 Metric[[unit=count,metric=partitions.migrationQueueSize]=0]
10-09-2024 21:39:52 1726004392612 Metric[[unit=count,metric=event.threadCount]=5]
10-09-2024 21:39:52 1726004392612 Metric[[metric=runtime.usedMemory]=44263456]
10-09-2024 21:39:52 1726004392612 Metric[[unit=ns,metric=partitions.totalElapsedMigrationTime]=0]
10-09-2024 21:39:52 1726004392612 Metric[[unit=bytes,metric=memory.maxHeap]=6578765824]
10-09-2024 21:39:52 1726004392612 Metric[[unit=ms,metric=cluster.clock.maxClusterTimeDiff]=0]
10-09-2024 21:39:52 1726004392612 Metric[[thread=hz.keen_booth.priority-generic-operation.thread-0,unit=count,metric=operation.thread.errorCount]=0]
10-09-2024 21:39:52 1726004392612 Metric[[thread=hz.keen_booth.partition-operation.thread-8,unit=count,metric=operation.thread.completedPacketCount]=0]
10-09-2024 21:39:52 1726004392612 Metric[[unit=ns,metric=partitions.totalElapsedMigrationOperationTime]=0]
10-09-2024 21:39:52 1726004392612 Metric[[metric=os.processCpuTime]=3600000000]
10-09-2024 21:39:52 1726004392612 Metric[[unit=bytes,metric=memory.committedHeap]=380633088]
10-09-2024 21:39:52 1726004392612 Metric[[unit=count,metric=raft.terminatedRaftNodeGroupIds]=0]
10-09-2024 21:39:52 1726004392612 Metric[[thread=hz.keen_booth.partition-operation.thread-5,unit=count,metric=operation.thread.completedPartitionSpecificRunnableCount]=0]
10-09-2024 21:39:52 1726004392612 Metric[[thread=hz.keen_booth.generic-operation.thread-3,unit=count,metric=operation.thread.completedPartitionSpecificRunnableCount]=0]
10-09-2024 21:39:52 1726004392612 Metric[[thread=hz.keen_booth.partition-operation.thread-5,unit=count,metric=operation.thread.errorCount]=0]
10-09-2024 21:39:52 1726004392612 Metric[[unit=bytes,metric=memory.freeHeap]=336369632]
10-09-2024 21:39:52 1726004392612 Metric[[thread=hz.keen_booth.partition-operation.thread-7,unit=count,metric=operation.thread.completedRunnableCount]=0]
10-09-2024 21:39:52 1726004392612 Metric[[thread=hz.keen_booth.partition-operation.thread-6,unit=count,metric=operation.thread.priorityPendingCount]=0]
10-09-2024 21:39:52 1726004392612 Metric[[thread=hz.keen_booth.partition-operation.thread-7,unit=count,metric=operation.thread.normalPendingCount]=0]
10-09-2024 21:39:52 1726004392612 Metric[[metric=os.freePhysicalMemorySize]=4001259520]
10-09-2024 21:39:52 1726004392612 Metric[[thread=hz.keen_booth.partition-operation.thread-3,unit=count,metric=operation.thread.completedTotalCount]=0]
10-09-2024 21:39:52 1726004392612 Metric[[unit=count,metric=event.totalFailureCount]=0]
10-09-2024 21:39:52 1726004392612 Metric[[unit=count,metric=partitions.totalCompletedMigrations]=0]
10-09-2024 21:39:52 1726004392612 Metric[[thread=hz.keen_booth.partition-operation.thread-5,unit=count,metric=operation.thread.completedPacketCount]=0]
10-09-2024 21:39:52 1726004392612 Metric[[unit=ms,metric=operation.invocations.invocationScanPeriodMillis]=1000]
10-09-2024 21:39:52 1726004392612 Metric[[unit=count,metric=operation.responses.backupCount]=0]
10-09-2024 21:39:52 1726004392612 Metric[[thread=hz.keen_booth.partition-operation.thread-2,unit=count,metric=operation.thread.completedPartitionSpecificRunnableCount]=0]
10-09-2024 21:39:52 1726004392612 Metric[[thread=hz.keen_booth.partition-operation.thread-8,unit=count,metric=operation.thread.errorCount]=0]
10-09-2024 21:39:52 1726004392612 Metric[[thread=hz.keen_booth.partition-operation.thread-6,unit=count,metric=operation.thread.completedRunnableCount]=0]
10-09-2024 21:39:52 1726004392612 Metric[[thread=hz.keen_booth.partition-operation.thread-9,unit=count,metric=operation.thread.priorityPendingCount]=0]
10-09-2024 21:39:52 1726004392612 Metric[[unit=count,metric=operation.runningGenericCount]=0]
10-09-2024 21:39:52 1726004392612 Metric[[thread=hz.keen_booth.partition-operation.thread-6,unit=count,metric=operation.thread.normalPendingCount]=0]
10-09-2024 21:39:52 1726004392612 Metric[[unit=count,metric=raft.metadata.activeMembersCommitIndex]=0]
10-09-2024 21:39:52 1726004392612 Metric[[thread=hz.keen_booth.partition-operation.thread-4,unit=count,metric=operation.thread.completedTotalCount]=0]
10-09-2024 21:39:52 1726004392612 Metric[[unit=count,metric=operation.asyncOperations]=0]
10-09-2024 21:39:52 1726004392612 Metric[[metric=os.totalSwapSpaceSize]=1073737728]
10-09-2024 21:39:52 1726004392612 Metric[[thread=hz.keen_booth.partition-operation.thread-6,unit=count,metric=operation.thread.completedPacketCount]=0]
10-09-2024 21:39:52 1726004392612 Metric[[thread=hz.keen_booth.partition-operation.thread-3,unit=count,metric=operation.thread.completedPartitionSpecificRunnableCount]=0]
10-09-2024 21:39:52 1726004392612 Metric[[thread=hz.keen_booth.partition-operation.thread-7,unit=count,metric=operation.thread.errorCount]=0]
10-09-2024 21:39:52 1726004392612 Metric[[unit=ms,metric=gc.minorTime]=85]
10-09-2024 21:39:52 1726004392612 Metric[[thread=hz.keen_booth.partition-operation.thread-5,unit=count,metric=operation.thread.completedRunnableCount]=0]
10-09-2024 21:39:52 1726004392612 Metric[[thread=hz.keen_booth.partition-operation.thread-8,unit=count,metric=operation.thread.priorityPendingCount]=0]
10-09-2024 21:39:52 1726004392612 Metric[[service=hz:core:clusterService,unit=count,metric=event.publicationCount]=0]
10-09-2024 21:39:52 1726004392612 Metric[[unit=count,metric=event.eventQueueSize]=0]
10-09-2024 21:39:52 1726004392612 Metric[[thread=hz.keen_booth.partition-operation.thread-1,unit=count,metric=operation.thread.completedTotalCount]=0]
10-09-2024 21:39:52 1726004392612 Metric[[unit=count,metric=operation.callTimeoutCount]=0]
10-09-2024 21:39:52 1726004392612 Metric[[thread=hz.keen_booth.generic-operation.thread-2,unit=count,metric=operation.thread.completedOperationCount]=0]
10-09-2024 21:39:52 1726004392612 Metric[[unit=boolean,metric=partitions.migrationActive]=1]
10-09-2024 21:39:52 1726004392612 Metric[[unit=count,metric=client.endpoint.totalRegistrations]=0]
10-09-2024 21:39:52 1726004392612 Metric[[metric=runtime.freeMemory]=336316128]
10-09-2024 21:39:52 1726004392612 Metric[[unit=ms,metric=cluster.heartbeat.lastHeartbeat]=0]
10-09-2024 21:39:52 1726004392612 Metric[[thread=hz.keen_booth.partition-operation.thread-3,unit=count,metric=operation.thread.completedPacketCount]=0]
10-09-2024 21:39:52 1726004392612 Metric[[thread=hz.keen_booth.partition-operation.thread-8,unit=count,metric=operation.thread.completedPartitionSpecificRunnableCount]=0]
10-09-2024 21:39:52 1726004392612 Metric[[thread=hz.keen_booth.generic-operation.thread-0,unit=count,metric=operation.thread.completedPartitionSpecificRunnableCount]=0]
10-09-2024 21:39:52 1726004392612 Metric[[thread=hz.keen_booth.partition-operation.thread-2,unit=count,metric=operation.thread.errorCount]=0]
10-09-2024 21:39:52 1726004392612 Metric[[thread=hz.keen_booth.generic-operation.thread-4,unit=count,metric=operation.thread.completedRunnableCount]=0]
10-09-2024 21:39:52 1726004392612 Metric[[unit=count,metric=operation.invocations.delayedExecutionCount]=0]
10-09-2024 21:39:52 1726004392612 Metric[[thread=hz.keen_booth.partition-operation.thread-2,unit=count,metric=operation.thread.completedTotalCount]=0]
10-09-2024 21:39:52 1726004392612 Metric[[thread=hz.keen_booth.partition-operation.thread-9,unit=count,metric=operation.thread.completedOperationCount]=0]
10-09-2024 21:39:52 1726004392612 Metric[[thread=hz.keen_booth.generic-operation.thread-3,unit=count,metric=operation.thread.completedOperationCount]=0]
10-09-2024 21:39:52 1726004392612 Metric[[unit=count,metric=operation.responses.missingCount]=0]
10-09-2024 21:39:52 1726004392612 Metric[[unit=count,metric=event.syncDeliveryFailureCount]=0]
10-09-2024 21:39:52 1726004392612 Metric[[unit=ms,metric=cluster.clock.clusterTimeDiff]=0]
10-09-2024 21:39:52 1726004392612 Metric[[thread=hz.keen_booth.partition-operation.thread-4,unit=count,metric=operation.thread.completedPacketCount]=0]
10-09-2024 21:39:52 1726004392612 Metric[[unit=count,metric=raft.metadata.groups]=0]
10-09-2024 21:39:52 1726004392612 Metric[[unit=count,metric=proxy.createdCount]=0]
10-09-2024 21:39:52 1726004392612 Metric[[thread=hz.keen_booth.partition-operation.thread-9,unit=count,metric=operation.thread.completedPartitionSpecificRunnableCount]=0]
10-09-2024 21:39:52 1726004392612 Metric[[thread=hz.keen_booth.partition-operation.thread-1,unit=count,metric=operation.thread.errorCount]=0]
10-09-2024 21:39:52 1726004392612 Metric[[unit=count,metric=operation.retryCount]=0]
10-09-2024 21:39:52 1726004392612 Metric[[unit=ms,metric=operation.invocations.heartbeatBroadcastPeriodMillis]=15000]
10-09-2024 21:39:52 1726004392612 Metric[[unit=bytes,metric=memory.maxNative]=0]
10-09-2024 21:39:52 1726004392612 Metric[[unit=bytes,metric=memory.totalPhysical]=8221618176]
10-09-2024 21:39:52 1726004392612 Metric[[unit=percent,metric=operation.invocations.usedPercentage]=0.0]
10-09-2024 21:39:52 1726004392612 Metric[[thread=hz.keen_booth.partition-operation.thread-8,unit=count,metric=operation.thread.completedOperationCount]=0]
10-09-2024 21:39:52 1726004392612 Metric[[thread=hz.keen_booth.generic-operation.thread-0,unit=count,metric=operation.thread.completedOperationCount]=0]
10-09-2024 21:39:52 1726004392612 Metric[[metric=os.systemLoadAverage]=2.36279296875]
10-09-2024 21:39:52 1726004392612 Metric[[metric=thread.totalStartedThreadCount]=39]
10-09-2024 21:39:52 1726004392612 Metric[[service=hz:core:proxyService,unit=count,metric=event.publicationCount]=0]
10-09-2024 21:39:52 1726004392612 Metric[[thread=hz.keen_booth.partition-operation.thread-1,unit=count,metric=operation.thread.completedPacketCount]=0]
10-09-2024 21:39:52 1726004392612 Metric[[unit=ms,metric=gc.unknownTime]=0]
10-09-2024 21:39:52 1726004392612 Metric[[thread=hz.keen_booth.partition-operation.thread-6,unit=count,metric=operation.thread.completedPartitionSpecificRunnableCount]=0]
10-09-2024 21:39:52 1726004392612 Metric[[thread=hz.keen_booth.generic-operation.thread-2,unit=count,metric=operation.thread.completedPartitionSpecificRunnableCount]=0]
10-09-2024 21:39:52 1726004392612 Metric[[thread=hz.keen_booth.partition-operation.thread-4,unit=count,metric=operation.thread.errorCount]=0]
10-09-2024 21:39:52 1726004392612 Metric[[thread=hz.keen_booth.generic-operation.thread-2,unit=count,metric=operation.thread.completedRunnableCount]=0]
10-09-2024 21:39:52 1726004392612 Metric[[unit=ms,metric=cluster.clock.clusterUpTime]=-9223370310850383174]
10-09-2024 21:39:52 1726004392612 Metric[[thread=hz.keen_booth.partition-operation.thread-0,unit=count,metric=operation.thread.completedTotalCount]=0]
10-09-2024 21:39:52 1726004392612 Metric[[unit=count,metric=operation.queueSize]=0]
10-09-2024 21:39:52 1726004392612 Metric[[thread=hz.keen_booth.partition-operation.thread-7,unit=count,metric=operation.thread.completedOperationCount]=0]
10-09-2024 21:39:52 1726004392612 Metric[[thread=hz.keen_booth.generic-operation.thread-1,unit=count,metric=operation.thread.completedOperationCount]=0]
10-09-2024 21:39:52 1726004392612 Metric[[service=hz:core:clusterService,unit=count,metric=event.listenerCount]=2]
10-09-2024 21:39:52 1726004392612 Metric[[unit=count,metric=operation.partitionThreadCount]=10]
10-09-2024 21:39:52 1726004392612 Metric[[metric=thread.threadCount]=38]
10-09-2024 21:39:52 1726004392612 Metric[[thread=hz.keen_booth.partition-operation.thread-2,unit=count,metric=operation.thread.completedPacketCount]=0]
10-09-2024 21:39:52 1726004392612 Metric[[unit=count,metric=operation.invocations.heartbeatPacketsSent]=1]
10-09-2024 21:39:52 1726004392612 Metric[[unit=count,metric=partitions.replicaSyncRequestsCounter]=0]
10-09-2024 21:39:52 1726004392612 Metric[[thread=hz.keen_booth.partition-operation.thread-7,unit=count,metric=operation.thread.completedPartitionSpecificRunnableCount]=0]
10-09-2024 21:39:52 1726004392612 Metric[[unit=count,metric=partitions.partitionCount]=271]
10-09-2024 21:39:52 1726004392612 Metric[[thread=hz.keen_booth.generic-operation.thread-1,unit=count,metric=operation.thread.completedPartitionSpecificRunnableCount]=0]
10-09-2024 21:39:52 1726004392612 Metric[[thread=hz.keen_booth.partition-operation.thread-3,unit=count,metric=operation.thread.errorCount]=0]
10-09-2024 21:39:52 1726004392612 Metric[[thread=hz.keen_booth.partition-operation.thread-9,unit=count,metric=operation.thread.completedRunnableCount]=0]
10-09-2024 21:39:52 1726004392612 Metric[[thread=hz.keen_booth.generic-operation.thread-3,unit=count,metric=operation.thread.completedRunnableCount]=0]
10-09-2024 21:39:52 1726004392612 Metric[[metric=runtime.maxMemory]=6578765824]
10-09-2024 21:39:52 1726004392612 Metric[[thread=hz.keen_booth.priority-generic-operation.thread-0,unit=count,metric=operation.thread.completedTotalCount]=0]
10-09-2024 21:39:52 1726004392612 Metric[[unit=count,metric=operation.invocations.heartbeatPacketsReceived]=1]
10-09-2024 21:39:52 1726004392612 Metric[[thread=hz.keen_booth.partition-operation.thread-1,unit=count,metric=operation.thread.normalPendingCount]=0]
10-09-2024 21:39:52 1726004392612 Metric[[service=hz:core:partitionService,unit=count,metric=event.publicationCount]=0]
10-09-2024 21:39:52 1726004392612 Metric[[metric=thread.daemonThreadCount]=5]
10-09-2024 21:39:52 1726004392612 Metric[[thread=hz.keen_booth.generic-operation.thread-0,unit=count,metric=operation.thread.completedOperationBatchCount]=0]
10-09-2024 21:39:52 1726004392612 Metric[[thread=hz.keen_booth.partition-operation.thread-0,unit=count,metric=operation.thread.completedOperationBatchCount]=0]
10-09-2024 21:39:52 1726004392612 Metric[[metric=os.processCpuLoad]=0.0]
10-09-2024 21:39:52 1726004392612 Metric[[unit=bytes,metric=memory.freeNative]=0]
10-09-2024 21:39:52 1726004392612 Metric[[thread=hz.keen_booth.partition-operation.thread-6,unit=count,metric=operation.thread.completedOperationCount]=0]
10-09-2024 21:39:52 1726004392612 Metric[[unit=count,metric=cluster.size]=1]
10-09-2024 21:39:52 1726004392612 Metric[[unit=count,metric=event.rejectedCount]=0]
10-09-2024 21:39:52 1726004392612 Metric[[thread=hz.keen_booth.partition-operation.thread-0,unit=count,metric=operation.thread.completedRunnableCount]=0]
10-09-2024 21:39:52 1726004392612 Metric[[thread=hz.keen_booth.generic-operation.thread-0,unit=count,metric=operation.thread.completedRunnableCount]=0]
10-09-2024 21:39:52 1726004392612 Metric[[thread=hz.keen_booth.partition-operation.thread-0,unit=count,metric=operation.thread.normalPendingCount]=0]
10-09-2024 21:39:52 1726004392612 Metric[[unit=count,metric=raft.missingMembers]=0]
10-09-2024 21:39:52 1726004392612 Metric[[thread=hz.keen_booth.priority-generic-operation.thread-0,unit=count,metric=operation.thread.completedOperationCount]=0]
10-09-2024 21:39:52 1726004392612 Metric[[thread=hz.keen_booth.partition-operation.thread-1,unit=count,metric=operation.thread.completedOperationBatchCount]=0]
10-09-2024 21:39:52 1726004392612 Metric[[thread=hz.keen_booth.partition-operation.thread-5,unit=count,metric=operation.thread.completedOperationCount]=0]
10-09-2024 21:39:52 1726004392612 Metric[[unit=ms,metric=cluster.clock.localClockTime]=1726004392635]
10-09-2024 21:39:52 1726004392612 Metric[[dir=user.home,unit=bytes,metric=file.partition.freeSpace]=35036401664]
10-09-2024 21:39:52 1726004392612 Metric[[unit=count,metric=gc.majorCount]=0]
10-09-2024 21:39:52 1726004392612 Metric[[thread=hz.keen_booth.partition-operation.thread-0,unit=count,metric=operation.thread.completedPacketCount]=0]
10-09-2024 21:39:52 1726004392612 Metric[[thread=hz.keen_booth.generic-operation.thread-1,unit=count,metric=operation.thread.completedRunnableCount]=0]
10-09-2024 21:39:52 1726004392612 Metric[[metric=thread.peakThreadCount]=38]
10-09-2024 21:39:52 1726004392612 Metric[[unit=count,metric=partitions.maxBackupCount]=0]
10-09-2024 21:39:52 1726004392612 Metric[[unit=ms,metric=operation.invocations.invocationTimeoutMillis]=60000]
10-09-2024 21:39:52 1726004392612 Metric[[unit=count,metric=operation.priorityQueueSize]=0]
10-09-2024 21:39:52 1726004392612 Metric[[thread=hz.keen_booth.partition-operation.thread-2,unit=count,metric=operation.thread.completedOperationBatchCount]=0]
10-09-2024 21:39:52 1726004392612 Metric[[metric=runtime.totalMemory]=380633088]
10-09-2024 21:39:52 1726004392612 Metric[[unit=ms,metric=operation.invocations.backupTimeoutMillis]=5000]
10-09-2024 21:39:52 1726004392612 Metric[[thread=hz.keen_booth.partition-operation.thread-4,unit=count,metric=operation.thread.completedOperationCount]=0]
10-09-2024 21:39:52 1726004392612 Metric[[thread=hz.keen_booth.generic-operation.thread-4,unit=count,metric=operation.thread.completedOperationCount]=0]
10-09-2024 21:39:52 1726004392612 Metric[[unit=count,metric=operation.responses.errorCount]=0]
10-09-2024 21:39:52 1726004392612 Metric[[service=hz:impl:replicatedMapService,unit=count,metric=event.listenerCount]=1]
10-09-2024 21:39:52 1726004392612 Metric[[service=hz:core:proxyService,unit=count,metric=event.listenerCount]=1]
10-09-2024 21:39:52 1726004392612 Metric[[unit=count,metric=proxy.proxyCount]=1]
10-09-2024 21:39:52 1726004392612 Metric[[thread=hz.keen_booth.generic-operation.thread-1,unit=count,metric=operation.thread.completedPacketCount]=0]
10-09-2024 21:39:52 1726004392612 Metric[[unit=bytes,metric=memory.freePhysical]=4000505856]
10-09-2024 21:39:52 1726004392612 Metric[[thread=hz.keen_booth.generic-operation.thread-0,unit=count,metric=operation.thread.errorCount]=0]
10-09-2024 21:39:52 1726004392612 Metric[[thread=hz.keen_booth.partition-operation.thread-0,unit=count,metric=operation.thread.errorCount]=0]
10-09-2024 21:39:52 1726004392612 Metric[[unit=bytes,metric=memory.committedNative]=0]
10-09-2024 21:39:52 1726004392612 Metric[[unit=ns,metric=partitions.totalElapsedDestinationCommitTime]=0]
10-09-2024 21:39:52 1726004392612 Metric[[unit=count,metric=operation.responses.timeoutCount]=0]
10-09-2024 21:39:52 1726004392612 Metric[[thread=hz.keen_booth.partition-operation.thread-1,unit=count,metric=operation.thread.priorityPendingCount]=0]
10-09-2024 21:39:52 1726004392612 Metric[[metric=os.openFileDescriptorCount]=46]
10-09-2024 21:39:52 1726004392612 Metric[[unit=count,metric=operation.invocations.backupTimeouts]=0]
10-09-2024 21:39:52 1726004392612 Metric[[unit=ns,metric=partitions.elapsedMigrationOperationTime]=0]
10-09-2024 21:39:52 1726004392612 Metric[[thread=hz.keen_booth.partition-operation.thread-3,unit=count,metric=operation.thread.completedOperationBatchCount]=0]
10-09-2024 21:39:52 1726004392612 Metric[[unit=count,metric=operation.genericPriorityQueueSize]=0]
10-09-2024 21:39:52 1726004392612 Metric[[unit=count,metric=gc.minorCount]=15]
10-09-2024 21:39:52 1726004392612 Metric[[thread=hz.keen_booth.partition-operation.thread-3,unit=count,metric=operation.thread.completedOperationCount]=0]
10-09-2024 21:39:52 1726004392612 Metric[[unit=count,metric=transactions.startCount]=0]
10-09-2024 21:39:52 1726004392612 Metric[[unit=bytes,metric=memory.usedMetadata]=0]
10-09-2024 21:39:52 1726004392612 Metric[[metric=os.freeSwapSpaceSize]=1073737728]
10-09-2024 21:39:52 1726004392612 Metric[[metric=os.systemCpuLoad]=83.33333333333333]
10-09-2024 21:39:52 1726004392612 Metric[[metric=os.totalPhysicalMemorySize]=8221618176]
10-09-2024 21:39:52 1726004392612 Metric[[unit=ms,metric=partitions.lastRepartitionTime]=0]
10-09-2024 21:39:52 1726004392612 Metric[[thread=hz.keen_booth.generic-operation.thread-0,unit=count,metric=operation.thread.completedPacketCount]=0]
10-09-2024 21:39:52 1726004392612 Metric[[metric=runtime.availableProcessors]=10]
10-09-2024 21:39:52 1726004392612 Metric[[thread=hz.keen_booth.generic-operation.thread-1,unit=count,metric=operation.thread.errorCount]=0]
10-09-2024 21:39:52 1726004392612 Metric[[unit=count,metric=event.eventsProcessed]=8]
10-09-2024 21:39:52 1726004392612 Metric[[thread=hz.keen_booth.partition-operation.thread-0,unit=count,metric=operation.thread.priorityPendingCount]=0]
10-09-2024 21:39:52 1726004392612 Metric[[thread=hz.keen_booth.partition-operation.thread-5,unit=count,metric=operation.thread.normalPendingCount]=0]
10-09-2024 21:39:52 1726004392612 Metric[[thread=hz.keen_booth.generic-operation.thread-1,unit=count,metric=operation.thread.completedTotalCount]=0]
10-09-2024 21:39:52 1726004392612 Metric[[unit=count,metric=operation.parker.parkQueueCount]=0]
10-09-2024 21:39:52 1726004392612 Metric[[unit=count,metric=operation.responses.normalCount]=0]
10-09-2024 21:39:52 1726004392612 Metric[[unit=count,metric=client.endpoint.count]=0]
10-09-2024 21:39:52 1726004392612 Metric[[thread=hz.keen_booth.generic-operation.thread-4,unit=count,metric=operation.thread.completedOperationBatchCount]=0]
10-09-2024 21:39:52 1726004392612 Metric[[thread=hz.keen_booth.partition-operation.thread-4,unit=count,metric=operation.thread.completedOperationBatchCount]=0]
10-09-2024 21:39:52 1726004392612 Metric[[thread=hz.keen_booth.partition-operation.thread-9,unit=count,metric=operation.thread.completedTotalCount]=0]
10-09-2024 21:39:52 1726004392612 Metric[[thread=hz.keen_booth.partition-operation.thread-2,unit=count,metric=operation.thread.completedOperationCount]=0]
10-09-2024 21:39:52 1726004392612 Metric[[unit=count,metric=gc.unknownCount]=0]
10-09-2024 21:39:52 1726004392612 Metric[[unit=count,metric=operation.responseQueueSize]=0]
10-09-2024 21:39:52 1726004392612 Metric[[unit=bytes,metric=memory.maxMetadata]=0]
10-09-2024 21:39:52 1726004392612 Metric[[unit=count,metric=operation.parker.totalParkedOperationCount]=0]
10-09-2024 21:39:52 1726004392612 Metric[[unit=count,metric=partitions.localPartitionCount]=0]
10-09-2024 21:39:52 1726004392612 Metric[[thread=hz.keen_booth.generic-operation.thread-3,unit=count,metric=operation.thread.completedPacketCount]=0]
10-09-2024 21:39:52 1726004392612 Metric[[unit=ms,metric=gc.majorTime]=0]
10-09-2024 21:39:52 1726004392612 Metric[[thread=hz.keen_booth.partition-operation.thread-0,unit=count,metric=operation.thread.completedPartitionSpecificRunnableCount]=0]
10-09-2024 21:39:52 1726004392612 Metric[[thread=hz.keen_booth.generic-operation.thread-2,unit=count,metric=operation.thread.errorCount]=0]
10-09-2024 21:39:52 1726004392612 Metric[[thread=hz.keen_booth.partition-operation.thread-4,unit=count,metric=operation.thread.completedRunnableCount]=0]
10-09-2024 21:39:52 1726004392612 Metric[[unit=count,metric=operation.runningCount]=0]
10-09-2024 21:39:52 1726004392612 Metric[[thread=hz.keen_booth.partition-operation.thread-3,unit=count,metric=operation.thread.priorityPendingCount]=0]
10-09-2024 21:39:52 1726004392612 Metric[[metric=classloading.loadedClassesCount]=7344]
10-09-2024 21:39:52 1726004392612 Metric[[thread=hz.keen_booth.partition-operation.thread-4,unit=count,metric=operation.thread.normalPendingCount]=0]
10-09-2024 21:39:52 1726004392612 Metric[[thread=hz.keen_booth.generic-operation.thread-0,unit=count,metric=operation.thread.completedTotalCount]=0]
10-09-2024 21:39:52 1726004392612 Metric[[thread=hz.keen_booth.generic-operation.thread-3,unit=count,metric=operation.thread.completedOperationBatchCount]=0]
10-09-2024 21:39:52 1726004392612 Metric[[thread=hz.keen_booth.partition-operation.thread-5,unit=count,metric=operation.thread.completedOperationBatchCount]=0]
10-09-2024 21:39:52 1726004392612 Metric[[unit=count,metric=operation.invocations.lastCallId]=0]
10-09-2024 21:39:52 1726004392612 Metric[[thread=hz.keen_booth.partition-operation.thread-1,unit=count,metric=operation.thread.completedOperationCount]=0]
10-09-2024 21:39:52 1726004392612 Metric[[thread=hz.keen_booth.priority-generic-operation.thread-0,unit=count,metric=operation.thread.completedPartitionSpecificRunnableCount]=0]
10-09-2024 21:39:52 1726004392612 Metric[[thread=hz.keen_booth.generic-operation.thread-2,unit=count,metric=operation.thread.completedPacketCount]=0]
10-09-2024 21:39:52 1726004392612 Metric[[unit=count,metric=transactions.commitCount]=0]
10-09-2024 21:39:52 1726004392612 Metric[[unit=count,metric=raft.destroyedGroupIds]=0]
10-09-2024 21:39:52 1726004392612 Metric[[unit=count,metric=partitions.activePartitionCount]=0]
10-09-2024 21:39:52 1726004392612 Metric[[metric=os.maxFileDescriptorCount]=1048576]
10-09-2024 21:39:52 1726004392612 Metric[[thread=hz.keen_booth.partition-operation.thread-1,unit=count,metric=operation.thread.completedPartitionSpecificRunnableCount]=0]
10-09-2024 21:39:52 1726004392612 Metric[[thread=hz.keen_booth.generic-operation.thread-3,unit=count,metric=operation.thread.errorCount]=0]
10-09-2024 21:39:52 1726004392612 Metric[[thread=hz.keen_booth.partition-operation.thread-9,unit=count,metric=operation.thread.errorCount]=0]
10-09-2024 21:39:52 1726004392612 Metric[[thread=hz.keen_booth.partition-operation.thread-3,unit=count,metric=operation.thread.completedRunnableCount]=0]
10-09-2024 21:39:52 1726004392612 Metric[[thread=hz.keen_booth.partition-operation.thread-2,unit=count,metric=operation.thread.priorityPendingCount]=0]
10-09-2024 21:39:52 1726004392612 Metric[[service=hz:core:partitionService,unit=count,metric=event.listenerCount]=3]
10-09-2024 21:39:52 1726004392612 Metric[[unit=count,metric=operation.invocations.pending]=0]
10-09-2024 21:39:52 1726004392612 Metric[[unit=bytes,metric=memory.usedNative]=0]
10-09-2024 21:39:52 1726004392612 Metric[[thread=hz.keen_booth.partition-operation.thread-3,unit=count,metric=operation.thread.normalPendingCount]=0]
10-09-2024 21:39:52 1726004392612 Metric[[thread=hz.keen_booth.generic-operation.thread-3,unit=count,metric=operation.thread.completedTotalCount]=0]
10-09-2024 21:39:52 1726004392612 Metric[[thread=hz.keen_booth.generic-operation.thread-2,unit=count,metric=operation.thread.completedOperationBatchCount]=0]
10-09-2024 21:39:52 1726004392612 Metric[[thread=hz.keen_booth.partition-operation.thread-6,unit=count,metric=operation.thread.completedOperationBatchCount]=0]
10-09-2024 21:39:52 1726004392612 Metric[[thread=hz.keen_booth.partition-operation.thread-7,unit=count,metric=operation.thread.completedTotalCount]=0]
10-09-2024 21:39:52 1726004392612 Metric[[dir=user.home,unit=bytes,metric=file.partition.totalSpace]=62671097856]
10-09-2024 21:39:52 1726004392612 Metric[[thread=hz.keen_booth.partition-operation.thread-0,unit=count,metric=operation.thread.completedOperationCount]=0]
10-09-2024 21:39:52 1726004392612 Metric[[unit=ms,metric=cluster.clock.clusterStartTime]=-9223372036854775808]
10-09-2024 21:39:52 1726004392612 Metric[[unit=ms,metric=cluster.clock.clusterTime]=1726004392643]
10-09-2024 21:39:52 1726004392612 Metric[[unit=count,metric=partitions.plannedMigrations]=0]
10-09-2024 21:39:52 1726004392612 Metric[[service=hz:impl:replicatedMapService,unit=count,metric=event.publicationCount]=0]
10-09-2024 21:39:52 1726004392612 Metric[[thread=hz.keen_booth.partition-operation.thread-9,unit=count,metric=operation.thread.completedPacketCount]=0]
10-09-2024 21:39:52 1726004392612 Metric[[dir=user.home,unit=bytes,metric=file.partition.usableSpace]=31819685888]
10-09-2024 21:39:52 1726004392612 Metric[[unit=count,metric=proxy.destroyedCount]=0]
10-09-2024 21:39:52 1726004392612 Metric[[thread=hz.keen_booth.generic-operation.thread-4,unit=count,metric=operation.thread.errorCount]=0]
10-09-2024 21:39:52 1726004392612 Metric[[thread=hz.keen_booth.partition-operation.thread-2,unit=count,metric=operation.thread.completedRunnableCount]=0]
10-09-2024 21:39:52 1726004392612 Metric[[unit=count,metric=operation.invocations.normalTimeouts]=0]
10-09-2024 21:39:52 1726004392612 Metric[[unit=count,metric=raft.metadata.activeMembers]=0]
10-09-2024 21:39:52 1726004392612 Metric[[unit=count,metric=operation.failedBackups]=0]
10-09-2024 21:39:52 1726004392612 Metric[[thread=hz.keen_booth.partition-operation.thread-5,unit=count,metric=operation.thread.priorityPendingCount]=0]
10-09-2024 21:39:52 1726004392612 Metric[[unit=count,metric=partitions.memberGroupsSize]=0]
10-09-2024 21:39:52 1726004392612 Metric[[thread=hz.keen_booth.partition-operation.thread-2,unit=count,metric=operation.thread.normalPendingCount]=0]
10-09-2024 21:39:52 1726004392612 Metric[[thread=hz.keen_booth.generic-operation.thread-2,unit=count,metric=operation.thread.completedTotalCount]=0]
10-09-2024 21:39:52 1726004392612 Metric[[unit=count,metric=operation.operationTimeoutCount]=0]
10-09-2024 21:39:52 1726004392612 Metric[[thread=hz.keen_booth.generic-operation.thread-1,unit=count,metric=operation.thread.completedOperationBatchCount]=0]
10-09-2024 21:39:52 1726004392612 Metric[[thread=hz.keen_booth.partition-operation.thread-7,unit=count,metric=operation.thread.completedOperationBatchCount]=0]
10-09-2024 21:39:52 1726004392612 Metric[[thread=hz.keen_booth.partition-operation.thread-8,unit=count,metric=operation.thread.completedTotalCount]=0]
10-09-2024 21:39:52 1726004392612 Metric[[unit=count,metric=transactions.rollbackCount]=0]
10-09-2024 21:39:52 1726004392612 Metric[[metric=runtime.uptime]=2901]
10-09-2024 21:39:52 1726004392612 Metric[[unit=count,metric=event.queueCapacity]=1000000]
10-09-2024 21:39:52 1726004392612 Metric[[unit=count,metric=raft.nodes]=0]
10-09-2024 21:39:52 1726004392612 Metric[[thread=hz.keen_booth.generic-operation.thread-4,unit=count,metric=operation.thread.completedPacketCount]=0]
10-09-2024 21:39:52 1726004392612 Metric[[thread=hz.keen_booth.priority-generic-operation.thread-0,unit=count,metric=operation.thread.completedRunnableCount]=0]
10-09-2024 21:39:52 1726004392612 Metric[[unit=count,metric=partitions.completedMigrations]=0]
10-09-2024 21:39:52 1726004392612 Metric[[unit=count,metric=partitions.stateStamp]=0]
10-09-2024 21:39:52 1726004392612 Metric[[thread=hz.keen_booth.partition-operation.thread-1,unit=count,metric=operation.thread.completedRunnableCount]=0]
10-09-2024 21:39:52 1726004392612 Metric[[unit=bytes,metric=memory.usedHeap]=45365536]
10-09-2024 21:39:52 1726004392612 Metric[[thread=hz.keen_booth.partition-operation.thread-4,unit=count,metric=operation.thread.priorityPendingCount]=0]
10-09-2024 21:39:52 1726004392612 Metric[[name=hz:cluster,unit=count,metric=executor.internal.remainingQueueCapacity]=2147483647]
10-09-2024 21:39:52 1726004392612 Metric[[name=hz:cluster,unit=count,metric=executor.internal.maximumPoolSize]=2]
10-09-2024 21:39:52 1726004392612 Metric[[name=hz:cluster,unit=count,metric=executor.internal.completedTasks]=0]
10-09-2024 21:39:52 1726004392612 Metric[[name=hz:cluster,unit=count,metric=executor.internal.poolSize]=0]
10-09-2024 21:39:52 1726004392612 Metric[[name=hz:cluster,unit=count,metric=executor.internal.queueSize]=0]
10-09-2024 21:39:52 1726004392612 Metric[[name=hz:cluster:event,unit=count,metric=executor.internal.remainingQueueCapacity]=2147483647]
10-09-2024 21:39:52 1726004392612 Metric[[name=hz:cluster:event,unit=count,metric=executor.internal.maximumPoolSize]=1]
10-09-2024 21:39:52 1726004392612 Metric[[name=hz:cluster:event,unit=count,metric=executor.internal.completedTasks]=6]
10-09-2024 21:39:52 1726004392612 Metric[[name=hz:cluster:event,unit=count,metric=executor.internal.poolSize]=0]
10-09-2024 21:39:52 1726004392612 Metric[[name=hz:cluster:event,unit=count,metric=executor.internal.queueSize]=0]
10-09-2024 21:39:52 1726004392612 Metric[[name=hz:offloadable,unit=count,metric=executor.internal.remainingQueueCapacity]=100000]
10-09-2024 21:39:52 1726004392612 Metric[[name=hz:offloadable,unit=count,metric=executor.internal.maximumPoolSize]=10]
10-09-2024 21:39:52 1726004392612 Metric[[name=hz:offloadable,unit=count,metric=executor.internal.completedTasks]=0]
10-09-2024 21:39:52 1726004392612 Metric[[name=hz:offloadable,unit=count,metric=executor.internal.poolSize]=0]
10-09-2024 21:39:52 1726004392612 Metric[[name=hz:offloadable,unit=count,metric=executor.internal.queueSize]=0]
10-09-2024 21:39:52 1726004392612 Metric[[name=hz:client,unit=count,metric=executor.internal.remainingQueueCapacity]=1000000]
10-09-2024 21:39:52 1726004392612 Metric[[name=hz:client,unit=count,metric=executor.internal.maximumPoolSize]=10]
10-09-2024 21:39:52 1726004392612 Metric[[name=hz:client,unit=count,metric=executor.internal.completedTasks]=0]
10-09-2024 21:39:52 1726004392612 Metric[[name=hz:client,unit=count,metric=executor.internal.poolSize]=0]
10-09-2024 21:39:52 1726004392612 Metric[[name=hz:client,unit=count,metric=executor.internal.queueSize]=0]
10-09-2024 21:39:52 1726004392612 Metric[[name=hz:cluster:mastership,unit=count,metric=executor.internal.remainingQueueCapacity]=2147483647]
10-09-2024 21:39:52 1726004392612 Metric[[name=hz:cluster:mastership,unit=count,metric=executor.internal.maximumPoolSize]=1]
10-09-2024 21:39:52 1726004392612 Metric[[name=hz:cluster:mastership,unit=count,metric=executor.internal.completedTasks]=0]
10-09-2024 21:39:52 1726004392612 Metric[[name=hz:cluster:mastership,unit=count,metric=executor.internal.poolSize]=0]
10-09-2024 21:39:52 1726004392612 Metric[[name=hz:cluster:mastership,unit=count,metric=executor.internal.queueSize]=0]
10-09-2024 21:39:52 1726004392612 Metric[[name=hz:async,unit=count,metric=executor.internal.remainingQueueCapacity]=100000]
10-09-2024 21:39:52 1726004392612 Metric[[name=hz:async,unit=count,metric=executor.internal.maximumPoolSize]=10]
10-09-2024 21:39:52 1726004392612 Metric[[name=hz:async,unit=count,metric=executor.internal.completedTasks]=0]
10-09-2024 21:39:52 1726004392612 Metric[[name=hz:async,unit=count,metric=executor.internal.poolSize]=0]
10-09-2024 21:39:52 1726004392612 Metric[[name=hz:async,unit=count,metric=executor.internal.queueSize]=0]
10-09-2024 21:39:52 1726004392612 Metric[[name=hz:client-blocking-tasks,unit=count,metric=executor.internal.remainingQueueCapacity]=1000000]
10-09-2024 21:39:52 1726004392612 Metric[[name=hz:client-blocking-tasks,unit=count,metric=executor.internal.maximumPoolSize]=200]
10-09-2024 21:39:52 1726004392612 Metric[[name=hz:client-blocking-tasks,unit=count,metric=executor.internal.completedTasks]=0]
10-09-2024 21:39:52 1726004392612 Metric[[name=hz:client-blocking-tasks,unit=count,metric=executor.internal.poolSize]=0]
10-09-2024 21:39:52 1726004392612 Metric[[name=hz:client-blocking-tasks,unit=count,metric=executor.internal.queueSize]=0]
10-09-2024 21:39:52 1726004392612 Metric[[name=hz:scheduled:cqc:d1d7e429-501b-4303-97d4-21c29c2e7a0a,unit=count,metric=executor.internal.remainingQueueCapacity]=10000]
10-09-2024 21:39:52 1726004392612 Metric[[name=hz:scheduled:cqc:d1d7e429-501b-4303-97d4-21c29c2e7a0a,unit=count,metric=executor.internal.maximumPoolSize]=1]
10-09-2024 21:39:52 1726004392612 Metric[[name=hz:scheduled:cqc:d1d7e429-501b-4303-97d4-21c29c2e7a0a,unit=count,metric=executor.internal.completedTasks]=0]
10-09-2024 21:39:52 1726004392612 Metric[[name=hz:scheduled:cqc:d1d7e429-501b-4303-97d4-21c29c2e7a0a,unit=count,metric=executor.internal.poolSize]=0]
10-09-2024 21:39:52 1726004392612 Metric[[name=hz:scheduled:cqc:d1d7e429-501b-4303-97d4-21c29c2e7a0a,unit=count,metric=executor.internal.queueSize]=0]
10-09-2024 21:39:52 1726004392612 Metric[[name=hz:client-query,unit=count,metric=executor.internal.remainingQueueCapacity]=1000000]
10-09-2024 21:39:52 1726004392612 Metric[[name=hz:client-query,unit=count,metric=executor.internal.maximumPoolSize]=10]
10-09-2024 21:39:52 1726004392612 Metric[[name=hz:client-query,unit=count,metric=executor.internal.completedTasks]=0]
10-09-2024 21:39:52 1726004392612 Metric[[name=hz:client-query,unit=count,metric=executor.internal.poolSize]=0]
10-09-2024 21:39:52 1726004392612 Metric[[name=hz:client-query,unit=count,metric=executor.internal.queueSize]=0]
10-09-2024 21:39:52 1726004392612 Metric[[name=hz:scheduled,unit=count,metric=executor.internal.remainingQueueCapacity]=1000000]
10-09-2024 21:39:52 1726004392612 Metric[[name=hz:scheduled,unit=count,metric=executor.internal.maximumPoolSize]=20]
10-09-2024 21:39:52 1726004392612 Metric[[name=hz:scheduled,unit=count,metric=executor.internal.completedTasks]=1]
10-09-2024 21:39:52 1726004392612 Metric[[name=hz:scheduled,unit=count,metric=executor.internal.poolSize]=0]
10-09-2024 21:39:52 1726004392612 Metric[[name=hz:scheduled,unit=count,metric=executor.internal.queueSize]=0]
10-09-2024 21:39:52 1726004392612 Metric[[name=hz:system,unit=count,metric=executor.internal.remainingQueueCapacity]=2147483647]
10-09-2024 21:39:52 1726004392612 Metric[[name=hz:system,unit=count,metric=executor.internal.maximumPoolSize]=10]
10-09-2024 21:39:52 1726004392612 Metric[[name=hz:system,unit=count,metric=executor.internal.completedTasks]=0]
10-09-2024 21:39:52 1726004392612 Metric[[name=hz:system,unit=count,metric=executor.internal.poolSize]=0]
10-09-2024 21:39:52 1726004392612 Metric[[name=hz:system,unit=count,metric=executor.internal.queueSize]=0]
10-09-2024 21:39:52 1726004392612 Metric[[name=MetricsPublisher,unit=count,metric=executor.internal.remainingQueueCapacity]=2147483647]
10-09-2024 21:39:52 1726004392612 Metric[[name=MetricsPublisher,unit=count,metric=executor.internal.maximumPoolSize]=16]
10-09-2024 21:39:52 1726004392612 Metric[[name=MetricsPublisher,unit=count,metric=executor.internal.completedTasks]=0]
10-09-2024 21:39:52 1726004392612 Metric[[name=MetricsPublisher,unit=count,metric=executor.internal.poolSize]=0]
10-09-2024 21:39:52 1726004392612 Metric[[name=MetricsPublisher,unit=count,metric=executor.internal.queueSize]=0]
10-09-2024 21:39:52 1726004392612 Metric[[name=hz:cluster:splitbrain,unit=count,metric=executor.internal.remainingQueueCapacity]=2147483647]
10-09-2024 21:39:52 1726004392612 Metric[[name=hz:cluster:splitbrain,unit=count,metric=executor.internal.maximumPoolSize]=2]
10-09-2024 21:39:52 1726004392612 Metric[[name=hz:cluster:splitbrain,unit=count,metric=executor.internal.completedTasks]=0]
10-09-2024 21:39:52 1726004392612 Metric[[name=hz:cluster:splitbrain,unit=count,metric=executor.internal.poolSize]=0]
10-09-2024 21:39:52 1726004392612 Metric[[name=hz:cluster:splitbrain,unit=count,metric=executor.internal.queueSize]=0]
10-09-2024 21:39:52 1726004392612 Metric[[name=hz:cluster:version:auto:upgrade,unit=count,metric=executor.internal.remainingQueueCapacity]=2147483647]
10-09-2024 21:39:52 1726004392612 Metric[[name=hz:cluster:version:auto:upgrade,unit=count,metric=executor.internal.maximumPoolSize]=1]
10-09-2024 21:39:52 1726004392612 Metric[[name=hz:cluster:version:auto:upgrade,unit=count,metric=executor.internal.completedTasks]=0]
10-09-2024 21:39:52 1726004392612 Metric[[name=hz:cluster:version:auto:upgrade,unit=count,metric=executor.internal.poolSize]=0]
10-09-2024 21:39:52 1726004392612 Metric[[name=hz:cluster:version:auto:upgrade,unit=count,metric=executor.internal.queueSize]=0]
10-09-2024 21:39:52 1726004392612 Metric[[name=hz:query,unit=count,metric=executor.internal.remainingQueueCapacity]=2147483647]
10-09-2024 21:39:52 1726004392612 Metric[[name=hz:query,unit=count,metric=executor.internal.maximumPoolSize]=16]
10-09-2024 21:39:52 1726004392612 Metric[[name=hz:query,unit=count,metric=executor.internal.completedTasks]=0]
10-09-2024 21:39:52 1726004392612 Metric[[name=hz:query,unit=count,metric=executor.internal.poolSize]=0]
10-09-2024 21:39:52 1726004392612 Metric[[name=hz:query,unit=count,metric=executor.internal.queueSize]=0]
10-09-2024 21:39:52 1726004392612 Metric[[name=hz:CRDTReplicationMigration,unit=count,metric=executor.internal.remainingQueueCapacity]=2147483647]
10-09-2024 21:39:52 1726004392612 Metric[[name=hz:CRDTReplicationMigration,unit=count,metric=executor.internal.maximumPoolSize]=16]
10-09-2024 21:39:52 1726004392612 Metric[[name=hz:CRDTReplicationMigration,unit=count,metric=executor.internal.completedTasks]=1]
10-09-2024 21:39:52 1726004392612 Metric[[name=hz:CRDTReplicationMigration,unit=count,metric=executor.internal.poolSize]=0]
10-09-2024 21:39:52 1726004392612 Metric[[name=hz:CRDTReplicationMigration,unit=count,metric=executor.internal.queueSize]=0]
10-09-2024 21:39:52 1726004392612 Metric[[name=__sql.catalog,unit=ms,metric=replicatedMap.maxPutLatency]=0]
10-09-2024 21:39:52 1726004392612 Metric[[name=__sql.catalog,unit=ms,metric=replicatedMap.totalRemoveLatencies]=0]
10-09-2024 21:39:52 1726004392612 Metric[[name=__sql.catalog,unit=ms,metric=replicatedMap.maxRemoveLatency]=0]
10-09-2024 21:39:52 1726004392612 Metric[[name=__sql.catalog,unit=ms,metric=replicatedMap.maxGetLatency]=0]
10-09-2024 21:39:52 1726004392612 Metric[[name=__sql.catalog,unit=ms,metric=replicatedMap.totalPutLatencies]=0]
10-09-2024 21:39:52 1726004392612 Metric[[name=__sql.catalog,unit=ms,metric=replicatedMap.totalGetLatencies]=0]
10-09-2024 21:39:52 1726004392612 Metric[[name=__sql.catalog,unit=count,metric=replicatedMap.total]=0]
10-09-2024 21:39:52 1726004392612 Metric[[name=__sql.catalog,unit=ms,metric=replicatedMap.lastAccessTime]=0]
10-09-2024 21:39:52 1726004392612 Metric[[name=__sql.catalog,unit=ms,metric=replicatedMap.lastUpdateTime]=0]
10-09-2024 21:39:52 1726004392612 Metric[[name=__sql.catalog,unit=count,metric=replicatedMap.hits]=0]
10-09-2024 21:39:52 1726004392612 Metric[[name=__sql.catalog,unit=count,metric=replicatedMap.numberOfOtherOperations]=0]
10-09-2024 21:39:52 1726004392612 Metric[[name=__sql.catalog,unit=count,metric=replicatedMap.numberOfEvents]=0]
10-09-2024 21:39:52 1726004392612 Metric[[name=__sql.catalog,unit=count,metric=replicatedMap.getCount]=0]
10-09-2024 21:39:52 1726004392612 Metric[[name=__sql.catalog,unit=count,metric=replicatedMap.putCount]=0]
10-09-2024 21:39:52 1726004392612 Metric[[name=__sql.catalog,unit=count,metric=replicatedMap.removeCount]=0]
10-09-2024 21:39:52 1726004392612 Metric[[name=__sql.catalog,unit=ms,metric=replicatedMap.creationTime]=1726004392651]
10-09-2024 21:39:52 1726004392612 Metric[[name=__sql.catalog,unit=count,metric=replicatedMap.ownedEntryCount]=0]
10-09-2024 21:39:52 1726004392612 Metric[[name=__sql.catalog,unit=bytes,metric=replicatedMap.ownedEntryMemoryCost]=0]
10-09-2024 21:39:52 1726004392612 Metric[[thread=hz.keen_booth.IO.thread-Acceptor,unit=ms,metric=tcp.acceptor.idleTimeMillis]=1726004392657]
10-09-2024 21:39:52 1726004392612 Metric[[thread=hz.keen_booth.IO.thread-Acceptor,unit=count,metric=tcp.acceptor.eventCount]=0]
10-09-2024 21:39:52 1726004392612 Metric[[thread=hz.keen_booth.IO.thread-Acceptor,unit=count,metric=tcp.acceptor.exceptionCount]=0]
10-09-2024 21:39:52 1726004392612 Metric[[thread=hz.keen_booth.IO.thread-Acceptor,unit=count,metric=tcp.acceptor.selectorRecreateCount]=0]
10-09-2024 21:39:52 1726004392612 Metric[[unit=count,metric=tcp.connection.inProgressCount]=0]
10-09-2024 21:39:52 1726004392612 Metric[[unit=count,metric=tcp.connection.count]=0]
10-09-2024 21:39:52 1726004392612 Metric[[unit=count,metric=tcp.connection.openedCount]=0]
10-09-2024 21:39:52 1726004392612 Metric[[unit=count,metric=tcp.connection.closedCount]=0]
10-09-2024 21:39:52 1726004392612 Metric[[unit=count,metric=tcp.connection.activeCount]=0]
10-09-2024 21:39:52 1726004392612 Metric[[unit=count,metric=tcp.connection.acceptedSocketCount]=0]
10-09-2024 21:39:52 1726004392612 Metric[[unit=count,metric=tcp.connection.connectionListenerCount]=3]
10-09-2024 21:39:52 1726004392612 Metric[[unit=count,metric=tcp.connection.clientCount]=0]
10-09-2024 21:39:52 1726004392612 Metric[[unit=count,metric=tcp.connection.textCount]=0]
10-09-2024 21:39:52 1726004392670 SlowOperations[]
10-09-2024 21:39:52 1726004392670 Invocations[
                          Pending[]
                          History[]
                          SlowHistory[]]
10-09-2024 21:39:52 1726004392672 InvocationProfiler[]
10-09-2024 21:39:52 1726004392672 OperationsProfiler[]
10-09-2024 21:39:52 1726004392672 HazelcastInstance[
                          thisAddress=[172.18.0.9]:5701
                          isRunning=true
                          isLite=false
                          joined=false
                          nodeState=ACTIVE
                          clusterId=null
                          clusterSize=1
                          isMaster=false
                          masterAddress=null
                          Members[
                                  [172.18.0.9]:5701]]
10-09-2024 21:39:52 1726004392673 ClusterVersionChanged[
                          5.0]
10-09-2024 21:39:52 1726004392673 Lifecycle[
                          STARTING]
10-09-2024 21:39:52 1726004392673 MemberAdded[
                          member=[172.18.0.9]:5701
                          Members[
                                  [172.18.0.9]:5701:this:master]]
10-09-2024 21:39:56 1726004396614 ConnectionAdded[
                          Connection[id=1, /172.18.0.9:33571->/172.18.0.8:5701, qualifier=null, endpoint=[172.18.0.8]:5701, alive=true, connectionType=MEMBER, planeIndex=0]
                          type=MEMBER
                          isAlive=true]
10-09-2024 21:39:57 1726004397610 InvocationProfiler[]
10-09-2024 21:39:57 1726004397611 OperationsProfiler[
                          com.hazelcast.internal.cluster.impl.operations.MasterResponseOp[
                                  count=1
                                  totalTime(us)=1,684
                                  avg(us)=1,684
                                  max(us)=1,684
                                  latency-distribution[
                                          1024..2047us=1]]]
10-09-2024 21:40:02 1726004402610 InvocationProfiler[
                          com.hazelcast.internal.cluster.impl.operations.OnJoinOp[
                                  count=1
                                  totalTime(us)=4,548
                                  avg(us)=4,548
                                  max(us)=4,548
                                  latency-distribution[
                                          4096..8191us=1]]]
10-09-2024 21:40:02 1726004402611 OperationsProfiler[
                          com.hazelcast.internal.cluster.impl.operations.FinalizeJoinOp[
                                  count=1
                                  totalTime(us)=6,456
                                  avg(us)=6,456
                                  max(us)=6,456
                                  latency-distribution[
                                          4096..8191us=1]]
                          com.hazelcast.client.impl.protocol.task.AuthenticationMessageTask[
                                  count=1
                                  totalTime(us)=1,910
                                  avg(us)=1,910
                                  max(us)=1,910
                                  latency-distribution[
                                          1024..2047us=1]]
                          com.hazelcast.internal.cluster.impl.operations.HeartbeatOp[
                                  count=3
                                  totalTime(us)=628
                                  avg(us)=209
                                  max(us)=364
                                  latency-distribution[
                                          64..127us=1
                                          128..255us=1
                                          256..511us=1]]
                          com.hazelcast.internal.cluster.impl.operations.OnJoinOp[
                                  count=3
                                  totalTime(us)=1,656
                                  avg(us)=552
                                  max(us)=815
                                  latency-distribution[
                                          128..255us=1
                                          512..1023us=2]]
                          com.hazelcast.internal.cluster.impl.operations.MasterResponseOp[
                                  count=1
                                  totalTime(us)=1,684
                                  avg(us)=1,684
                                  max(us)=1,684
                                  latency-distribution[
                                          1024..2047us=1]]]
10-09-2024 21:40:02 1726004402615 ClusterVersionChanged[
                          5.0]
10-09-2024 21:40:02 1726004402615 MemberAdded[
                          member=[172.18.0.8]:5701
                          Members[
                                  [172.18.0.8]:5701:master
                                  [172.18.0.9]:5701:this]]
10-09-2024 21:40:02 1726004402615 MemberAdded[
                          member=[172.18.0.4]:5701
                          Members[
                                  [172.18.0.8]:5701:master
                                  [172.18.0.4]:5701
                                  [172.18.0.9]:5701:this]]
10-09-2024 21:40:02 1726004402615 ConnectionAdded[
                          Connection[id=2, /172.18.0.9:36855->/172.18.0.4:5701, qualifier=null, endpoint=[172.18.0.4]:5701, alive=true, connectionType=MEMBER, planeIndex=0]
                          type=MEMBER
                          isAlive=true]
10-09-2024 21:40:02 1726004402615 ConnectionAdded[
                          Connection[id=3, /172.18.0.9:5701->/172.18.0.10:48537, qualifier=null, endpoint=[172.18.0.10]:48537, alive=true, connectionType=JVM, planeIndex=-1]
                          type=JVM
                          isAlive=true]
10-09-2024 21:40:03 1726004403616 Lifecycle[
                          STARTED]
10-09-2024 21:40:05 1726004405615 ConnectionRemoved[
                          Connection[id=3, /172.18.0.9:5701->/172.18.0.10:48537, qualifier=null, endpoint=[172.18.0.10]:48537, alive=false, connectionType=JVM, planeIndex=-1]
                          type=JVM
                          isAlive=false
                          closeReason=Connection closed by the other side
                          CloseCause[
                                  java.io.EOFException: Remote socket closed!
                                  com.hazelcast.internal.networking.nio.NioInboundPipeline.process(NioInboundPipeline.java:117)
                                  com.hazelcast.internal.networking.nio.NioThread.processSelectionKey(NioThread.java:383)
                                  com.hazelcast.internal.networking.nio.NioThread.processSelectionKeys(NioThread.java:368)
                                  com.hazelcast.internal.networking.nio.NioThread.selectLoop(NioThread.java:294)
                                  com.hazelcast.internal.networking.nio.NioThread.executeRun(NioThread.java:249)
                                  com.hazelcast.internal.util.executor.HazelcastManagedThread.run(HazelcastManagedThread.java:102)]]
10-09-2024 21:40:07 1726004407610 InvocationProfiler[
                          com.hazelcast.client.impl.operations.GetConnectedClientsOperation[
                                  count=3
                                  totalTime(us)=4,469
                                  avg(us)=1,489
                                  max(us)=2,813
                                  latency-distribution[
                                          64..127us=1
                                          1024..2047us=1
                                          2048..4095us=1]]
                          com.hazelcast.internal.cluster.impl.operations.OnJoinOp[
                                  count=1
                                  totalTime(us)=4,548
                                  avg(us)=4,548
                                  max(us)=4,548
                                  latency-distribution[
                                          4096..8191us=1]]]
10-09-2024 21:40:07 1726004407612 OperationsProfiler[
                          com.hazelcast.client.impl.operations.GetConnectedClientsOperation[
                                  count=2
                                  totalTime(us)=1,309
                                  avg(us)=654
                                  max(us)=1,248
                                  latency-distribution[
                                          32..63us=1
                                          1024..2047us=1]]
                          com.hazelcast.internal.cluster.impl.operations.FinalizeJoinOp[
                                  count=1
                                  totalTime(us)=6,456
                                  avg(us)=6,456
                                  max(us)=6,456
                                  latency-distribution[
                                          4096..8191us=1]]
                          com.hazelcast.client.impl.protocol.task.AuthenticationMessageTask[
                                  count=1
                                  totalTime(us)=1,910
                                  avg(us)=1,910
                                  max(us)=1,910
                                  latency-distribution[
                                          1024..2047us=1]]
                          com.hazelcast.internal.cluster.impl.operations.HeartbeatOp[
                                  count=5
                                  totalTime(us)=964
                                  avg(us)=192
                                  max(us)=364
                                  latency-distribution[
                                          64..127us=2
                                          128..255us=2
                                          256..511us=1]]
                          com.hazelcast.internal.cluster.impl.operations.OnJoinOp[
                                  count=3
                                  totalTime(us)=1,656
                                  avg(us)=552
                                  max(us)=815
                                  latency-distribution[
                                          128..255us=1
                                          512..1023us=2]]
                          com.hazelcast.internal.cluster.impl.operations.MasterResponseOp[
                                  count=1
                                  totalTime(us)=1,684
                                  avg(us)=1,684
                                  max(us)=1,684
                                  latency-distribution[
                                          1024..2047us=1]]]
10-09-2024 21:40:12 1726004412615 InvocationProfiler[
                          com.hazelcast.client.impl.operations.GetConnectedClientsOperation[
                                  count=3
                                  totalTime(us)=4,469
                                  avg(us)=1,489
                                  max(us)=2,813
                                  latency-distribution[
                                          64..127us=1
                                          1024..2047us=1
                                          2048..4095us=1]]
                          com.hazelcast.internal.cluster.impl.operations.OnJoinOp[
                                  count=1
                                  totalTime(us)=4,548
                                  avg(us)=4,548
                                  max(us)=4,548
                                  latency-distribution[
                                          4096..8191us=1]]]
10-09-2024 21:40:12 1726004412616 OperationsProfiler[
                          com.hazelcast.client.impl.operations.GetConnectedClientsOperation[
                                  count=2
                                  totalTime(us)=1,309
                                  avg(us)=654
                                  max(us)=1,248
                                  latency-distribution[
                                          32..63us=1
                                          1024..2047us=1]]
                          com.hazelcast.internal.cluster.impl.operations.FinalizeJoinOp[
                                  count=1
                                  totalTime(us)=6,456
                                  avg(us)=6,456
                                  max(us)=6,456
                                  latency-distribution[
                                          4096..8191us=1]]
                          com.hazelcast.client.impl.protocol.task.AuthenticationMessageTask[
                                  count=1
                                  totalTime(us)=1,910
                                  avg(us)=1,910
                                  max(us)=1,910
                                  latency-distribution[
                                          1024..2047us=1]]
                          com.hazelcast.internal.cluster.impl.operations.HeartbeatOp[
                                  count=7
                                  totalTime(us)=1,628
                                  avg(us)=232
                                  max(us)=447
                                  latency-distribution[
                                          64..127us=2
                                          128..255us=3
                                          256..511us=2]]
                          com.hazelcast.internal.cluster.impl.operations.OnJoinOp[
                                  count=3
                                  totalTime(us)=1,656
                                  avg(us)=552
                                  max(us)=815
                                  latency-distribution[
                                          128..255us=1
                                          512..1023us=2]]
                          com.hazelcast.internal.cluster.impl.operations.MasterResponseOp[
                                  count=1
                                  totalTime(us)=1,684
                                  avg(us)=1,684
                                  max(us)=1,684
                                  latency-distribution[
                                          1024..2047us=1]]]
10-09-2024 21:40:17 1726004417612 InvocationProfiler[
                          com.hazelcast.client.impl.operations.GetConnectedClientsOperation[
                                  count=3
                                  totalTime(us)=4,469
                                  avg(us)=1,489
                                  max(us)=2,813
                                  latency-distribution[
                                          64..127us=1
                                          1024..2047us=1
                                          2048..4095us=1]]
                          com.hazelcast.internal.cluster.impl.operations.OnJoinOp[
                                  count=1
                                  totalTime(us)=4,548
                                  avg(us)=4,548
                                  max(us)=4,548
                                  latency-distribution[
                                          4096..8191us=1]]]
10-09-2024 21:40:17 1726004417613 OperationsProfiler[
                          com.hazelcast.client.impl.operations.GetConnectedClientsOperation[
                                  count=2
                                  totalTime(us)=1,309
                                  avg(us)=654
                                  max(us)=1,248
                                  latency-distribution[
                                          32..63us=1
                                          1024..2047us=1]]
                          com.hazelcast.internal.cluster.impl.operations.FinalizeJoinOp[
                                  count=1
                                  totalTime(us)=6,456
                                  avg(us)=6,456
                                  max(us)=6,456
                                  latency-distribution[
                                          4096..8191us=1]]
                          com.hazelcast.client.impl.protocol.task.AuthenticationMessageTask[
                                  count=1
                                  totalTime(us)=1,910
                                  avg(us)=1,910
                                  max(us)=1,910
                                  latency-distribution[
                                          1024..2047us=1]]
                          com.hazelcast.internal.cluster.impl.operations.HeartbeatOp[
                                  count=9
                                  totalTime(us)=2,833
                                  avg(us)=314
                                  max(us)=741
                                  latency-distribution[
                                          64..127us=2
                                          128..255us=3
                                          256..511us=3
                                          512..1023us=1]]
                          com.hazelcast.internal.cluster.impl.operations.OnJoinOp[
                                  count=3
                                  totalTime(us)=1,656
                                  avg(us)=552
                                  max(us)=815
                                  latency-distribution[
                                          128..255us=1
                                          512..1023us=2]]
                          com.hazelcast.internal.cluster.impl.operations.MasterResponseOp[
                                  count=1
                                  totalTime(us)=1,684
                                  avg(us)=1,684
                                  max(us)=1,684
                                  latency-distribution[
                                          1024..2047us=1]]]
