11-09-2024 23:08:23 1726096103944 BuildInfo[
                          Build=20220328
                          BuildNumber=20220328
                          Revision=52ab9d6
                          Version=5.0.3
                          SerialVersion=1
                          Enterprise=false]
11-09-2024 23:08:23 1726096103944 SystemProperties[
                          hazelcast.config=/opt/hazelcast/config/hazelcast.xml
                          hazelcast.logging.type=log4j2
                          hazelcast.tracking.server=true
                          java.class.path=/opt/hazelcast/*:/opt/hazelcast/lib:/opt/hazelcast/lib/log4j-slf4j-impl-2.17.1.jar:/opt/hazelcast/lib/hazelcast-jet-cdc-mysql-5.0.3.jar:/opt/hazelcast/lib/jmx_prometheus_javaagent-0.14.0.jar:/opt/hazelcast/lib/cache-api-1.1.1.jar:/opt/hazelcast/lib/hazelcast-jet-python-5.0.3.jar:/opt/hazelcast/lib/hazelcast-jet-files-s3-5.0.3.jar:/opt/hazelcast/lib/hazelcast-jet-csv-5.0.3.jar:/opt/hazelcast/lib/jline-terminal-jansi-3.21.0.jar:/opt/hazelcast/lib/hazelcast-sql-5.0.3.jar:/opt/hazelcast/lib/hazelcast-3-connector-interface-5.0.3.jar:/opt/hazelcast/lib/hazelcast-jet-hadoop-all-5.0.3.jar:/opt/hazelcast/lib/hazelcast-5.0.3.jar:/opt/hazelcast/lib/hazelcast-jet-kinesis-5.0.3.jar:/opt/hazelcast/lib/jansi-2.4.0.jar:/opt/hazelcast/lib/hazelcast-3-connector-common-5.0.3.jar:/opt/hazelcast/lib/slf4j-api-1.7.36.jar:/opt/hazelcast/lib/hazelcast-wm-4.0.jar:/opt/hazelcast/lib/hazelcast-jet-files-azure-5.0.3.jar:/opt/hazelcast/lib/hazelcast-jet-kafka-5.0.3.jar:/opt/hazelcast/lib/hazelcast-jet-protobuf-5.0.3.jar:/opt/hazelcast/lib/jline-reader-3.21.0.jar:/opt/hazelcast/lib/hazelcast-jet-elasticsearch-7-5.0.3.jar:/opt/hazelcast/lib/picocli-4.4.0.jar:/opt/hazelcast/lib/jline-terminal-3.21.0.jar:/opt/hazelcast/lib/hazelcast-jet-cdc-postgres-5.0.3.jar:/opt/hazelcast/lib/hazelcast-distribution-5.0.3.jar:/opt/hazelcast/lib/hazelcast-hibernate53-2.1.1.jar:/opt/hazelcast/lib/hazelcast-jet-grpc-5.0.3.jar:/opt/hazelcast/lib/hazelcast-jet-s3-5.0.3.jar:/opt/hazelcast/lib/hazelcast-jet-cdc-debezium-5.0.3.jar:/opt/hazelcast/lib/log4j-api-2.17.1.jar:/opt/hazelcast/lib/hazelcast-jet-files-gcs-5.0.3.jar:/opt/hazelcast/lib/log4j-core-2.17.1.jar:/opt/hazelcast/lib/hazelcast-jet-avro-5.0.3.jar:/opt/hazelcast/bin/user-lib:/opt/hazelcast/bin/user-lib/*
                          java.class.version=55.0
                          java.home=/usr/lib/jvm/java-11-openjdk
                          java.io.tmpdir=/tmp
                          java.library.path=/usr/lib/jvm/java-11-openjdk/lib/server:/usr/lib/jvm/java-11-openjdk/lib:/usr/lib/jvm/java-11-openjdk/../lib:/usr/java/packages/lib:/lib:/usr/lib:/usr/lib64:/lib64
                          java.net.preferIPv4Stack=true
                          java.runtime.name=OpenJDK Runtime Environment
                          java.runtime.version=11.0.14+9-alpine-r0
                          java.specification.name=Java Platform API Specification
                          java.specification.vendor=Oracle Corporation
                          java.specification.version=11
                          java.vendor=Alpine
                          java.vendor.url=https://alpinelinux.org/
                          java.vendor.url.bug=https://gitlab.alpinelinux.org/alpine/aports/issues
                          java.version=11.0.14
                          java.version.date=2022-01-18
                          java.vm.args=--add-modules=java.se --add-exports=java.base/jdk.internal.ref=ALL-UNNAMED --add-opens=java.base/java.lang=ALL-UNNAMED --add-opens=java.base/java.nio=ALL-UNNAMED --add-opens=java.base/sun.nio.ch=ALL-UNNAMED --add-opens=java.management/sun.management=ALL-UNNAMED --add-opens=jdk.management/com.sun.management.internal=ALL-UNNAMED -Dhazelcast.logging.type=log4j2 -Dlog4j.configurationFile=file:/opt/hazelcast/config/log4j2.properties -Dhazelcast.config=/opt/hazelcast/config/hazelcast-docker.xml -Djet.custom.lib.dir=/opt/hazelcast/custom-lib -Djava.net.preferIPv4Stack=true -XX:MaxRAMPercentage=80.0 -XX:MaxGCPauseMillis=5 
                          java.vm.compressedOopsMode=Zero based
                          java.vm.info=mixed mode
                          java.vm.name=OpenJDK 64-Bit Server VM
                          java.vm.specification.name=Java Virtual Machine Specification
                          java.vm.specification.vendor=Oracle Corporation
                          java.vm.specification.version=11
                          java.vm.vendor=Alpine
                          java.vm.version=11.0.14+9-alpine-r0
                          os.arch=aarch64
                          os.name=Linux
                          os.version=6.6.32-linuxkit
                          sun.arch.data.model=64
                          sun.boot.library.path=/usr/lib/jvm/java-11-openjdk/lib
                          sun.cpu.endian=little
                          sun.cpu.isalist=
                          sun.io.unicode.encoding=UnicodeLittle
                          sun.java.command=com.hazelcast.commandline.HazelcastServerCommandLine start -c /opt/hazelcast/config/hazelcast.xml
                          sun.java.launcher=SUN_STANDARD
                          sun.jnu.encoding=UTF-8
                          sun.management.compiler=HotSpot 64-Bit Tiered Compilers
                          sun.os.patch.level=unknown]
11-09-2024 23:08:23 1726096103945 ConfigProperties[
                          hazelcast.diagnostics.directory=/opt/hazelcast/logs
                          hazelcast.diagnostics.enabled=true
                          hazelcast.diagnostics.invocation.sample.period.seconds=30
                          hazelcast.diagnostics.metric.level=DEBUG
                          hazelcast.local.public.address=192.168.1.2
                          hazelcast.logging.type=log4j2
                          hazelcast.max.no.heartbeat.seconds=120
                          hazelcast.max.no.master.confirmation.seconds=120
                          hazelcast.shutdownhook.enabled=true
                          hazelcast.shutdownhook.policy=GRACEFUL]
11-09-2024 23:08:23 1726096103945 Metric[[thread=hz.eager_dhawan.generic-operation.thread-3,unit=count,metric=operation.thread.completedPartitionSpecificRunnableCount]=0]
11-09-2024 23:08:23 1726096103945 Metric[[metric=classloading.totalLoadedClassesCount]=7280]
11-09-2024 23:08:23 1726096103945 Metric[[thread=hz.eager_dhawan.partition-operation.thread-4,unit=count,metric=operation.thread.completedOperationCount]=0]
11-09-2024 23:08:23 1726096103945 Metric[[unit=ns,metric=partitions.elapsedDestinationCommitTime]=0]
11-09-2024 23:08:23 1726096103945 Metric[[unit=count,metric=operation.genericQueueSize]=0]
11-09-2024 23:08:23 1726096103945 Metric[[thread=hz.eager_dhawan.generic-operation.thread-4,unit=count,metric=operation.thread.completedTotalCount]=0]
11-09-2024 23:08:23 1726096103945 Metric[[unit=count,metric=partitions.replicaSyncSemaphore]=10]
11-09-2024 23:08:23 1726096103945 Metric[[unit=count,metric=operation.genericThreadCount]=6]
11-09-2024 23:08:23 1726096103945 Metric[[unit=count,metric=operation.completedCount]=0]
11-09-2024 23:08:23 1726096103945 Metric[[thread=hz.eager_dhawan.generic-operation.thread-4,unit=count,metric=operation.thread.completedPartitionSpecificRunnableCount]=0]
11-09-2024 23:08:23 1726096103945 Metric[[metric=classloading.unloadedClassesCount]=0]
11-09-2024 23:08:23 1726096103945 Metric[[unit=count,metric=operation.runningPartitionCount]=0]
11-09-2024 23:08:23 1726096103945 Metric[[metric=os.committedVirtualMemorySize]=15208624128]
11-09-2024 23:08:23 1726096103945 Metric[[thread=hz.eager_dhawan.generic-operation.thread-4,unit=count,metric=operation.thread.errorCount]=0]
11-09-2024 23:08:23 1726096103945 Metric[[unit=ns,metric=partitions.elapsedMigrationTime]=0]
11-09-2024 23:08:23 1726096103945 Metric[[thread=hz.eager_dhawan.partition-operation.thread-3,unit=count,metric=operation.thread.completedOperationCount]=0]
11-09-2024 23:08:23 1726096103945 Metric[[unit=count,metric=partitions.migrationQueueSize]=0]
11-09-2024 23:08:23 1726096103945 Metric[[unit=count,metric=event.threadCount]=5]
11-09-2024 23:08:23 1726096103945 Metric[[metric=runtime.usedMemory]=45741192]
11-09-2024 23:08:23 1726096103945 Metric[[unit=ns,metric=partitions.totalElapsedMigrationTime]=0]
11-09-2024 23:08:23 1726096103945 Metric[[unit=bytes,metric=memory.maxHeap]=12981370880]
11-09-2024 23:08:23 1726096103945 Metric[[unit=ms,metric=cluster.clock.maxClusterTimeDiff]=0]
11-09-2024 23:08:23 1726096103945 Metric[[unit=ns,metric=partitions.totalElapsedMigrationOperationTime]=0]
11-09-2024 23:08:23 1726096103945 Metric[[metric=os.processCpuTime]=2890000000]
11-09-2024 23:08:23 1726096103945 Metric[[unit=bytes,metric=memory.committedHeap]=408944640]
11-09-2024 23:08:23 1726096103945 Metric[[unit=count,metric=raft.terminatedRaftNodeGroupIds]=0]
11-09-2024 23:08:23 1726096103945 Metric[[thread=hz.eager_dhawan.partition-operation.thread-9,unit=count,metric=operation.thread.completedTotalCount]=0]
11-09-2024 23:08:23 1726096103945 Metric[[unit=bytes,metric=memory.freeHeap]=362918352]
11-09-2024 23:08:23 1726096103945 Metric[[metric=os.freePhysicalMemorySize]=8860815360]
11-09-2024 23:08:23 1726096103945 Metric[[thread=hz.eager_dhawan.generic-operation.thread-3,unit=count,metric=operation.thread.errorCount]=0]
11-09-2024 23:08:23 1726096103945 Metric[[thread=hz.eager_dhawan.partition-operation.thread-1,unit=count,metric=operation.thread.normalPendingCount]=0]
11-09-2024 23:08:23 1726096103945 Metric[[thread=hz.eager_dhawan.partition-operation.thread-6,unit=count,metric=operation.thread.completedOperationCount]=0]
11-09-2024 23:08:23 1726096103945 Metric[[unit=count,metric=event.totalFailureCount]=0]
11-09-2024 23:08:23 1726096103945 Metric[[unit=count,metric=partitions.totalCompletedMigrations]=0]
11-09-2024 23:08:23 1726096103945 Metric[[thread=hz.eager_dhawan.partition-operation.thread-0,unit=count,metric=operation.thread.completedRunnableCount]=0]
11-09-2024 23:08:23 1726096103945 Metric[[unit=ms,metric=operation.invocations.invocationScanPeriodMillis]=1000]
11-09-2024 23:08:23 1726096103945 Metric[[thread=hz.eager_dhawan.partition-operation.thread-8,unit=count,metric=operation.thread.completedTotalCount]=0]
11-09-2024 23:08:23 1726096103945 Metric[[unit=count,metric=operation.responses.backupCount]=0]
11-09-2024 23:08:23 1726096103945 Metric[[thread=hz.eager_dhawan.priority-generic-operation.thread-0,unit=count,metric=operation.thread.completedRunnableCount]=0]
11-09-2024 23:08:23 1726096103945 Metric[[unit=count,metric=operation.runningGenericCount]=0]
11-09-2024 23:08:23 1726096103945 Metric[[thread=hz.eager_dhawan.generic-operation.thread-2,unit=count,metric=operation.thread.errorCount]=0]
11-09-2024 23:08:23 1726096103945 Metric[[unit=count,metric=raft.metadata.activeMembersCommitIndex]=0]
11-09-2024 23:08:23 1726096103945 Metric[[thread=hz.eager_dhawan.partition-operation.thread-0,unit=count,metric=operation.thread.normalPendingCount]=0]
11-09-2024 23:08:23 1726096103945 Metric[[thread=hz.eager_dhawan.partition-operation.thread-5,unit=count,metric=operation.thread.completedOperationCount]=0]
11-09-2024 23:08:23 1726096103945 Metric[[unit=count,metric=operation.asyncOperations]=0]
11-09-2024 23:08:23 1726096103945 Metric[[metric=os.totalSwapSpaceSize]=1610608640]
11-09-2024 23:08:23 1726096103945 Metric[[thread=hz.eager_dhawan.partition-operation.thread-9,unit=count,metric=operation.thread.errorCount]=0]
11-09-2024 23:08:23 1726096103945 Metric[[thread=hz.eager_dhawan.partition-operation.thread-0,unit=count,metric=operation.thread.completedPacketCount]=0]
11-09-2024 23:08:23 1726096103945 Metric[[thread=hz.eager_dhawan.priority-generic-operation.thread-0,unit=count,metric=operation.thread.completedPacketCount]=0]
11-09-2024 23:08:23 1726096103945 Metric[[thread=hz.eager_dhawan.partition-operation.thread-7,unit=count,metric=operation.thread.completedTotalCount]=0]
11-09-2024 23:08:23 1726096103945 Metric[[unit=ms,metric=gc.minorTime]=27]
11-09-2024 23:08:23 1726096103945 Metric[[service=hz:core:clusterService,unit=count,metric=event.publicationCount]=0]
11-09-2024 23:08:23 1726096103945 Metric[[unit=count,metric=event.eventQueueSize]=0]
11-09-2024 23:08:23 1726096103945 Metric[[thread=hz.eager_dhawan.partition-operation.thread-1,unit=count,metric=operation.thread.priorityPendingCount]=0]
11-09-2024 23:08:23 1726096103945 Metric[[thread=hz.eager_dhawan.partition-operation.thread-8,unit=count,metric=operation.thread.completedOperationCount]=0]
11-09-2024 23:08:23 1726096103945 Metric[[unit=count,metric=operation.callTimeoutCount]=0]
11-09-2024 23:08:23 1726096103945 Metric[[thread=hz.eager_dhawan.priority-generic-operation.thread-0,unit=count,metric=operation.thread.completedOperationCount]=0]
11-09-2024 23:08:23 1726096103945 Metric[[thread=hz.eager_dhawan.generic-operation.thread-3,unit=count,metric=operation.thread.completedOperationBatchCount]=0]
11-09-2024 23:08:23 1726096103945 Metric[[unit=boolean,metric=partitions.migrationActive]=1]
11-09-2024 23:08:23 1726096103945 Metric[[thread=hz.eager_dhawan.generic-operation.thread-0,unit=count,metric=operation.thread.completedTotalCount]=0]
11-09-2024 23:08:23 1726096103945 Metric[[thread=hz.eager_dhawan.generic-operation.thread-3,unit=count,metric=operation.thread.completedPacketCount]=0]
11-09-2024 23:08:23 1726096103945 Metric[[unit=count,metric=client.endpoint.totalRegistrations]=0]
11-09-2024 23:08:23 1726096103945 Metric[[thread=hz.eager_dhawan.partition-operation.thread-8,unit=count,metric=operation.thread.errorCount]=0]
11-09-2024 23:08:23 1726096103945 Metric[[metric=runtime.freeMemory]=362918352]
11-09-2024 23:08:23 1726096103945 Metric[[unit=ms,metric=cluster.heartbeat.lastHeartbeat]=0]
11-09-2024 23:08:23 1726096103945 Metric[[thread=hz.eager_dhawan.partition-operation.thread-1,unit=count,metric=operation.thread.completedPacketCount]=0]
11-09-2024 23:08:23 1726096103945 Metric[[thread=hz.eager_dhawan.partition-operation.thread-6,unit=count,metric=operation.thread.completedPartitionSpecificRunnableCount]=0]
11-09-2024 23:08:23 1726096103945 Metric[[thread=hz.eager_dhawan.partition-operation.thread-6,unit=count,metric=operation.thread.completedTotalCount]=0]
11-09-2024 23:08:23 1726096103945 Metric[[thread=hz.eager_dhawan.priority-generic-operation.thread-0,unit=count,metric=operation.thread.errorCount]=0]
11-09-2024 23:08:23 1726096103945 Metric[[thread=hz.eager_dhawan.partition-operation.thread-1,unit=count,metric=operation.thread.completedOperationBatchCount]=0]
11-09-2024 23:08:23 1726096103945 Metric[[unit=count,metric=operation.invocations.delayedExecutionCount]=0]
11-09-2024 23:08:23 1726096103945 Metric[[thread=hz.eager_dhawan.partition-operation.thread-0,unit=count,metric=operation.thread.priorityPendingCount]=0]
11-09-2024 23:08:23 1726096103945 Metric[[thread=hz.eager_dhawan.partition-operation.thread-7,unit=count,metric=operation.thread.completedOperationCount]=0]
11-09-2024 23:08:23 1726096103945 Metric[[thread=hz.eager_dhawan.generic-operation.thread-4,unit=count,metric=operation.thread.completedOperationBatchCount]=0]
11-09-2024 23:08:23 1726096103945 Metric[[unit=count,metric=operation.responses.missingCount]=0]
11-09-2024 23:08:23 1726096103945 Metric[[thread=hz.eager_dhawan.generic-operation.thread-1,unit=count,metric=operation.thread.completedTotalCount]=0]
11-09-2024 23:08:23 1726096103945 Metric[[thread=hz.eager_dhawan.generic-operation.thread-2,unit=count,metric=operation.thread.completedPacketCount]=0]
11-09-2024 23:08:23 1726096103945 Metric[[thread=hz.eager_dhawan.partition-operation.thread-7,unit=count,metric=operation.thread.errorCount]=0]
11-09-2024 23:08:23 1726096103945 Metric[[thread=hz.eager_dhawan.partition-operation.thread-9,unit=count,metric=operation.thread.completedRunnableCount]=0]
11-09-2024 23:08:23 1726096103945 Metric[[unit=count,metric=event.syncDeliveryFailureCount]=0]
11-09-2024 23:08:23 1726096103945 Metric[[unit=ms,metric=cluster.clock.clusterTimeDiff]=0]
11-09-2024 23:08:23 1726096103945 Metric[[thread=hz.eager_dhawan.partition-operation.thread-2,unit=count,metric=operation.thread.completedPacketCount]=0]
11-09-2024 23:08:23 1726096103945 Metric[[thread=hz.eager_dhawan.partition-operation.thread-7,unit=count,metric=operation.thread.completedPartitionSpecificRunnableCount]=0]
11-09-2024 23:08:23 1726096103945 Metric[[unit=count,metric=raft.metadata.groups]=0]
11-09-2024 23:08:23 1726096103945 Metric[[unit=count,metric=proxy.createdCount]=0]
11-09-2024 23:08:23 1726096103945 Metric[[thread=hz.eager_dhawan.partition-operation.thread-5,unit=count,metric=operation.thread.completedTotalCount]=0]
11-09-2024 23:08:23 1726096103945 Metric[[unit=count,metric=operation.retryCount]=0]
11-09-2024 23:08:23 1726096103945 Metric[[thread=hz.eager_dhawan.partition-operation.thread-0,unit=count,metric=operation.thread.completedOperationBatchCount]=0]
11-09-2024 23:08:23 1726096103945 Metric[[unit=ms,metric=operation.invocations.heartbeatBroadcastPeriodMillis]=15000]
11-09-2024 23:08:23 1726096103945 Metric[[unit=bytes,metric=memory.maxNative]=0]
11-09-2024 23:08:23 1726096103945 Metric[[unit=bytes,metric=memory.totalPhysical]=16225161216]
11-09-2024 23:08:23 1726096103945 Metric[[unit=percent,metric=operation.invocations.usedPercentage]=0.0]
11-09-2024 23:08:23 1726096103945 Metric[[thread=hz.eager_dhawan.generic-operation.thread-1,unit=count,metric=operation.thread.completedOperationBatchCount]=0]
11-09-2024 23:08:23 1726096103945 Metric[[thread=hz.eager_dhawan.generic-operation.thread-2,unit=count,metric=operation.thread.completedTotalCount]=0]
11-09-2024 23:08:23 1726096103945 Metric[[metric=os.systemLoadAverage]=3.98974609375]
11-09-2024 23:08:23 1726096103945 Metric[[thread=hz.eager_dhawan.partition-operation.thread-6,unit=count,metric=operation.thread.errorCount]=0]
11-09-2024 23:08:23 1726096103945 Metric[[metric=thread.totalStartedThreadCount]=39]
11-09-2024 23:08:23 1726096103945 Metric[[thread=hz.eager_dhawan.partition-operation.thread-3,unit=count,metric=operation.thread.completedPacketCount]=0]
11-09-2024 23:08:23 1726096103945 Metric[[thread=hz.eager_dhawan.partition-operation.thread-8,unit=count,metric=operation.thread.completedPartitionSpecificRunnableCount]=0]
11-09-2024 23:08:23 1726096103945 Metric[[service=hz:core:proxyService,unit=count,metric=event.publicationCount]=0]
11-09-2024 23:08:23 1726096103945 Metric[[unit=ms,metric=gc.unknownTime]=0]
11-09-2024 23:08:23 1726096103945 Metric[[thread=hz.eager_dhawan.partition-operation.thread-4,unit=count,metric=operation.thread.completedTotalCount]=0]
11-09-2024 23:08:23 1726096103945 Metric[[thread=hz.eager_dhawan.priority-generic-operation.thread-0,unit=count,metric=operation.thread.completedPartitionSpecificRunnableCount]=0]
11-09-2024 23:08:23 1726096103945 Metric[[thread=hz.eager_dhawan.partition-operation.thread-3,unit=count,metric=operation.thread.completedOperationBatchCount]=0]
11-09-2024 23:08:23 1726096103945 Metric[[unit=ms,metric=cluster.clock.clusterUpTime]=-9223370310758671854]
11-09-2024 23:08:23 1726096103945 Metric[[thread=hz.eager_dhawan.partition-operation.thread-9,unit=count,metric=operation.thread.completedOperationCount]=0]
11-09-2024 23:08:23 1726096103945 Metric[[unit=count,metric=operation.queueSize]=0]
11-09-2024 23:08:23 1726096103945 Metric[[thread=hz.eager_dhawan.generic-operation.thread-2,unit=count,metric=operation.thread.completedOperationBatchCount]=0]
11-09-2024 23:08:23 1726096103945 Metric[[service=hz:core:clusterService,unit=count,metric=event.listenerCount]=2]
11-09-2024 23:08:23 1726096103945 Metric[[thread=hz.eager_dhawan.generic-operation.thread-3,unit=count,metric=operation.thread.completedTotalCount]=0]
11-09-2024 23:08:23 1726096103945 Metric[[thread=hz.eager_dhawan.generic-operation.thread-4,unit=count,metric=operation.thread.completedPacketCount]=0]
11-09-2024 23:08:23 1726096103945 Metric[[unit=count,metric=operation.partitionThreadCount]=10]
11-09-2024 23:08:23 1726096103945 Metric[[thread=hz.eager_dhawan.partition-operation.thread-5,unit=count,metric=operation.thread.errorCount]=0]
11-09-2024 23:08:23 1726096103945 Metric[[thread=hz.eager_dhawan.partition-operation.thread-4,unit=count,metric=operation.thread.completedPacketCount]=0]
11-09-2024 23:08:23 1726096103945 Metric[[metric=thread.threadCount]=39]
11-09-2024 23:08:23 1726096103945 Metric[[thread=hz.eager_dhawan.partition-operation.thread-9,unit=count,metric=operation.thread.completedPartitionSpecificRunnableCount]=0]
11-09-2024 23:08:23 1726096103945 Metric[[unit=count,metric=operation.invocations.heartbeatPacketsSent]=1]
11-09-2024 23:08:23 1726096103945 Metric[[thread=hz.eager_dhawan.partition-operation.thread-3,unit=count,metric=operation.thread.completedTotalCount]=0]
11-09-2024 23:08:23 1726096103945 Metric[[unit=count,metric=partitions.replicaSyncRequestsCounter]=0]
11-09-2024 23:08:23 1726096103945 Metric[[unit=count,metric=partitions.partitionCount]=271]
11-09-2024 23:08:23 1726096103945 Metric[[thread=hz.eager_dhawan.partition-operation.thread-2,unit=count,metric=operation.thread.completedOperationBatchCount]=0]
11-09-2024 23:08:23 1726096103945 Metric[[metric=runtime.maxMemory]=12981370880]
11-09-2024 23:08:23 1726096103945 Metric[[unit=count,metric=operation.invocations.heartbeatPacketsReceived]=1]
11-09-2024 23:08:23 1726096103945 Metric[[service=hz:core:partitionService,unit=count,metric=event.publicationCount]=0]
11-09-2024 23:08:23 1726096103945 Metric[[metric=thread.daemonThreadCount]=5]
11-09-2024 23:08:23 1726096103945 Metric[[thread=hz.eager_dhawan.partition-operation.thread-5,unit=count,metric=operation.thread.priorityPendingCount]=0]
11-09-2024 23:08:23 1726096103945 Metric[[thread=hz.eager_dhawan.partition-operation.thread-7,unit=count,metric=operation.thread.normalPendingCount]=0]
11-09-2024 23:08:23 1726096103945 Metric[[metric=os.processCpuLoad]=0.0]
11-09-2024 23:08:23 1726096103945 Metric[[unit=bytes,metric=memory.freeNative]=0]
11-09-2024 23:08:23 1726096103945 Metric[[unit=count,metric=cluster.size]=1]
11-09-2024 23:08:23 1726096103945 Metric[[unit=count,metric=event.rejectedCount]=0]
11-09-2024 23:08:23 1726096103945 Metric[[thread=hz.eager_dhawan.partition-operation.thread-4,unit=count,metric=operation.thread.errorCount]=0]
11-09-2024 23:08:23 1726096103945 Metric[[thread=hz.eager_dhawan.partition-operation.thread-6,unit=count,metric=operation.thread.completedRunnableCount]=0]
11-09-2024 23:08:23 1726096103945 Metric[[thread=hz.eager_dhawan.partition-operation.thread-5,unit=count,metric=operation.thread.completedPacketCount]=0]
11-09-2024 23:08:23 1726096103945 Metric[[thread=hz.eager_dhawan.partition-operation.thread-2,unit=count,metric=operation.thread.completedPartitionSpecificRunnableCount]=0]
11-09-2024 23:08:23 1726096103945 Metric[[thread=hz.eager_dhawan.partition-operation.thread-2,unit=count,metric=operation.thread.completedTotalCount]=0]
11-09-2024 23:08:23 1726096103945 Metric[[thread=hz.eager_dhawan.partition-operation.thread-5,unit=count,metric=operation.thread.completedOperationBatchCount]=0]
11-09-2024 23:08:23 1726096103945 Metric[[unit=count,metric=raft.missingMembers]=0]
11-09-2024 23:08:23 1726096103945 Metric[[thread=hz.eager_dhawan.partition-operation.thread-4,unit=count,metric=operation.thread.priorityPendingCount]=0]
11-09-2024 23:08:23 1726096103945 Metric[[thread=hz.eager_dhawan.partition-operation.thread-6,unit=count,metric=operation.thread.normalPendingCount]=0]
11-09-2024 23:08:23 1726096103945 Metric[[thread=hz.eager_dhawan.generic-operation.thread-0,unit=count,metric=operation.thread.completedOperationBatchCount]=0]
11-09-2024 23:08:23 1726096103945 Metric[[unit=ms,metric=cluster.clock.localClockTime]=1726096103954]
11-09-2024 23:08:23 1726096103945 Metric[[dir=user.home,unit=bytes,metric=file.partition.freeSpace]=80322863104]
11-09-2024 23:08:23 1726096103945 Metric[[thread=hz.eager_dhawan.partition-operation.thread-3,unit=count,metric=operation.thread.errorCount]=0]
11-09-2024 23:08:23 1726096103945 Metric[[thread=hz.eager_dhawan.generic-operation.thread-4,unit=count,metric=operation.thread.completedOperationCount]=0]
11-09-2024 23:08:23 1726096103945 Metric[[thread=hz.eager_dhawan.partition-operation.thread-5,unit=count,metric=operation.thread.completedRunnableCount]=0]
11-09-2024 23:08:23 1726096103945 Metric[[thread=hz.eager_dhawan.partition-operation.thread-6,unit=count,metric=operation.thread.completedPacketCount]=0]
11-09-2024 23:08:23 1726096103945 Metric[[unit=count,metric=gc.majorCount]=0]
11-09-2024 23:08:23 1726096103945 Metric[[thread=hz.eager_dhawan.partition-operation.thread-3,unit=count,metric=operation.thread.completedPartitionSpecificRunnableCount]=0]
11-09-2024 23:08:23 1726096103945 Metric[[thread=hz.eager_dhawan.partition-operation.thread-1,unit=count,metric=operation.thread.completedTotalCount]=0]
11-09-2024 23:08:23 1726096103945 Metric[[thread=hz.eager_dhawan.partition-operation.thread-4,unit=count,metric=operation.thread.completedOperationBatchCount]=0]
11-09-2024 23:08:23 1726096103945 Metric[[metric=thread.peakThreadCount]=39]
11-09-2024 23:08:23 1726096103945 Metric[[unit=count,metric=partitions.maxBackupCount]=0]
11-09-2024 23:08:23 1726096103945 Metric[[unit=ms,metric=operation.invocations.invocationTimeoutMillis]=60000]
11-09-2024 23:08:23 1726096103945 Metric[[unit=count,metric=operation.priorityQueueSize]=0]
11-09-2024 23:08:23 1726096103945 Metric[[thread=hz.eager_dhawan.partition-operation.thread-3,unit=count,metric=operation.thread.priorityPendingCount]=0]
11-09-2024 23:08:23 1726096103945 Metric[[thread=hz.eager_dhawan.generic-operation.thread-1,unit=count,metric=operation.thread.completedRunnableCount]=0]
11-09-2024 23:08:23 1726096103945 Metric[[thread=hz.eager_dhawan.partition-operation.thread-9,unit=count,metric=operation.thread.normalPendingCount]=0]
11-09-2024 23:08:23 1726096103945 Metric[[metric=runtime.totalMemory]=408944640]
11-09-2024 23:08:23 1726096103945 Metric[[unit=ms,metric=operation.invocations.backupTimeoutMillis]=5000]
11-09-2024 23:08:23 1726096103945 Metric[[unit=count,metric=operation.responses.errorCount]=0]
11-09-2024 23:08:23 1726096103945 Metric[[service=hz:impl:replicatedMapService,unit=count,metric=event.listenerCount]=1]
11-09-2024 23:08:23 1726096103945 Metric[[thread=hz.eager_dhawan.generic-operation.thread-1,unit=count,metric=operation.thread.completedPacketCount]=0]
11-09-2024 23:08:23 1726096103945 Metric[[thread=hz.eager_dhawan.partition-operation.thread-2,unit=count,metric=operation.thread.errorCount]=0]
11-09-2024 23:08:23 1726096103945 Metric[[service=hz:core:proxyService,unit=count,metric=event.listenerCount]=1]
11-09-2024 23:08:23 1726096103945 Metric[[thread=hz.eager_dhawan.partition-operation.thread-8,unit=count,metric=operation.thread.completedRunnableCount]=0]
11-09-2024 23:08:23 1726096103945 Metric[[thread=hz.eager_dhawan.partition-operation.thread-7,unit=count,metric=operation.thread.completedPacketCount]=0]
11-09-2024 23:08:23 1726096103945 Metric[[unit=count,metric=proxy.proxyCount]=1]
11-09-2024 23:08:23 1726096103945 Metric[[thread=hz.eager_dhawan.partition-operation.thread-4,unit=count,metric=operation.thread.completedPartitionSpecificRunnableCount]=0]
11-09-2024 23:08:23 1726096103945 Metric[[thread=hz.eager_dhawan.partition-operation.thread-0,unit=count,metric=operation.thread.completedTotalCount]=0]
11-09-2024 23:08:23 1726096103945 Metric[[unit=bytes,metric=memory.freePhysical]=8860815360]
11-09-2024 23:08:23 1726096103945 Metric[[unit=bytes,metric=memory.committedNative]=0]
11-09-2024 23:08:23 1726096103945 Metric[[unit=ns,metric=partitions.totalElapsedDestinationCommitTime]=0]
11-09-2024 23:08:23 1726096103945 Metric[[unit=count,metric=operation.responses.timeoutCount]=0]
11-09-2024 23:08:23 1726096103945 Metric[[thread=hz.eager_dhawan.partition-operation.thread-7,unit=count,metric=operation.thread.completedOperationBatchCount]=0]
11-09-2024 23:08:23 1726096103945 Metric[[metric=os.openFileDescriptorCount]=42]
11-09-2024 23:08:23 1726096103945 Metric[[unit=count,metric=operation.invocations.backupTimeouts]=0]
11-09-2024 23:08:23 1726096103945 Metric[[unit=ns,metric=partitions.elapsedMigrationOperationTime]=0]
11-09-2024 23:08:23 1726096103945 Metric[[unit=count,metric=operation.genericPriorityQueueSize]=0]
11-09-2024 23:08:23 1726096103945 Metric[[thread=hz.eager_dhawan.partition-operation.thread-2,unit=count,metric=operation.thread.priorityPendingCount]=0]
11-09-2024 23:08:23 1726096103945 Metric[[thread=hz.eager_dhawan.generic-operation.thread-0,unit=count,metric=operation.thread.completedRunnableCount]=0]
11-09-2024 23:08:23 1726096103945 Metric[[thread=hz.eager_dhawan.partition-operation.thread-8,unit=count,metric=operation.thread.normalPendingCount]=0]
11-09-2024 23:08:23 1726096103945 Metric[[unit=count,metric=gc.minorCount]=10]
11-09-2024 23:08:23 1726096103945 Metric[[thread=hz.eager_dhawan.generic-operation.thread-0,unit=count,metric=operation.thread.completedPacketCount]=0]
11-09-2024 23:08:23 1726096103945 Metric[[unit=count,metric=transactions.startCount]=0]
11-09-2024 23:08:23 1726096103945 Metric[[unit=bytes,metric=memory.usedMetadata]=0]
11-09-2024 23:08:23 1726096103945 Metric[[thread=hz.eager_dhawan.partition-operation.thread-1,unit=count,metric=operation.thread.errorCount]=0]
11-09-2024 23:08:23 1726096103945 Metric[[thread=hz.eager_dhawan.partition-operation.thread-7,unit=count,metric=operation.thread.completedRunnableCount]=0]
11-09-2024 23:08:23 1726096103945 Metric[[metric=os.freeSwapSpaceSize]=1610608640]
11-09-2024 23:08:23 1726096103945 Metric[[thread=hz.eager_dhawan.partition-operation.thread-8,unit=count,metric=operation.thread.completedPacketCount]=0]
11-09-2024 23:08:23 1726096103945 Metric[[metric=os.systemCpuLoad]=0.0]
11-09-2024 23:08:23 1726096103945 Metric[[metric=os.totalPhysicalMemorySize]=16225161216]
11-09-2024 23:08:23 1726096103945 Metric[[unit=ms,metric=partitions.lastRepartitionTime]=0]
11-09-2024 23:08:23 1726096103945 Metric[[thread=hz.eager_dhawan.partition-operation.thread-5,unit=count,metric=operation.thread.completedPartitionSpecificRunnableCount]=0]
11-09-2024 23:08:23 1726096103945 Metric[[metric=runtime.availableProcessors]=10]
11-09-2024 23:08:23 1726096103945 Metric[[unit=count,metric=event.eventsProcessed]=8]
11-09-2024 23:08:23 1726096103945 Metric[[thread=hz.eager_dhawan.partition-operation.thread-6,unit=count,metric=operation.thread.completedOperationBatchCount]=0]
11-09-2024 23:08:23 1726096103945 Metric[[unit=count,metric=operation.parker.parkQueueCount]=0]
11-09-2024 23:08:23 1726096103945 Metric[[unit=count,metric=operation.responses.normalCount]=0]
11-09-2024 23:08:23 1726096103945 Metric[[unit=count,metric=client.endpoint.count]=0]
11-09-2024 23:08:23 1726096103945 Metric[[thread=hz.eager_dhawan.generic-operation.thread-1,unit=count,metric=operation.thread.errorCount]=0]
11-09-2024 23:08:23 1726096103945 Metric[[thread=hz.eager_dhawan.partition-operation.thread-9,unit=count,metric=operation.thread.priorityPendingCount]=0]
11-09-2024 23:08:23 1726096103945 Metric[[thread=hz.eager_dhawan.generic-operation.thread-3,unit=count,metric=operation.thread.completedRunnableCount]=0]
11-09-2024 23:08:23 1726096103945 Metric[[thread=hz.eager_dhawan.partition-operation.thread-0,unit=count,metric=operation.thread.completedOperationCount]=0]
11-09-2024 23:08:23 1726096103945 Metric[[thread=hz.eager_dhawan.partition-operation.thread-3,unit=count,metric=operation.thread.normalPendingCount]=0]
11-09-2024 23:08:23 1726096103945 Metric[[unit=count,metric=gc.unknownCount]=0]
11-09-2024 23:08:23 1726096103945 Metric[[unit=count,metric=operation.responseQueueSize]=0]
11-09-2024 23:08:23 1726096103945 Metric[[thread=hz.eager_dhawan.partition-operation.thread-0,unit=count,metric=operation.thread.errorCount]=0]
11-09-2024 23:08:23 1726096103945 Metric[[unit=bytes,metric=memory.maxMetadata]=0]
11-09-2024 23:08:23 1726096103945 Metric[[thread=hz.eager_dhawan.generic-operation.thread-1,unit=count,metric=operation.thread.completedOperationCount]=0]
11-09-2024 23:08:23 1726096103945 Metric[[thread=hz.eager_dhawan.partition-operation.thread-2,unit=count,metric=operation.thread.completedRunnableCount]=0]
11-09-2024 23:08:23 1726096103945 Metric[[thread=hz.eager_dhawan.partition-operation.thread-9,unit=count,metric=operation.thread.completedPacketCount]=0]
11-09-2024 23:08:23 1726096103945 Metric[[unit=count,metric=operation.parker.totalParkedOperationCount]=0]
11-09-2024 23:08:23 1726096103945 Metric[[unit=count,metric=partitions.localPartitionCount]=0]
11-09-2024 23:08:23 1726096103945 Metric[[unit=ms,metric=gc.majorTime]=0]
11-09-2024 23:08:23 1726096103945 Metric[[thread=hz.eager_dhawan.partition-operation.thread-9,unit=count,metric=operation.thread.completedOperationBatchCount]=0]
11-09-2024 23:08:23 1726096103945 Metric[[unit=count,metric=operation.runningCount]=0]
11-09-2024 23:08:23 1726096103945 Metric[[metric=classloading.loadedClassesCount]=7341]
11-09-2024 23:08:23 1726096103945 Metric[[thread=hz.eager_dhawan.generic-operation.thread-0,unit=count,metric=operation.thread.completedPartitionSpecificRunnableCount]=0]
11-09-2024 23:08:23 1726096103945 Metric[[thread=hz.eager_dhawan.generic-operation.thread-0,unit=count,metric=operation.thread.errorCount]=0]
11-09-2024 23:08:23 1726096103945 Metric[[thread=hz.eager_dhawan.partition-operation.thread-8,unit=count,metric=operation.thread.priorityPendingCount]=0]
11-09-2024 23:08:23 1726096103945 Metric[[unit=count,metric=operation.invocations.lastCallId]=0]
11-09-2024 23:08:23 1726096103945 Metric[[thread=hz.eager_dhawan.priority-generic-operation.thread-0,unit=count,metric=operation.thread.completedTotalCount]=0]
11-09-2024 23:08:23 1726096103945 Metric[[thread=hz.eager_dhawan.generic-operation.thread-2,unit=count,metric=operation.thread.completedRunnableCount]=0]
11-09-2024 23:08:23 1726096103945 Metric[[thread=hz.eager_dhawan.partition-operation.thread-2,unit=count,metric=operation.thread.normalPendingCount]=0]
11-09-2024 23:08:23 1726096103945 Metric[[thread=hz.eager_dhawan.generic-operation.thread-0,unit=count,metric=operation.thread.completedOperationCount]=0]
11-09-2024 23:08:23 1726096103945 Metric[[thread=hz.eager_dhawan.partition-operation.thread-1,unit=count,metric=operation.thread.completedRunnableCount]=0]
11-09-2024 23:08:23 1726096103945 Metric[[unit=count,metric=transactions.commitCount]=0]
11-09-2024 23:08:23 1726096103945 Metric[[unit=count,metric=raft.destroyedGroupIds]=0]
11-09-2024 23:08:23 1726096103945 Metric[[unit=count,metric=partitions.activePartitionCount]=0]
11-09-2024 23:08:23 1726096103945 Metric[[metric=os.maxFileDescriptorCount]=1048576]
11-09-2024 23:08:23 1726096103945 Metric[[thread=hz.eager_dhawan.partition-operation.thread-8,unit=count,metric=operation.thread.completedOperationBatchCount]=0]
11-09-2024 23:08:23 1726096103945 Metric[[service=hz:core:partitionService,unit=count,metric=event.listenerCount]=3]
11-09-2024 23:08:23 1726096103945 Metric[[unit=count,metric=operation.invocations.pending]=0]
11-09-2024 23:08:23 1726096103945 Metric[[unit=bytes,metric=memory.usedNative]=0]
11-09-2024 23:08:23 1726096103945 Metric[[thread=hz.eager_dhawan.generic-operation.thread-1,unit=count,metric=operation.thread.completedPartitionSpecificRunnableCount]=0]
11-09-2024 23:08:23 1726096103945 Metric[[thread=hz.eager_dhawan.priority-generic-operation.thread-0,unit=count,metric=operation.thread.completedOperationBatchCount]=0]
11-09-2024 23:08:23 1726096103945 Metric[[thread=hz.eager_dhawan.partition-operation.thread-7,unit=count,metric=operation.thread.priorityPendingCount]=0]
11-09-2024 23:08:23 1726096103945 Metric[[thread=hz.eager_dhawan.partition-operation.thread-2,unit=count,metric=operation.thread.completedOperationCount]=0]
11-09-2024 23:08:23 1726096103945 Metric[[thread=hz.eager_dhawan.partition-operation.thread-5,unit=count,metric=operation.thread.normalPendingCount]=0]
11-09-2024 23:08:23 1726096103945 Metric[[dir=user.home,unit=bytes,metric=file.partition.totalSpace]=86289817600]
11-09-2024 23:08:23 1726096103945 Metric[[unit=ms,metric=cluster.clock.clusterStartTime]=-9223372036854775808]
11-09-2024 23:08:23 1726096103945 Metric[[unit=ms,metric=cluster.clock.clusterTime]=1726096103958]
11-09-2024 23:08:23 1726096103945 Metric[[unit=count,metric=partitions.plannedMigrations]=0]
11-09-2024 23:08:23 1726096103945 Metric[[thread=hz.eager_dhawan.generic-operation.thread-3,unit=count,metric=operation.thread.completedOperationCount]=0]
11-09-2024 23:08:23 1726096103945 Metric[[thread=hz.eager_dhawan.partition-operation.thread-4,unit=count,metric=operation.thread.completedRunnableCount]=0]
11-09-2024 23:08:23 1726096103945 Metric[[service=hz:impl:replicatedMapService,unit=count,metric=event.publicationCount]=0]
11-09-2024 23:08:23 1726096103945 Metric[[thread=hz.eager_dhawan.partition-operation.thread-0,unit=count,metric=operation.thread.completedPartitionSpecificRunnableCount]=0]
11-09-2024 23:08:23 1726096103945 Metric[[dir=user.home,unit=bytes,metric=file.partition.usableSpace]=75906158592]
11-09-2024 23:08:23 1726096103945 Metric[[unit=count,metric=proxy.destroyedCount]=0]
11-09-2024 23:08:23 1726096103945 Metric[[unit=count,metric=operation.invocations.normalTimeouts]=0]
11-09-2024 23:08:23 1726096103945 Metric[[unit=count,metric=raft.metadata.activeMembers]=0]
11-09-2024 23:08:23 1726096103945 Metric[[unit=count,metric=operation.failedBackups]=0]
11-09-2024 23:08:23 1726096103945 Metric[[unit=count,metric=partitions.memberGroupsSize]=0]
11-09-2024 23:08:23 1726096103945 Metric[[thread=hz.eager_dhawan.generic-operation.thread-2,unit=count,metric=operation.thread.completedPartitionSpecificRunnableCount]=0]
11-09-2024 23:08:23 1726096103945 Metric[[unit=count,metric=operation.operationTimeoutCount]=0]
11-09-2024 23:08:23 1726096103945 Metric[[thread=hz.eager_dhawan.partition-operation.thread-6,unit=count,metric=operation.thread.priorityPendingCount]=0]
11-09-2024 23:08:23 1726096103945 Metric[[thread=hz.eager_dhawan.generic-operation.thread-4,unit=count,metric=operation.thread.completedRunnableCount]=0]
11-09-2024 23:08:23 1726096103945 Metric[[thread=hz.eager_dhawan.partition-operation.thread-1,unit=count,metric=operation.thread.completedOperationCount]=0]
11-09-2024 23:08:23 1726096103945 Metric[[thread=hz.eager_dhawan.partition-operation.thread-4,unit=count,metric=operation.thread.normalPendingCount]=0]
11-09-2024 23:08:23 1726096103945 Metric[[unit=count,metric=transactions.rollbackCount]=0]
11-09-2024 23:08:23 1726096103945 Metric[[metric=runtime.uptime]=1163]
11-09-2024 23:08:23 1726096103945 Metric[[unit=count,metric=event.queueCapacity]=1000000]
11-09-2024 23:08:23 1726096103945 Metric[[thread=hz.eager_dhawan.generic-operation.thread-2,unit=count,metric=operation.thread.completedOperationCount]=0]
11-09-2024 23:08:23 1726096103945 Metric[[thread=hz.eager_dhawan.partition-operation.thread-3,unit=count,metric=operation.thread.completedRunnableCount]=0]
11-09-2024 23:08:23 1726096103945 Metric[[unit=count,metric=raft.nodes]=0]
11-09-2024 23:08:23 1726096103945 Metric[[thread=hz.eager_dhawan.partition-operation.thread-1,unit=count,metric=operation.thread.completedPartitionSpecificRunnableCount]=0]
11-09-2024 23:08:23 1726096103945 Metric[[unit=count,metric=partitions.stateStamp]=0]
11-09-2024 23:08:23 1726096103945 Metric[[unit=count,metric=partitions.completedMigrations]=0]
11-09-2024 23:08:23 1726096103945 Metric[[unit=bytes,metric=memory.usedHeap]=47221840]
11-09-2024 23:08:23 1726096103945 Metric[[name=__sql.catalog,unit=ms,metric=replicatedMap.totalRemoveLatencies]=0]
11-09-2024 23:08:23 1726096103945 Metric[[name=__sql.catalog,unit=ms,metric=replicatedMap.maxRemoveLatency]=0]
11-09-2024 23:08:23 1726096103945 Metric[[name=__sql.catalog,unit=ms,metric=replicatedMap.maxPutLatency]=0]
11-09-2024 23:08:23 1726096103945 Metric[[name=__sql.catalog,unit=ms,metric=replicatedMap.maxGetLatency]=0]
11-09-2024 23:08:23 1726096103945 Metric[[name=__sql.catalog,unit=ms,metric=replicatedMap.totalPutLatencies]=0]
11-09-2024 23:08:23 1726096103945 Metric[[name=__sql.catalog,unit=ms,metric=replicatedMap.totalGetLatencies]=0]
11-09-2024 23:08:23 1726096103945 Metric[[name=__sql.catalog,unit=count,metric=replicatedMap.total]=0]
11-09-2024 23:08:23 1726096103945 Metric[[name=__sql.catalog,unit=ms,metric=replicatedMap.lastAccessTime]=0]
11-09-2024 23:08:23 1726096103945 Metric[[name=__sql.catalog,unit=ms,metric=replicatedMap.lastUpdateTime]=0]
11-09-2024 23:08:23 1726096103945 Metric[[name=__sql.catalog,unit=count,metric=replicatedMap.hits]=0]
11-09-2024 23:08:23 1726096103945 Metric[[name=__sql.catalog,unit=count,metric=replicatedMap.numberOfOtherOperations]=0]
11-09-2024 23:08:23 1726096103945 Metric[[name=__sql.catalog,unit=count,metric=replicatedMap.numberOfEvents]=0]
11-09-2024 23:08:23 1726096103945 Metric[[name=__sql.catalog,unit=count,metric=replicatedMap.getCount]=0]
11-09-2024 23:08:23 1726096103945 Metric[[name=__sql.catalog,unit=count,metric=replicatedMap.putCount]=0]
11-09-2024 23:08:23 1726096103945 Metric[[name=__sql.catalog,unit=count,metric=replicatedMap.removeCount]=0]
11-09-2024 23:08:23 1726096103945 Metric[[name=__sql.catalog,unit=ms,metric=replicatedMap.creationTime]=1726096103959]
11-09-2024 23:08:23 1726096103945 Metric[[name=__sql.catalog,unit=count,metric=replicatedMap.ownedEntryCount]=0]
11-09-2024 23:08:23 1726096103945 Metric[[name=__sql.catalog,unit=bytes,metric=replicatedMap.ownedEntryMemoryCost]=0]
11-09-2024 23:08:23 1726096103945 Metric[[thread=hz.eager_dhawan.IO.thread-Acceptor,unit=ms,metric=tcp.acceptor.idleTimeMillis]=1726096103962]
11-09-2024 23:08:23 1726096103945 Metric[[thread=hz.eager_dhawan.IO.thread-Acceptor,unit=count,metric=tcp.acceptor.eventCount]=0]
11-09-2024 23:08:23 1726096103945 Metric[[thread=hz.eager_dhawan.IO.thread-Acceptor,unit=count,metric=tcp.acceptor.exceptionCount]=0]
11-09-2024 23:08:23 1726096103945 Metric[[thread=hz.eager_dhawan.IO.thread-Acceptor,unit=count,metric=tcp.acceptor.selectorRecreateCount]=0]
11-09-2024 23:08:23 1726096103945 Metric[[unit=count,metric=tcp.connection.inProgressCount]=1]
11-09-2024 23:08:23 1726096103945 Metric[[unit=count,metric=tcp.connection.count]=0]
11-09-2024 23:08:23 1726096103945 Metric[[unit=count,metric=tcp.connection.openedCount]=0]
11-09-2024 23:08:23 1726096103945 Metric[[unit=count,metric=tcp.connection.closedCount]=0]
11-09-2024 23:08:23 1726096103945 Metric[[unit=count,metric=tcp.connection.activeCount]=0]
11-09-2024 23:08:23 1726096103945 Metric[[unit=count,metric=tcp.connection.acceptedSocketCount]=0]
11-09-2024 23:08:23 1726096103945 Metric[[unit=count,metric=tcp.connection.connectionListenerCount]=3]
11-09-2024 23:08:23 1726096103945 Metric[[unit=count,metric=tcp.connection.clientCount]=0]
11-09-2024 23:08:23 1726096103945 Metric[[unit=count,metric=tcp.connection.textCount]=0]
11-09-2024 23:08:23 1726096103945 Metric[[thread=hz.eager_dhawan.IO.thread-in-0,unit=ms,metric=tcp.inputThread.idleTimeMillis]=1726096103965]
11-09-2024 23:08:23 1726096103945 Metric[[thread=hz.eager_dhawan.IO.thread-in-0,unit=count,metric=tcp.inputThread.ioThreadId]=0]
11-09-2024 23:08:23 1726096103945 Metric[[thread=hz.eager_dhawan.IO.thread-in-0,unit=bytes,metric=tcp.inputThread.bytesTransceived]=0]
11-09-2024 23:08:23 1726096103945 Metric[[thread=hz.eager_dhawan.IO.thread-in-0,unit=count,metric=tcp.inputThread.framesTransceived]=0]
11-09-2024 23:08:23 1726096103945 Metric[[thread=hz.eager_dhawan.IO.thread-in-0,unit=count,metric=tcp.inputThread.priorityFramesTransceived]=0]
11-09-2024 23:08:23 1726096103945 Metric[[thread=hz.eager_dhawan.IO.thread-in-0,unit=count,metric=tcp.inputThread.processCount]=0]
11-09-2024 23:08:23 1726096103945 Metric[[thread=hz.eager_dhawan.IO.thread-in-0,unit=count,metric=tcp.inputThread.taskQueueSize]=0]
11-09-2024 23:08:23 1726096103945 Metric[[thread=hz.eager_dhawan.IO.thread-in-0,unit=count,metric=tcp.inputThread.eventCount]=0]
11-09-2024 23:08:23 1726096103945 Metric[[thread=hz.eager_dhawan.IO.thread-in-0,unit=count,metric=tcp.inputThread.selectorIOExceptionCount]=0]
11-09-2024 23:08:23 1726096103945 Metric[[thread=hz.eager_dhawan.IO.thread-in-0,unit=count,metric=tcp.inputThread.completedTaskCount]=0]
11-09-2024 23:08:23 1726096103945 Metric[[thread=hz.eager_dhawan.IO.thread-in-0,unit=count,metric=tcp.inputThread.selectorRebuildCount]=0]
11-09-2024 23:08:23 1726096103945 Metric[[thread=hz.eager_dhawan.IO.thread-in-1,unit=ms,metric=tcp.inputThread.idleTimeMillis]=1726096103965]
11-09-2024 23:08:23 1726096103945 Metric[[thread=hz.eager_dhawan.IO.thread-in-1,unit=count,metric=tcp.inputThread.ioThreadId]=1]
11-09-2024 23:08:23 1726096103945 Metric[[thread=hz.eager_dhawan.IO.thread-in-1,unit=bytes,metric=tcp.inputThread.bytesTransceived]=0]
11-09-2024 23:08:23 1726096103945 Metric[[thread=hz.eager_dhawan.IO.thread-in-1,unit=count,metric=tcp.inputThread.framesTransceived]=0]
11-09-2024 23:08:23 1726096103945 Metric[[thread=hz.eager_dhawan.IO.thread-in-1,unit=count,metric=tcp.inputThread.priorityFramesTransceived]=0]
11-09-2024 23:08:23 1726096103945 Metric[[thread=hz.eager_dhawan.IO.thread-in-1,unit=count,metric=tcp.inputThread.processCount]=0]
11-09-2024 23:08:23 1726096103945 Metric[[thread=hz.eager_dhawan.IO.thread-in-1,unit=count,metric=tcp.inputThread.taskQueueSize]=0]
11-09-2024 23:08:23 1726096103945 Metric[[thread=hz.eager_dhawan.IO.thread-in-1,unit=count,metric=tcp.inputThread.eventCount]=0]
11-09-2024 23:08:23 1726096103945 Metric[[thread=hz.eager_dhawan.IO.thread-in-1,unit=count,metric=tcp.inputThread.selectorIOExceptionCount]=0]
11-09-2024 23:08:23 1726096103945 Metric[[thread=hz.eager_dhawan.IO.thread-in-1,unit=count,metric=tcp.inputThread.completedTaskCount]=0]
11-09-2024 23:08:23 1726096103945 Metric[[thread=hz.eager_dhawan.IO.thread-in-1,unit=count,metric=tcp.inputThread.selectorRebuildCount]=0]
11-09-2024 23:08:23 1726096103945 Metric[[thread=hz.eager_dhawan.IO.thread-in-2,unit=ms,metric=tcp.inputThread.idleTimeMillis]=1726096103965]
11-09-2024 23:08:23 1726096103945 Metric[[thread=hz.eager_dhawan.IO.thread-in-2,unit=count,metric=tcp.inputThread.ioThreadId]=2]
11-09-2024 23:08:23 1726096103945 Metric[[thread=hz.eager_dhawan.IO.thread-in-2,unit=bytes,metric=tcp.inputThread.bytesTransceived]=0]
11-09-2024 23:08:23 1726096103945 Metric[[thread=hz.eager_dhawan.IO.thread-in-2,unit=count,metric=tcp.inputThread.framesTransceived]=0]
11-09-2024 23:08:23 1726096103945 Metric[[thread=hz.eager_dhawan.IO.thread-in-2,unit=count,metric=tcp.inputThread.priorityFramesTransceived]=0]
11-09-2024 23:08:23 1726096103945 Metric[[thread=hz.eager_dhawan.IO.thread-in-2,unit=count,metric=tcp.inputThread.processCount]=0]
11-09-2024 23:08:23 1726096103945 Metric[[thread=hz.eager_dhawan.IO.thread-in-2,unit=count,metric=tcp.inputThread.taskQueueSize]=0]
11-09-2024 23:08:23 1726096103945 Metric[[thread=hz.eager_dhawan.IO.thread-in-2,unit=count,metric=tcp.inputThread.eventCount]=0]
11-09-2024 23:08:23 1726096103945 Metric[[thread=hz.eager_dhawan.IO.thread-in-2,unit=count,metric=tcp.inputThread.selectorIOExceptionCount]=0]
11-09-2024 23:08:23 1726096103945 Metric[[thread=hz.eager_dhawan.IO.thread-in-2,unit=count,metric=tcp.inputThread.completedTaskCount]=0]
11-09-2024 23:08:23 1726096103945 Metric[[thread=hz.eager_dhawan.IO.thread-in-2,unit=count,metric=tcp.inputThread.selectorRebuildCount]=0]
11-09-2024 23:08:23 1726096103945 Metric[[thread=hz.eager_dhawan.IO.thread-out-0,unit=ms,metric=tcp.outputThread.idleTimeMillis]=1726096103965]
11-09-2024 23:08:23 1726096103945 Metric[[thread=hz.eager_dhawan.IO.thread-out-0,unit=count,metric=tcp.outputThread.ioThreadId]=0]
11-09-2024 23:08:23 1726096103945 Metric[[thread=hz.eager_dhawan.IO.thread-out-0,unit=bytes,metric=tcp.outputThread.bytesTransceived]=0]
11-09-2024 23:08:23 1726096103945 Metric[[thread=hz.eager_dhawan.IO.thread-out-0,unit=count,metric=tcp.outputThread.framesTransceived]=0]
11-09-2024 23:08:23 1726096103945 Metric[[thread=hz.eager_dhawan.IO.thread-out-0,unit=count,metric=tcp.outputThread.priorityFramesTransceived]=0]
11-09-2024 23:08:23 1726096103945 Metric[[thread=hz.eager_dhawan.IO.thread-out-0,unit=count,metric=tcp.outputThread.processCount]=0]
11-09-2024 23:08:23 1726096103945 Metric[[thread=hz.eager_dhawan.IO.thread-out-0,unit=count,metric=tcp.outputThread.taskQueueSize]=0]
11-09-2024 23:08:23 1726096103945 Metric[[thread=hz.eager_dhawan.IO.thread-out-0,unit=count,metric=tcp.outputThread.eventCount]=0]
11-09-2024 23:08:23 1726096103945 Metric[[thread=hz.eager_dhawan.IO.thread-out-0,unit=count,metric=tcp.outputThread.selectorIOExceptionCount]=0]
11-09-2024 23:08:23 1726096103945 Metric[[thread=hz.eager_dhawan.IO.thread-out-0,unit=count,metric=tcp.outputThread.completedTaskCount]=0]
11-09-2024 23:08:23 1726096103945 Metric[[thread=hz.eager_dhawan.IO.thread-out-0,unit=count,metric=tcp.outputThread.selectorRebuildCount]=0]
11-09-2024 23:08:23 1726096103945 Metric[[thread=hz.eager_dhawan.IO.thread-out-1,unit=ms,metric=tcp.outputThread.idleTimeMillis]=1726096103965]
11-09-2024 23:08:23 1726096103945 Metric[[thread=hz.eager_dhawan.IO.thread-out-1,unit=count,metric=tcp.outputThread.ioThreadId]=1]
11-09-2024 23:08:23 1726096103945 Metric[[thread=hz.eager_dhawan.IO.thread-out-1,unit=bytes,metric=tcp.outputThread.bytesTransceived]=0]
11-09-2024 23:08:23 1726096103945 Metric[[thread=hz.eager_dhawan.IO.thread-out-1,unit=count,metric=tcp.outputThread.framesTransceived]=0]
11-09-2024 23:08:23 1726096103945 Metric[[thread=hz.eager_dhawan.IO.thread-out-1,unit=count,metric=tcp.outputThread.priorityFramesTransceived]=0]
11-09-2024 23:08:23 1726096103945 Metric[[thread=hz.eager_dhawan.IO.thread-out-1,unit=count,metric=tcp.outputThread.processCount]=0]
11-09-2024 23:08:23 1726096103945 Metric[[thread=hz.eager_dhawan.IO.thread-out-1,unit=count,metric=tcp.outputThread.taskQueueSize]=0]
11-09-2024 23:08:23 1726096103945 Metric[[thread=hz.eager_dhawan.IO.thread-out-1,unit=count,metric=tcp.outputThread.eventCount]=0]
11-09-2024 23:08:23 1726096103945 Metric[[thread=hz.eager_dhawan.IO.thread-out-1,unit=count,metric=tcp.outputThread.selectorIOExceptionCount]=0]
11-09-2024 23:08:23 1726096103945 Metric[[thread=hz.eager_dhawan.IO.thread-out-1,unit=count,metric=tcp.outputThread.completedTaskCount]=0]
11-09-2024 23:08:23 1726096103945 Metric[[thread=hz.eager_dhawan.IO.thread-out-1,unit=count,metric=tcp.outputThread.selectorRebuildCount]=0]
11-09-2024 23:08:23 1726096103945 Metric[[thread=hz.eager_dhawan.IO.thread-out-2,unit=ms,metric=tcp.outputThread.idleTimeMillis]=1726096103965]
11-09-2024 23:08:23 1726096103945 Metric[[thread=hz.eager_dhawan.IO.thread-out-2,unit=count,metric=tcp.outputThread.ioThreadId]=2]
11-09-2024 23:08:23 1726096103945 Metric[[thread=hz.eager_dhawan.IO.thread-out-2,unit=bytes,metric=tcp.outputThread.bytesTransceived]=0]
11-09-2024 23:08:23 1726096103945 Metric[[thread=hz.eager_dhawan.IO.thread-out-2,unit=count,metric=tcp.outputThread.framesTransceived]=0]
11-09-2024 23:08:23 1726096103945 Metric[[thread=hz.eager_dhawan.IO.thread-out-2,unit=count,metric=tcp.outputThread.priorityFramesTransceived]=0]
11-09-2024 23:08:23 1726096103945 Metric[[thread=hz.eager_dhawan.IO.thread-out-2,unit=count,metric=tcp.outputThread.processCount]=0]
11-09-2024 23:08:23 1726096103945 Metric[[thread=hz.eager_dhawan.IO.thread-out-2,unit=count,metric=tcp.outputThread.taskQueueSize]=0]
11-09-2024 23:08:23 1726096103945 Metric[[thread=hz.eager_dhawan.IO.thread-out-2,unit=count,metric=tcp.outputThread.eventCount]=0]
11-09-2024 23:08:23 1726096103945 Metric[[thread=hz.eager_dhawan.IO.thread-out-2,unit=count,metric=tcp.outputThread.selectorIOExceptionCount]=0]
11-09-2024 23:08:23 1726096103945 Metric[[thread=hz.eager_dhawan.IO.thread-out-2,unit=count,metric=tcp.outputThread.completedTaskCount]=0]
11-09-2024 23:08:23 1726096103945 Metric[[thread=hz.eager_dhawan.IO.thread-out-2,unit=count,metric=tcp.outputThread.selectorRebuildCount]=0]
11-09-2024 23:08:23 1726096103945 Metric[[unit=count,metric=tcp.balancer.imbalanceDetectedCount]=0]
11-09-2024 23:08:23 1726096103945 Metric[[unit=count,metric=tcp.balancer.migrationCompletedCount]=0]
11-09-2024 23:08:23 1726096103945 Metric[[unit=bytes,metric=tcp.bytesSend]=0]
11-09-2024 23:08:23 1726096103945 Metric[[unit=bytes,metric=tcp.bytesReceived]=0]
11-09-2024 23:08:23 1726096103945 Metric[[unit=count,metric=tcp.packetsSend]=0]
11-09-2024 23:08:23 1726096103945 Metric[[unit=count,metric=tcp.packetsReceived]=0]
11-09-2024 23:08:23 1726096103945 Metric[[name=hz:cluster,unit=count,metric=executor.internal.remainingQueueCapacity]=2147483647]
11-09-2024 23:08:23 1726096103945 Metric[[name=hz:cluster,unit=count,metric=executor.internal.queueSize]=0]
11-09-2024 23:08:23 1726096103945 Metric[[name=hz:cluster,unit=count,metric=executor.internal.maximumPoolSize]=2]
11-09-2024 23:08:23 1726096103945 Metric[[name=hz:cluster,unit=count,metric=executor.internal.completedTasks]=0]
11-09-2024 23:08:23 1726096103945 Metric[[name=hz:cluster,unit=count,metric=executor.internal.poolSize]=0]
11-09-2024 23:08:23 1726096103945 Metric[[name=hz:cluster:event,unit=count,metric=executor.internal.remainingQueueCapacity]=2147483647]
11-09-2024 23:08:23 1726096103945 Metric[[name=hz:cluster:event,unit=count,metric=executor.internal.queueSize]=0]
11-09-2024 23:08:23 1726096103945 Metric[[name=hz:cluster:event,unit=count,metric=executor.internal.maximumPoolSize]=1]
11-09-2024 23:08:23 1726096103945 Metric[[name=hz:cluster:event,unit=count,metric=executor.internal.completedTasks]=6]
11-09-2024 23:08:23 1726096103945 Metric[[name=hz:cluster:event,unit=count,metric=executor.internal.poolSize]=0]
11-09-2024 23:08:23 1726096103945 Metric[[name=hz:offloadable,unit=count,metric=executor.internal.remainingQueueCapacity]=100000]
11-09-2024 23:08:23 1726096103945 Metric[[name=hz:offloadable,unit=count,metric=executor.internal.queueSize]=0]
11-09-2024 23:08:23 1726096103945 Metric[[name=hz:offloadable,unit=count,metric=executor.internal.maximumPoolSize]=10]
11-09-2024 23:08:23 1726096103945 Metric[[name=hz:offloadable,unit=count,metric=executor.internal.completedTasks]=0]
11-09-2024 23:08:23 1726096103945 Metric[[name=hz:offloadable,unit=count,metric=executor.internal.poolSize]=0]
11-09-2024 23:08:23 1726096103945 Metric[[name=hz:splitBrainProtection,unit=count,metric=executor.internal.remainingQueueCapacity]=2147483647]
11-09-2024 23:08:23 1726096103945 Metric[[name=hz:splitBrainProtection,unit=count,metric=executor.internal.queueSize]=0]
11-09-2024 23:08:23 1726096103945 Metric[[name=hz:splitBrainProtection,unit=count,metric=executor.internal.maximumPoolSize]=1]
11-09-2024 23:08:23 1726096103945 Metric[[name=hz:splitBrainProtection,unit=count,metric=executor.internal.completedTasks]=0]
11-09-2024 23:08:23 1726096103945 Metric[[name=hz:splitBrainProtection,unit=count,metric=executor.internal.poolSize]=0]
11-09-2024 23:08:23 1726096103945 Metric[[name=hz:client,unit=count,metric=executor.internal.remainingQueueCapacity]=1000000]
11-09-2024 23:08:23 1726096103945 Metric[[name=hz:client,unit=count,metric=executor.internal.queueSize]=0]
11-09-2024 23:08:23 1726096103945 Metric[[name=hz:client,unit=count,metric=executor.internal.maximumPoolSize]=10]
11-09-2024 23:08:23 1726096103945 Metric[[name=hz:client,unit=count,metric=executor.internal.completedTasks]=0]
11-09-2024 23:08:23 1726096103945 Metric[[name=hz:client,unit=count,metric=executor.internal.poolSize]=0]
11-09-2024 23:08:23 1726096103945 Metric[[name=hz:cluster:mastership,unit=count,metric=executor.internal.remainingQueueCapacity]=2147483647]
11-09-2024 23:08:23 1726096103945 Metric[[name=hz:cluster:mastership,unit=count,metric=executor.internal.queueSize]=0]
11-09-2024 23:08:23 1726096103945 Metric[[name=hz:cluster:mastership,unit=count,metric=executor.internal.maximumPoolSize]=1]
11-09-2024 23:08:23 1726096103945 Metric[[name=hz:cluster:mastership,unit=count,metric=executor.internal.completedTasks]=0]
11-09-2024 23:08:23 1726096103945 Metric[[name=hz:cluster:mastership,unit=count,metric=executor.internal.poolSize]=0]
11-09-2024 23:08:23 1726096103945 Metric[[name=hz:async,unit=count,metric=executor.internal.remainingQueueCapacity]=100000]
11-09-2024 23:08:23 1726096103945 Metric[[name=hz:async,unit=count,metric=executor.internal.queueSize]=0]
11-09-2024 23:08:23 1726096103945 Metric[[name=hz:async,unit=count,metric=executor.internal.maximumPoolSize]=10]
11-09-2024 23:08:23 1726096103945 Metric[[name=hz:async,unit=count,metric=executor.internal.completedTasks]=0]
11-09-2024 23:08:23 1726096103945 Metric[[name=hz:async,unit=count,metric=executor.internal.poolSize]=0]
11-09-2024 23:08:23 1726096103945 Metric[[name=hz:client-blocking-tasks,unit=count,metric=executor.internal.remainingQueueCapacity]=1000000]
11-09-2024 23:08:23 1726096103945 Metric[[name=hz:client-blocking-tasks,unit=count,metric=executor.internal.queueSize]=0]
11-09-2024 23:08:23 1726096103945 Metric[[name=hz:client-blocking-tasks,unit=count,metric=executor.internal.maximumPoolSize]=200]
11-09-2024 23:08:23 1726096103945 Metric[[name=hz:client-blocking-tasks,unit=count,metric=executor.internal.completedTasks]=0]
11-09-2024 23:08:23 1726096103945 Metric[[name=hz:client-blocking-tasks,unit=count,metric=executor.internal.poolSize]=0]
11-09-2024 23:08:23 1726096103945 Metric[[name=hz:client-query,unit=count,metric=executor.internal.remainingQueueCapacity]=1000000]
11-09-2024 23:08:23 1726096103945 Metric[[name=hz:client-query,unit=count,metric=executor.internal.queueSize]=0]
11-09-2024 23:08:23 1726096103945 Metric[[name=hz:client-query,unit=count,metric=executor.internal.maximumPoolSize]=10]
11-09-2024 23:08:23 1726096103945 Metric[[name=hz:client-query,unit=count,metric=executor.internal.completedTasks]=0]
11-09-2024 23:08:23 1726096103945 Metric[[name=hz:client-query,unit=count,metric=executor.internal.poolSize]=0]
11-09-2024 23:08:23 1726096103945 Metric[[name=hz:scheduled,unit=count,metric=executor.internal.remainingQueueCapacity]=1000000]
11-09-2024 23:08:23 1726096103945 Metric[[name=hz:scheduled,unit=count,metric=executor.internal.queueSize]=0]
11-09-2024 23:08:23 1726096103945 Metric[[name=hz:scheduled,unit=count,metric=executor.internal.maximumPoolSize]=20]
11-09-2024 23:08:23 1726096103945 Metric[[name=hz:scheduled,unit=count,metric=executor.internal.completedTasks]=1]
11-09-2024 23:08:23 1726096103945 Metric[[name=hz:scheduled,unit=count,metric=executor.internal.poolSize]=0]
11-09-2024 23:08:23 1726096103945 Metric[[name=hz:system,unit=count,metric=executor.internal.remainingQueueCapacity]=2147483647]
11-09-2024 23:08:23 1726096103945 Metric[[name=hz:system,unit=count,metric=executor.internal.queueSize]=0]
11-09-2024 23:08:23 1726096103945 Metric[[name=hz:system,unit=count,metric=executor.internal.maximumPoolSize]=10]
11-09-2024 23:08:23 1726096103945 Metric[[name=hz:system,unit=count,metric=executor.internal.completedTasks]=0]
11-09-2024 23:08:23 1726096103945 Metric[[name=hz:system,unit=count,metric=executor.internal.poolSize]=0]
11-09-2024 23:08:23 1726096103945 Metric[[name=MetricsPublisher,unit=count,metric=executor.internal.remainingQueueCapacity]=2147483647]
11-09-2024 23:08:23 1726096103945 Metric[[name=MetricsPublisher,unit=count,metric=executor.internal.queueSize]=0]
11-09-2024 23:08:23 1726096103945 Metric[[name=MetricsPublisher,unit=count,metric=executor.internal.maximumPoolSize]=16]
11-09-2024 23:08:23 1726096103945 Metric[[name=MetricsPublisher,unit=count,metric=executor.internal.completedTasks]=0]
11-09-2024 23:08:23 1726096103945 Metric[[name=MetricsPublisher,unit=count,metric=executor.internal.poolSize]=0]
11-09-2024 23:08:23 1726096103945 Metric[[name=hz:cluster:splitbrain,unit=count,metric=executor.internal.remainingQueueCapacity]=2147483647]
11-09-2024 23:08:23 1726096103945 Metric[[name=hz:cluster:splitbrain,unit=count,metric=executor.internal.queueSize]=0]
11-09-2024 23:08:23 1726096103945 Metric[[name=hz:cluster:splitbrain,unit=count,metric=executor.internal.maximumPoolSize]=2]
11-09-2024 23:08:23 1726096103945 Metric[[name=hz:cluster:splitbrain,unit=count,metric=executor.internal.completedTasks]=0]
11-09-2024 23:08:23 1726096103945 Metric[[name=hz:cluster:splitbrain,unit=count,metric=executor.internal.poolSize]=0]
11-09-2024 23:08:23 1726096103945 Metric[[name=hz:cluster:version:auto:upgrade,unit=count,metric=executor.internal.remainingQueueCapacity]=2147483647]
11-09-2024 23:08:23 1726096103945 Metric[[name=hz:cluster:version:auto:upgrade,unit=count,metric=executor.internal.queueSize]=0]
11-09-2024 23:08:23 1726096103945 Metric[[name=hz:cluster:version:auto:upgrade,unit=count,metric=executor.internal.maximumPoolSize]=1]
11-09-2024 23:08:23 1726096103945 Metric[[name=hz:cluster:version:auto:upgrade,unit=count,metric=executor.internal.completedTasks]=0]
11-09-2024 23:08:23 1726096103945 Metric[[name=hz:cluster:version:auto:upgrade,unit=count,metric=executor.internal.poolSize]=0]
11-09-2024 23:08:23 1726096103945 Metric[[name=hz:query,unit=count,metric=executor.internal.remainingQueueCapacity]=2147483647]
11-09-2024 23:08:23 1726096103945 Metric[[name=hz:query,unit=count,metric=executor.internal.queueSize]=0]
11-09-2024 23:08:23 1726096103945 Metric[[name=hz:query,unit=count,metric=executor.internal.maximumPoolSize]=16]
11-09-2024 23:08:23 1726096103945 Metric[[name=hz:query,unit=count,metric=executor.internal.completedTasks]=0]
11-09-2024 23:08:23 1726096103945 Metric[[name=hz:query,unit=count,metric=executor.internal.poolSize]=0]
11-09-2024 23:08:23 1726096103945 Metric[[name=hz:CRDTReplicationMigration,unit=count,metric=executor.internal.remainingQueueCapacity]=2147483647]
11-09-2024 23:08:23 1726096103945 Metric[[name=hz:CRDTReplicationMigration,unit=count,metric=executor.internal.queueSize]=0]
11-09-2024 23:08:23 1726096103945 Metric[[name=hz:CRDTReplicationMigration,unit=count,metric=executor.internal.maximumPoolSize]=16]
11-09-2024 23:08:23 1726096103945 Metric[[name=hz:CRDTReplicationMigration,unit=count,metric=executor.internal.completedTasks]=1]
11-09-2024 23:08:23 1726096103945 Metric[[name=hz:CRDTReplicationMigration,unit=count,metric=executor.internal.poolSize]=0]
11-09-2024 23:08:23 1726096103945 Metric[[name=hz:scheduled:cqc:f68eb281-08ed-42bf-8daa-2697ae5f311d,unit=count,metric=executor.internal.remainingQueueCapacity]=10000]
11-09-2024 23:08:23 1726096103945 Metric[[name=hz:scheduled:cqc:f68eb281-08ed-42bf-8daa-2697ae5f311d,unit=count,metric=executor.internal.queueSize]=0]
11-09-2024 23:08:23 1726096103945 Metric[[name=hz:scheduled:cqc:f68eb281-08ed-42bf-8daa-2697ae5f311d,unit=count,metric=executor.internal.maximumPoolSize]=1]
11-09-2024 23:08:23 1726096103945 Metric[[name=hz:scheduled:cqc:f68eb281-08ed-42bf-8daa-2697ae5f311d,unit=count,metric=executor.internal.completedTasks]=0]
11-09-2024 23:08:23 1726096103945 Metric[[name=hz:scheduled:cqc:f68eb281-08ed-42bf-8daa-2697ae5f311d,unit=count,metric=executor.internal.poolSize]=0]
11-09-2024 23:08:23 1726096103945 Metric[[name=hz:io,unit=count,metric=executor.internal.remainingQueueCapacity]=2147483647]
11-09-2024 23:08:23 1726096103945 Metric[[name=hz:io,unit=count,metric=executor.internal.queueSize]=0]
11-09-2024 23:08:23 1726096103945 Metric[[name=hz:io,unit=count,metric=executor.internal.maximumPoolSize]=16]
11-09-2024 23:08:23 1726096103945 Metric[[name=hz:io,unit=count,metric=executor.internal.completedTasks]=0]
11-09-2024 23:08:23 1726096103945 Metric[[name=hz:io,unit=count,metric=executor.internal.poolSize]=1]
11-09-2024 23:08:23 1726096103975 SlowOperations[]
11-09-2024 23:08:23 1726096103976 Invocations[
                          Pending[]
                          History[]
                          SlowHistory[]]
11-09-2024 23:08:23 1726096103977 InvocationProfiler[]
11-09-2024 23:08:23 1726096103977 OperationsProfiler[]
11-09-2024 23:08:23 1726096103977 HazelcastInstance[
                          thisAddress=[172.18.0.4]:5701
                          isRunning=true
                          isLite=false
                          joined=false
                          nodeState=ACTIVE
                          clusterId=null
                          clusterSize=1
                          isMaster=false
                          masterAddress=null
                          Members[
                                  [172.18.0.4]:5701]]
11-09-2024 23:08:23 1726096103978 ClusterVersionChanged[
                          5.0]
11-09-2024 23:08:23 1726096103979 Lifecycle[
                          STARTING]
11-09-2024 23:08:23 1726096103979 MemberAdded[
                          member=[172.18.0.4]:5701
                          Members[
                                  [172.18.0.4]:5701:this:master]]
11-09-2024 23:08:24 1726096104946 ConnectionAdded[
                          Connection[id=1, /10.0.1.97:39755->hazelcast/10.0.1.16:5701, qualifier=null, endpoint=[172.18.0.12]:5701, alive=true, connectionType=MEMBER, planeIndex=0]
                          type=MEMBER
                          isAlive=true]
11-09-2024 23:08:28 1726096108945 InvocationProfiler[]
11-09-2024 23:08:28 1726096108946 OperationsProfiler[
                          com.hazelcast.client.impl.protocol.task.AuthenticationMessageTask[
                                  count=33
                                  totalTime(us)=12,594
                                  avg(us)=381
                                  max(us)=4,521
                                  latency-distribution[
                                          64..127us=4
                                          128..255us=17
                                          256..511us=10
                                          512..1023us=1
                                          4096..8191us=1]]]
11-09-2024 23:08:33 1726096113946 InvocationProfiler[]
11-09-2024 23:08:33 1726096113948 OperationsProfiler[
                          com.hazelcast.client.impl.protocol.task.AuthenticationMessageTask[
                                  count=43
                                  totalTime(us)=20,237
                                  avg(us)=470
                                  max(us)=4,521
                                  latency-distribution[
                                          64..127us=4
                                          128..255us=17
                                          256..511us=13
                                          512..1023us=5
                                          1024..2047us=3
                                          4096..8191us=1]]]
11-09-2024 23:08:38 1726096118945 InvocationProfiler[]
11-09-2024 23:08:38 1726096118946 OperationsProfiler[
                          com.hazelcast.client.impl.protocol.task.AuthenticationMessageTask[
                                  count=53
                                  totalTime(us)=27,393
                                  avg(us)=516
                                  max(us)=4,521
                                  latency-distribution[
                                          64..127us=4
                                          128..255us=17
                                          256..511us=17
                                          512..1023us=10
                                          1024..2047us=4
                                          4096..8191us=1]]]
11-09-2024 23:08:43 1726096123945 InvocationProfiler[]
11-09-2024 23:08:43 1726096123946 OperationsProfiler[
                          com.hazelcast.client.impl.protocol.task.AuthenticationMessageTask[
                                  count=63
                                  totalTime(us)=33,892
                                  avg(us)=537
                                  max(us)=4,521
                                  latency-distribution[
                                          64..127us=4
                                          128..255us=17
                                          256..511us=19
                                          512..1023us=17
                                          1024..2047us=5
                                          4096..8191us=1]]]
11-09-2024 23:08:48 1726096128944 InvocationProfiler[]
11-09-2024 23:08:48 1726096128946 OperationsProfiler[
                          com.hazelcast.client.impl.protocol.task.AuthenticationMessageTask[
                                  count=73
                                  totalTime(us)=43,152
                                  avg(us)=591
                                  max(us)=4,521
                                  latency-distribution[
                                          64..127us=4
                                          128..255us=17
                                          256..511us=20
                                          512..1023us=23
                                          1024..2047us=7
                                          2048..4095us=1
                                          4096..8191us=1]]]
