11-09-2024 01:55:37 1726019737857 BuildInfo[
                          Build=20220328
                          BuildNumber=20220328
                          Revision=52ab9d6
                          Version=5.0.3
                          SerialVersion=1
                          Enterprise=false]
11-09-2024 01:55:37 1726019737858 SystemProperties[
                          hazelcast.config=/opt/hazelcast/config/hazelcast.xml
                          hazelcast.logging.type=log4j2
                          hazelcast.tracking.server=true
                          java.class.path=/opt/hazelcast/*:/opt/hazelcast/lib:/opt/hazelcast/lib/log4j-slf4j-impl-2.17.1.jar:/opt/hazelcast/lib/hazelcast-jet-cdc-mysql-5.0.3.jar:/opt/hazelcast/lib/jmx_prometheus_javaagent-0.14.0.jar:/opt/hazelcast/lib/cache-api-1.1.1.jar:/opt/hazelcast/lib/hazelcast-jet-python-5.0.3.jar:/opt/hazelcast/lib/hazelcast-jet-files-s3-5.0.3.jar:/opt/hazelcast/lib/hazelcast-jet-csv-5.0.3.jar:/opt/hazelcast/lib/jline-terminal-jansi-3.21.0.jar:/opt/hazelcast/lib/hazelcast-sql-5.0.3.jar:/opt/hazelcast/lib/hazelcast-3-connector-interface-5.0.3.jar:/opt/hazelcast/lib/hazelcast-jet-hadoop-all-5.0.3.jar:/opt/hazelcast/lib/hazelcast-5.0.3.jar:/opt/hazelcast/lib/hazelcast-jet-kinesis-5.0.3.jar:/opt/hazelcast/lib/jansi-2.4.0.jar:/opt/hazelcast/lib/hazelcast-3-connector-common-5.0.3.jar:/opt/hazelcast/lib/slf4j-api-1.7.36.jar:/opt/hazelcast/lib/hazelcast-wm-4.0.jar:/opt/hazelcast/lib/hazelcast-jet-files-azure-5.0.3.jar:/opt/hazelcast/lib/hazelcast-jet-kafka-5.0.3.jar:/opt/hazelcast/lib/hazelcast-jet-protobuf-5.0.3.jar:/opt/hazelcast/lib/jline-reader-3.21.0.jar:/opt/hazelcast/lib/hazelcast-jet-elasticsearch-7-5.0.3.jar:/opt/hazelcast/lib/picocli-4.4.0.jar:/opt/hazelcast/lib/jline-terminal-3.21.0.jar:/opt/hazelcast/lib/hazelcast-jet-cdc-postgres-5.0.3.jar:/opt/hazelcast/lib/hazelcast-distribution-5.0.3.jar:/opt/hazelcast/lib/hazelcast-hibernate53-2.1.1.jar:/opt/hazelcast/lib/hazelcast-jet-grpc-5.0.3.jar:/opt/hazelcast/lib/hazelcast-jet-s3-5.0.3.jar:/opt/hazelcast/lib/hazelcast-jet-cdc-debezium-5.0.3.jar:/opt/hazelcast/lib/log4j-api-2.17.1.jar:/opt/hazelcast/lib/hazelcast-jet-files-gcs-5.0.3.jar:/opt/hazelcast/lib/log4j-core-2.17.1.jar:/opt/hazelcast/lib/hazelcast-jet-avro-5.0.3.jar:/opt/hazelcast/bin/user-lib:/opt/hazelcast/bin/user-lib/*
                          java.class.version=55.0
                          java.home=/usr/lib/jvm/java-11-openjdk
                          java.io.tmpdir=/tmp
                          java.library.path=/usr/lib/jvm/java-11-openjdk/lib/server:/usr/lib/jvm/java-11-openjdk/lib:/usr/lib/jvm/java-11-openjdk/../lib:/usr/java/packages/lib:/lib:/usr/lib:/usr/lib64:/lib64
                          java.net.preferIPv4Stack=true
                          java.runtime.name=OpenJDK Runtime Environment
                          java.runtime.version=11.0.14+9-alpine-r0
                          java.specification.name=Java Platform API Specification
                          java.specification.vendor=Oracle Corporation
                          java.specification.version=11
                          java.vendor=Alpine
                          java.vendor.url=https://alpinelinux.org/
                          java.vendor.url.bug=https://gitlab.alpinelinux.org/alpine/aports/issues
                          java.version=11.0.14
                          java.version.date=2022-01-18
                          java.vm.args=--add-modules=java.se --add-exports=java.base/jdk.internal.ref=ALL-UNNAMED --add-opens=java.base/java.lang=ALL-UNNAMED --add-opens=java.base/java.nio=ALL-UNNAMED --add-opens=java.base/sun.nio.ch=ALL-UNNAMED --add-opens=java.management/sun.management=ALL-UNNAMED --add-opens=jdk.management/com.sun.management.internal=ALL-UNNAMED -Dhazelcast.logging.type=log4j2 -Dlog4j.configurationFile=file:/opt/hazelcast/config/log4j2.properties -Dhazelcast.config=/opt/hazelcast/config/hazelcast-docker.xml -Djet.custom.lib.dir=/opt/hazelcast/custom-lib -Djava.net.preferIPv4Stack=true -XX:MaxRAMPercentage=80.0 -XX:MaxGCPauseMillis=5 
                          java.vm.compressedOopsMode=Zero based
                          java.vm.info=mixed mode
                          java.vm.name=OpenJDK 64-Bit Server VM
                          java.vm.specification.name=Java Virtual Machine Specification
                          java.vm.specification.vendor=Oracle Corporation
                          java.vm.specification.version=11
                          java.vm.vendor=Alpine
                          java.vm.version=11.0.14+9-alpine-r0
                          os.arch=aarch64
                          os.name=Linux
                          os.version=6.6.32-linuxkit
                          sun.arch.data.model=64
                          sun.boot.library.path=/usr/lib/jvm/java-11-openjdk/lib
                          sun.cpu.endian=little
                          sun.cpu.isalist=
                          sun.io.unicode.encoding=UnicodeLittle
                          sun.java.command=com.hazelcast.commandline.HazelcastServerCommandLine start -c /opt/hazelcast/config/hazelcast.xml
                          sun.java.launcher=SUN_STANDARD
                          sun.jnu.encoding=UTF-8
                          sun.management.compiler=HotSpot 64-Bit Tiered Compilers
                          sun.os.patch.level=unknown]
11-09-2024 01:55:37 1726019737858 ConfigProperties[
                          hazelcast.diagnostics.directory=/opt/hazelcast/logs
                          hazelcast.diagnostics.enabled=true
                          hazelcast.diagnostics.invocation.sample.period.seconds=30
                          hazelcast.diagnostics.metric.level=DEBUG
                          hazelcast.local.public.address=192.168.1.2
                          hazelcast.logging.type=log4j2]
11-09-2024 01:55:37 1726019737858 Metric[[metric=classloading.totalLoadedClassesCount]=7281]
11-09-2024 01:55:37 1726019737858 Metric[[thread=hz.festive_shockley.partition-operation.thread-0,unit=count,metric=operation.thread.errorCount]=0]
11-09-2024 01:55:37 1726019737858 Metric[[thread=hz.festive_shockley.partition-operation.thread-2,unit=count,metric=operation.thread.completedPacketCount]=0]
11-09-2024 01:55:37 1726019737858 Metric[[thread=hz.festive_shockley.partition-operation.thread-2,unit=count,metric=operation.thread.completedOperationBatchCount]=0]
11-09-2024 01:55:37 1726019737858 Metric[[unit=ns,metric=partitions.elapsedDestinationCommitTime]=0]
11-09-2024 01:55:37 1726019737858 Metric[[unit=count,metric=operation.genericQueueSize]=0]
11-09-2024 01:55:37 1726019737858 Metric[[thread=hz.festive_shockley.partition-operation.thread-8,unit=count,metric=operation.thread.completedOperationCount]=0]
11-09-2024 01:55:37 1726019737858 Metric[[unit=count,metric=partitions.replicaSyncSemaphore]=10]
11-09-2024 01:55:37 1726019737858 Metric[[thread=hz.festive_shockley.generic-operation.thread-0,unit=count,metric=operation.thread.completedOperationCount]=0]
11-09-2024 01:55:37 1726019737858 Metric[[unit=count,metric=operation.genericThreadCount]=6]
11-09-2024 01:55:37 1726019737858 Metric[[thread=hz.festive_shockley.partition-operation.thread-1,unit=count,metric=operation.thread.priorityPendingCount]=0]
11-09-2024 01:55:37 1726019737858 Metric[[unit=count,metric=operation.completedCount]=0]
11-09-2024 01:55:37 1726019737858 Metric[[thread=hz.festive_shockley.partition-operation.thread-2,unit=count,metric=operation.thread.completedRunnableCount]=0]
11-09-2024 01:55:37 1726019737858 Metric[[thread=hz.festive_shockley.partition-operation.thread-3,unit=count,metric=operation.thread.normalPendingCount]=0]
11-09-2024 01:55:37 1726019737858 Metric[[metric=classloading.unloadedClassesCount]=0]
11-09-2024 01:55:37 1726019737858 Metric[[unit=count,metric=operation.runningPartitionCount]=0]
11-09-2024 01:55:37 1726019737858 Metric[[metric=os.committedVirtualMemorySize]=8569950208]
11-09-2024 01:55:37 1726019737858 Metric[[unit=ns,metric=partitions.elapsedMigrationTime]=0]
11-09-2024 01:55:37 1726019737858 Metric[[thread=hz.festive_shockley.partition-operation.thread-1,unit=count,metric=operation.thread.errorCount]=0]
11-09-2024 01:55:37 1726019737858 Metric[[unit=count,metric=partitions.migrationQueueSize]=0]
11-09-2024 01:55:37 1726019737858 Metric[[thread=hz.festive_shockley.partition-operation.thread-1,unit=count,metric=operation.thread.completedOperationBatchCount]=0]
11-09-2024 01:55:37 1726019737858 Metric[[thread=hz.festive_shockley.partition-operation.thread-3,unit=count,metric=operation.thread.completedPacketCount]=0]
11-09-2024 01:55:37 1726019737858 Metric[[unit=count,metric=event.threadCount]=5]
11-09-2024 01:55:37 1726019737858 Metric[[metric=runtime.usedMemory]=48697936]
11-09-2024 01:55:37 1726019737858 Metric[[unit=ns,metric=partitions.totalElapsedMigrationTime]=0]
11-09-2024 01:55:37 1726019737858 Metric[[unit=bytes,metric=memory.maxHeap]=6578765824]
11-09-2024 01:55:37 1726019737858 Metric[[thread=hz.festive_shockley.partition-operation.thread-9,unit=count,metric=operation.thread.completedOperationCount]=0]
11-09-2024 01:55:37 1726019737858 Metric[[unit=ms,metric=cluster.clock.maxClusterTimeDiff]=0]
11-09-2024 01:55:37 1726019737858 Metric[[thread=hz.festive_shockley.partition-operation.thread-2,unit=count,metric=operation.thread.priorityPendingCount]=0]
11-09-2024 01:55:37 1726019737858 Metric[[unit=ns,metric=partitions.totalElapsedMigrationOperationTime]=0]
11-09-2024 01:55:37 1726019737858 Metric[[metric=os.processCpuTime]=3810000000]
11-09-2024 01:55:37 1726019737858 Metric[[unit=bytes,metric=memory.committedHeap]=260046848]
11-09-2024 01:55:37 1726019737858 Metric[[unit=count,metric=raft.terminatedRaftNodeGroupIds]=0]
11-09-2024 01:55:37 1726019737858 Metric[[thread=hz.festive_shockley.partition-operation.thread-3,unit=count,metric=operation.thread.completedRunnableCount]=0]
11-09-2024 01:55:37 1726019737858 Metric[[unit=bytes,metric=memory.freeHeap]=211348912]
11-09-2024 01:55:37 1726019737858 Metric[[thread=hz.festive_shockley.partition-operation.thread-4,unit=count,metric=operation.thread.normalPendingCount]=0]
11-09-2024 01:55:37 1726019737858 Metric[[metric=os.freePhysicalMemorySize]=2317369344]
11-09-2024 01:55:37 1726019737858 Metric[[unit=count,metric=event.totalFailureCount]=0]
11-09-2024 01:55:37 1726019737858 Metric[[thread=hz.festive_shockley.partition-operation.thread-2,unit=count,metric=operation.thread.errorCount]=0]
11-09-2024 01:55:37 1726019737858 Metric[[thread=hz.festive_shockley.partition-operation.thread-0,unit=count,metric=operation.thread.completedPacketCount]=0]
11-09-2024 01:55:37 1726019737858 Metric[[thread=hz.festive_shockley.partition-operation.thread-0,unit=count,metric=operation.thread.completedOperationBatchCount]=0]
11-09-2024 01:55:37 1726019737858 Metric[[thread=hz.festive_shockley.partition-operation.thread-1,unit=count,metric=operation.thread.completedTotalCount]=0]
11-09-2024 01:55:37 1726019737858 Metric[[thread=hz.festive_shockley.partition-operation.thread-6,unit=count,metric=operation.thread.completedOperationCount]=0]
11-09-2024 01:55:37 1726019737858 Metric[[thread=hz.festive_shockley.generic-operation.thread-2,unit=count,metric=operation.thread.completedOperationCount]=0]
11-09-2024 01:55:37 1726019737858 Metric[[unit=count,metric=partitions.totalCompletedMigrations]=0]
11-09-2024 01:55:37 1726019737858 Metric[[thread=hz.festive_shockley.partition-operation.thread-3,unit=count,metric=operation.thread.priorityPendingCount]=0]
11-09-2024 01:55:37 1726019737858 Metric[[unit=ms,metric=operation.invocations.invocationScanPeriodMillis]=1000]
11-09-2024 01:55:37 1726019737858 Metric[[thread=hz.festive_shockley.partition-operation.thread-0,unit=count,metric=operation.thread.completedRunnableCount]=0]
11-09-2024 01:55:37 1726019737858 Metric[[unit=count,metric=operation.responses.backupCount]=0]
11-09-2024 01:55:37 1726019737858 Metric[[thread=hz.festive_shockley.partition-operation.thread-1,unit=count,metric=operation.thread.normalPendingCount]=0]
11-09-2024 01:55:37 1726019737858 Metric[[thread=hz.festive_shockley.partition-operation.thread-0,unit=count,metric=operation.thread.completedPartitionSpecificRunnableCount]=0]
11-09-2024 01:55:37 1726019737858 Metric[[unit=count,metric=operation.runningGenericCount]=0]
11-09-2024 01:55:37 1726019737858 Metric[[unit=count,metric=raft.metadata.activeMembersCommitIndex]=0]
11-09-2024 01:55:37 1726019737858 Metric[[thread=hz.festive_shockley.partition-operation.thread-3,unit=count,metric=operation.thread.errorCount]=0]
11-09-2024 01:55:37 1726019737858 Metric[[thread=hz.festive_shockley.partition-operation.thread-1,unit=count,metric=operation.thread.completedPacketCount]=0]
11-09-2024 01:55:37 1726019737858 Metric[[unit=count,metric=operation.asyncOperations]=0]
11-09-2024 01:55:37 1726019737858 Metric[[thread=hz.festive_shockley.partition-operation.thread-0,unit=count,metric=operation.thread.completedTotalCount]=0]
11-09-2024 01:55:37 1726019737858 Metric[[thread=hz.festive_shockley.partition-operation.thread-7,unit=count,metric=operation.thread.completedOperationCount]=0]
11-09-2024 01:55:37 1726019737858 Metric[[metric=os.totalSwapSpaceSize]=1073737728]
11-09-2024 01:55:37 1726019737858 Metric[[thread=hz.festive_shockley.generic-operation.thread-1,unit=count,metric=operation.thread.completedOperationCount]=0]
11-09-2024 01:55:37 1726019737858 Metric[[thread=hz.festive_shockley.partition-operation.thread-4,unit=count,metric=operation.thread.priorityPendingCount]=0]
11-09-2024 01:55:37 1726019737858 Metric[[thread=hz.festive_shockley.partition-operation.thread-1,unit=count,metric=operation.thread.completedRunnableCount]=0]
11-09-2024 01:55:37 1726019737858 Metric[[unit=ms,metric=gc.minorTime]=51]
11-09-2024 01:55:37 1726019737858 Metric[[thread=hz.festive_shockley.partition-operation.thread-2,unit=count,metric=operation.thread.normalPendingCount]=0]
11-09-2024 01:55:37 1726019737858 Metric[[service=hz:core:clusterService,unit=count,metric=event.publicationCount]=0]
11-09-2024 01:55:37 1726019737858 Metric[[unit=count,metric=event.eventQueueSize]=1]
11-09-2024 01:55:37 1726019737858 Metric[[unit=count,metric=operation.callTimeoutCount]=0]
11-09-2024 01:55:37 1726019737858 Metric[[unit=boolean,metric=partitions.migrationActive]=1]
11-09-2024 01:55:37 1726019737858 Metric[[thread=hz.festive_shockley.partition-operation.thread-4,unit=count,metric=operation.thread.completedOperationCount]=0]
11-09-2024 01:55:37 1726019737858 Metric[[thread=hz.festive_shockley.generic-operation.thread-4,unit=count,metric=operation.thread.completedOperationCount]=0]
11-09-2024 01:55:37 1726019737858 Metric[[unit=count,metric=client.endpoint.totalRegistrations]=0]
11-09-2024 01:55:37 1726019737858 Metric[[metric=runtime.freeMemory]=211348912]
11-09-2024 01:55:37 1726019737858 Metric[[thread=hz.festive_shockley.partition-operation.thread-5,unit=count,metric=operation.thread.priorityPendingCount]=0]
11-09-2024 01:55:37 1726019737858 Metric[[unit=ms,metric=cluster.heartbeat.lastHeartbeat]=0]
11-09-2024 01:55:37 1726019737858 Metric[[thread=hz.festive_shockley.generic-operation.thread-4,unit=count,metric=operation.thread.errorCount]=0]
11-09-2024 01:55:37 1726019737858 Metric[[thread=hz.festive_shockley.partition-operation.thread-6,unit=count,metric=operation.thread.completedRunnableCount]=0]
11-09-2024 01:55:37 1726019737858 Metric[[thread=hz.festive_shockley.priority-generic-operation.thread-0,unit=count,metric=operation.thread.completedTotalCount]=0]
11-09-2024 01:55:37 1726019737858 Metric[[thread=hz.festive_shockley.generic-operation.thread-2,unit=count,metric=operation.thread.completedPartitionSpecificRunnableCount]=0]
11-09-2024 01:55:37 1726019737858 Metric[[thread=hz.festive_shockley.partition-operation.thread-7,unit=count,metric=operation.thread.normalPendingCount]=0]
11-09-2024 01:55:37 1726019737858 Metric[[thread=hz.festive_shockley.partition-operation.thread-2,unit=count,metric=operation.thread.completedPartitionSpecificRunnableCount]=0]
11-09-2024 01:55:37 1726019737858 Metric[[unit=count,metric=operation.invocations.delayedExecutionCount]=0]
11-09-2024 01:55:37 1726019737858 Metric[[unit=count,metric=operation.responses.missingCount]=0]
11-09-2024 01:55:37 1726019737858 Metric[[thread=hz.festive_shockley.partition-operation.thread-5,unit=count,metric=operation.thread.completedOperationCount]=0]
11-09-2024 01:55:37 1726019737858 Metric[[thread=hz.festive_shockley.generic-operation.thread-3,unit=count,metric=operation.thread.completedOperationCount]=0]
11-09-2024 01:55:37 1726019737858 Metric[[thread=hz.festive_shockley.partition-operation.thread-6,unit=count,metric=operation.thread.priorityPendingCount]=0]
11-09-2024 01:55:37 1726019737858 Metric[[unit=count,metric=event.syncDeliveryFailureCount]=0]
11-09-2024 01:55:37 1726019737858 Metric[[unit=ms,metric=cluster.clock.clusterTimeDiff]=0]
11-09-2024 01:55:37 1726019737858 Metric[[unit=count,metric=raft.metadata.groups]=0]
11-09-2024 01:55:37 1726019737858 Metric[[unit=count,metric=proxy.createdCount]=0]
11-09-2024 01:55:37 1726019737858 Metric[[thread=hz.festive_shockley.generic-operation.thread-3,unit=count,metric=operation.thread.errorCount]=0]
11-09-2024 01:55:37 1726019737858 Metric[[thread=hz.festive_shockley.partition-operation.thread-7,unit=count,metric=operation.thread.completedRunnableCount]=0]
11-09-2024 01:55:37 1726019737858 Metric[[unit=count,metric=operation.retryCount]=0]
11-09-2024 01:55:37 1726019737858 Metric[[thread=hz.festive_shockley.generic-operation.thread-3,unit=count,metric=operation.thread.completedPartitionSpecificRunnableCount]=0]
11-09-2024 01:55:37 1726019737858 Metric[[thread=hz.festive_shockley.partition-operation.thread-8,unit=count,metric=operation.thread.normalPendingCount]=0]
11-09-2024 01:55:37 1726019737858 Metric[[unit=ms,metric=operation.invocations.heartbeatBroadcastPeriodMillis]=15000]
11-09-2024 01:55:37 1726019737858 Metric[[thread=hz.festive_shockley.partition-operation.thread-1,unit=count,metric=operation.thread.completedPartitionSpecificRunnableCount]=0]
11-09-2024 01:55:37 1726019737858 Metric[[unit=bytes,metric=memory.maxNative]=0]
11-09-2024 01:55:37 1726019737858 Metric[[unit=bytes,metric=memory.totalPhysical]=8221618176]
11-09-2024 01:55:37 1726019737858 Metric[[unit=percent,metric=operation.invocations.usedPercentage]=0.0]
11-09-2024 01:55:37 1726019737858 Metric[[thread=hz.festive_shockley.generic-operation.thread-0,unit=count,metric=operation.thread.completedPacketCount]=0]
11-09-2024 01:55:37 1726019737858 Metric[[metric=os.systemLoadAverage]=4.51611328125]
11-09-2024 01:55:37 1726019737858 Metric[[thread=hz.festive_shockley.partition-operation.thread-2,unit=count,metric=operation.thread.completedOperationCount]=0]
11-09-2024 01:55:37 1726019737858 Metric[[metric=thread.totalStartedThreadCount]=41]
11-09-2024 01:55:37 1726019737858 Metric[[thread=hz.festive_shockley.partition-operation.thread-7,unit=count,metric=operation.thread.priorityPendingCount]=0]
11-09-2024 01:55:37 1726019737858 Metric[[service=hz:core:proxyService,unit=count,metric=event.publicationCount]=0]
11-09-2024 01:55:37 1726019737858 Metric[[unit=ms,metric=gc.unknownTime]=0]
11-09-2024 01:55:37 1726019737858 Metric[[thread=hz.festive_shockley.generic-operation.thread-2,unit=count,metric=operation.thread.errorCount]=0]
11-09-2024 01:55:37 1726019737858 Metric[[thread=hz.festive_shockley.partition-operation.thread-4,unit=count,metric=operation.thread.completedRunnableCount]=0]
11-09-2024 01:55:37 1726019737858 Metric[[thread=hz.festive_shockley.generic-operation.thread-4,unit=count,metric=operation.thread.completedPartitionSpecificRunnableCount]=0]
11-09-2024 01:55:37 1726019737858 Metric[[thread=hz.festive_shockley.partition-operation.thread-5,unit=count,metric=operation.thread.normalPendingCount]=0]
11-09-2024 01:55:37 1726019737858 Metric[[thread=hz.festive_shockley.partition-operation.thread-4,unit=count,metric=operation.thread.completedPartitionSpecificRunnableCount]=0]
11-09-2024 01:55:37 1726019737858 Metric[[unit=ms,metric=cluster.clock.clusterUpTime]=-9223370310835037924]
11-09-2024 01:55:37 1726019737858 Metric[[unit=count,metric=operation.queueSize]=0]
11-09-2024 01:55:37 1726019737858 Metric[[service=hz:core:clusterService,unit=count,metric=event.listenerCount]=2]
11-09-2024 01:55:37 1726019737858 Metric[[thread=hz.festive_shockley.partition-operation.thread-3,unit=count,metric=operation.thread.completedOperationCount]=0]
11-09-2024 01:55:37 1726019737858 Metric[[unit=count,metric=operation.partitionThreadCount]=10]
11-09-2024 01:55:37 1726019737858 Metric[[thread=hz.festive_shockley.partition-operation.thread-8,unit=count,metric=operation.thread.priorityPendingCount]=0]
11-09-2024 01:55:37 1726019737858 Metric[[metric=thread.threadCount]=40]
11-09-2024 01:55:37 1726019737858 Metric[[unit=count,metric=operation.invocations.heartbeatPacketsSent]=1]
11-09-2024 01:55:37 1726019737858 Metric[[unit=count,metric=partitions.replicaSyncRequestsCounter]=0]
11-09-2024 01:55:37 1726019737858 Metric[[thread=hz.festive_shockley.generic-operation.thread-1,unit=count,metric=operation.thread.errorCount]=0]
11-09-2024 01:55:37 1726019737858 Metric[[thread=hz.festive_shockley.partition-operation.thread-5,unit=count,metric=operation.thread.completedRunnableCount]=0]
11-09-2024 01:55:37 1726019737858 Metric[[unit=count,metric=partitions.partitionCount]=271]
11-09-2024 01:55:37 1726019737858 Metric[[thread=hz.festive_shockley.partition-operation.thread-6,unit=count,metric=operation.thread.normalPendingCount]=0]
11-09-2024 01:55:37 1726019737858 Metric[[metric=runtime.maxMemory]=6578765824]
11-09-2024 01:55:37 1726019737858 Metric[[thread=hz.festive_shockley.partition-operation.thread-3,unit=count,metric=operation.thread.completedPartitionSpecificRunnableCount]=0]
11-09-2024 01:55:37 1726019737858 Metric[[unit=count,metric=operation.invocations.heartbeatPacketsReceived]=1]
11-09-2024 01:55:37 1726019737858 Metric[[service=hz:core:partitionService,unit=count,metric=event.publicationCount]=0]
11-09-2024 01:55:37 1726019737858 Metric[[metric=thread.daemonThreadCount]=5]
11-09-2024 01:55:37 1726019737858 Metric[[thread=hz.festive_shockley.generic-operation.thread-2,unit=count,metric=operation.thread.completedOperationBatchCount]=0]
11-09-2024 01:55:37 1726019737858 Metric[[metric=os.processCpuLoad]=0.0]
11-09-2024 01:55:37 1726019737858 Metric[[thread=hz.festive_shockley.partition-operation.thread-8,unit=count,metric=operation.thread.errorCount]=0]
11-09-2024 01:55:37 1726019737858 Metric[[unit=bytes,metric=memory.freeNative]=0]
11-09-2024 01:55:37 1726019737858 Metric[[unit=count,metric=cluster.size]=1]
11-09-2024 01:55:37 1726019737858 Metric[[thread=hz.festive_shockley.generic-operation.thread-2,unit=count,metric=operation.thread.completedPacketCount]=0]
11-09-2024 01:55:37 1726019737858 Metric[[unit=count,metric=event.rejectedCount]=0]
11-09-2024 01:55:37 1726019737858 Metric[[thread=hz.festive_shockley.partition-operation.thread-0,unit=count,metric=operation.thread.completedOperationCount]=0]
11-09-2024 01:55:37 1726019737858 Metric[[thread=hz.festive_shockley.partition-operation.thread-7,unit=count,metric=operation.thread.completedTotalCount]=0]
11-09-2024 01:55:37 1726019737858 Metric[[thread=hz.festive_shockley.partition-operation.thread-9,unit=count,metric=operation.thread.priorityPendingCount]=0]
11-09-2024 01:55:37 1726019737858 Metric[[thread=hz.festive_shockley.generic-operation.thread-0,unit=count,metric=operation.thread.errorCount]=0]
11-09-2024 01:55:37 1726019737858 Metric[[thread=hz.festive_shockley.generic-operation.thread-2,unit=count,metric=operation.thread.completedRunnableCount]=0]
11-09-2024 01:55:37 1726019737858 Metric[[thread=hz.festive_shockley.partition-operation.thread-6,unit=count,metric=operation.thread.completedPartitionSpecificRunnableCount]=0]
11-09-2024 01:55:37 1726019737858 Metric[[unit=count,metric=raft.missingMembers]=0]
11-09-2024 01:55:37 1726019737858 Metric[[thread=hz.festive_shockley.generic-operation.thread-0,unit=count,metric=operation.thread.completedTotalCount]=0]
11-09-2024 01:55:37 1726019737858 Metric[[thread=hz.festive_shockley.generic-operation.thread-3,unit=count,metric=operation.thread.completedOperationBatchCount]=0]
11-09-2024 01:55:37 1726019737858 Metric[[thread=hz.festive_shockley.partition-operation.thread-9,unit=count,metric=operation.thread.errorCount]=0]
11-09-2024 01:55:37 1726019737858 Metric[[thread=hz.festive_shockley.partition-operation.thread-9,unit=count,metric=operation.thread.completedOperationBatchCount]=0]
11-09-2024 01:55:37 1726019737858 Metric[[thread=hz.festive_shockley.generic-operation.thread-1,unit=count,metric=operation.thread.completedPacketCount]=0]
11-09-2024 01:55:37 1726019737858 Metric[[unit=ms,metric=cluster.clock.localClockTime]=1726019737886]
11-09-2024 01:55:37 1726019737858 Metric[[dir=user.home,unit=bytes,metric=file.partition.freeSpace]=24544964608]
11-09-2024 01:55:37 1726019737858 Metric[[thread=hz.festive_shockley.partition-operation.thread-1,unit=count,metric=operation.thread.completedOperationCount]=0]
11-09-2024 01:55:37 1726019737858 Metric[[thread=hz.festive_shockley.partition-operation.thread-6,unit=count,metric=operation.thread.completedTotalCount]=0]
11-09-2024 01:55:37 1726019737858 Metric[[unit=count,metric=gc.majorCount]=0]
11-09-2024 01:55:37 1726019737858 Metric[[thread=hz.festive_shockley.priority-generic-operation.thread-0,unit=count,metric=operation.thread.completedOperationBatchCount]=0]
11-09-2024 01:55:37 1726019737858 Metric[[thread=hz.festive_shockley.generic-operation.thread-1,unit=count,metric=operation.thread.completedRunnableCount]=0]
11-09-2024 01:55:37 1726019737858 Metric[[metric=thread.peakThreadCount]=40]
11-09-2024 01:55:37 1726019737858 Metric[[thread=hz.festive_shockley.partition-operation.thread-5,unit=count,metric=operation.thread.completedPartitionSpecificRunnableCount]=0]
11-09-2024 01:55:37 1726019737858 Metric[[unit=count,metric=partitions.maxBackupCount]=0]
11-09-2024 01:55:37 1726019737858 Metric[[unit=ms,metric=operation.invocations.invocationTimeoutMillis]=60000]
11-09-2024 01:55:37 1726019737858 Metric[[unit=count,metric=operation.priorityQueueSize]=0]
11-09-2024 01:55:37 1726019737858 Metric[[thread=hz.festive_shockley.generic-operation.thread-1,unit=count,metric=operation.thread.completedTotalCount]=0]
11-09-2024 01:55:37 1726019737858 Metric[[thread=hz.festive_shockley.generic-operation.thread-0,unit=count,metric=operation.thread.completedOperationBatchCount]=0]
11-09-2024 01:55:37 1726019737858 Metric[[unit=ms,metric=operation.invocations.backupTimeoutMillis]=5000]
11-09-2024 01:55:37 1726019737858 Metric[[metric=runtime.totalMemory]=260046848]
11-09-2024 01:55:37 1726019737858 Metric[[thread=hz.festive_shockley.partition-operation.thread-8,unit=count,metric=operation.thread.completedPacketCount]=0]
11-09-2024 01:55:37 1726019737858 Metric[[thread=hz.festive_shockley.partition-operation.thread-8,unit=count,metric=operation.thread.completedOperationBatchCount]=0]
11-09-2024 01:55:37 1726019737858 Metric[[thread=hz.festive_shockley.generic-operation.thread-4,unit=count,metric=operation.thread.completedPacketCount]=0]
11-09-2024 01:55:37 1726019737858 Metric[[thread=hz.festive_shockley.partition-operation.thread-9,unit=count,metric=operation.thread.completedTotalCount]=0]
11-09-2024 01:55:37 1726019737858 Metric[[unit=count,metric=operation.responses.errorCount]=0]
11-09-2024 01:55:37 1726019737858 Metric[[service=hz:impl:replicatedMapService,unit=count,metric=event.listenerCount]=1]
11-09-2024 01:55:37 1726019737858 Metric[[service=hz:core:proxyService,unit=count,metric=event.listenerCount]=1]
11-09-2024 01:55:37 1726019737858 Metric[[unit=count,metric=proxy.proxyCount]=1]
11-09-2024 01:55:37 1726019737858 Metric[[thread=hz.festive_shockley.priority-generic-operation.thread-0,unit=count,metric=operation.thread.errorCount]=0]
11-09-2024 01:55:37 1726019737858 Metric[[thread=hz.festive_shockley.partition-operation.thread-8,unit=count,metric=operation.thread.completedRunnableCount]=0]
11-09-2024 01:55:37 1726019737858 Metric[[unit=bytes,metric=memory.freePhysical]=2317369344]
11-09-2024 01:55:37 1726019737858 Metric[[thread=hz.festive_shockley.generic-operation.thread-4,unit=count,metric=operation.thread.completedRunnableCount]=0]
11-09-2024 01:55:37 1726019737858 Metric[[thread=hz.festive_shockley.generic-operation.thread-0,unit=count,metric=operation.thread.completedPartitionSpecificRunnableCount]=0]
11-09-2024 01:55:37 1726019737858 Metric[[unit=count,metric=operation.responses.timeoutCount]=0]
11-09-2024 01:55:37 1726019737858 Metric[[unit=ns,metric=partitions.totalElapsedDestinationCommitTime]=0]
11-09-2024 01:55:37 1726019737858 Metric[[unit=bytes,metric=memory.committedNative]=0]
11-09-2024 01:55:37 1726019737858 Metric[[thread=hz.festive_shockley.partition-operation.thread-9,unit=count,metric=operation.thread.normalPendingCount]=0]
11-09-2024 01:55:37 1726019737858 Metric[[metric=os.openFileDescriptorCount]=43]
11-09-2024 01:55:37 1726019737858 Metric[[thread=hz.festive_shockley.partition-operation.thread-8,unit=count,metric=operation.thread.completedPartitionSpecificRunnableCount]=0]
11-09-2024 01:55:37 1726019737858 Metric[[unit=count,metric=operation.invocations.backupTimeouts]=0]
11-09-2024 01:55:37 1726019737858 Metric[[thread=hz.festive_shockley.generic-operation.thread-2,unit=count,metric=operation.thread.completedTotalCount]=0]
11-09-2024 01:55:37 1726019737858 Metric[[unit=ns,metric=partitions.elapsedMigrationOperationTime]=0]
11-09-2024 01:55:37 1726019737858 Metric[[unit=count,metric=operation.genericPriorityQueueSize]=0]
11-09-2024 01:55:37 1726019737858 Metric[[thread=hz.festive_shockley.generic-operation.thread-1,unit=count,metric=operation.thread.completedOperationBatchCount]=0]
11-09-2024 01:55:37 1726019737858 Metric[[unit=count,metric=gc.minorCount]=15]
11-09-2024 01:55:37 1726019737858 Metric[[thread=hz.festive_shockley.partition-operation.thread-7,unit=count,metric=operation.thread.completedOperationBatchCount]=0]
11-09-2024 01:55:37 1726019737858 Metric[[thread=hz.festive_shockley.partition-operation.thread-9,unit=count,metric=operation.thread.completedPacketCount]=0]
11-09-2024 01:55:37 1726019737858 Metric[[thread=hz.festive_shockley.priority-generic-operation.thread-0,unit=count,metric=operation.thread.completedRunnableCount]=0]
11-09-2024 01:55:37 1726019737858 Metric[[thread=hz.festive_shockley.generic-operation.thread-3,unit=count,metric=operation.thread.completedPacketCount]=0]
11-09-2024 01:55:37 1726019737858 Metric[[thread=hz.festive_shockley.partition-operation.thread-8,unit=count,metric=operation.thread.completedTotalCount]=0]
11-09-2024 01:55:37 1726019737858 Metric[[unit=count,metric=transactions.startCount]=0]
11-09-2024 01:55:37 1726019737858 Metric[[unit=bytes,metric=memory.usedMetadata]=0]
11-09-2024 01:55:37 1726019737858 Metric[[metric=os.freeSwapSpaceSize]=1073737728]
11-09-2024 01:55:37 1726019737858 Metric[[metric=os.systemCpuLoad]=100.0]
11-09-2024 01:55:37 1726019737858 Metric[[metric=os.totalPhysicalMemorySize]=8221618176]
11-09-2024 01:55:37 1726019737858 Metric[[unit=ms,metric=partitions.lastRepartitionTime]=0]
11-09-2024 01:55:37 1726019737858 Metric[[thread=hz.festive_shockley.partition-operation.thread-9,unit=count,metric=operation.thread.completedRunnableCount]=0]
11-09-2024 01:55:37 1726019737858 Metric[[metric=runtime.availableProcessors]=10]
11-09-2024 01:55:37 1726019737858 Metric[[thread=hz.festive_shockley.generic-operation.thread-3,unit=count,metric=operation.thread.completedRunnableCount]=0]
11-09-2024 01:55:37 1726019737858 Metric[[unit=count,metric=event.eventsProcessed]=8]
11-09-2024 01:55:37 1726019737858 Metric[[thread=hz.festive_shockley.generic-operation.thread-1,unit=count,metric=operation.thread.completedPartitionSpecificRunnableCount]=0]
11-09-2024 01:55:37 1726019737858 Metric[[thread=hz.festive_shockley.priority-generic-operation.thread-0,unit=count,metric=operation.thread.completedPacketCount]=0]
11-09-2024 01:55:37 1726019737858 Metric[[thread=hz.festive_shockley.partition-operation.thread-7,unit=count,metric=operation.thread.completedPartitionSpecificRunnableCount]=0]
11-09-2024 01:55:37 1726019737858 Metric[[unit=count,metric=operation.parker.parkQueueCount]=0]
11-09-2024 01:55:37 1726019737858 Metric[[unit=count,metric=operation.responses.normalCount]=0]
11-09-2024 01:55:37 1726019737858 Metric[[thread=hz.festive_shockley.generic-operation.thread-3,unit=count,metric=operation.thread.completedTotalCount]=0]
11-09-2024 01:55:37 1726019737858 Metric[[unit=count,metric=client.endpoint.count]=0]
11-09-2024 01:55:37 1726019737858 Metric[[thread=hz.festive_shockley.partition-operation.thread-4,unit=count,metric=operation.thread.errorCount]=0]
11-09-2024 01:55:37 1726019737858 Metric[[thread=hz.festive_shockley.partition-operation.thread-6,unit=count,metric=operation.thread.completedPacketCount]=0]
11-09-2024 01:55:37 1726019737858 Metric[[thread=hz.festive_shockley.partition-operation.thread-6,unit=count,metric=operation.thread.completedOperationBatchCount]=0]
11-09-2024 01:55:37 1726019737858 Metric[[unit=count,metric=gc.unknownCount]=0]
11-09-2024 01:55:37 1726019737858 Metric[[unit=count,metric=operation.responseQueueSize]=0]
11-09-2024 01:55:37 1726019737858 Metric[[thread=hz.festive_shockley.partition-operation.thread-3,unit=count,metric=operation.thread.completedTotalCount]=0]
11-09-2024 01:55:37 1726019737858 Metric[[thread=hz.festive_shockley.priority-generic-operation.thread-0,unit=count,metric=operation.thread.completedPartitionSpecificRunnableCount]=0]
11-09-2024 01:55:37 1726019737858 Metric[[unit=bytes,metric=memory.maxMetadata]=0]
11-09-2024 01:55:37 1726019737858 Metric[[unit=count,metric=operation.parker.totalParkedOperationCount]=0]
11-09-2024 01:55:37 1726019737858 Metric[[unit=count,metric=partitions.localPartitionCount]=0]
11-09-2024 01:55:37 1726019737858 Metric[[unit=ms,metric=gc.majorTime]=0]
11-09-2024 01:55:37 1726019737858 Metric[[unit=count,metric=operation.runningCount]=0]
11-09-2024 01:55:37 1726019737858 Metric[[metric=classloading.loadedClassesCount]=7346]
11-09-2024 01:55:37 1726019737858 Metric[[thread=hz.festive_shockley.generic-operation.thread-4,unit=count,metric=operation.thread.completedTotalCount]=0]
11-09-2024 01:55:37 1726019737858 Metric[[unit=count,metric=operation.invocations.lastCallId]=0]
11-09-2024 01:55:37 1726019737858 Metric[[thread=hz.festive_shockley.partition-operation.thread-5,unit=count,metric=operation.thread.errorCount]=0]
11-09-2024 01:55:37 1726019737858 Metric[[thread=hz.festive_shockley.partition-operation.thread-5,unit=count,metric=operation.thread.completedOperationBatchCount]=0]
11-09-2024 01:55:37 1726019737858 Metric[[thread=hz.festive_shockley.partition-operation.thread-7,unit=count,metric=operation.thread.completedPacketCount]=0]
11-09-2024 01:55:37 1726019737858 Metric[[thread=hz.festive_shockley.partition-operation.thread-2,unit=count,metric=operation.thread.completedTotalCount]=0]
11-09-2024 01:55:37 1726019737858 Metric[[unit=count,metric=transactions.commitCount]=0]
11-09-2024 01:55:37 1726019737858 Metric[[unit=count,metric=raft.destroyedGroupIds]=0]
11-09-2024 01:55:37 1726019737858 Metric[[unit=count,metric=partitions.activePartitionCount]=0]
11-09-2024 01:55:37 1726019737858 Metric[[metric=os.maxFileDescriptorCount]=1048576]
11-09-2024 01:55:37 1726019737858 Metric[[thread=hz.festive_shockley.priority-generic-operation.thread-0,unit=count,metric=operation.thread.completedOperationCount]=0]
11-09-2024 01:55:37 1726019737858 Metric[[thread=hz.festive_shockley.partition-operation.thread-0,unit=count,metric=operation.thread.normalPendingCount]=0]
11-09-2024 01:55:37 1726019737858 Metric[[service=hz:core:partitionService,unit=count,metric=event.listenerCount]=3]
11-09-2024 01:55:37 1726019737858 Metric[[unit=count,metric=operation.invocations.pending]=0]
11-09-2024 01:55:37 1726019737858 Metric[[thread=hz.festive_shockley.partition-operation.thread-9,unit=count,metric=operation.thread.completedPartitionSpecificRunnableCount]=0]
11-09-2024 01:55:37 1726019737858 Metric[[unit=bytes,metric=memory.usedNative]=0]
11-09-2024 01:55:37 1726019737858 Metric[[thread=hz.festive_shockley.generic-operation.thread-4,unit=count,metric=operation.thread.completedOperationBatchCount]=0]
11-09-2024 01:55:37 1726019737858 Metric[[thread=hz.festive_shockley.partition-operation.thread-6,unit=count,metric=operation.thread.errorCount]=0]
11-09-2024 01:55:37 1726019737858 Metric[[dir=user.home,unit=bytes,metric=file.partition.totalSpace]=62671097856]
11-09-2024 01:55:37 1726019737858 Metric[[thread=hz.festive_shockley.partition-operation.thread-4,unit=count,metric=operation.thread.completedPacketCount]=0]
11-09-2024 01:55:37 1726019737858 Metric[[thread=hz.festive_shockley.partition-operation.thread-4,unit=count,metric=operation.thread.completedOperationBatchCount]=0]
11-09-2024 01:55:37 1726019737858 Metric[[unit=ms,metric=cluster.clock.clusterStartTime]=-9223372036854775808]
11-09-2024 01:55:37 1726019737858 Metric[[unit=ms,metric=cluster.clock.clusterTime]=1726019737890]
11-09-2024 01:55:37 1726019737858 Metric[[thread=hz.festive_shockley.partition-operation.thread-5,unit=count,metric=operation.thread.completedTotalCount]=0]
11-09-2024 01:55:37 1726019737858 Metric[[unit=count,metric=partitions.plannedMigrations]=0]
11-09-2024 01:55:37 1726019737858 Metric[[service=hz:impl:replicatedMapService,unit=count,metric=event.publicationCount]=0]
11-09-2024 01:55:37 1726019737858 Metric[[dir=user.home,unit=bytes,metric=file.partition.usableSpace]=21328248832]
11-09-2024 01:55:37 1726019737858 Metric[[unit=count,metric=proxy.destroyedCount]=0]
11-09-2024 01:55:37 1726019737858 Metric[[thread=hz.festive_shockley.generic-operation.thread-0,unit=count,metric=operation.thread.completedRunnableCount]=0]
11-09-2024 01:55:37 1726019737858 Metric[[unit=count,metric=operation.invocations.normalTimeouts]=0]
11-09-2024 01:55:37 1726019737858 Metric[[unit=count,metric=raft.metadata.activeMembers]=0]
11-09-2024 01:55:37 1726019737858 Metric[[unit=count,metric=operation.failedBackups]=0]
11-09-2024 01:55:37 1726019737858 Metric[[unit=count,metric=partitions.memberGroupsSize]=0]
11-09-2024 01:55:37 1726019737858 Metric[[unit=count,metric=operation.operationTimeoutCount]=0]
11-09-2024 01:55:37 1726019737858 Metric[[unit=count,metric=transactions.rollbackCount]=0]
11-09-2024 01:55:37 1726019737858 Metric[[thread=hz.festive_shockley.partition-operation.thread-7,unit=count,metric=operation.thread.errorCount]=0]
11-09-2024 01:55:37 1726019737858 Metric[[thread=hz.festive_shockley.partition-operation.thread-3,unit=count,metric=operation.thread.completedOperationBatchCount]=0]
11-09-2024 01:55:37 1726019737858 Metric[[thread=hz.festive_shockley.partition-operation.thread-5,unit=count,metric=operation.thread.completedPacketCount]=0]
11-09-2024 01:55:37 1726019737858 Metric[[metric=runtime.uptime]=2149]
11-09-2024 01:55:37 1726019737858 Metric[[unit=count,metric=event.queueCapacity]=1000000]
11-09-2024 01:55:37 1726019737858 Metric[[thread=hz.festive_shockley.partition-operation.thread-4,unit=count,metric=operation.thread.completedTotalCount]=0]
11-09-2024 01:55:37 1726019737858 Metric[[thread=hz.festive_shockley.partition-operation.thread-0,unit=count,metric=operation.thread.priorityPendingCount]=0]
11-09-2024 01:55:37 1726019737858 Metric[[unit=count,metric=raft.nodes]=0]
11-09-2024 01:55:37 1726019737858 Metric[[unit=count,metric=partitions.stateStamp]=0]
11-09-2024 01:55:37 1726019737858 Metric[[unit=count,metric=partitions.completedMigrations]=0]
11-09-2024 01:55:37 1726019737858 Metric[[unit=bytes,metric=memory.usedHeap]=49431504]
11-09-2024 01:55:37 1726019737858 Metric[[name=hz:cluster,unit=count,metric=executor.internal.remainingQueueCapacity]=2147483647]
11-09-2024 01:55:37 1726019737858 Metric[[name=hz:cluster,unit=count,metric=executor.internal.queueSize]=0]
11-09-2024 01:55:37 1726019737858 Metric[[name=hz:cluster,unit=count,metric=executor.internal.maximumPoolSize]=2]
11-09-2024 01:55:37 1726019737858 Metric[[name=hz:cluster,unit=count,metric=executor.internal.completedTasks]=0]
11-09-2024 01:55:37 1726019737858 Metric[[name=hz:cluster,unit=count,metric=executor.internal.poolSize]=0]
11-09-2024 01:55:37 1726019737858 Metric[[name=hz:cluster:event,unit=count,metric=executor.internal.remainingQueueCapacity]=2147483647]
11-09-2024 01:55:37 1726019737858 Metric[[name=hz:cluster:event,unit=count,metric=executor.internal.queueSize]=0]
11-09-2024 01:55:37 1726019737858 Metric[[name=hz:cluster:event,unit=count,metric=executor.internal.maximumPoolSize]=1]
11-09-2024 01:55:37 1726019737858 Metric[[name=hz:cluster:event,unit=count,metric=executor.internal.completedTasks]=6]
11-09-2024 01:55:37 1726019737858 Metric[[name=hz:cluster:event,unit=count,metric=executor.internal.poolSize]=0]
11-09-2024 01:55:37 1726019737858 Metric[[name=hz:offloadable,unit=count,metric=executor.internal.remainingQueueCapacity]=100000]
11-09-2024 01:55:37 1726019737858 Metric[[name=hz:offloadable,unit=count,metric=executor.internal.queueSize]=0]
11-09-2024 01:55:37 1726019737858 Metric[[name=hz:offloadable,unit=count,metric=executor.internal.maximumPoolSize]=10]
11-09-2024 01:55:37 1726019737858 Metric[[name=hz:offloadable,unit=count,metric=executor.internal.completedTasks]=0]
11-09-2024 01:55:37 1726019737858 Metric[[name=hz:offloadable,unit=count,metric=executor.internal.poolSize]=0]
11-09-2024 01:55:37 1726019737858 Metric[[name=hz:client,unit=count,metric=executor.internal.remainingQueueCapacity]=1000000]
11-09-2024 01:55:37 1726019737858 Metric[[name=hz:client,unit=count,metric=executor.internal.queueSize]=0]
11-09-2024 01:55:37 1726019737858 Metric[[name=hz:client,unit=count,metric=executor.internal.maximumPoolSize]=10]
11-09-2024 01:55:37 1726019737858 Metric[[name=hz:client,unit=count,metric=executor.internal.completedTasks]=0]
11-09-2024 01:55:37 1726019737858 Metric[[name=hz:client,unit=count,metric=executor.internal.poolSize]=0]
11-09-2024 01:55:37 1726019737858 Metric[[name=hz:cluster:mastership,unit=count,metric=executor.internal.remainingQueueCapacity]=2147483647]
11-09-2024 01:55:37 1726019737858 Metric[[name=hz:cluster:mastership,unit=count,metric=executor.internal.queueSize]=0]
11-09-2024 01:55:37 1726019737858 Metric[[name=hz:cluster:mastership,unit=count,metric=executor.internal.maximumPoolSize]=1]
11-09-2024 01:55:37 1726019737858 Metric[[name=hz:cluster:mastership,unit=count,metric=executor.internal.completedTasks]=0]
11-09-2024 01:55:37 1726019737858 Metric[[name=hz:cluster:mastership,unit=count,metric=executor.internal.poolSize]=0]
11-09-2024 01:55:37 1726019737858 Metric[[name=hz:async,unit=count,metric=executor.internal.remainingQueueCapacity]=100000]
11-09-2024 01:55:37 1726019737858 Metric[[name=hz:async,unit=count,metric=executor.internal.queueSize]=0]
11-09-2024 01:55:37 1726019737858 Metric[[name=hz:async,unit=count,metric=executor.internal.maximumPoolSize]=10]
11-09-2024 01:55:37 1726019737858 Metric[[name=hz:async,unit=count,metric=executor.internal.completedTasks]=0]
11-09-2024 01:55:37 1726019737858 Metric[[name=hz:async,unit=count,metric=executor.internal.poolSize]=0]
11-09-2024 01:55:37 1726019737858 Metric[[name=hz:client-blocking-tasks,unit=count,metric=executor.internal.remainingQueueCapacity]=1000000]
11-09-2024 01:55:37 1726019737858 Metric[[name=hz:client-blocking-tasks,unit=count,metric=executor.internal.queueSize]=0]
11-09-2024 01:55:37 1726019737858 Metric[[name=hz:client-blocking-tasks,unit=count,metric=executor.internal.maximumPoolSize]=200]
11-09-2024 01:55:37 1726019737858 Metric[[name=hz:client-blocking-tasks,unit=count,metric=executor.internal.completedTasks]=0]
11-09-2024 01:55:37 1726019737858 Metric[[name=hz:client-blocking-tasks,unit=count,metric=executor.internal.poolSize]=0]
11-09-2024 01:55:37 1726019737858 Metric[[name=hz:scheduled:cqc:52da9b32-f22b-460c-8252-a03dc5c1ad22,unit=count,metric=executor.internal.remainingQueueCapacity]=10000]
11-09-2024 01:55:37 1726019737858 Metric[[name=hz:scheduled:cqc:52da9b32-f22b-460c-8252-a03dc5c1ad22,unit=count,metric=executor.internal.queueSize]=0]
11-09-2024 01:55:37 1726019737858 Metric[[name=hz:scheduled:cqc:52da9b32-f22b-460c-8252-a03dc5c1ad22,unit=count,metric=executor.internal.maximumPoolSize]=1]
11-09-2024 01:55:37 1726019737858 Metric[[name=hz:scheduled:cqc:52da9b32-f22b-460c-8252-a03dc5c1ad22,unit=count,metric=executor.internal.completedTasks]=0]
11-09-2024 01:55:37 1726019737858 Metric[[name=hz:scheduled:cqc:52da9b32-f22b-460c-8252-a03dc5c1ad22,unit=count,metric=executor.internal.poolSize]=0]
11-09-2024 01:55:37 1726019737858 Metric[[name=hz:client-query,unit=count,metric=executor.internal.remainingQueueCapacity]=1000000]
11-09-2024 01:55:37 1726019737858 Metric[[name=hz:client-query,unit=count,metric=executor.internal.queueSize]=0]
11-09-2024 01:55:37 1726019737858 Metric[[name=hz:client-query,unit=count,metric=executor.internal.maximumPoolSize]=10]
11-09-2024 01:55:37 1726019737858 Metric[[name=hz:client-query,unit=count,metric=executor.internal.completedTasks]=0]
11-09-2024 01:55:37 1726019737858 Metric[[name=hz:client-query,unit=count,metric=executor.internal.poolSize]=0]
11-09-2024 01:55:37 1726019737858 Metric[[name=hz:scheduled,unit=count,metric=executor.internal.remainingQueueCapacity]=1000000]
11-09-2024 01:55:37 1726019737858 Metric[[name=hz:scheduled,unit=count,metric=executor.internal.queueSize]=0]
11-09-2024 01:55:37 1726019737858 Metric[[name=hz:scheduled,unit=count,metric=executor.internal.maximumPoolSize]=20]
11-09-2024 01:55:37 1726019737858 Metric[[name=hz:scheduled,unit=count,metric=executor.internal.completedTasks]=1]
11-09-2024 01:55:37 1726019737858 Metric[[name=hz:scheduled,unit=count,metric=executor.internal.poolSize]=0]
11-09-2024 01:55:37 1726019737858 Metric[[name=hz:system,unit=count,metric=executor.internal.remainingQueueCapacity]=2147483647]
11-09-2024 01:55:37 1726019737858 Metric[[name=hz:system,unit=count,metric=executor.internal.queueSize]=0]
11-09-2024 01:55:37 1726019737858 Metric[[name=hz:system,unit=count,metric=executor.internal.maximumPoolSize]=10]
11-09-2024 01:55:37 1726019737858 Metric[[name=hz:system,unit=count,metric=executor.internal.completedTasks]=0]
11-09-2024 01:55:37 1726019737858 Metric[[name=hz:system,unit=count,metric=executor.internal.poolSize]=0]
11-09-2024 01:55:37 1726019737858 Metric[[name=MetricsPublisher,unit=count,metric=executor.internal.remainingQueueCapacity]=2147483647]
11-09-2024 01:55:37 1726019737858 Metric[[name=MetricsPublisher,unit=count,metric=executor.internal.queueSize]=0]
11-09-2024 01:55:37 1726019737858 Metric[[name=MetricsPublisher,unit=count,metric=executor.internal.maximumPoolSize]=16]
11-09-2024 01:55:37 1726019737858 Metric[[name=MetricsPublisher,unit=count,metric=executor.internal.completedTasks]=0]
11-09-2024 01:55:37 1726019737858 Metric[[name=MetricsPublisher,unit=count,metric=executor.internal.poolSize]=0]
11-09-2024 01:55:37 1726019737858 Metric[[name=hz:cluster:splitbrain,unit=count,metric=executor.internal.remainingQueueCapacity]=2147483647]
11-09-2024 01:55:37 1726019737858 Metric[[name=hz:cluster:splitbrain,unit=count,metric=executor.internal.queueSize]=0]
11-09-2024 01:55:37 1726019737858 Metric[[name=hz:cluster:splitbrain,unit=count,metric=executor.internal.maximumPoolSize]=2]
11-09-2024 01:55:37 1726019737858 Metric[[name=hz:cluster:splitbrain,unit=count,metric=executor.internal.completedTasks]=0]
11-09-2024 01:55:37 1726019737858 Metric[[name=hz:cluster:splitbrain,unit=count,metric=executor.internal.poolSize]=0]
11-09-2024 01:55:37 1726019737858 Metric[[name=hz:cluster:version:auto:upgrade,unit=count,metric=executor.internal.remainingQueueCapacity]=2147483647]
11-09-2024 01:55:37 1726019737858 Metric[[name=hz:cluster:version:auto:upgrade,unit=count,metric=executor.internal.queueSize]=0]
11-09-2024 01:55:37 1726019737858 Metric[[name=hz:cluster:version:auto:upgrade,unit=count,metric=executor.internal.maximumPoolSize]=1]
11-09-2024 01:55:37 1726019737858 Metric[[name=hz:cluster:version:auto:upgrade,unit=count,metric=executor.internal.completedTasks]=0]
11-09-2024 01:55:37 1726019737858 Metric[[name=hz:cluster:version:auto:upgrade,unit=count,metric=executor.internal.poolSize]=0]
11-09-2024 01:55:37 1726019737858 Metric[[name=hz:query,unit=count,metric=executor.internal.remainingQueueCapacity]=2147483647]
11-09-2024 01:55:37 1726019737858 Metric[[name=hz:query,unit=count,metric=executor.internal.queueSize]=0]
11-09-2024 01:55:37 1726019737858 Metric[[name=hz:query,unit=count,metric=executor.internal.maximumPoolSize]=16]
11-09-2024 01:55:37 1726019737858 Metric[[name=hz:query,unit=count,metric=executor.internal.completedTasks]=0]
11-09-2024 01:55:37 1726019737858 Metric[[name=hz:query,unit=count,metric=executor.internal.poolSize]=0]
11-09-2024 01:55:37 1726019737858 Metric[[name=hz:CRDTReplicationMigration,unit=count,metric=executor.internal.remainingQueueCapacity]=2147483647]
11-09-2024 01:55:37 1726019737858 Metric[[name=hz:CRDTReplicationMigration,unit=count,metric=executor.internal.queueSize]=0]
11-09-2024 01:55:37 1726019737858 Metric[[name=hz:CRDTReplicationMigration,unit=count,metric=executor.internal.maximumPoolSize]=16]
11-09-2024 01:55:37 1726019737858 Metric[[name=hz:CRDTReplicationMigration,unit=count,metric=executor.internal.completedTasks]=1]
11-09-2024 01:55:37 1726019737858 Metric[[name=hz:CRDTReplicationMigration,unit=count,metric=executor.internal.poolSize]=0]
11-09-2024 01:55:37 1726019737858 Metric[[name=__sql.catalog,unit=ms,metric=replicatedMap.totalRemoveLatencies]=0]
11-09-2024 01:55:37 1726019737858 Metric[[name=__sql.catalog,unit=ms,metric=replicatedMap.maxRemoveLatency]=0]
11-09-2024 01:55:37 1726019737858 Metric[[name=__sql.catalog,unit=ms,metric=replicatedMap.maxPutLatency]=0]
11-09-2024 01:55:37 1726019737858 Metric[[name=__sql.catalog,unit=ms,metric=replicatedMap.maxGetLatency]=0]
11-09-2024 01:55:37 1726019737858 Metric[[name=__sql.catalog,unit=ms,metric=replicatedMap.totalPutLatencies]=0]
11-09-2024 01:55:37 1726019737858 Metric[[name=__sql.catalog,unit=ms,metric=replicatedMap.totalGetLatencies]=0]
11-09-2024 01:55:37 1726019737858 Metric[[name=__sql.catalog,unit=count,metric=replicatedMap.total]=0]
11-09-2024 01:55:37 1726019737858 Metric[[name=__sql.catalog,unit=ms,metric=replicatedMap.lastAccessTime]=0]
11-09-2024 01:55:37 1726019737858 Metric[[name=__sql.catalog,unit=ms,metric=replicatedMap.lastUpdateTime]=0]
11-09-2024 01:55:37 1726019737858 Metric[[name=__sql.catalog,unit=count,metric=replicatedMap.hits]=0]
11-09-2024 01:55:37 1726019737858 Metric[[name=__sql.catalog,unit=count,metric=replicatedMap.numberOfOtherOperations]=0]
11-09-2024 01:55:37 1726019737858 Metric[[name=__sql.catalog,unit=count,metric=replicatedMap.numberOfEvents]=0]
11-09-2024 01:55:37 1726019737858 Metric[[name=__sql.catalog,unit=count,metric=replicatedMap.getCount]=0]
11-09-2024 01:55:37 1726019737858 Metric[[name=__sql.catalog,unit=count,metric=replicatedMap.putCount]=0]
11-09-2024 01:55:37 1726019737858 Metric[[name=__sql.catalog,unit=count,metric=replicatedMap.removeCount]=0]
11-09-2024 01:55:37 1726019737858 Metric[[name=__sql.catalog,unit=ms,metric=replicatedMap.creationTime]=1726019737900]
11-09-2024 01:55:37 1726019737858 Metric[[name=__sql.catalog,unit=count,metric=replicatedMap.ownedEntryCount]=0]
11-09-2024 01:55:37 1726019737858 Metric[[name=__sql.catalog,unit=bytes,metric=replicatedMap.ownedEntryMemoryCost]=0]
11-09-2024 01:55:37 1726019737858 Metric[[thread=hz.festive_shockley.IO.thread-Acceptor,unit=ms,metric=tcp.acceptor.idleTimeMillis]=1726019737902]
11-09-2024 01:55:37 1726019737858 Metric[[thread=hz.festive_shockley.IO.thread-Acceptor,unit=count,metric=tcp.acceptor.eventCount]=0]
11-09-2024 01:55:37 1726019737858 Metric[[thread=hz.festive_shockley.IO.thread-Acceptor,unit=count,metric=tcp.acceptor.exceptionCount]=0]
11-09-2024 01:55:37 1726019737858 Metric[[thread=hz.festive_shockley.IO.thread-Acceptor,unit=count,metric=tcp.acceptor.selectorRecreateCount]=0]
11-09-2024 01:55:37 1726019737858 Metric[[unit=count,metric=tcp.connection.inProgressCount]=0]
11-09-2024 01:55:37 1726019737858 Metric[[unit=count,metric=tcp.connection.count]=0]
11-09-2024 01:55:37 1726019737858 Metric[[unit=count,metric=tcp.connection.openedCount]=0]
11-09-2024 01:55:37 1726019737858 Metric[[unit=count,metric=tcp.connection.closedCount]=0]
11-09-2024 01:55:37 1726019737858 Metric[[unit=count,metric=tcp.connection.activeCount]=0]
11-09-2024 01:55:37 1726019737858 Metric[[unit=count,metric=tcp.connection.acceptedSocketCount]=0]
11-09-2024 01:55:37 1726019737858 Metric[[unit=count,metric=tcp.connection.connectionListenerCount]=3]
11-09-2024 01:55:37 1726019737858 Metric[[unit=count,metric=tcp.connection.clientCount]=0]
11-09-2024 01:55:37 1726019737858 Metric[[unit=count,metric=tcp.connection.textCount]=0]
11-09-2024 01:55:37 1726019737924 SlowOperations[]
11-09-2024 01:55:37 1726019737927 Invocations[
                          Pending[]
                          History[]
                          SlowHistory[]]
11-09-2024 01:55:37 1726019737934 InvocationProfiler[]
11-09-2024 01:55:37 1726019737935 OperationsProfiler[]
11-09-2024 01:55:37 1726019737936 HazelcastInstance[
                          thisAddress=[172.18.0.7]:5701
                          isRunning=true
                          isLite=false
                          joined=false
                          nodeState=ACTIVE
                          clusterId=null
                          clusterSize=1
                          isMaster=false
                          masterAddress=null
                          Members[
                                  [172.18.0.7]:5701]]
11-09-2024 01:55:37 1726019737938 ClusterVersionChanged[
                          5.0]
11-09-2024 01:55:37 1726019737938 Lifecycle[
                          STARTING]
11-09-2024 01:55:37 1726019737938 MemberAdded[
                          member=[172.18.0.7]:5701
                          Members[
                                  [172.18.0.7]:5701:this:master]]
11-09-2024 01:55:41 1726019741860 ConnectionAdded[
                          Connection[id=1, /172.18.0.7:44195->/172.18.0.8:5701, qualifier=null, endpoint=[172.18.0.8]:5701, alive=true, connectionType=MEMBER, planeIndex=0]
                          type=MEMBER
                          isAlive=true]
11-09-2024 01:55:42 1726019742857 InvocationProfiler[]
11-09-2024 01:55:42 1726019742858 OperationsProfiler[
                          com.hazelcast.internal.cluster.impl.operations.MasterResponseOp[
                                  count=1
                                  totalTime(us)=1,632
                                  avg(us)=1,632
                                  max(us)=1,632
                                  latency-distribution[
                                          1024..2047us=1]]]
11-09-2024 01:55:47 1726019747856 InvocationProfiler[
                          com.hazelcast.internal.cluster.impl.operations.OnJoinOp[
                                  count=1
                                  totalTime(us)=5,531
                                  avg(us)=5,531
                                  max(us)=5,531
                                  latency-distribution[
                                          4096..8191us=1]]]
11-09-2024 01:55:47 1726019747858 OperationsProfiler[
                          com.hazelcast.internal.cluster.impl.operations.HeartbeatOp[
                                  count=2
                                  totalTime(us)=1,725
                                  avg(us)=862
                                  max(us)=1,394
                                  latency-distribution[
                                          256..511us=1
                                          1024..2047us=1]]
                          com.hazelcast.internal.cluster.impl.operations.MasterResponseOp[
                                  count=1
                                  totalTime(us)=1,632
                                  avg(us)=1,632
                                  max(us)=1,632
                                  latency-distribution[
                                          1024..2047us=1]]
                          com.hazelcast.internal.cluster.impl.operations.FinalizeJoinOp[
                                  count=1
                                  totalTime(us)=12,028
                                  avg(us)=12,028
                                  max(us)=12,028
                                  latency-distribution[
                                          8192..16383us=1]]
                          com.hazelcast.internal.cluster.impl.operations.OnJoinOp[
                                  count=2
                                  totalTime(us)=1,734
                                  avg(us)=867
                                  max(us)=1,372
                                  latency-distribution[
                                          256..511us=1
                                          1024..2047us=1]]]
11-09-2024 01:55:47 1726019747859 ClusterVersionChanged[
                          5.0]
11-09-2024 01:55:47 1726019747859 MemberAdded[
                          member=[172.18.0.8]:5701
                          Members[
                                  [172.18.0.8]:5701:master
                                  [172.18.0.7]:5701:this]]
11-09-2024 01:55:48 1726019748858 Lifecycle[
                          STARTED]
11-09-2024 01:55:52 1726019752857 InvocationProfiler[
                          com.hazelcast.client.impl.operations.GetConnectedClientsOperation[
                                  count=2
                                  totalTime(us)=2,443
                                  avg(us)=1,221
                                  max(us)=2,092
                                  latency-distribution[
                                          256..511us=1
                                          2048..4095us=1]]
                          com.hazelcast.internal.cluster.impl.operations.OnJoinOp[
                                  count=1
                                  totalTime(us)=5,531
                                  avg(us)=5,531
                                  max(us)=5,531
                                  latency-distribution[
                                          4096..8191us=1]]]
11-09-2024 01:55:52 1726019752862 OperationsProfiler[
                          com.hazelcast.internal.cluster.impl.operations.HeartbeatOp[
                                  count=3
                                  totalTime(us)=2,186
                                  avg(us)=728
                                  max(us)=1,394
                                  latency-distribution[
                                          256..511us=2
                                          1024..2047us=1]]
                          com.hazelcast.client.impl.operations.GetConnectedClientsOperation[
                                  count=1
                                  totalTime(us)=327
                                  avg(us)=327
                                  max(us)=327
                                  latency-distribution[
                                          256..511us=1]]
                          com.hazelcast.internal.cluster.impl.operations.MasterResponseOp[
                                  count=1
                                  totalTime(us)=1,632
                                  avg(us)=1,632
                                  max(us)=1,632
                                  latency-distribution[
                                          1024..2047us=1]]
                          com.hazelcast.internal.cluster.impl.operations.FinalizeJoinOp[
                                  count=1
                                  totalTime(us)=12,028
                                  avg(us)=12,028
                                  max(us)=12,028
                                  latency-distribution[
                                          8192..16383us=1]]
                          com.hazelcast.internal.cluster.impl.operations.OnJoinOp[
                                  count=2
                                  totalTime(us)=1,734
                                  avg(us)=867
                                  max(us)=1,372
                                  latency-distribution[
                                          256..511us=1
                                          1024..2047us=1]]]
