13-09-2024 13:38:00 1726234680050 BuildInfo[
                          Build=20220328
                          BuildNumber=20220328
                          Revision=52ab9d6
                          Version=5.0.3
                          SerialVersion=1
                          Enterprise=false]
13-09-2024 13:38:00 1726234680050 SystemProperties[
                          hazelcast.config=/opt/hazelcast/config/hazelcast.xml
                          hazelcast.logging.type=log4j2
                          hazelcast.tracking.server=true
                          java.class.path=/opt/hazelcast/*:/opt/hazelcast/lib:/opt/hazelcast/lib/log4j-slf4j-impl-2.17.1.jar:/opt/hazelcast/lib/hazelcast-jet-cdc-mysql-5.0.3.jar:/opt/hazelcast/lib/jmx_prometheus_javaagent-0.14.0.jar:/opt/hazelcast/lib/cache-api-1.1.1.jar:/opt/hazelcast/lib/hazelcast-jet-python-5.0.3.jar:/opt/hazelcast/lib/hazelcast-jet-files-s3-5.0.3.jar:/opt/hazelcast/lib/hazelcast-jet-csv-5.0.3.jar:/opt/hazelcast/lib/jline-terminal-jansi-3.21.0.jar:/opt/hazelcast/lib/hazelcast-sql-5.0.3.jar:/opt/hazelcast/lib/hazelcast-3-connector-interface-5.0.3.jar:/opt/hazelcast/lib/hazelcast-jet-hadoop-all-5.0.3.jar:/opt/hazelcast/lib/hazelcast-5.0.3.jar:/opt/hazelcast/lib/hazelcast-jet-kinesis-5.0.3.jar:/opt/hazelcast/lib/jansi-2.4.0.jar:/opt/hazelcast/lib/hazelcast-3-connector-common-5.0.3.jar:/opt/hazelcast/lib/slf4j-api-1.7.36.jar:/opt/hazelcast/lib/hazelcast-wm-4.0.jar:/opt/hazelcast/lib/hazelcast-jet-files-azure-5.0.3.jar:/opt/hazelcast/lib/hazelcast-jet-kafka-5.0.3.jar:/opt/hazelcast/lib/hazelcast-jet-protobuf-5.0.3.jar:/opt/hazelcast/lib/jline-reader-3.21.0.jar:/opt/hazelcast/lib/hazelcast-jet-elasticsearch-7-5.0.3.jar:/opt/hazelcast/lib/picocli-4.4.0.jar:/opt/hazelcast/lib/jline-terminal-3.21.0.jar:/opt/hazelcast/lib/hazelcast-jet-cdc-postgres-5.0.3.jar:/opt/hazelcast/lib/hazelcast-distribution-5.0.3.jar:/opt/hazelcast/lib/hazelcast-hibernate53-2.1.1.jar:/opt/hazelcast/lib/hazelcast-jet-grpc-5.0.3.jar:/opt/hazelcast/lib/hazelcast-jet-s3-5.0.3.jar:/opt/hazelcast/lib/hazelcast-jet-cdc-debezium-5.0.3.jar:/opt/hazelcast/lib/log4j-api-2.17.1.jar:/opt/hazelcast/lib/hazelcast-jet-files-gcs-5.0.3.jar:/opt/hazelcast/lib/log4j-core-2.17.1.jar:/opt/hazelcast/lib/hazelcast-jet-avro-5.0.3.jar:/opt/hazelcast/bin/user-lib:/opt/hazelcast/bin/user-lib/*
                          java.class.version=55.0
                          java.home=/usr/lib/jvm/java-11-openjdk
                          java.io.tmpdir=/tmp
                          java.library.path=/usr/lib/jvm/java-11-openjdk/lib/server:/usr/lib/jvm/java-11-openjdk/lib:/usr/lib/jvm/java-11-openjdk/../lib:/usr/java/packages/lib:/lib:/usr/lib:/usr/lib64:/lib64
                          java.net.preferIPv4Stack=true
                          java.runtime.name=OpenJDK Runtime Environment
                          java.runtime.version=11.0.14+9-alpine-r0
                          java.specification.name=Java Platform API Specification
                          java.specification.vendor=Oracle Corporation
                          java.specification.version=11
                          java.vendor=Alpine
                          java.vendor.url=https://alpinelinux.org/
                          java.vendor.url.bug=https://gitlab.alpinelinux.org/alpine/aports/issues
                          java.version=11.0.14
                          java.version.date=2022-01-18
                          java.vm.args=--add-modules=java.se --add-exports=java.base/jdk.internal.ref=ALL-UNNAMED --add-opens=java.base/java.lang=ALL-UNNAMED --add-opens=java.base/java.nio=ALL-UNNAMED --add-opens=java.base/sun.nio.ch=ALL-UNNAMED --add-opens=java.management/sun.management=ALL-UNNAMED --add-opens=jdk.management/com.sun.management.internal=ALL-UNNAMED -Dhazelcast.logging.type=log4j2 -Dlog4j.configurationFile=file:/opt/hazelcast/config/log4j2.properties -Dhazelcast.config=/opt/hazelcast/config/hazelcast-docker.xml -Djet.custom.lib.dir=/opt/hazelcast/custom-lib -Djava.net.preferIPv4Stack=true -XX:MaxRAMPercentage=80.0 -XX:MaxGCPauseMillis=5 
                          java.vm.compressedOopsMode=Zero based
                          java.vm.info=mixed mode
                          java.vm.name=OpenJDK 64-Bit Server VM
                          java.vm.specification.name=Java Virtual Machine Specification
                          java.vm.specification.vendor=Oracle Corporation
                          java.vm.specification.version=11
                          java.vm.vendor=Alpine
                          java.vm.version=11.0.14+9-alpine-r0
                          os.arch=aarch64
                          os.name=Linux
                          os.version=6.6.32-linuxkit
                          sun.arch.data.model=64
                          sun.boot.library.path=/usr/lib/jvm/java-11-openjdk/lib
                          sun.cpu.endian=little
                          sun.cpu.isalist=
                          sun.io.unicode.encoding=UnicodeLittle
                          sun.java.command=com.hazelcast.commandline.HazelcastServerCommandLine start -c /opt/hazelcast/config/hazelcast.xml
                          sun.java.launcher=SUN_STANDARD
                          sun.jnu.encoding=UTF-8
                          sun.management.compiler=HotSpot 64-Bit Tiered Compilers
                          sun.os.patch.level=unknown]
13-09-2024 13:38:00 1726234680051 ConfigProperties[
                          hazelcast.diagnostics.directory=/opt/hazelcast/logs
                          hazelcast.diagnostics.enabled=true
                          hazelcast.diagnostics.invocation.sample.period.seconds=30
                          hazelcast.diagnostics.metric.level=DEBUG
                          hazelcast.local.public.address=192.168.1.2
                          hazelcast.logging.type=log4j2
                          hazelcast.max.no.heartbeat.seconds=120
                          hazelcast.max.no.master.confirmation.seconds=120
                          hazelcast.shutdownhook.enabled=true
                          hazelcast.shutdownhook.policy=GRACEFUL]
13-09-2024 13:38:00 1726234680051 Metric[[metric=classloading.totalLoadedClassesCount]=7306]
13-09-2024 13:38:00 1726234680051 Metric[[thread=hz.frosty_lichterman.partition-operation.thread-1,unit=count,metric=operation.thread.priorityPendingCount]=0]
13-09-2024 13:38:00 1726234680051 Metric[[thread=hz.frosty_lichterman.partition-operation.thread-8,unit=count,metric=operation.thread.completedOperationCount]=0]
13-09-2024 13:38:00 1726234680051 Metric[[thread=hz.frosty_lichterman.partition-operation.thread-3,unit=count,metric=operation.thread.normalPendingCount]=0]
13-09-2024 13:38:00 1726234680051 Metric[[unit=ns,metric=partitions.elapsedDestinationCommitTime]=0]
13-09-2024 13:38:00 1726234680051 Metric[[unit=count,metric=operation.genericQueueSize]=0]
13-09-2024 13:38:00 1726234680051 Metric[[unit=count,metric=partitions.replicaSyncSemaphore]=10]
13-09-2024 13:38:00 1726234680051 Metric[[unit=count,metric=operation.genericThreadCount]=6]
13-09-2024 13:38:00 1726234680051 Metric[[thread=hz.frosty_lichterman.partition-operation.thread-0,unit=count,metric=operation.thread.errorCount]=0]
13-09-2024 13:38:00 1726234680051 Metric[[thread=hz.frosty_lichterman.partition-operation.thread-1,unit=count,metric=operation.thread.completedPacketCount]=0]
13-09-2024 13:38:00 1726234680051 Metric[[thread=hz.frosty_lichterman.partition-operation.thread-2,unit=count,metric=operation.thread.completedRunnableCount]=0]
13-09-2024 13:38:00 1726234680051 Metric[[unit=count,metric=operation.completedCount]=0]
13-09-2024 13:38:00 1726234680051 Metric[[thread=hz.frosty_lichterman.partition-operation.thread-1,unit=count,metric=operation.thread.completedOperationBatchCount]=0]
13-09-2024 13:38:00 1726234680051 Metric[[metric=classloading.unloadedClassesCount]=0]
13-09-2024 13:38:00 1726234680051 Metric[[unit=count,metric=operation.runningPartitionCount]=0]
13-09-2024 13:38:00 1726234680051 Metric[[metric=os.committedVirtualMemorySize]=15207567360]
13-09-2024 13:38:00 1726234680051 Metric[[thread=hz.frosty_lichterman.partition-operation.thread-2,unit=count,metric=operation.thread.priorityPendingCount]=0]
13-09-2024 13:38:00 1726234680051 Metric[[unit=ns,metric=partitions.elapsedMigrationTime]=0]
13-09-2024 13:38:00 1726234680051 Metric[[thread=hz.frosty_lichterman.partition-operation.thread-9,unit=count,metric=operation.thread.completedOperationCount]=0]
13-09-2024 13:38:00 1726234680051 Metric[[thread=hz.frosty_lichterman.partition-operation.thread-4,unit=count,metric=operation.thread.normalPendingCount]=0]
13-09-2024 13:38:00 1726234680051 Metric[[unit=count,metric=partitions.migrationQueueSize]=0]
13-09-2024 13:38:00 1726234680051 Metric[[unit=count,metric=event.threadCount]=5]
13-09-2024 13:38:00 1726234680051 Metric[[metric=runtime.usedMemory]=60475904]
13-09-2024 13:38:00 1726234680051 Metric[[thread=hz.frosty_lichterman.generic-operation.thread-0,unit=count,metric=operation.thread.completedOperationCount]=0]
13-09-2024 13:38:00 1726234680051 Metric[[unit=ns,metric=partitions.totalElapsedMigrationTime]=0]
13-09-2024 13:38:00 1726234680051 Metric[[unit=bytes,metric=memory.maxHeap]=12981370880]
13-09-2024 13:38:00 1726234680051 Metric[[unit=ms,metric=cluster.clock.maxClusterTimeDiff]=0]
13-09-2024 13:38:00 1726234680051 Metric[[thread=hz.frosty_lichterman.partition-operation.thread-1,unit=count,metric=operation.thread.errorCount]=0]
13-09-2024 13:38:00 1726234680051 Metric[[thread=hz.frosty_lichterman.partition-operation.thread-0,unit=count,metric=operation.thread.completedPacketCount]=0]
13-09-2024 13:38:00 1726234680051 Metric[[thread=hz.frosty_lichterman.partition-operation.thread-3,unit=count,metric=operation.thread.completedRunnableCount]=0]
13-09-2024 13:38:00 1726234680051 Metric[[unit=ns,metric=partitions.totalElapsedMigrationOperationTime]=0]
13-09-2024 13:38:00 1726234680051 Metric[[metric=os.processCpuTime]=4590000000]
13-09-2024 13:38:00 1726234680051 Metric[[unit=bytes,metric=memory.committedHeap]=677380096]
13-09-2024 13:38:00 1726234680051 Metric[[unit=count,metric=raft.terminatedRaftNodeGroupIds]=0]
13-09-2024 13:38:00 1726234680051 Metric[[thread=hz.frosty_lichterman.generic-operation.thread-4,unit=count,metric=operation.thread.completedPartitionSpecificRunnableCount]=0]
13-09-2024 13:38:00 1726234680051 Metric[[unit=bytes,metric=memory.freeHeap]=616904192]
13-09-2024 13:38:00 1726234680051 Metric[[thread=hz.frosty_lichterman.partition-operation.thread-2,unit=count,metric=operation.thread.completedOperationBatchCount]=0]
13-09-2024 13:38:00 1726234680051 Metric[[metric=os.freePhysicalMemorySize]=5640708096]
13-09-2024 13:38:00 1726234680051 Metric[[thread=hz.frosty_lichterman.partition-operation.thread-3,unit=count,metric=operation.thread.priorityPendingCount]=0]
13-09-2024 13:38:00 1726234680051 Metric[[thread=hz.frosty_lichterman.partition-operation.thread-6,unit=count,metric=operation.thread.completedOperationCount]=0]
13-09-2024 13:38:00 1726234680051 Metric[[unit=count,metric=event.totalFailureCount]=0]
13-09-2024 13:38:00 1726234680051 Metric[[thread=hz.frosty_lichterman.generic-operation.thread-4,unit=count,metric=operation.thread.completedTotalCount]=0]
13-09-2024 13:38:00 1726234680051 Metric[[thread=hz.frosty_lichterman.partition-operation.thread-1,unit=count,metric=operation.thread.normalPendingCount]=0]
13-09-2024 13:38:00 1726234680051 Metric[[thread=hz.frosty_lichterman.generic-operation.thread-1,unit=count,metric=operation.thread.completedOperationCount]=0]
13-09-2024 13:38:00 1726234680051 Metric[[unit=count,metric=partitions.totalCompletedMigrations]=0]
13-09-2024 13:38:00 1726234680051 Metric[[thread=hz.frosty_lichterman.partition-operation.thread-2,unit=count,metric=operation.thread.errorCount]=0]
13-09-2024 13:38:00 1726234680051 Metric[[thread=hz.frosty_lichterman.partition-operation.thread-0,unit=count,metric=operation.thread.completedRunnableCount]=0]
13-09-2024 13:38:00 1726234680051 Metric[[thread=hz.frosty_lichterman.partition-operation.thread-3,unit=count,metric=operation.thread.completedPacketCount]=0]
13-09-2024 13:38:00 1726234680051 Metric[[thread=hz.frosty_lichterman.partition-operation.thread-0,unit=count,metric=operation.thread.completedPartitionSpecificRunnableCount]=0]
13-09-2024 13:38:00 1726234680051 Metric[[unit=ms,metric=operation.invocations.invocationScanPeriodMillis]=1000]
13-09-2024 13:38:00 1726234680051 Metric[[thread=hz.frosty_lichterman.priority-generic-operation.thread-0,unit=count,metric=operation.thread.completedPartitionSpecificRunnableCount]=0]
13-09-2024 13:38:00 1726234680051 Metric[[thread=hz.frosty_lichterman.partition-operation.thread-0,unit=count,metric=operation.thread.completedTotalCount]=0]
13-09-2024 13:38:00 1726234680051 Metric[[thread=hz.frosty_lichterman.generic-operation.thread-3,unit=count,metric=operation.thread.completedPartitionSpecificRunnableCount]=0]
13-09-2024 13:38:00 1726234680051 Metric[[unit=count,metric=operation.responses.backupCount]=0]
13-09-2024 13:38:00 1726234680051 Metric[[unit=count,metric=operation.runningGenericCount]=0]
13-09-2024 13:38:00 1726234680051 Metric[[thread=hz.frosty_lichterman.partition-operation.thread-4,unit=count,metric=operation.thread.priorityPendingCount]=0]
13-09-2024 13:38:00 1726234680051 Metric[[thread=hz.frosty_lichterman.priority-generic-operation.thread-0,unit=count,metric=operation.thread.completedTotalCount]=0]
13-09-2024 13:38:00 1726234680051 Metric[[unit=count,metric=raft.metadata.activeMembersCommitIndex]=0]
13-09-2024 13:38:00 1726234680051 Metric[[thread=hz.frosty_lichterman.partition-operation.thread-7,unit=count,metric=operation.thread.completedOperationCount]=0]
13-09-2024 13:38:00 1726234680051 Metric[[thread=hz.frosty_lichterman.generic-operation.thread-3,unit=count,metric=operation.thread.completedTotalCount]=0]
13-09-2024 13:38:00 1726234680051 Metric[[thread=hz.frosty_lichterman.partition-operation.thread-2,unit=count,metric=operation.thread.normalPendingCount]=0]
13-09-2024 13:38:00 1726234680051 Metric[[thread=hz.frosty_lichterman.generic-operation.thread-2,unit=count,metric=operation.thread.completedOperationCount]=0]
13-09-2024 13:38:00 1726234680051 Metric[[unit=count,metric=operation.asyncOperations]=0]
13-09-2024 13:38:00 1726234680051 Metric[[metric=os.totalSwapSpaceSize]=1610608640]
13-09-2024 13:38:00 1726234680051 Metric[[thread=hz.frosty_lichterman.partition-operation.thread-3,unit=count,metric=operation.thread.errorCount]=0]
13-09-2024 13:38:00 1726234680051 Metric[[thread=hz.frosty_lichterman.partition-operation.thread-1,unit=count,metric=operation.thread.completedRunnableCount]=0]
13-09-2024 13:38:00 1726234680051 Metric[[thread=hz.frosty_lichterman.partition-operation.thread-2,unit=count,metric=operation.thread.completedPacketCount]=0]
13-09-2024 13:38:00 1726234680051 Metric[[thread=hz.frosty_lichterman.partition-operation.thread-1,unit=count,metric=operation.thread.completedTotalCount]=0]
13-09-2024 13:38:00 1726234680051 Metric[[thread=hz.frosty_lichterman.generic-operation.thread-2,unit=count,metric=operation.thread.completedPartitionSpecificRunnableCount]=0]
13-09-2024 13:38:00 1726234680051 Metric[[unit=ms,metric=gc.minorTime]=227]
13-09-2024 13:38:00 1726234680051 Metric[[thread=hz.frosty_lichterman.partition-operation.thread-0,unit=count,metric=operation.thread.completedOperationBatchCount]=0]
13-09-2024 13:38:00 1726234680051 Metric[[service=hz:core:clusterService,unit=count,metric=event.publicationCount]=0]
13-09-2024 13:38:00 1726234680051 Metric[[unit=count,metric=event.eventQueueSize]=0]
13-09-2024 13:38:00 1726234680051 Metric[[thread=hz.frosty_lichterman.partition-operation.thread-5,unit=count,metric=operation.thread.priorityPendingCount]=0]
13-09-2024 13:38:00 1726234680051 Metric[[thread=hz.frosty_lichterman.partition-operation.thread-4,unit=count,metric=operation.thread.completedOperationCount]=0]
13-09-2024 13:38:00 1726234680051 Metric[[unit=count,metric=operation.callTimeoutCount]=0]
13-09-2024 13:38:00 1726234680051 Metric[[thread=hz.frosty_lichterman.generic-operation.thread-2,unit=count,metric=operation.thread.completedTotalCount]=0]
13-09-2024 13:38:00 1726234680051 Metric[[thread=hz.frosty_lichterman.partition-operation.thread-7,unit=count,metric=operation.thread.normalPendingCount]=0]
13-09-2024 13:38:00 1726234680051 Metric[[unit=boolean,metric=partitions.migrationActive]=1]
13-09-2024 13:38:00 1726234680051 Metric[[thread=hz.frosty_lichterman.generic-operation.thread-3,unit=count,metric=operation.thread.completedOperationCount]=0]
13-09-2024 13:38:00 1726234680051 Metric[[unit=count,metric=client.endpoint.totalRegistrations]=0]
13-09-2024 13:38:00 1726234680051 Metric[[metric=runtime.freeMemory]=616306112]
13-09-2024 13:38:00 1726234680051 Metric[[thread=hz.frosty_lichterman.partition-operation.thread-6,unit=count,metric=operation.thread.completedRunnableCount]=0]
13-09-2024 13:38:00 1726234680051 Metric[[unit=ms,metric=cluster.heartbeat.lastHeartbeat]=0]
13-09-2024 13:38:00 1726234680051 Metric[[thread=hz.frosty_lichterman.partition-operation.thread-2,unit=count,metric=operation.thread.completedPartitionSpecificRunnableCount]=0]
13-09-2024 13:38:00 1726234680051 Metric[[thread=hz.frosty_lichterman.generic-operation.thread-4,unit=count,metric=operation.thread.completedPacketCount]=0]
13-09-2024 13:38:00 1726234680051 Metric[[thread=hz.frosty_lichterman.generic-operation.thread-3,unit=count,metric=operation.thread.errorCount]=0]
13-09-2024 13:38:00 1726234680051 Metric[[thread=hz.frosty_lichterman.partition-operation.thread-6,unit=count,metric=operation.thread.priorityPendingCount]=0]
13-09-2024 13:38:00 1726234680051 Metric[[unit=count,metric=operation.invocations.delayedExecutionCount]=0]
13-09-2024 13:38:00 1726234680051 Metric[[thread=hz.frosty_lichterman.partition-operation.thread-5,unit=count,metric=operation.thread.completedOperationCount]=0]
13-09-2024 13:38:00 1726234680051 Metric[[thread=hz.frosty_lichterman.generic-operation.thread-1,unit=count,metric=operation.thread.completedTotalCount]=0]
13-09-2024 13:38:00 1726234680051 Metric[[thread=hz.frosty_lichterman.partition-operation.thread-8,unit=count,metric=operation.thread.normalPendingCount]=0]
13-09-2024 13:38:00 1726234680051 Metric[[thread=hz.frosty_lichterman.generic-operation.thread-4,unit=count,metric=operation.thread.completedOperationCount]=0]
13-09-2024 13:38:00 1726234680051 Metric[[unit=count,metric=operation.responses.missingCount]=0]
13-09-2024 13:38:00 1726234680051 Metric[[thread=hz.frosty_lichterman.partition-operation.thread-7,unit=count,metric=operation.thread.completedRunnableCount]=0]
13-09-2024 13:38:00 1726234680051 Metric[[unit=count,metric=event.syncDeliveryFailureCount]=0]
13-09-2024 13:38:00 1726234680051 Metric[[unit=ms,metric=cluster.clock.clusterTimeDiff]=0]
13-09-2024 13:38:00 1726234680051 Metric[[thread=hz.frosty_lichterman.partition-operation.thread-1,unit=count,metric=operation.thread.completedPartitionSpecificRunnableCount]=0]
13-09-2024 13:38:00 1726234680051 Metric[[unit=count,metric=raft.metadata.groups]=0]
13-09-2024 13:38:00 1726234680051 Metric[[thread=hz.frosty_lichterman.generic-operation.thread-3,unit=count,metric=operation.thread.completedPacketCount]=0]
13-09-2024 13:38:00 1726234680051 Metric[[unit=count,metric=proxy.createdCount]=0]
13-09-2024 13:38:00 1726234680051 Metric[[unit=count,metric=operation.retryCount]=0]
13-09-2024 13:38:00 1726234680051 Metric[[thread=hz.frosty_lichterman.generic-operation.thread-4,unit=count,metric=operation.thread.errorCount]=0]
13-09-2024 13:38:00 1726234680051 Metric[[unit=ms,metric=operation.invocations.heartbeatBroadcastPeriodMillis]=15000]
13-09-2024 13:38:00 1726234680051 Metric[[unit=bytes,metric=memory.maxNative]=0]
13-09-2024 13:38:00 1726234680051 Metric[[thread=hz.frosty_lichterman.partition-operation.thread-7,unit=count,metric=operation.thread.priorityPendingCount]=0]
13-09-2024 13:38:00 1726234680051 Metric[[thread=hz.frosty_lichterman.partition-operation.thread-2,unit=count,metric=operation.thread.completedOperationCount]=0]
13-09-2024 13:38:00 1726234680051 Metric[[thread=hz.frosty_lichterman.generic-operation.thread-0,unit=count,metric=operation.thread.completedTotalCount]=0]
13-09-2024 13:38:00 1726234680051 Metric[[thread=hz.frosty_lichterman.partition-operation.thread-5,unit=count,metric=operation.thread.normalPendingCount]=0]
13-09-2024 13:38:00 1726234680051 Metric[[unit=bytes,metric=memory.totalPhysical]=16225161216]
13-09-2024 13:38:00 1726234680051 Metric[[unit=percent,metric=operation.invocations.usedPercentage]=0.0]
13-09-2024 13:38:00 1726234680051 Metric[[metric=os.systemLoadAverage]=3.70361328125]
13-09-2024 13:38:00 1726234680051 Metric[[metric=thread.totalStartedThreadCount]=40]
13-09-2024 13:38:00 1726234680051 Metric[[thread=hz.frosty_lichterman.partition-operation.thread-4,unit=count,metric=operation.thread.completedRunnableCount]=0]
13-09-2024 13:38:00 1726234680051 Metric[[service=hz:core:proxyService,unit=count,metric=event.publicationCount]=0]
13-09-2024 13:38:00 1726234680051 Metric[[thread=hz.frosty_lichterman.partition-operation.thread-4,unit=count,metric=operation.thread.completedPartitionSpecificRunnableCount]=0]
13-09-2024 13:38:00 1726234680051 Metric[[thread=hz.frosty_lichterman.generic-operation.thread-2,unit=count,metric=operation.thread.completedPacketCount]=0]
13-09-2024 13:38:00 1726234680051 Metric[[unit=ms,metric=gc.unknownTime]=0]
13-09-2024 13:38:00 1726234680051 Metric[[thread=hz.frosty_lichterman.generic-operation.thread-1,unit=count,metric=operation.thread.errorCount]=0]
13-09-2024 13:38:00 1726234680051 Metric[[thread=hz.frosty_lichterman.partition-operation.thread-8,unit=count,metric=operation.thread.priorityPendingCount]=0]
13-09-2024 13:38:00 1726234680051 Metric[[unit=ms,metric=cluster.clock.clusterUpTime]=-9223370310620095745]
13-09-2024 13:38:00 1726234680051 Metric[[thread=hz.frosty_lichterman.partition-operation.thread-3,unit=count,metric=operation.thread.completedOperationCount]=0]
13-09-2024 13:38:00 1726234680051 Metric[[unit=count,metric=operation.queueSize]=0]
13-09-2024 13:38:00 1726234680051 Metric[[thread=hz.frosty_lichterman.partition-operation.thread-6,unit=count,metric=operation.thread.normalPendingCount]=0]
13-09-2024 13:38:00 1726234680051 Metric[[service=hz:core:clusterService,unit=count,metric=event.listenerCount]=2]
13-09-2024 13:38:00 1726234680051 Metric[[unit=count,metric=operation.partitionThreadCount]=10]
13-09-2024 13:38:00 1726234680051 Metric[[thread=hz.frosty_lichterman.partition-operation.thread-5,unit=count,metric=operation.thread.completedRunnableCount]=0]
13-09-2024 13:38:00 1726234680051 Metric[[metric=thread.threadCount]=39]
13-09-2024 13:38:00 1726234680051 Metric[[thread=hz.frosty_lichterman.partition-operation.thread-3,unit=count,metric=operation.thread.completedPartitionSpecificRunnableCount]=0]
13-09-2024 13:38:00 1726234680051 Metric[[thread=hz.frosty_lichterman.generic-operation.thread-1,unit=count,metric=operation.thread.completedPacketCount]=0]
13-09-2024 13:38:00 1726234680051 Metric[[unit=count,metric=operation.invocations.heartbeatPacketsSent]=1]
13-09-2024 13:38:00 1726234680051 Metric[[unit=count,metric=partitions.replicaSyncRequestsCounter]=0]
13-09-2024 13:38:00 1726234680051 Metric[[unit=count,metric=partitions.partitionCount]=271]
13-09-2024 13:38:00 1726234680051 Metric[[thread=hz.frosty_lichterman.generic-operation.thread-2,unit=count,metric=operation.thread.errorCount]=0]
13-09-2024 13:38:00 1726234680051 Metric[[metric=runtime.maxMemory]=12981370880]
13-09-2024 13:38:00 1726234680051 Metric[[unit=count,metric=operation.invocations.heartbeatPacketsReceived]=1]
13-09-2024 13:38:00 1726234680051 Metric[[service=hz:core:partitionService,unit=count,metric=event.publicationCount]=0]
13-09-2024 13:38:00 1726234680051 Metric[[thread=hz.frosty_lichterman.generic-operation.thread-1,unit=count,metric=operation.thread.completedOperationBatchCount]=0]
13-09-2024 13:38:00 1726234680051 Metric[[metric=thread.daemonThreadCount]=5]
13-09-2024 13:38:00 1726234680051 Metric[[thread=hz.frosty_lichterman.partition-operation.thread-9,unit=count,metric=operation.thread.priorityPendingCount]=0]
13-09-2024 13:38:00 1726234680051 Metric[[thread=hz.frosty_lichterman.partition-operation.thread-0,unit=count,metric=operation.thread.completedOperationCount]=0]
13-09-2024 13:38:00 1726234680051 Metric[[metric=os.processCpuLoad]=0.0]
13-09-2024 13:38:00 1726234680051 Metric[[unit=bytes,metric=memory.freeNative]=0]
13-09-2024 13:38:00 1726234680051 Metric[[unit=count,metric=cluster.size]=1]
13-09-2024 13:38:00 1726234680051 Metric[[unit=count,metric=event.rejectedCount]=0]
13-09-2024 13:38:00 1726234680051 Metric[[thread=hz.frosty_lichterman.partition-operation.thread-8,unit=count,metric=operation.thread.errorCount]=0]
13-09-2024 13:38:00 1726234680051 Metric[[thread=hz.frosty_lichterman.partition-operation.thread-9,unit=count,metric=operation.thread.completedPacketCount]=0]
13-09-2024 13:38:00 1726234680051 Metric[[thread=hz.frosty_lichterman.partition-operation.thread-6,unit=count,metric=operation.thread.completedPartitionSpecificRunnableCount]=0]
13-09-2024 13:38:00 1726234680051 Metric[[thread=hz.frosty_lichterman.generic-operation.thread-0,unit=count,metric=operation.thread.completedPacketCount]=0]
13-09-2024 13:38:00 1726234680051 Metric[[thread=hz.frosty_lichterman.partition-operation.thread-6,unit=count,metric=operation.thread.completedTotalCount]=0]
13-09-2024 13:38:00 1726234680051 Metric[[thread=hz.frosty_lichterman.partition-operation.thread-9,unit=count,metric=operation.thread.completedOperationBatchCount]=0]
13-09-2024 13:38:00 1726234680051 Metric[[thread=hz.frosty_lichterman.generic-operation.thread-1,unit=count,metric=operation.thread.completedRunnableCount]=0]
13-09-2024 13:38:00 1726234680051 Metric[[unit=count,metric=raft.missingMembers]=0]
13-09-2024 13:38:00 1726234680051 Metric[[thread=hz.frosty_lichterman.generic-operation.thread-0,unit=count,metric=operation.thread.completedOperationBatchCount]=0]
13-09-2024 13:38:00 1726234680051 Metric[[thread=hz.frosty_lichterman.partition-operation.thread-1,unit=count,metric=operation.thread.completedOperationCount]=0]
13-09-2024 13:38:00 1726234680051 Metric[[unit=ms,metric=cluster.clock.localClockTime]=1726234680065]
13-09-2024 13:38:00 1726234680051 Metric[[dir=user.home,unit=bytes,metric=file.partition.freeSpace]=78034415616]
13-09-2024 13:38:00 1726234680051 Metric[[thread=hz.frosty_lichterman.partition-operation.thread-9,unit=count,metric=operation.thread.errorCount]=0]
13-09-2024 13:38:00 1726234680051 Metric[[thread=hz.frosty_lichterman.partition-operation.thread-8,unit=count,metric=operation.thread.completedPacketCount]=0]
13-09-2024 13:38:00 1726234680051 Metric[[unit=count,metric=gc.majorCount]=0]
13-09-2024 13:38:00 1726234680051 Metric[[thread=hz.frosty_lichterman.partition-operation.thread-5,unit=count,metric=operation.thread.completedPartitionSpecificRunnableCount]=0]
13-09-2024 13:38:00 1726234680051 Metric[[thread=hz.frosty_lichterman.partition-operation.thread-7,unit=count,metric=operation.thread.completedTotalCount]=0]
13-09-2024 13:38:00 1726234680051 Metric[[thread=hz.frosty_lichterman.generic-operation.thread-0,unit=count,metric=operation.thread.errorCount]=0]
13-09-2024 13:38:00 1726234680051 Metric[[metric=thread.peakThreadCount]=40]
13-09-2024 13:38:00 1726234680051 Metric[[thread=hz.frosty_lichterman.generic-operation.thread-2,unit=count,metric=operation.thread.completedRunnableCount]=0]
13-09-2024 13:38:00 1726234680051 Metric[[unit=count,metric=partitions.maxBackupCount]=0]
13-09-2024 13:38:00 1726234680051 Metric[[unit=ms,metric=operation.invocations.invocationTimeoutMillis]=60000]
13-09-2024 13:38:00 1726234680051 Metric[[unit=count,metric=operation.priorityQueueSize]=0]
13-09-2024 13:38:00 1726234680051 Metric[[thread=hz.frosty_lichterman.priority-generic-operation.thread-0,unit=count,metric=operation.thread.completedOperationBatchCount]=0]
13-09-2024 13:38:00 1726234680051 Metric[[thread=hz.frosty_lichterman.generic-operation.thread-3,unit=count,metric=operation.thread.completedOperationBatchCount]=0]
13-09-2024 13:38:00 1726234680051 Metric[[thread=hz.frosty_lichterman.partition-operation.thread-9,unit=count,metric=operation.thread.normalPendingCount]=0]
13-09-2024 13:38:00 1726234680051 Metric[[metric=runtime.totalMemory]=677380096]
13-09-2024 13:38:00 1726234680051 Metric[[unit=ms,metric=operation.invocations.backupTimeoutMillis]=5000]
13-09-2024 13:38:00 1726234680051 Metric[[unit=count,metric=operation.responses.errorCount]=0]
13-09-2024 13:38:00 1726234680051 Metric[[service=hz:impl:replicatedMapService,unit=count,metric=event.listenerCount]=1]
13-09-2024 13:38:00 1726234680051 Metric[[service=hz:core:proxyService,unit=count,metric=event.listenerCount]=1]
13-09-2024 13:38:00 1726234680051 Metric[[thread=hz.frosty_lichterman.priority-generic-operation.thread-0,unit=count,metric=operation.thread.completedRunnableCount]=0]
13-09-2024 13:38:00 1726234680051 Metric[[thread=hz.frosty_lichterman.partition-operation.thread-8,unit=count,metric=operation.thread.completedRunnableCount]=0]
13-09-2024 13:38:00 1726234680051 Metric[[unit=count,metric=proxy.proxyCount]=1]
13-09-2024 13:38:00 1726234680051 Metric[[thread=hz.frosty_lichterman.partition-operation.thread-8,unit=count,metric=operation.thread.completedPartitionSpecificRunnableCount]=0]
13-09-2024 13:38:00 1726234680051 Metric[[thread=hz.frosty_lichterman.partition-operation.thread-8,unit=count,metric=operation.thread.completedTotalCount]=0]
13-09-2024 13:38:00 1726234680051 Metric[[unit=bytes,metric=memory.freePhysical]=5640192000]
13-09-2024 13:38:00 1726234680051 Metric[[unit=bytes,metric=memory.committedNative]=0]
13-09-2024 13:38:00 1726234680051 Metric[[unit=ns,metric=partitions.totalElapsedDestinationCommitTime]=0]
13-09-2024 13:38:00 1726234680051 Metric[[unit=count,metric=operation.responses.timeoutCount]=0]
13-09-2024 13:38:00 1726234680051 Metric[[thread=hz.frosty_lichterman.partition-operation.thread-7,unit=count,metric=operation.thread.completedOperationBatchCount]=0]
13-09-2024 13:38:00 1726234680051 Metric[[metric=os.openFileDescriptorCount]=43]
13-09-2024 13:38:00 1726234680051 Metric[[thread=hz.frosty_lichterman.generic-operation.thread-3,unit=count,metric=operation.thread.completedRunnableCount]=0]
13-09-2024 13:38:00 1726234680051 Metric[[unit=count,metric=operation.invocations.backupTimeouts]=0]
13-09-2024 13:38:00 1726234680051 Metric[[thread=hz.frosty_lichterman.generic-operation.thread-2,unit=count,metric=operation.thread.completedOperationBatchCount]=0]
13-09-2024 13:38:00 1726234680051 Metric[[unit=ns,metric=partitions.elapsedMigrationOperationTime]=0]
13-09-2024 13:38:00 1726234680051 Metric[[unit=count,metric=operation.genericPriorityQueueSize]=0]
13-09-2024 13:38:00 1726234680051 Metric[[unit=count,metric=gc.minorCount]=9]
13-09-2024 13:38:00 1726234680051 Metric[[unit=count,metric=transactions.startCount]=0]
13-09-2024 13:38:00 1726234680051 Metric[[unit=bytes,metric=memory.usedMetadata]=0]
13-09-2024 13:38:00 1726234680051 Metric[[thread=hz.frosty_lichterman.partition-operation.thread-9,unit=count,metric=operation.thread.completedRunnableCount]=0]
13-09-2024 13:38:00 1726234680051 Metric[[metric=os.freeSwapSpaceSize]=1610608640]
13-09-2024 13:38:00 1726234680051 Metric[[metric=os.systemCpuLoad]=100.0]
13-09-2024 13:38:00 1726234680051 Metric[[metric=os.totalPhysicalMemorySize]=16225161216]
13-09-2024 13:38:00 1726234680051 Metric[[unit=ms,metric=partitions.lastRepartitionTime]=0]
13-09-2024 13:38:00 1726234680051 Metric[[thread=hz.frosty_lichterman.partition-operation.thread-7,unit=count,metric=operation.thread.completedPartitionSpecificRunnableCount]=0]
13-09-2024 13:38:00 1726234680051 Metric[[thread=hz.frosty_lichterman.partition-operation.thread-9,unit=count,metric=operation.thread.completedTotalCount]=0]
13-09-2024 13:38:00 1726234680051 Metric[[metric=runtime.availableProcessors]=10]
13-09-2024 13:38:00 1726234680051 Metric[[unit=count,metric=event.eventsProcessed]=8]
13-09-2024 13:38:00 1726234680051 Metric[[thread=hz.frosty_lichterman.partition-operation.thread-8,unit=count,metric=operation.thread.completedOperationBatchCount]=0]
13-09-2024 13:38:00 1726234680051 Metric[[thread=hz.frosty_lichterman.generic-operation.thread-4,unit=count,metric=operation.thread.completedRunnableCount]=0]
13-09-2024 13:38:00 1726234680051 Metric[[unit=count,metric=operation.parker.parkQueueCount]=0]
13-09-2024 13:38:00 1726234680051 Metric[[unit=count,metric=operation.responses.normalCount]=0]
13-09-2024 13:38:00 1726234680051 Metric[[unit=count,metric=client.endpoint.count]=0]
13-09-2024 13:38:00 1726234680051 Metric[[thread=hz.frosty_lichterman.priority-generic-operation.thread-0,unit=count,metric=operation.thread.completedOperationCount]=0]
13-09-2024 13:38:00 1726234680051 Metric[[unit=count,metric=gc.unknownCount]=0]
13-09-2024 13:38:00 1726234680051 Metric[[unit=count,metric=operation.responseQueueSize]=0]
13-09-2024 13:38:00 1726234680051 Metric[[unit=bytes,metric=memory.maxMetadata]=0]
13-09-2024 13:38:00 1726234680051 Metric[[thread=hz.frosty_lichterman.partition-operation.thread-4,unit=count,metric=operation.thread.errorCount]=0]
13-09-2024 13:38:00 1726234680051 Metric[[thread=hz.frosty_lichterman.partition-operation.thread-5,unit=count,metric=operation.thread.completedPacketCount]=0]
13-09-2024 13:38:00 1726234680051 Metric[[unit=count,metric=operation.parker.totalParkedOperationCount]=0]
13-09-2024 13:38:00 1726234680051 Metric[[unit=count,metric=partitions.localPartitionCount]=0]
13-09-2024 13:38:00 1726234680051 Metric[[unit=ms,metric=gc.majorTime]=0]
13-09-2024 13:38:00 1726234680051 Metric[[thread=hz.frosty_lichterman.partition-operation.thread-2,unit=count,metric=operation.thread.completedTotalCount]=0]
13-09-2024 13:38:00 1726234680051 Metric[[thread=hz.frosty_lichterman.generic-operation.thread-1,unit=count,metric=operation.thread.completedPartitionSpecificRunnableCount]=0]
13-09-2024 13:38:00 1726234680051 Metric[[thread=hz.frosty_lichterman.priority-generic-operation.thread-0,unit=count,metric=operation.thread.errorCount]=0]
13-09-2024 13:38:00 1726234680051 Metric[[unit=count,metric=operation.runningCount]=0]
13-09-2024 13:38:00 1726234680051 Metric[[thread=hz.frosty_lichterman.partition-operation.thread-5,unit=count,metric=operation.thread.completedOperationBatchCount]=0]
13-09-2024 13:38:00 1726234680051 Metric[[metric=classloading.loadedClassesCount]=7350]
13-09-2024 13:38:00 1726234680051 Metric[[thread=hz.frosty_lichterman.generic-operation.thread-4,unit=count,metric=operation.thread.completedOperationBatchCount]=0]
13-09-2024 13:38:00 1726234680051 Metric[[unit=count,metric=operation.invocations.lastCallId]=0]
13-09-2024 13:38:00 1726234680051 Metric[[thread=hz.frosty_lichterman.partition-operation.thread-0,unit=count,metric=operation.thread.normalPendingCount]=0]
13-09-2024 13:38:00 1726234680051 Metric[[thread=hz.frosty_lichterman.partition-operation.thread-5,unit=count,metric=operation.thread.errorCount]=0]
13-09-2024 13:38:00 1726234680051 Metric[[thread=hz.frosty_lichterman.partition-operation.thread-4,unit=count,metric=operation.thread.completedPacketCount]=0]
13-09-2024 13:38:00 1726234680051 Metric[[thread=hz.frosty_lichterman.partition-operation.thread-9,unit=count,metric=operation.thread.completedPartitionSpecificRunnableCount]=0]
13-09-2024 13:38:00 1726234680051 Metric[[unit=count,metric=transactions.commitCount]=0]
13-09-2024 13:38:00 1726234680051 Metric[[thread=hz.frosty_lichterman.priority-generic-operation.thread-0,unit=count,metric=operation.thread.completedPacketCount]=0]
13-09-2024 13:38:00 1726234680051 Metric[[unit=count,metric=raft.destroyedGroupIds]=0]
13-09-2024 13:38:00 1726234680051 Metric[[thread=hz.frosty_lichterman.partition-operation.thread-3,unit=count,metric=operation.thread.completedTotalCount]=0]
13-09-2024 13:38:00 1726234680051 Metric[[thread=hz.frosty_lichterman.generic-operation.thread-0,unit=count,metric=operation.thread.completedPartitionSpecificRunnableCount]=0]
13-09-2024 13:38:00 1726234680051 Metric[[unit=count,metric=partitions.activePartitionCount]=0]
13-09-2024 13:38:00 1726234680051 Metric[[metric=os.maxFileDescriptorCount]=1048576]
13-09-2024 13:38:00 1726234680051 Metric[[thread=hz.frosty_lichterman.partition-operation.thread-6,unit=count,metric=operation.thread.completedOperationBatchCount]=0]
13-09-2024 13:38:00 1726234680051 Metric[[service=hz:core:partitionService,unit=count,metric=event.listenerCount]=3]
13-09-2024 13:38:00 1726234680051 Metric[[unit=count,metric=operation.invocations.pending]=0]
13-09-2024 13:38:00 1726234680051 Metric[[unit=bytes,metric=memory.usedNative]=0]
13-09-2024 13:38:00 1726234680051 Metric[[dir=user.home,unit=bytes,metric=file.partition.totalSpace]=86289817600]
13-09-2024 13:38:00 1726234680051 Metric[[unit=ms,metric=cluster.clock.clusterStartTime]=-9223372036854775808]
13-09-2024 13:38:00 1726234680051 Metric[[unit=ms,metric=cluster.clock.clusterTime]=1726234680070]
13-09-2024 13:38:00 1726234680051 Metric[[unit=count,metric=partitions.plannedMigrations]=0]
13-09-2024 13:38:00 1726234680051 Metric[[thread=hz.frosty_lichterman.partition-operation.thread-6,unit=count,metric=operation.thread.errorCount]=0]
13-09-2024 13:38:00 1726234680051 Metric[[thread=hz.frosty_lichterman.partition-operation.thread-7,unit=count,metric=operation.thread.completedPacketCount]=0]
13-09-2024 13:38:00 1726234680051 Metric[[service=hz:impl:replicatedMapService,unit=count,metric=event.publicationCount]=0]
13-09-2024 13:38:00 1726234680051 Metric[[thread=hz.frosty_lichterman.partition-operation.thread-4,unit=count,metric=operation.thread.completedTotalCount]=0]
13-09-2024 13:38:00 1726234680051 Metric[[dir=user.home,unit=bytes,metric=file.partition.usableSpace]=73617711104]
13-09-2024 13:38:00 1726234680051 Metric[[unit=count,metric=proxy.destroyedCount]=0]
13-09-2024 13:38:00 1726234680051 Metric[[unit=count,metric=operation.invocations.normalTimeouts]=0]
13-09-2024 13:38:00 1726234680051 Metric[[unit=count,metric=raft.metadata.activeMembers]=0]
13-09-2024 13:38:00 1726234680051 Metric[[unit=count,metric=operation.failedBackups]=0]
13-09-2024 13:38:00 1726234680051 Metric[[thread=hz.frosty_lichterman.partition-operation.thread-3,unit=count,metric=operation.thread.completedOperationBatchCount]=0]
13-09-2024 13:38:00 1726234680051 Metric[[unit=count,metric=partitions.memberGroupsSize]=0]
13-09-2024 13:38:00 1726234680051 Metric[[unit=count,metric=operation.operationTimeoutCount]=0]
13-09-2024 13:38:00 1726234680051 Metric[[thread=hz.frosty_lichterman.partition-operation.thread-0,unit=count,metric=operation.thread.priorityPendingCount]=0]
13-09-2024 13:38:00 1726234680051 Metric[[unit=count,metric=transactions.rollbackCount]=0]
13-09-2024 13:38:00 1726234680051 Metric[[metric=runtime.uptime]=4520]
13-09-2024 13:38:00 1726234680051 Metric[[unit=count,metric=event.queueCapacity]=1000000]
13-09-2024 13:38:00 1726234680051 Metric[[thread=hz.frosty_lichterman.partition-operation.thread-7,unit=count,metric=operation.thread.errorCount]=0]
13-09-2024 13:38:00 1726234680051 Metric[[thread=hz.frosty_lichterman.partition-operation.thread-6,unit=count,metric=operation.thread.completedPacketCount]=0]
13-09-2024 13:38:00 1726234680051 Metric[[unit=count,metric=raft.nodes]=0]
13-09-2024 13:38:00 1726234680051 Metric[[thread=hz.frosty_lichterman.partition-operation.thread-5,unit=count,metric=operation.thread.completedTotalCount]=0]
13-09-2024 13:38:00 1726234680051 Metric[[unit=count,metric=partitions.stateStamp]=0]
13-09-2024 13:38:00 1726234680051 Metric[[unit=count,metric=partitions.completedMigrations]=0]
13-09-2024 13:38:00 1726234680051 Metric[[unit=bytes,metric=memory.usedHeap]=61860512]
13-09-2024 13:38:00 1726234680051 Metric[[thread=hz.frosty_lichterman.partition-operation.thread-4,unit=count,metric=operation.thread.completedOperationBatchCount]=0]
13-09-2024 13:38:00 1726234680051 Metric[[thread=hz.frosty_lichterman.generic-operation.thread-0,unit=count,metric=operation.thread.completedRunnableCount]=0]
13-09-2024 13:38:00 1726234680051 Metric[[name=hz:cluster,unit=count,metric=executor.internal.remainingQueueCapacity]=2147483647]
13-09-2024 13:38:00 1726234680051 Metric[[name=hz:cluster,unit=count,metric=executor.internal.queueSize]=0]
13-09-2024 13:38:00 1726234680051 Metric[[name=hz:cluster,unit=count,metric=executor.internal.maximumPoolSize]=2]
13-09-2024 13:38:00 1726234680051 Metric[[name=hz:cluster,unit=count,metric=executor.internal.completedTasks]=0]
13-09-2024 13:38:00 1726234680051 Metric[[name=hz:cluster,unit=count,metric=executor.internal.poolSize]=0]
13-09-2024 13:38:00 1726234680051 Metric[[name=hz:cluster:event,unit=count,metric=executor.internal.remainingQueueCapacity]=2147483647]
13-09-2024 13:38:00 1726234680051 Metric[[name=hz:cluster:event,unit=count,metric=executor.internal.queueSize]=0]
13-09-2024 13:38:00 1726234680051 Metric[[name=hz:cluster:event,unit=count,metric=executor.internal.maximumPoolSize]=1]
13-09-2024 13:38:00 1726234680051 Metric[[name=hz:cluster:event,unit=count,metric=executor.internal.completedTasks]=6]
13-09-2024 13:38:00 1726234680051 Metric[[name=hz:cluster:event,unit=count,metric=executor.internal.poolSize]=0]
13-09-2024 13:38:00 1726234680051 Metric[[name=hz:offloadable,unit=count,metric=executor.internal.remainingQueueCapacity]=100000]
13-09-2024 13:38:00 1726234680051 Metric[[name=hz:offloadable,unit=count,metric=executor.internal.queueSize]=0]
13-09-2024 13:38:00 1726234680051 Metric[[name=hz:offloadable,unit=count,metric=executor.internal.maximumPoolSize]=10]
13-09-2024 13:38:00 1726234680051 Metric[[name=hz:offloadable,unit=count,metric=executor.internal.completedTasks]=0]
13-09-2024 13:38:00 1726234680051 Metric[[name=hz:offloadable,unit=count,metric=executor.internal.poolSize]=0]
13-09-2024 13:38:00 1726234680051 Metric[[name=hz:splitBrainProtection,unit=count,metric=executor.internal.remainingQueueCapacity]=2147483647]
13-09-2024 13:38:00 1726234680051 Metric[[name=hz:splitBrainProtection,unit=count,metric=executor.internal.queueSize]=0]
13-09-2024 13:38:00 1726234680051 Metric[[name=hz:splitBrainProtection,unit=count,metric=executor.internal.maximumPoolSize]=1]
13-09-2024 13:38:00 1726234680051 Metric[[name=hz:splitBrainProtection,unit=count,metric=executor.internal.completedTasks]=0]
13-09-2024 13:38:00 1726234680051 Metric[[name=hz:splitBrainProtection,unit=count,metric=executor.internal.poolSize]=0]
13-09-2024 13:38:00 1726234680051 Metric[[name=hz:client,unit=count,metric=executor.internal.remainingQueueCapacity]=1000000]
13-09-2024 13:38:00 1726234680051 Metric[[name=hz:client,unit=count,metric=executor.internal.queueSize]=0]
13-09-2024 13:38:00 1726234680051 Metric[[name=hz:client,unit=count,metric=executor.internal.maximumPoolSize]=10]
13-09-2024 13:38:00 1726234680051 Metric[[name=hz:client,unit=count,metric=executor.internal.completedTasks]=0]
13-09-2024 13:38:00 1726234680051 Metric[[name=hz:client,unit=count,metric=executor.internal.poolSize]=0]
13-09-2024 13:38:00 1726234680051 Metric[[name=hz:cluster:mastership,unit=count,metric=executor.internal.remainingQueueCapacity]=2147483647]
13-09-2024 13:38:00 1726234680051 Metric[[name=hz:cluster:mastership,unit=count,metric=executor.internal.queueSize]=0]
13-09-2024 13:38:00 1726234680051 Metric[[name=hz:cluster:mastership,unit=count,metric=executor.internal.maximumPoolSize]=1]
13-09-2024 13:38:00 1726234680051 Metric[[name=hz:cluster:mastership,unit=count,metric=executor.internal.completedTasks]=0]
13-09-2024 13:38:00 1726234680051 Metric[[name=hz:cluster:mastership,unit=count,metric=executor.internal.poolSize]=0]
13-09-2024 13:38:00 1726234680051 Metric[[name=hz:async,unit=count,metric=executor.internal.remainingQueueCapacity]=100000]
13-09-2024 13:38:00 1726234680051 Metric[[name=hz:async,unit=count,metric=executor.internal.queueSize]=0]
13-09-2024 13:38:00 1726234680051 Metric[[name=hz:async,unit=count,metric=executor.internal.maximumPoolSize]=10]
13-09-2024 13:38:00 1726234680051 Metric[[name=hz:async,unit=count,metric=executor.internal.completedTasks]=0]
13-09-2024 13:38:00 1726234680051 Metric[[name=hz:async,unit=count,metric=executor.internal.poolSize]=0]
13-09-2024 13:38:00 1726234680051 Metric[[name=hz:client-blocking-tasks,unit=count,metric=executor.internal.remainingQueueCapacity]=1000000]
13-09-2024 13:38:00 1726234680051 Metric[[name=hz:client-blocking-tasks,unit=count,metric=executor.internal.queueSize]=0]
13-09-2024 13:38:00 1726234680051 Metric[[name=hz:client-blocking-tasks,unit=count,metric=executor.internal.maximumPoolSize]=200]
13-09-2024 13:38:00 1726234680051 Metric[[name=hz:client-blocking-tasks,unit=count,metric=executor.internal.completedTasks]=0]
13-09-2024 13:38:00 1726234680051 Metric[[name=hz:client-blocking-tasks,unit=count,metric=executor.internal.poolSize]=0]
13-09-2024 13:38:00 1726234680051 Metric[[name=hz:client-query,unit=count,metric=executor.internal.remainingQueueCapacity]=1000000]
13-09-2024 13:38:00 1726234680051 Metric[[name=hz:client-query,unit=count,metric=executor.internal.queueSize]=0]
13-09-2024 13:38:00 1726234680051 Metric[[name=hz:client-query,unit=count,metric=executor.internal.maximumPoolSize]=10]
13-09-2024 13:38:00 1726234680051 Metric[[name=hz:client-query,unit=count,metric=executor.internal.completedTasks]=0]
13-09-2024 13:38:00 1726234680051 Metric[[name=hz:client-query,unit=count,metric=executor.internal.poolSize]=0]
13-09-2024 13:38:00 1726234680051 Metric[[name=hz:scheduled,unit=count,metric=executor.internal.remainingQueueCapacity]=1000000]
13-09-2024 13:38:00 1726234680051 Metric[[name=hz:scheduled,unit=count,metric=executor.internal.queueSize]=0]
13-09-2024 13:38:00 1726234680051 Metric[[name=hz:scheduled,unit=count,metric=executor.internal.maximumPoolSize]=20]
13-09-2024 13:38:00 1726234680051 Metric[[name=hz:scheduled,unit=count,metric=executor.internal.completedTasks]=1]
13-09-2024 13:38:00 1726234680051 Metric[[name=hz:scheduled,unit=count,metric=executor.internal.poolSize]=0]
13-09-2024 13:38:00 1726234680051 Metric[[name=hz:system,unit=count,metric=executor.internal.remainingQueueCapacity]=2147483647]
13-09-2024 13:38:00 1726234680051 Metric[[name=hz:system,unit=count,metric=executor.internal.queueSize]=0]
13-09-2024 13:38:00 1726234680051 Metric[[name=hz:system,unit=count,metric=executor.internal.maximumPoolSize]=10]
13-09-2024 13:38:00 1726234680051 Metric[[name=hz:system,unit=count,metric=executor.internal.completedTasks]=0]
13-09-2024 13:38:00 1726234680051 Metric[[name=hz:system,unit=count,metric=executor.internal.poolSize]=0]
13-09-2024 13:38:00 1726234680051 Metric[[name=MetricsPublisher,unit=count,metric=executor.internal.remainingQueueCapacity]=2147483647]
13-09-2024 13:38:00 1726234680051 Metric[[name=MetricsPublisher,unit=count,metric=executor.internal.queueSize]=0]
13-09-2024 13:38:00 1726234680051 Metric[[name=MetricsPublisher,unit=count,metric=executor.internal.maximumPoolSize]=16]
13-09-2024 13:38:00 1726234680051 Metric[[name=MetricsPublisher,unit=count,metric=executor.internal.completedTasks]=0]
13-09-2024 13:38:00 1726234680051 Metric[[name=MetricsPublisher,unit=count,metric=executor.internal.poolSize]=0]
13-09-2024 13:38:00 1726234680051 Metric[[name=hz:cluster:splitbrain,unit=count,metric=executor.internal.remainingQueueCapacity]=2147483647]
13-09-2024 13:38:00 1726234680051 Metric[[name=hz:cluster:splitbrain,unit=count,metric=executor.internal.queueSize]=0]
13-09-2024 13:38:00 1726234680051 Metric[[name=hz:cluster:splitbrain,unit=count,metric=executor.internal.maximumPoolSize]=2]
13-09-2024 13:38:00 1726234680051 Metric[[name=hz:cluster:splitbrain,unit=count,metric=executor.internal.completedTasks]=0]
13-09-2024 13:38:00 1726234680051 Metric[[name=hz:cluster:splitbrain,unit=count,metric=executor.internal.poolSize]=0]
13-09-2024 13:38:00 1726234680051 Metric[[name=hz:cluster:version:auto:upgrade,unit=count,metric=executor.internal.remainingQueueCapacity]=2147483647]
13-09-2024 13:38:00 1726234680051 Metric[[name=hz:cluster:version:auto:upgrade,unit=count,metric=executor.internal.queueSize]=0]
13-09-2024 13:38:00 1726234680051 Metric[[name=hz:cluster:version:auto:upgrade,unit=count,metric=executor.internal.maximumPoolSize]=1]
13-09-2024 13:38:00 1726234680051 Metric[[name=hz:cluster:version:auto:upgrade,unit=count,metric=executor.internal.completedTasks]=0]
13-09-2024 13:38:00 1726234680051 Metric[[name=hz:cluster:version:auto:upgrade,unit=count,metric=executor.internal.poolSize]=0]
13-09-2024 13:38:00 1726234680051 Metric[[name=hz:scheduled:cqc:2fbabf2c-4119-42fc-a953-63e84b02fb24,unit=count,metric=executor.internal.remainingQueueCapacity]=10000]
13-09-2024 13:38:00 1726234680051 Metric[[name=hz:scheduled:cqc:2fbabf2c-4119-42fc-a953-63e84b02fb24,unit=count,metric=executor.internal.queueSize]=0]
13-09-2024 13:38:00 1726234680051 Metric[[name=hz:scheduled:cqc:2fbabf2c-4119-42fc-a953-63e84b02fb24,unit=count,metric=executor.internal.maximumPoolSize]=1]
13-09-2024 13:38:00 1726234680051 Metric[[name=hz:scheduled:cqc:2fbabf2c-4119-42fc-a953-63e84b02fb24,unit=count,metric=executor.internal.completedTasks]=0]
13-09-2024 13:38:00 1726234680051 Metric[[name=hz:scheduled:cqc:2fbabf2c-4119-42fc-a953-63e84b02fb24,unit=count,metric=executor.internal.poolSize]=0]
13-09-2024 13:38:00 1726234680051 Metric[[name=hz:query,unit=count,metric=executor.internal.remainingQueueCapacity]=2147483647]
13-09-2024 13:38:00 1726234680051 Metric[[name=hz:query,unit=count,metric=executor.internal.queueSize]=0]
13-09-2024 13:38:00 1726234680051 Metric[[name=hz:query,unit=count,metric=executor.internal.maximumPoolSize]=16]
13-09-2024 13:38:00 1726234680051 Metric[[name=hz:query,unit=count,metric=executor.internal.completedTasks]=0]
13-09-2024 13:38:00 1726234680051 Metric[[name=hz:query,unit=count,metric=executor.internal.poolSize]=0]
13-09-2024 13:38:00 1726234680051 Metric[[name=hz:CRDTReplicationMigration,unit=count,metric=executor.internal.remainingQueueCapacity]=2147483647]
13-09-2024 13:38:00 1726234680051 Metric[[name=hz:CRDTReplicationMigration,unit=count,metric=executor.internal.queueSize]=0]
13-09-2024 13:38:00 1726234680051 Metric[[name=hz:CRDTReplicationMigration,unit=count,metric=executor.internal.maximumPoolSize]=16]
13-09-2024 13:38:00 1726234680051 Metric[[name=hz:CRDTReplicationMigration,unit=count,metric=executor.internal.completedTasks]=1]
13-09-2024 13:38:00 1726234680051 Metric[[name=hz:CRDTReplicationMigration,unit=count,metric=executor.internal.poolSize]=0]
13-09-2024 13:38:00 1726234680051 Metric[[name=__sql.catalog,unit=ms,metric=replicatedMap.maxPutLatency]=0]
13-09-2024 13:38:00 1726234680051 Metric[[name=__sql.catalog,unit=ms,metric=replicatedMap.maxGetLatency]=0]
13-09-2024 13:38:00 1726234680051 Metric[[name=__sql.catalog,unit=ms,metric=replicatedMap.totalRemoveLatencies]=0]
13-09-2024 13:38:00 1726234680051 Metric[[name=__sql.catalog,unit=ms,metric=replicatedMap.maxRemoveLatency]=0]
13-09-2024 13:38:00 1726234680051 Metric[[name=__sql.catalog,unit=ms,metric=replicatedMap.totalPutLatencies]=0]
13-09-2024 13:38:00 1726234680051 Metric[[name=__sql.catalog,unit=ms,metric=replicatedMap.totalGetLatencies]=0]
13-09-2024 13:38:00 1726234680051 Metric[[name=__sql.catalog,unit=count,metric=replicatedMap.total]=0]
13-09-2024 13:38:00 1726234680051 Metric[[name=__sql.catalog,unit=ms,metric=replicatedMap.lastAccessTime]=0]
13-09-2024 13:38:00 1726234680051 Metric[[name=__sql.catalog,unit=ms,metric=replicatedMap.lastUpdateTime]=0]
13-09-2024 13:38:00 1726234680051 Metric[[name=__sql.catalog,unit=count,metric=replicatedMap.hits]=0]
13-09-2024 13:38:00 1726234680051 Metric[[name=__sql.catalog,unit=count,metric=replicatedMap.numberOfOtherOperations]=0]
13-09-2024 13:38:00 1726234680051 Metric[[name=__sql.catalog,unit=count,metric=replicatedMap.numberOfEvents]=0]
13-09-2024 13:38:00 1726234680051 Metric[[name=__sql.catalog,unit=count,metric=replicatedMap.getCount]=0]
13-09-2024 13:38:00 1726234680051 Metric[[name=__sql.catalog,unit=count,metric=replicatedMap.putCount]=0]
13-09-2024 13:38:00 1726234680051 Metric[[name=__sql.catalog,unit=count,metric=replicatedMap.removeCount]=0]
13-09-2024 13:38:00 1726234680051 Metric[[name=__sql.catalog,unit=ms,metric=replicatedMap.creationTime]=1726234680076]
13-09-2024 13:38:00 1726234680051 Metric[[name=__sql.catalog,unit=count,metric=replicatedMap.ownedEntryCount]=0]
13-09-2024 13:38:00 1726234680051 Metric[[name=__sql.catalog,unit=bytes,metric=replicatedMap.ownedEntryMemoryCost]=0]
13-09-2024 13:38:00 1726234680051 Metric[[unit=count,metric=tcp.connection.count]=0]
13-09-2024 13:38:00 1726234680051 Metric[[unit=count,metric=tcp.connection.inProgressCount]=0]
13-09-2024 13:38:00 1726234680051 Metric[[unit=count,metric=tcp.connection.openedCount]=0]
13-09-2024 13:38:00 1726234680051 Metric[[unit=count,metric=tcp.connection.closedCount]=0]
13-09-2024 13:38:00 1726234680051 Metric[[unit=count,metric=tcp.connection.activeCount]=0]
13-09-2024 13:38:00 1726234680051 Metric[[unit=count,metric=tcp.connection.acceptedSocketCount]=0]
13-09-2024 13:38:00 1726234680051 Metric[[unit=count,metric=tcp.connection.connectionListenerCount]=3]
13-09-2024 13:38:00 1726234680051 Metric[[unit=count,metric=tcp.connection.clientCount]=0]
13-09-2024 13:38:00 1726234680051 Metric[[unit=count,metric=tcp.connection.textCount]=0]
13-09-2024 13:38:00 1726234680091 SlowOperations[]
13-09-2024 13:38:00 1726234680091 Invocations[
                          Pending[]
                          History[]
                          SlowHistory[]]
13-09-2024 13:38:00 1726234680092 InvocationProfiler[]
13-09-2024 13:38:00 1726234680092 OperationsProfiler[]
13-09-2024 13:38:00 1726234680093 HazelcastInstance[
                          thisAddress=[172.19.0.10]:5701
                          isRunning=true
                          isLite=false
                          joined=false
                          nodeState=ACTIVE
                          clusterId=null
                          clusterSize=1
                          isMaster=false
                          masterAddress=null
                          Members[
                                  [172.19.0.10]:5701]]
13-09-2024 13:38:00 1726234680096 ClusterVersionChanged[
                          5.0]
13-09-2024 13:38:00 1726234680096 Lifecycle[
                          STARTING]
13-09-2024 13:38:00 1726234680096 MemberAdded[
                          member=[172.19.0.10]:5701
                          Members[
                                  [172.19.0.10]:5701:this:master]]
13-09-2024 13:38:03 1726234683045 ConnectionAdded[
                          Connection[id=1, /172.19.0.10:49939->/172.19.0.8:5701, qualifier=null, endpoint=[172.19.0.8]:5701, alive=true, connectionType=MEMBER, planeIndex=0]
                          type=MEMBER
                          isAlive=true]
13-09-2024 13:38:05 1726234685047 InvocationProfiler[]
13-09-2024 13:38:05 1726234685048 OperationsProfiler[
                          com.hazelcast.internal.cluster.impl.operations.MasterResponseOp[
                                  count=1
                                  totalTime(us)=2,333
                                  avg(us)=2,333
                                  max(us)=2,333
                                  latency-distribution[
                                          2048..4095us=1]]]
13-09-2024 13:38:09 1726234689045 ClusterVersionChanged[
                          5.0]
13-09-2024 13:38:09 1726234689045 MemberAdded[
                          member=[172.19.0.8]:5701
                          Members[
                                  [172.19.0.8]:5701:master
                                  [172.19.0.10]:5701:this]]
13-09-2024 13:38:09 1726234689045 MemberAdded[
                          member=[172.19.0.9]:5701
                          Members[
                                  [172.19.0.8]:5701:master
                                  [172.19.0.10]:5701:this
                                  [172.19.0.9]:5701]]
13-09-2024 13:38:09 1726234689045 MemberAdded[
                          member=[172.19.0.7]:5701
                          Members[
                                  [172.19.0.8]:5701:master
                                  [172.19.0.10]:5701:this
                                  [172.19.0.9]:5701
                                  [172.19.0.7]:5701]]
13-09-2024 13:38:09 1726234689046 ConnectionAdded[
                          Connection[id=2, /172.19.0.10:5701->/172.19.0.9:39205, qualifier=null, endpoint=[172.19.0.9]:5701, alive=true, connectionType=MEMBER, planeIndex=0]
                          type=MEMBER
                          isAlive=true]
13-09-2024 13:38:09 1726234689046 ConnectionAdded[
                          Connection[id=3, /172.19.0.10:5701->/172.19.0.7:38085, qualifier=null, endpoint=[172.19.0.7]:5701, alive=true, connectionType=MEMBER, planeIndex=0]
                          type=MEMBER
                          isAlive=true]
13-09-2024 13:38:10 1726234690049 InvocationProfiler[
                          com.hazelcast.internal.cluster.impl.operations.OnJoinOp[
                                  count=1
                                  totalTime(us)=10,198
                                  avg(us)=10,198
                                  max(us)=10,198
                                  latency-distribution[
                                          8192..16383us=1]]
                          com.hazelcast.client.impl.operations.GetConnectedClientsOperation[
                                  count=4
                                  totalTime(us)=19,785
                                  avg(us)=4,946
                                  max(us)=14,348
                                  latency-distribution[
                                          128..255us=1
                                          1024..2047us=1
                                          2048..4095us=1
                                          8192..16383us=1]]]
13-09-2024 13:38:10 1726234690049 OperationsProfiler[
                          com.hazelcast.internal.cluster.impl.operations.MasterResponseOp[
                                  count=1
                                  totalTime(us)=2,333
                                  avg(us)=2,333
                                  max(us)=2,333
                                  latency-distribution[
                                          2048..4095us=1]]
                          com.hazelcast.internal.cluster.impl.operations.OnJoinOp[
                                  count=4
                                  totalTime(us)=8,050
                                  avg(us)=2,012
                                  max(us)=3,025
                                  latency-distribution[
                                          256..511us=1
                                          1024..2047us=1
                                          2048..4095us=2]]
                          com.hazelcast.client.impl.operations.GetConnectedClientsOperation[
                                  count=3
                                  totalTime(us)=2,580
                                  avg(us)=860
                                  max(us)=2,172
                                  latency-distribution[
                                          128..255us=2
                                          2048..4095us=1]]
                          com.hazelcast.internal.cluster.impl.operations.HeartbeatOp[
                                  count=4
                                  totalTime(us)=6,593
                                  avg(us)=1,648
                                  max(us)=5,311
                                  latency-distribution[
                                          128..255us=2
                                          512..1023us=1
                                          4096..8191us=1]]
                          com.hazelcast.internal.cluster.impl.operations.FinalizeJoinOp[
                                  count=1
                                  totalTime(us)=16,874
                                  avg(us)=16,874
                                  max(us)=16,874
                                  latency-distribution[
                                          16384..32767us=1]]]
13-09-2024 13:38:10 1726234690050 Lifecycle[
                          STARTED]
13-09-2024 13:38:15 1726234695047 InvocationProfiler[
                          com.hazelcast.internal.cluster.impl.operations.OnJoinOp[
                                  count=1
                                  totalTime(us)=10,198
                                  avg(us)=10,198
                                  max(us)=10,198
                                  latency-distribution[
                                          8192..16383us=1]]
                          com.hazelcast.client.impl.operations.GetConnectedClientsOperation[
                                  count=4
                                  totalTime(us)=19,785
                                  avg(us)=4,946
                                  max(us)=14,348
                                  latency-distribution[
                                          128..255us=1
                                          1024..2047us=1
                                          2048..4095us=1
                                          8192..16383us=1]]]
13-09-2024 13:38:15 1726234695047 OperationsProfiler[
                          com.hazelcast.internal.cluster.impl.operations.MasterResponseOp[
                                  count=1
                                  totalTime(us)=2,333
                                  avg(us)=2,333
                                  max(us)=2,333
                                  latency-distribution[
                                          2048..4095us=1]]
                          com.hazelcast.internal.cluster.impl.operations.OnJoinOp[
                                  count=4
                                  totalTime(us)=8,050
                                  avg(us)=2,012
                                  max(us)=3,025
                                  latency-distribution[
                                          256..511us=1
                                          1024..2047us=1
                                          2048..4095us=2]]
                          com.hazelcast.client.impl.operations.GetConnectedClientsOperation[
                                  count=3
                                  totalTime(us)=2,580
                                  avg(us)=860
                                  max(us)=2,172
                                  latency-distribution[
                                          128..255us=2
                                          2048..4095us=1]]
                          com.hazelcast.internal.cluster.impl.operations.HeartbeatOp[
                                  count=7
                                  totalTime(us)=7,219
                                  avg(us)=1,031
                                  max(us)=5,311
                                  latency-distribution[
                                          128..255us=4
                                          256..511us=1
                                          512..1023us=1
                                          4096..8191us=1]]
                          com.hazelcast.internal.cluster.impl.operations.FinalizeJoinOp[
                                  count=1
                                  totalTime(us)=16,874
                                  avg(us)=16,874
                                  max(us)=16,874
                                  latency-distribution[
                                          16384..32767us=1]]]
13-09-2024 13:38:20 1726234700059 InvocationProfiler[
                          com.hazelcast.internal.cluster.impl.operations.OnJoinOp[
                                  count=1
                                  totalTime(us)=10,198
                                  avg(us)=10,198
                                  max(us)=10,198
                                  latency-distribution[
                                          8192..16383us=1]]
                          com.hazelcast.client.impl.operations.GetConnectedClientsOperation[
                                  count=4
                                  totalTime(us)=19,785
                                  avg(us)=4,946
                                  max(us)=14,348
                                  latency-distribution[
                                          128..255us=1
                                          1024..2047us=1
                                          2048..4095us=1
                                          8192..16383us=1]]]
13-09-2024 13:38:20 1726234700061 OperationsProfiler[
                          com.hazelcast.internal.cluster.impl.operations.MasterResponseOp[
                                  count=1
                                  totalTime(us)=2,333
                                  avg(us)=2,333
                                  max(us)=2,333
                                  latency-distribution[
                                          2048..4095us=1]]
                          com.hazelcast.internal.cluster.impl.operations.OnJoinOp[
                                  count=4
                                  totalTime(us)=8,050
                                  avg(us)=2,012
                                  max(us)=3,025
                                  latency-distribution[
                                          256..511us=1
                                          1024..2047us=1
                                          2048..4095us=2]]
                          com.hazelcast.client.impl.operations.GetConnectedClientsOperation[
                                  count=3
                                  totalTime(us)=2,580
                                  avg(us)=860
                                  max(us)=2,172
                                  latency-distribution[
                                          128..255us=2
                                          2048..4095us=1]]
                          com.hazelcast.internal.cluster.impl.operations.HeartbeatOp[
                                  count=10
                                  totalTime(us)=8,152
                                  avg(us)=815
                                  max(us)=5,311
                                  latency-distribution[
                                          128..255us=6
                                          256..511us=1
                                          512..1023us=2
                                          4096..8191us=1]]
                          com.hazelcast.internal.cluster.impl.operations.FinalizeJoinOp[
                                  count=1
                                  totalTime(us)=16,874
                                  avg(us)=16,874
                                  max(us)=16,874
                                  latency-distribution[
                                          16384..32767us=1]]]
13-09-2024 13:38:25 1726234705052 InvocationProfiler[
                          com.hazelcast.internal.cluster.impl.operations.OnJoinOp[
                                  count=1
                                  totalTime(us)=10,198
                                  avg(us)=10,198
                                  max(us)=10,198
                                  latency-distribution[
                                          8192..16383us=1]]
                          com.hazelcast.client.impl.operations.GetConnectedClientsOperation[
                                  count=4
                                  totalTime(us)=19,785
                                  avg(us)=4,946
                                  max(us)=14,348
                                  latency-distribution[
                                          128..255us=1
                                          1024..2047us=1
                                          2048..4095us=1
                                          8192..16383us=1]]]
13-09-2024 13:38:25 1726234705052 OperationsProfiler[
                          com.hazelcast.internal.cluster.impl.operations.MasterResponseOp[
                                  count=1
                                  totalTime(us)=2,333
                                  avg(us)=2,333
                                  max(us)=2,333
                                  latency-distribution[
                                          2048..4095us=1]]
                          com.hazelcast.internal.cluster.impl.operations.OnJoinOp[
                                  count=4
                                  totalTime(us)=8,050
                                  avg(us)=2,012
                                  max(us)=3,025
                                  latency-distribution[
                                          256..511us=1
                                          1024..2047us=1
                                          2048..4095us=2]]
                          com.hazelcast.client.impl.operations.GetConnectedClientsOperation[
                                  count=3
                                  totalTime(us)=2,580
                                  avg(us)=860
                                  max(us)=2,172
                                  latency-distribution[
                                          128..255us=2
                                          2048..4095us=1]]
                          com.hazelcast.internal.cluster.impl.operations.HeartbeatOp[
                                  count=13
                                  totalTime(us)=8,977
                                  avg(us)=690
                                  max(us)=5,311
                                  latency-distribution[
                                          128..255us=7
                                          256..511us=3
                                          512..1023us=2
                                          4096..8191us=1]]
                          com.hazelcast.internal.cluster.impl.operations.FinalizeJoinOp[
                                  count=1
                                  totalTime(us)=16,874
                                  avg(us)=16,874
                                  max(us)=16,874
                                  latency-distribution[
                                          16384..32767us=1]]]
13-09-2024 13:38:30 1726234710056 Invocations[
                          Pending[]
                          History[]
                          SlowHistory[]]
13-09-2024 13:38:30 1726234710059 InvocationProfiler[
                          com.hazelcast.internal.cluster.impl.operations.OnJoinOp[
                                  count=1
                                  totalTime(us)=10,198
                                  avg(us)=10,198
                                  max(us)=10,198
                                  latency-distribution[
                                          8192..16383us=1]]
                          com.hazelcast.client.impl.operations.GetConnectedClientsOperation[
                                  count=4
                                  totalTime(us)=19,785
                                  avg(us)=4,946
                                  max(us)=14,348
                                  latency-distribution[
                                          128..255us=1
                                          1024..2047us=1
                                          2048..4095us=1
                                          8192..16383us=1]]]
13-09-2024 13:38:30 1726234710060 OperationsProfiler[
                          com.hazelcast.internal.cluster.impl.operations.MasterResponseOp[
                                  count=1
                                  totalTime(us)=2,333
                                  avg(us)=2,333
                                  max(us)=2,333
                                  latency-distribution[
                                          2048..4095us=1]]
                          com.hazelcast.internal.cluster.impl.operations.OnJoinOp[
                                  count=4
                                  totalTime(us)=8,050
                                  avg(us)=2,012
                                  max(us)=3,025
                                  latency-distribution[
                                          256..511us=1
                                          1024..2047us=1
                                          2048..4095us=2]]
                          com.hazelcast.client.impl.operations.GetConnectedClientsOperation[
                                  count=3
                                  totalTime(us)=2,580
                                  avg(us)=860
                                  max(us)=2,172
                                  latency-distribution[
                                          128..255us=2
                                          2048..4095us=1]]
                          com.hazelcast.internal.cluster.impl.operations.HeartbeatOp[
                                  count=16
                                  totalTime(us)=10,141
                                  avg(us)=633
                                  max(us)=5,311
                                  latency-distribution[
                                          128..255us=8
                                          256..511us=4
                                          512..1023us=3
                                          4096..8191us=1]]
                          com.hazelcast.internal.cluster.impl.operations.FinalizeJoinOp[
                                  count=1
                                  totalTime(us)=16,874
                                  avg(us)=16,874
                                  max(us)=16,874
                                  latency-distribution[
                                          16384..32767us=1]]]
13-09-2024 13:38:35 1726234715046 InvocationProfiler[
                          com.hazelcast.internal.cluster.impl.operations.OnJoinOp[
                                  count=1
                                  totalTime(us)=10,198
                                  avg(us)=10,198
                                  max(us)=10,198
                                  latency-distribution[
                                          8192..16383us=1]]
                          com.hazelcast.client.impl.operations.GetConnectedClientsOperation[
                                  count=4
                                  totalTime(us)=19,785
                                  avg(us)=4,946
                                  max(us)=14,348
                                  latency-distribution[
                                          128..255us=1
                                          1024..2047us=1
                                          2048..4095us=1
                                          8192..16383us=1]]]
13-09-2024 13:38:35 1726234715048 OperationsProfiler[
                          com.hazelcast.internal.cluster.impl.operations.MasterResponseOp[
                                  count=1
                                  totalTime(us)=2,333
                                  avg(us)=2,333
                                  max(us)=2,333
                                  latency-distribution[
                                          2048..4095us=1]]
                          com.hazelcast.internal.cluster.impl.operations.OnJoinOp[
                                  count=4
                                  totalTime(us)=8,050
                                  avg(us)=2,012
                                  max(us)=3,025
                                  latency-distribution[
                                          256..511us=1
                                          1024..2047us=1
                                          2048..4095us=2]]
                          com.hazelcast.client.impl.operations.GetConnectedClientsOperation[
                                  count=3
                                  totalTime(us)=2,580
                                  avg(us)=860
                                  max(us)=2,172
                                  latency-distribution[
                                          128..255us=2
                                          2048..4095us=1]]
                          com.hazelcast.internal.cluster.impl.operations.HeartbeatOp[
                                  count=19
                                  totalTime(us)=10,985
                                  avg(us)=578
                                  max(us)=5,311
                                  latency-distribution[
                                          128..255us=9
                                          256..511us=6
                                          512..1023us=3
                                          4096..8191us=1]]
                          com.hazelcast.internal.cluster.impl.operations.FinalizeJoinOp[
                                  count=1
                                  totalTime(us)=16,874
                                  avg(us)=16,874
                                  max(us)=16,874
                                  latency-distribution[
                                          16384..32767us=1]]]
13-09-2024 13:38:40 1726234720050 InvocationProfiler[
                          com.hazelcast.internal.cluster.impl.operations.OnJoinOp[
                                  count=1
                                  totalTime(us)=10,198
                                  avg(us)=10,198
                                  max(us)=10,198
                                  latency-distribution[
                                          8192..16383us=1]]
                          com.hazelcast.client.impl.operations.GetConnectedClientsOperation[
                                  count=4
                                  totalTime(us)=19,785
                                  avg(us)=4,946
                                  max(us)=14,348
                                  latency-distribution[
                                          128..255us=1
                                          1024..2047us=1
                                          2048..4095us=1
                                          8192..16383us=1]]]
13-09-2024 13:38:40 1726234720052 OperationsProfiler[
                          com.hazelcast.internal.cluster.impl.operations.MasterResponseOp[
                                  count=1
                                  totalTime(us)=2,333
                                  avg(us)=2,333
                                  max(us)=2,333
                                  latency-distribution[
                                          2048..4095us=1]]
                          com.hazelcast.internal.cluster.impl.operations.OnJoinOp[
                                  count=4
                                  totalTime(us)=8,050
                                  avg(us)=2,012
                                  max(us)=3,025
                                  latency-distribution[
                                          256..511us=1
                                          1024..2047us=1
                                          2048..4095us=2]]
                          com.hazelcast.client.impl.operations.GetConnectedClientsOperation[
                                  count=3
                                  totalTime(us)=2,580
                                  avg(us)=860
                                  max(us)=2,172
                                  latency-distribution[
                                          128..255us=2
                                          2048..4095us=1]]
                          com.hazelcast.internal.cluster.impl.operations.HeartbeatOp[
                                  count=22
                                  totalTime(us)=12,184
                                  avg(us)=553
                                  max(us)=5,311
                                  latency-distribution[
                                          128..255us=11
                                          256..511us=6
                                          512..1023us=4
                                          4096..8191us=1]]
                          com.hazelcast.internal.cluster.impl.operations.FinalizeJoinOp[
                                  count=1
                                  totalTime(us)=16,874
                                  avg(us)=16,874
                                  max(us)=16,874
                                  latency-distribution[
                                          16384..32767us=1]]]
