12-09-2024 15:17:29 1726154249817 BuildInfo[
                          Build=20220328
                          BuildNumber=20220328
                          Revision=52ab9d6
                          Version=5.0.3
                          SerialVersion=1
                          Enterprise=false]
12-09-2024 15:17:29 1726154249817 SystemProperties[
                          hazelcast.config=/opt/hazelcast/config/hazelcast.xml
                          hazelcast.logging.type=log4j2
                          hazelcast.tracking.server=true
                          java.class.path=/opt/hazelcast/*:/opt/hazelcast/lib:/opt/hazelcast/lib/log4j-slf4j-impl-2.17.1.jar:/opt/hazelcast/lib/hazelcast-jet-cdc-mysql-5.0.3.jar:/opt/hazelcast/lib/jmx_prometheus_javaagent-0.14.0.jar:/opt/hazelcast/lib/cache-api-1.1.1.jar:/opt/hazelcast/lib/hazelcast-jet-python-5.0.3.jar:/opt/hazelcast/lib/hazelcast-jet-files-s3-5.0.3.jar:/opt/hazelcast/lib/hazelcast-jet-csv-5.0.3.jar:/opt/hazelcast/lib/jline-terminal-jansi-3.21.0.jar:/opt/hazelcast/lib/hazelcast-sql-5.0.3.jar:/opt/hazelcast/lib/hazelcast-3-connector-interface-5.0.3.jar:/opt/hazelcast/lib/hazelcast-jet-hadoop-all-5.0.3.jar:/opt/hazelcast/lib/hazelcast-5.0.3.jar:/opt/hazelcast/lib/hazelcast-jet-kinesis-5.0.3.jar:/opt/hazelcast/lib/jansi-2.4.0.jar:/opt/hazelcast/lib/hazelcast-3-connector-common-5.0.3.jar:/opt/hazelcast/lib/slf4j-api-1.7.36.jar:/opt/hazelcast/lib/hazelcast-wm-4.0.jar:/opt/hazelcast/lib/hazelcast-jet-files-azure-5.0.3.jar:/opt/hazelcast/lib/hazelcast-jet-kafka-5.0.3.jar:/opt/hazelcast/lib/hazelcast-jet-protobuf-5.0.3.jar:/opt/hazelcast/lib/jline-reader-3.21.0.jar:/opt/hazelcast/lib/hazelcast-jet-elasticsearch-7-5.0.3.jar:/opt/hazelcast/lib/picocli-4.4.0.jar:/opt/hazelcast/lib/jline-terminal-3.21.0.jar:/opt/hazelcast/lib/hazelcast-jet-cdc-postgres-5.0.3.jar:/opt/hazelcast/lib/hazelcast-distribution-5.0.3.jar:/opt/hazelcast/lib/hazelcast-hibernate53-2.1.1.jar:/opt/hazelcast/lib/hazelcast-jet-grpc-5.0.3.jar:/opt/hazelcast/lib/hazelcast-jet-s3-5.0.3.jar:/opt/hazelcast/lib/hazelcast-jet-cdc-debezium-5.0.3.jar:/opt/hazelcast/lib/log4j-api-2.17.1.jar:/opt/hazelcast/lib/hazelcast-jet-files-gcs-5.0.3.jar:/opt/hazelcast/lib/log4j-core-2.17.1.jar:/opt/hazelcast/lib/hazelcast-jet-avro-5.0.3.jar:/opt/hazelcast/bin/user-lib:/opt/hazelcast/bin/user-lib/*
                          java.class.version=55.0
                          java.home=/usr/lib/jvm/java-11-openjdk
                          java.io.tmpdir=/tmp
                          java.library.path=/usr/lib/jvm/java-11-openjdk/lib/server:/usr/lib/jvm/java-11-openjdk/lib:/usr/lib/jvm/java-11-openjdk/../lib:/usr/java/packages/lib:/lib:/usr/lib:/usr/lib64:/lib64
                          java.net.preferIPv4Stack=true
                          java.runtime.name=OpenJDK Runtime Environment
                          java.runtime.version=11.0.14+9-alpine-r0
                          java.specification.name=Java Platform API Specification
                          java.specification.vendor=Oracle Corporation
                          java.specification.version=11
                          java.vendor=Alpine
                          java.vendor.url=https://alpinelinux.org/
                          java.vendor.url.bug=https://gitlab.alpinelinux.org/alpine/aports/issues
                          java.version=11.0.14
                          java.version.date=2022-01-18
                          java.vm.args=--add-modules=java.se --add-exports=java.base/jdk.internal.ref=ALL-UNNAMED --add-opens=java.base/java.lang=ALL-UNNAMED --add-opens=java.base/java.nio=ALL-UNNAMED --add-opens=java.base/sun.nio.ch=ALL-UNNAMED --add-opens=java.management/sun.management=ALL-UNNAMED --add-opens=jdk.management/com.sun.management.internal=ALL-UNNAMED -Dhazelcast.logging.type=log4j2 -Dlog4j.configurationFile=file:/opt/hazelcast/config/log4j2.properties -Dhazelcast.config=/opt/hazelcast/config/hazelcast-docker.xml -Djet.custom.lib.dir=/opt/hazelcast/custom-lib -Djava.net.preferIPv4Stack=true -XX:MaxRAMPercentage=80.0 -XX:MaxGCPauseMillis=5 
                          java.vm.compressedOopsMode=Zero based
                          java.vm.info=mixed mode
                          java.vm.name=OpenJDK 64-Bit Server VM
                          java.vm.specification.name=Java Virtual Machine Specification
                          java.vm.specification.vendor=Oracle Corporation
                          java.vm.specification.version=11
                          java.vm.vendor=Alpine
                          java.vm.version=11.0.14+9-alpine-r0
                          os.arch=aarch64
                          os.name=Linux
                          os.version=6.6.32-linuxkit
                          sun.arch.data.model=64
                          sun.boot.library.path=/usr/lib/jvm/java-11-openjdk/lib
                          sun.cpu.endian=little
                          sun.cpu.isalist=
                          sun.io.unicode.encoding=UnicodeLittle
                          sun.java.command=com.hazelcast.commandline.HazelcastServerCommandLine start -c /opt/hazelcast/config/hazelcast.xml
                          sun.java.launcher=SUN_STANDARD
                          sun.jnu.encoding=UTF-8
                          sun.management.compiler=HotSpot 64-Bit Tiered Compilers
                          sun.os.patch.level=unknown]
12-09-2024 15:17:29 1726154249817 ConfigProperties[
                          hazelcast.diagnostics.directory=/opt/hazelcast/logs
                          hazelcast.diagnostics.enabled=true
                          hazelcast.diagnostics.invocation.sample.period.seconds=30
                          hazelcast.diagnostics.metric.level=DEBUG
                          hazelcast.logging.type=log4j2
                          hazelcast.max.no.heartbeat.seconds=120
                          hazelcast.max.no.master.confirmation.seconds=120
                          hazelcast.shutdownhook.enabled=true
                          hazelcast.shutdownhook.policy=GRACEFUL]
12-09-2024 15:17:29 1726154249817 Metric[[thread=hz.flamboyant_bhaskara.partition-operation.thread-8,unit=count,metric=operation.thread.normalPendingCount]=0]
12-09-2024 15:17:29 1726154249817 Metric[[metric=classloading.totalLoadedClassesCount]=7280]
12-09-2024 15:17:29 1726154249817 Metric[[thread=hz.flamboyant_bhaskara.partition-operation.thread-7,unit=count,metric=operation.thread.completedOperationBatchCount]=0]
12-09-2024 15:17:29 1726154249817 Metric[[thread=hz.flamboyant_bhaskara.partition-operation.thread-4,unit=count,metric=operation.thread.completedTotalCount]=0]
12-09-2024 15:17:29 1726154249817 Metric[[unit=ns,metric=partitions.elapsedDestinationCommitTime]=0]
12-09-2024 15:17:29 1726154249817 Metric[[unit=count,metric=operation.genericQueueSize]=0]
12-09-2024 15:17:29 1726154249817 Metric[[unit=count,metric=partitions.replicaSyncSemaphore]=10]
12-09-2024 15:17:29 1726154249817 Metric[[unit=count,metric=operation.genericThreadCount]=6]
12-09-2024 15:17:29 1726154249817 Metric[[unit=count,metric=operation.completedCount]=0]
12-09-2024 15:17:29 1726154249817 Metric[[thread=hz.flamboyant_bhaskara.partition-operation.thread-6,unit=count,metric=operation.thread.completedPacketCount]=0]
12-09-2024 15:17:29 1726154249817 Metric[[thread=hz.flamboyant_bhaskara.partition-operation.thread-3,unit=count,metric=operation.thread.completedPartitionSpecificRunnableCount]=0]
12-09-2024 15:17:29 1726154249817 Metric[[thread=hz.flamboyant_bhaskara.partition-operation.thread-5,unit=count,metric=operation.thread.errorCount]=0]
12-09-2024 15:17:29 1726154249817 Metric[[thread=hz.flamboyant_bhaskara.generic-operation.thread-1,unit=count,metric=operation.thread.completedOperationCount]=0]
12-09-2024 15:17:29 1726154249817 Metric[[thread=hz.flamboyant_bhaskara.partition-operation.thread-7,unit=count,metric=operation.thread.completedRunnableCount]=0]
12-09-2024 15:17:29 1726154249817 Metric[[thread=hz.flamboyant_bhaskara.partition-operation.thread-6,unit=count,metric=operation.thread.priorityPendingCount]=0]
12-09-2024 15:17:29 1726154249817 Metric[[thread=hz.flamboyant_bhaskara.partition-operation.thread-7,unit=count,metric=operation.thread.normalPendingCount]=0]
12-09-2024 15:17:29 1726154249817 Metric[[metric=classloading.unloadedClassesCount]=0]
12-09-2024 15:17:29 1726154249817 Metric[[unit=count,metric=operation.runningPartitionCount]=0]
12-09-2024 15:17:29 1726154249817 Metric[[metric=os.committedVirtualMemorySize]=15211008000]
12-09-2024 15:17:29 1726154249817 Metric[[thread=hz.flamboyant_bhaskara.partition-operation.thread-8,unit=count,metric=operation.thread.completedOperationBatchCount]=0]
12-09-2024 15:17:29 1726154249817 Metric[[unit=ns,metric=partitions.elapsedMigrationTime]=0]
12-09-2024 15:17:29 1726154249817 Metric[[thread=hz.flamboyant_bhaskara.partition-operation.thread-5,unit=count,metric=operation.thread.completedTotalCount]=0]
12-09-2024 15:17:29 1726154249817 Metric[[unit=count,metric=partitions.migrationQueueSize]=0]
12-09-2024 15:17:29 1726154249817 Metric[[unit=count,metric=event.threadCount]=5]
12-09-2024 15:17:29 1726154249817 Metric[[metric=runtime.usedMemory]=61561728]
12-09-2024 15:17:29 1726154249817 Metric[[unit=ns,metric=partitions.totalElapsedMigrationTime]=0]
12-09-2024 15:17:29 1726154249817 Metric[[unit=bytes,metric=memory.maxHeap]=12981370880]
12-09-2024 15:17:29 1726154249817 Metric[[unit=ms,metric=cluster.clock.maxClusterTimeDiff]=0]
12-09-2024 15:17:29 1726154249817 Metric[[thread=hz.flamboyant_bhaskara.partition-operation.thread-7,unit=count,metric=operation.thread.completedPacketCount]=0]
12-09-2024 15:17:29 1726154249817 Metric[[unit=ns,metric=partitions.totalElapsedMigrationOperationTime]=0]
12-09-2024 15:17:29 1726154249817 Metric[[metric=os.processCpuTime]=3570000000]
12-09-2024 15:17:29 1726154249817 Metric[[unit=bytes,metric=memory.committedHeap]=572522496]
12-09-2024 15:17:29 1726154249817 Metric[[unit=count,metric=raft.terminatedRaftNodeGroupIds]=0]
12-09-2024 15:17:29 1726154249817 Metric[[thread=hz.flamboyant_bhaskara.priority-generic-operation.thread-0,unit=count,metric=operation.thread.completedOperationBatchCount]=0]
12-09-2024 15:17:29 1726154249817 Metric[[thread=hz.flamboyant_bhaskara.partition-operation.thread-4,unit=count,metric=operation.thread.completedPartitionSpecificRunnableCount]=0]
12-09-2024 15:17:29 1726154249817 Metric[[thread=hz.flamboyant_bhaskara.partition-operation.thread-4,unit=count,metric=operation.thread.errorCount]=0]
12-09-2024 15:17:29 1726154249817 Metric[[unit=bytes,metric=memory.freeHeap]=510688120]
12-09-2024 15:17:29 1726154249817 Metric[[thread=hz.flamboyant_bhaskara.generic-operation.thread-2,unit=count,metric=operation.thread.completedOperationCount]=0]
12-09-2024 15:17:29 1726154249817 Metric[[thread=hz.flamboyant_bhaskara.partition-operation.thread-6,unit=count,metric=operation.thread.completedRunnableCount]=0]
12-09-2024 15:17:29 1726154249817 Metric[[thread=hz.flamboyant_bhaskara.partition-operation.thread-5,unit=count,metric=operation.thread.priorityPendingCount]=0]
12-09-2024 15:17:29 1726154249817 Metric[[metric=os.freePhysicalMemorySize]=7532400640]
12-09-2024 15:17:29 1726154249817 Metric[[thread=hz.flamboyant_bhaskara.partition-operation.thread-5,unit=count,metric=operation.thread.completedOperationBatchCount]=0]
12-09-2024 15:17:29 1726154249817 Metric[[thread=hz.flamboyant_bhaskara.partition-operation.thread-6,unit=count,metric=operation.thread.completedTotalCount]=0]
12-09-2024 15:17:29 1726154249817 Metric[[unit=count,metric=event.totalFailureCount]=0]
12-09-2024 15:17:29 1726154249817 Metric[[unit=count,metric=partitions.totalCompletedMigrations]=0]
12-09-2024 15:17:29 1726154249817 Metric[[thread=hz.flamboyant_bhaskara.partition-operation.thread-8,unit=count,metric=operation.thread.completedPacketCount]=0]
12-09-2024 15:17:29 1726154249817 Metric[[unit=ms,metric=operation.invocations.invocationScanPeriodMillis]=1000]
12-09-2024 15:17:29 1726154249817 Metric[[unit=count,metric=operation.responses.backupCount]=0]
12-09-2024 15:17:29 1726154249817 Metric[[thread=hz.flamboyant_bhaskara.partition-operation.thread-5,unit=count,metric=operation.thread.completedPartitionSpecificRunnableCount]=0]
12-09-2024 15:17:29 1726154249817 Metric[[thread=hz.flamboyant_bhaskara.partition-operation.thread-3,unit=count,metric=operation.thread.errorCount]=0]
12-09-2024 15:17:29 1726154249817 Metric[[thread=hz.flamboyant_bhaskara.generic-operation.thread-3,unit=count,metric=operation.thread.completedOperationCount]=0]
12-09-2024 15:17:29 1726154249817 Metric[[thread=hz.flamboyant_bhaskara.partition-operation.thread-9,unit=count,metric=operation.thread.completedRunnableCount]=0]
12-09-2024 15:17:29 1726154249817 Metric[[thread=hz.flamboyant_bhaskara.partition-operation.thread-4,unit=count,metric=operation.thread.priorityPendingCount]=0]
12-09-2024 15:17:29 1726154249817 Metric[[unit=count,metric=operation.runningGenericCount]=0]
12-09-2024 15:17:29 1726154249817 Metric[[thread=hz.flamboyant_bhaskara.partition-operation.thread-9,unit=count,metric=operation.thread.normalPendingCount]=0]
12-09-2024 15:17:29 1726154249817 Metric[[thread=hz.flamboyant_bhaskara.partition-operation.thread-6,unit=count,metric=operation.thread.completedOperationBatchCount]=0]
12-09-2024 15:17:29 1726154249817 Metric[[unit=count,metric=raft.metadata.activeMembersCommitIndex]=0]
12-09-2024 15:17:29 1726154249817 Metric[[thread=hz.flamboyant_bhaskara.partition-operation.thread-7,unit=count,metric=operation.thread.completedTotalCount]=0]
12-09-2024 15:17:29 1726154249817 Metric[[unit=count,metric=operation.asyncOperations]=0]
12-09-2024 15:17:29 1726154249817 Metric[[metric=os.totalSwapSpaceSize]=1610608640]
12-09-2024 15:17:29 1726154249817 Metric[[thread=hz.flamboyant_bhaskara.generic-operation.thread-4,unit=count,metric=operation.thread.completedPartitionSpecificRunnableCount]=0]
12-09-2024 15:17:29 1726154249817 Metric[[thread=hz.flamboyant_bhaskara.partition-operation.thread-9,unit=count,metric=operation.thread.completedPacketCount]=0]
12-09-2024 15:17:29 1726154249817 Metric[[thread=hz.flamboyant_bhaskara.partition-operation.thread-6,unit=count,metric=operation.thread.completedPartitionSpecificRunnableCount]=0]
12-09-2024 15:17:29 1726154249817 Metric[[thread=hz.flamboyant_bhaskara.partition-operation.thread-2,unit=count,metric=operation.thread.errorCount]=0]
12-09-2024 15:17:29 1726154249817 Metric[[thread=hz.flamboyant_bhaskara.generic-operation.thread-4,unit=count,metric=operation.thread.completedOperationCount]=0]
12-09-2024 15:17:29 1726154249817 Metric[[unit=ms,metric=gc.minorTime]=58]
12-09-2024 15:17:29 1726154249817 Metric[[thread=hz.flamboyant_bhaskara.partition-operation.thread-8,unit=count,metric=operation.thread.completedRunnableCount]=0]
12-09-2024 15:17:29 1726154249817 Metric[[thread=hz.flamboyant_bhaskara.partition-operation.thread-3,unit=count,metric=operation.thread.priorityPendingCount]=0]
12-09-2024 15:17:29 1726154249817 Metric[[service=hz:core:clusterService,unit=count,metric=event.publicationCount]=0]
12-09-2024 15:17:29 1726154249817 Metric[[thread=hz.flamboyant_bhaskara.partition-operation.thread-4,unit=count,metric=operation.thread.normalPendingCount]=0]
12-09-2024 15:17:29 1726154249817 Metric[[unit=count,metric=event.eventQueueSize]=1]
12-09-2024 15:17:29 1726154249817 Metric[[thread=hz.flamboyant_bhaskara.partition-operation.thread-8,unit=count,metric=operation.thread.completedTotalCount]=0]
12-09-2024 15:17:29 1726154249817 Metric[[unit=count,metric=operation.callTimeoutCount]=0]
12-09-2024 15:17:29 1726154249817 Metric[[thread=hz.flamboyant_bhaskara.partition-operation.thread-1,unit=count,metric=operation.thread.completedOperationCount]=0]
12-09-2024 15:17:29 1726154249817 Metric[[unit=boolean,metric=partitions.migrationActive]=1]
12-09-2024 15:17:29 1726154249817 Metric[[unit=count,metric=client.endpoint.totalRegistrations]=0]
12-09-2024 15:17:29 1726154249817 Metric[[metric=runtime.freeMemory]=510436416]
12-09-2024 15:17:29 1726154249817 Metric[[thread=hz.flamboyant_bhaskara.generic-operation.thread-4,unit=count,metric=operation.thread.completedTotalCount]=0]
12-09-2024 15:17:29 1726154249817 Metric[[unit=ms,metric=cluster.heartbeat.lastHeartbeat]=0]
12-09-2024 15:17:29 1726154249817 Metric[[thread=hz.flamboyant_bhaskara.partition-operation.thread-1,unit=count,metric=operation.thread.errorCount]=0]
12-09-2024 15:17:29 1726154249817 Metric[[thread=hz.flamboyant_bhaskara.partition-operation.thread-3,unit=count,metric=operation.thread.completedRunnableCount]=0]
12-09-2024 15:17:29 1726154249817 Metric[[thread=hz.flamboyant_bhaskara.partition-operation.thread-3,unit=count,metric=operation.thread.normalPendingCount]=0]
12-09-2024 15:17:29 1726154249817 Metric[[unit=count,metric=operation.invocations.delayedExecutionCount]=0]
12-09-2024 15:17:29 1726154249817 Metric[[thread=hz.flamboyant_bhaskara.partition-operation.thread-9,unit=count,metric=operation.thread.completedTotalCount]=0]
12-09-2024 15:17:29 1726154249817 Metric[[thread=hz.flamboyant_bhaskara.partition-operation.thread-0,unit=count,metric=operation.thread.completedOperationCount]=0]
12-09-2024 15:17:29 1726154249817 Metric[[unit=count,metric=operation.responses.missingCount]=0]
12-09-2024 15:17:29 1726154249817 Metric[[thread=hz.flamboyant_bhaskara.priority-generic-operation.thread-0,unit=count,metric=operation.thread.completedPartitionSpecificRunnableCount]=0]
12-09-2024 15:17:29 1726154249817 Metric[[thread=hz.flamboyant_bhaskara.generic-operation.thread-3,unit=count,metric=operation.thread.completedTotalCount]=0]
12-09-2024 15:17:29 1726154249817 Metric[[unit=count,metric=event.syncDeliveryFailureCount]=0]
12-09-2024 15:17:29 1726154249817 Metric[[unit=ms,metric=cluster.clock.clusterTimeDiff]=0]
12-09-2024 15:17:29 1726154249817 Metric[[unit=count,metric=raft.metadata.groups]=0]
12-09-2024 15:17:29 1726154249817 Metric[[unit=count,metric=proxy.createdCount]=0]
12-09-2024 15:17:29 1726154249817 Metric[[thread=hz.flamboyant_bhaskara.generic-operation.thread-0,unit=count,metric=operation.thread.completedPacketCount]=0]
12-09-2024 15:17:29 1726154249817 Metric[[thread=hz.flamboyant_bhaskara.partition-operation.thread-0,unit=count,metric=operation.thread.completedPartitionSpecificRunnableCount]=0]
12-09-2024 15:17:29 1726154249817 Metric[[thread=hz.flamboyant_bhaskara.partition-operation.thread-0,unit=count,metric=operation.thread.errorCount]=0]
12-09-2024 15:17:29 1726154249817 Metric[[unit=count,metric=operation.retryCount]=0]
12-09-2024 15:17:29 1726154249817 Metric[[thread=hz.flamboyant_bhaskara.priority-generic-operation.thread-0,unit=count,metric=operation.thread.completedOperationCount]=0]
12-09-2024 15:17:29 1726154249817 Metric[[thread=hz.flamboyant_bhaskara.partition-operation.thread-2,unit=count,metric=operation.thread.completedRunnableCount]=0]
12-09-2024 15:17:29 1726154249817 Metric[[thread=hz.flamboyant_bhaskara.partition-operation.thread-9,unit=count,metric=operation.thread.priorityPendingCount]=0]
12-09-2024 15:17:29 1726154249817 Metric[[unit=ms,metric=operation.invocations.heartbeatBroadcastPeriodMillis]=15000]
12-09-2024 15:17:29 1726154249817 Metric[[thread=hz.flamboyant_bhaskara.partition-operation.thread-6,unit=count,metric=operation.thread.normalPendingCount]=0]
12-09-2024 15:17:29 1726154249817 Metric[[unit=bytes,metric=memory.maxNative]=0]
12-09-2024 15:17:29 1726154249817 Metric[[thread=hz.flamboyant_bhaskara.partition-operation.thread-9,unit=count,metric=operation.thread.completedOperationBatchCount]=0]
12-09-2024 15:17:29 1726154249817 Metric[[unit=bytes,metric=memory.totalPhysical]=16225161216]
12-09-2024 15:17:29 1726154249817 Metric[[unit=percent,metric=operation.invocations.usedPercentage]=0.0]
12-09-2024 15:17:29 1726154249817 Metric[[thread=hz.flamboyant_bhaskara.partition-operation.thread-3,unit=count,metric=operation.thread.completedOperationCount]=0]
12-09-2024 15:17:29 1726154249817 Metric[[metric=os.systemLoadAverage]=4.74755859375]
12-09-2024 15:17:29 1726154249817 Metric[[metric=thread.totalStartedThreadCount]=41]
12-09-2024 15:17:29 1726154249817 Metric[[thread=hz.flamboyant_bhaskara.generic-operation.thread-2,unit=count,metric=operation.thread.completedTotalCount]=0]
12-09-2024 15:17:29 1726154249817 Metric[[service=hz:core:proxyService,unit=count,metric=event.publicationCount]=0]
12-09-2024 15:17:29 1726154249817 Metric[[unit=ms,metric=gc.unknownTime]=0]
12-09-2024 15:17:29 1726154249817 Metric[[thread=hz.flamboyant_bhaskara.generic-operation.thread-4,unit=count,metric=operation.thread.errorCount]=0]
12-09-2024 15:17:29 1726154249817 Metric[[thread=hz.flamboyant_bhaskara.generic-operation.thread-1,unit=count,metric=operation.thread.completedPacketCount]=0]
12-09-2024 15:17:29 1726154249817 Metric[[thread=hz.flamboyant_bhaskara.generic-operation.thread-1,unit=count,metric=operation.thread.completedOperationBatchCount]=0]
12-09-2024 15:17:29 1726154249817 Metric[[thread=hz.flamboyant_bhaskara.partition-operation.thread-1,unit=count,metric=operation.thread.completedPartitionSpecificRunnableCount]=0]
12-09-2024 15:17:29 1726154249817 Metric[[thread=hz.flamboyant_bhaskara.partition-operation.thread-5,unit=count,metric=operation.thread.completedRunnableCount]=0]
12-09-2024 15:17:29 1726154249817 Metric[[thread=hz.flamboyant_bhaskara.partition-operation.thread-8,unit=count,metric=operation.thread.priorityPendingCount]=0]
12-09-2024 15:17:29 1726154249817 Metric[[thread=hz.flamboyant_bhaskara.partition-operation.thread-5,unit=count,metric=operation.thread.normalPendingCount]=0]
12-09-2024 15:17:29 1726154249817 Metric[[unit=ms,metric=cluster.clock.clusterUpTime]=-9223370310700525982]
12-09-2024 15:17:29 1726154249817 Metric[[unit=count,metric=operation.queueSize]=0]
12-09-2024 15:17:29 1726154249817 Metric[[thread=hz.flamboyant_bhaskara.priority-generic-operation.thread-0,unit=count,metric=operation.thread.completedRunnableCount]=0]
12-09-2024 15:17:29 1726154249817 Metric[[thread=hz.flamboyant_bhaskara.partition-operation.thread-2,unit=count,metric=operation.thread.completedOperationCount]=0]
12-09-2024 15:17:29 1726154249817 Metric[[service=hz:core:clusterService,unit=count,metric=event.listenerCount]=2]
12-09-2024 15:17:29 1726154249817 Metric[[unit=count,metric=operation.partitionThreadCount]=10]
12-09-2024 15:17:29 1726154249817 Metric[[thread=hz.flamboyant_bhaskara.generic-operation.thread-1,unit=count,metric=operation.thread.completedTotalCount]=0]
12-09-2024 15:17:29 1726154249817 Metric[[metric=thread.threadCount]=40]
12-09-2024 15:17:29 1726154249817 Metric[[thread=hz.flamboyant_bhaskara.generic-operation.thread-3,unit=count,metric=operation.thread.errorCount]=0]
12-09-2024 15:17:29 1726154249817 Metric[[unit=count,metric=operation.invocations.heartbeatPacketsSent]=1]
12-09-2024 15:17:29 1726154249817 Metric[[thread=hz.flamboyant_bhaskara.generic-operation.thread-0,unit=count,metric=operation.thread.completedOperationBatchCount]=0]
12-09-2024 15:17:29 1726154249817 Metric[[thread=hz.flamboyant_bhaskara.generic-operation.thread-2,unit=count,metric=operation.thread.completedPacketCount]=0]
12-09-2024 15:17:29 1726154249817 Metric[[unit=count,metric=partitions.replicaSyncRequestsCounter]=0]
12-09-2024 15:17:29 1726154249817 Metric[[thread=hz.flamboyant_bhaskara.partition-operation.thread-2,unit=count,metric=operation.thread.completedPartitionSpecificRunnableCount]=0]
12-09-2024 15:17:29 1726154249817 Metric[[unit=count,metric=partitions.partitionCount]=271]
12-09-2024 15:17:29 1726154249817 Metric[[thread=hz.flamboyant_bhaskara.partition-operation.thread-4,unit=count,metric=operation.thread.completedRunnableCount]=0]
12-09-2024 15:17:29 1726154249817 Metric[[metric=runtime.maxMemory]=12981370880]
12-09-2024 15:17:29 1726154249817 Metric[[thread=hz.flamboyant_bhaskara.partition-operation.thread-7,unit=count,metric=operation.thread.priorityPendingCount]=0]
12-09-2024 15:17:29 1726154249817 Metric[[unit=count,metric=operation.invocations.heartbeatPacketsReceived]=1]
12-09-2024 15:17:29 1726154249817 Metric[[thread=hz.flamboyant_bhaskara.partition-operation.thread-0,unit=count,metric=operation.thread.normalPendingCount]=0]
12-09-2024 15:17:29 1726154249817 Metric[[service=hz:core:partitionService,unit=count,metric=event.publicationCount]=0]
12-09-2024 15:17:29 1726154249817 Metric[[metric=thread.daemonThreadCount]=5]
12-09-2024 15:17:29 1726154249817 Metric[[metric=os.processCpuLoad]=0.0]
12-09-2024 15:17:29 1726154249817 Metric[[unit=bytes,metric=memory.freeNative]=0]
12-09-2024 15:17:29 1726154249817 Metric[[thread=hz.flamboyant_bhaskara.generic-operation.thread-3,unit=count,metric=operation.thread.completedRunnableCount]=0]
12-09-2024 15:17:29 1726154249817 Metric[[thread=hz.flamboyant_bhaskara.partition-operation.thread-5,unit=count,metric=operation.thread.completedOperationCount]=0]
12-09-2024 15:17:29 1726154249817 Metric[[unit=count,metric=cluster.size]=1]
12-09-2024 15:17:29 1726154249817 Metric[[unit=count,metric=event.rejectedCount]=0]
12-09-2024 15:17:29 1726154249817 Metric[[thread=hz.flamboyant_bhaskara.generic-operation.thread-0,unit=count,metric=operation.thread.completedTotalCount]=0]
12-09-2024 15:17:29 1726154249817 Metric[[thread=hz.flamboyant_bhaskara.generic-operation.thread-2,unit=count,metric=operation.thread.errorCount]=0]
12-09-2024 15:17:29 1726154249817 Metric[[thread=hz.flamboyant_bhaskara.generic-operation.thread-3,unit=count,metric=operation.thread.completedPacketCount]=0]
12-09-2024 15:17:29 1726154249817 Metric[[thread=hz.flamboyant_bhaskara.generic-operation.thread-3,unit=count,metric=operation.thread.completedOperationBatchCount]=0]
12-09-2024 15:17:29 1726154249817 Metric[[unit=count,metric=raft.missingMembers]=0]
12-09-2024 15:17:29 1726154249817 Metric[[thread=hz.flamboyant_bhaskara.partition-operation.thread-0,unit=count,metric=operation.thread.completedOperationBatchCount]=0]
12-09-2024 15:17:29 1726154249817 Metric[[thread=hz.flamboyant_bhaskara.generic-operation.thread-4,unit=count,metric=operation.thread.completedRunnableCount]=0]
12-09-2024 15:17:29 1726154249817 Metric[[thread=hz.flamboyant_bhaskara.partition-operation.thread-4,unit=count,metric=operation.thread.completedOperationCount]=0]
12-09-2024 15:17:29 1726154249817 Metric[[unit=ms,metric=cluster.clock.localClockTime]=1726154249827]
12-09-2024 15:17:29 1726154249817 Metric[[dir=user.home,unit=bytes,metric=file.partition.freeSpace]=79069904896]
12-09-2024 15:17:29 1726154249817 Metric[[unit=count,metric=gc.majorCount]=0]
12-09-2024 15:17:29 1726154249817 Metric[[thread=hz.flamboyant_bhaskara.generic-operation.thread-1,unit=count,metric=operation.thread.errorCount]=0]
12-09-2024 15:17:29 1726154249817 Metric[[thread=hz.flamboyant_bhaskara.generic-operation.thread-2,unit=count,metric=operation.thread.completedOperationBatchCount]=0]
12-09-2024 15:17:29 1726154249817 Metric[[thread=hz.flamboyant_bhaskara.generic-operation.thread-4,unit=count,metric=operation.thread.completedPacketCount]=0]
12-09-2024 15:17:29 1726154249817 Metric[[metric=thread.peakThreadCount]=41]
12-09-2024 15:17:29 1726154249817 Metric[[unit=count,metric=partitions.maxBackupCount]=0]
12-09-2024 15:17:29 1726154249817 Metric[[unit=ms,metric=operation.invocations.invocationTimeoutMillis]=60000]
12-09-2024 15:17:29 1726154249817 Metric[[thread=hz.flamboyant_bhaskara.partition-operation.thread-2,unit=count,metric=operation.thread.normalPendingCount]=0]
12-09-2024 15:17:29 1726154249817 Metric[[unit=count,metric=operation.priorityQueueSize]=0]
12-09-2024 15:17:29 1726154249817 Metric[[metric=runtime.totalMemory]=572522496]
12-09-2024 15:17:29 1726154249817 Metric[[unit=ms,metric=operation.invocations.backupTimeoutMillis]=5000]
12-09-2024 15:17:29 1726154249817 Metric[[thread=hz.flamboyant_bhaskara.partition-operation.thread-7,unit=count,metric=operation.thread.completedOperationCount]=0]
12-09-2024 15:17:29 1726154249817 Metric[[unit=count,metric=operation.responses.errorCount]=0]
12-09-2024 15:17:29 1726154249817 Metric[[service=hz:impl:replicatedMapService,unit=count,metric=event.listenerCount]=1]
12-09-2024 15:17:29 1726154249817 Metric[[service=hz:core:proxyService,unit=count,metric=event.listenerCount]=1]
12-09-2024 15:17:29 1726154249817 Metric[[unit=count,metric=proxy.proxyCount]=1]
12-09-2024 15:17:29 1726154249817 Metric[[thread=hz.flamboyant_bhaskara.partition-operation.thread-0,unit=count,metric=operation.thread.completedPacketCount]=0]
12-09-2024 15:17:29 1726154249817 Metric[[thread=hz.flamboyant_bhaskara.generic-operation.thread-0,unit=count,metric=operation.thread.errorCount]=0]
12-09-2024 15:17:29 1726154249817 Metric[[unit=bytes,metric=memory.freePhysical]=7532400640]
12-09-2024 15:17:29 1726154249817 Metric[[thread=hz.flamboyant_bhaskara.partition-operation.thread-1,unit=count,metric=operation.thread.completedRunnableCount]=0]
12-09-2024 15:17:29 1726154249817 Metric[[unit=bytes,metric=memory.committedNative]=0]
12-09-2024 15:17:29 1726154249817 Metric[[unit=ns,metric=partitions.totalElapsedDestinationCommitTime]=0]
12-09-2024 15:17:29 1726154249817 Metric[[unit=count,metric=operation.responses.timeoutCount]=0]
12-09-2024 15:17:29 1726154249817 Metric[[metric=os.openFileDescriptorCount]=54]
12-09-2024 15:17:29 1726154249817 Metric[[unit=count,metric=operation.invocations.backupTimeouts]=0]
12-09-2024 15:17:29 1726154249817 Metric[[thread=hz.flamboyant_bhaskara.partition-operation.thread-1,unit=count,metric=operation.thread.normalPendingCount]=0]
12-09-2024 15:17:29 1726154249817 Metric[[unit=ns,metric=partitions.elapsedMigrationOperationTime]=0]
12-09-2024 15:17:29 1726154249817 Metric[[unit=count,metric=operation.genericPriorityQueueSize]=0]
12-09-2024 15:17:29 1726154249817 Metric[[unit=count,metric=gc.minorCount]=9]
12-09-2024 15:17:29 1726154249817 Metric[[thread=hz.flamboyant_bhaskara.partition-operation.thread-6,unit=count,metric=operation.thread.completedOperationCount]=0]
12-09-2024 15:17:29 1726154249817 Metric[[unit=count,metric=transactions.startCount]=0]
12-09-2024 15:17:29 1726154249817 Metric[[unit=bytes,metric=memory.usedMetadata]=0]
12-09-2024 15:17:29 1726154249817 Metric[[metric=os.freeSwapSpaceSize]=1610608640]
12-09-2024 15:17:29 1726154249817 Metric[[metric=os.systemCpuLoad]=0.0]
12-09-2024 15:17:29 1726154249817 Metric[[metric=os.totalPhysicalMemorySize]=16225161216]
12-09-2024 15:17:29 1726154249817 Metric[[unit=ms,metric=partitions.lastRepartitionTime]=0]
12-09-2024 15:17:29 1726154249817 Metric[[thread=hz.flamboyant_bhaskara.partition-operation.thread-1,unit=count,metric=operation.thread.completedPacketCount]=0]
12-09-2024 15:17:29 1726154249817 Metric[[thread=hz.flamboyant_bhaskara.generic-operation.thread-4,unit=count,metric=operation.thread.completedOperationBatchCount]=0]
12-09-2024 15:17:29 1726154249817 Metric[[metric=runtime.availableProcessors]=10]
12-09-2024 15:17:29 1726154249817 Metric[[unit=count,metric=event.eventsProcessed]=8]
12-09-2024 15:17:29 1726154249817 Metric[[thread=hz.flamboyant_bhaskara.partition-operation.thread-0,unit=count,metric=operation.thread.completedRunnableCount]=0]
12-09-2024 15:17:29 1726154249817 Metric[[unit=count,metric=operation.parker.parkQueueCount]=0]
12-09-2024 15:17:29 1726154249817 Metric[[unit=count,metric=operation.responses.normalCount]=0]
12-09-2024 15:17:29 1726154249817 Metric[[unit=count,metric=client.endpoint.count]=0]
12-09-2024 15:17:29 1726154249817 Metric[[thread=hz.flamboyant_bhaskara.partition-operation.thread-3,unit=count,metric=operation.thread.completedOperationBatchCount]=0]
12-09-2024 15:17:29 1726154249817 Metric[[thread=hz.flamboyant_bhaskara.partition-operation.thread-0,unit=count,metric=operation.thread.completedTotalCount]=0]
12-09-2024 15:17:29 1726154249817 Metric[[thread=hz.flamboyant_bhaskara.partition-operation.thread-9,unit=count,metric=operation.thread.completedOperationCount]=0]
12-09-2024 15:17:29 1726154249817 Metric[[unit=count,metric=gc.unknownCount]=0]
12-09-2024 15:17:29 1726154249817 Metric[[unit=count,metric=operation.responseQueueSize]=0]
12-09-2024 15:17:29 1726154249817 Metric[[thread=hz.flamboyant_bhaskara.generic-operation.thread-3,unit=count,metric=operation.thread.completedPartitionSpecificRunnableCount]=0]
12-09-2024 15:17:29 1726154249817 Metric[[unit=bytes,metric=memory.maxMetadata]=0]
12-09-2024 15:17:29 1726154249817 Metric[[thread=hz.flamboyant_bhaskara.priority-generic-operation.thread-0,unit=count,metric=operation.thread.completedTotalCount]=0]
12-09-2024 15:17:29 1726154249817 Metric[[unit=count,metric=operation.parker.totalParkedOperationCount]=0]
12-09-2024 15:17:29 1726154249817 Metric[[unit=count,metric=partitions.localPartitionCount]=0]
12-09-2024 15:17:29 1726154249817 Metric[[thread=hz.flamboyant_bhaskara.partition-operation.thread-2,unit=count,metric=operation.thread.completedPacketCount]=0]
12-09-2024 15:17:29 1726154249817 Metric[[unit=ms,metric=gc.majorTime]=0]
12-09-2024 15:17:29 1726154249817 Metric[[thread=hz.flamboyant_bhaskara.partition-operation.thread-7,unit=count,metric=operation.thread.completedPartitionSpecificRunnableCount]=0]
12-09-2024 15:17:29 1726154249817 Metric[[thread=hz.flamboyant_bhaskara.partition-operation.thread-9,unit=count,metric=operation.thread.errorCount]=0]
12-09-2024 15:17:29 1726154249817 Metric[[unit=count,metric=operation.runningCount]=0]
12-09-2024 15:17:29 1726154249817 Metric[[thread=hz.flamboyant_bhaskara.partition-operation.thread-2,unit=count,metric=operation.thread.priorityPendingCount]=0]
12-09-2024 15:17:29 1726154249817 Metric[[metric=classloading.loadedClassesCount]=7346]
12-09-2024 15:17:29 1726154249817 Metric[[thread=hz.flamboyant_bhaskara.partition-operation.thread-4,unit=count,metric=operation.thread.completedOperationBatchCount]=0]
12-09-2024 15:17:29 1726154249817 Metric[[unit=count,metric=operation.invocations.lastCallId]=0]
12-09-2024 15:17:29 1726154249817 Metric[[thread=hz.flamboyant_bhaskara.partition-operation.thread-1,unit=count,metric=operation.thread.completedTotalCount]=0]
12-09-2024 15:17:29 1726154249817 Metric[[thread=hz.flamboyant_bhaskara.generic-operation.thread-0,unit=count,metric=operation.thread.completedRunnableCount]=0]
12-09-2024 15:17:29 1726154249817 Metric[[thread=hz.flamboyant_bhaskara.partition-operation.thread-8,unit=count,metric=operation.thread.completedOperationCount]=0]
12-09-2024 15:17:29 1726154249817 Metric[[thread=hz.flamboyant_bhaskara.generic-operation.thread-2,unit=count,metric=operation.thread.completedPartitionSpecificRunnableCount]=0]
12-09-2024 15:17:29 1726154249817 Metric[[thread=hz.flamboyant_bhaskara.partition-operation.thread-3,unit=count,metric=operation.thread.completedPacketCount]=0]
12-09-2024 15:17:29 1726154249817 Metric[[unit=count,metric=transactions.commitCount]=0]
12-09-2024 15:17:29 1726154249817 Metric[[unit=count,metric=raft.destroyedGroupIds]=0]
12-09-2024 15:17:29 1726154249817 Metric[[metric=os.maxFileDescriptorCount]=1048576]
12-09-2024 15:17:29 1726154249817 Metric[[unit=count,metric=partitions.activePartitionCount]=0]
12-09-2024 15:17:29 1726154249817 Metric[[thread=hz.flamboyant_bhaskara.partition-operation.thread-8,unit=count,metric=operation.thread.completedPartitionSpecificRunnableCount]=0]
12-09-2024 15:17:29 1726154249817 Metric[[thread=hz.flamboyant_bhaskara.partition-operation.thread-8,unit=count,metric=operation.thread.errorCount]=0]
12-09-2024 15:17:29 1726154249817 Metric[[thread=hz.flamboyant_bhaskara.partition-operation.thread-1,unit=count,metric=operation.thread.priorityPendingCount]=0]
12-09-2024 15:17:29 1726154249817 Metric[[service=hz:core:partitionService,unit=count,metric=event.listenerCount]=3]
12-09-2024 15:17:29 1726154249817 Metric[[unit=count,metric=operation.invocations.pending]=0]
12-09-2024 15:17:29 1726154249817 Metric[[unit=bytes,metric=memory.usedNative]=0]
12-09-2024 15:17:29 1726154249817 Metric[[thread=hz.flamboyant_bhaskara.partition-operation.thread-1,unit=count,metric=operation.thread.completedOperationBatchCount]=0]
12-09-2024 15:17:29 1726154249817 Metric[[thread=hz.flamboyant_bhaskara.partition-operation.thread-2,unit=count,metric=operation.thread.completedTotalCount]=0]
12-09-2024 15:17:29 1726154249817 Metric[[thread=hz.flamboyant_bhaskara.generic-operation.thread-1,unit=count,metric=operation.thread.completedRunnableCount]=0]
12-09-2024 15:17:29 1726154249817 Metric[[dir=user.home,unit=bytes,metric=file.partition.totalSpace]=86289817600]
12-09-2024 15:17:29 1726154249817 Metric[[unit=ms,metric=cluster.clock.clusterStartTime]=-9223372036854775808]
12-09-2024 15:17:29 1726154249817 Metric[[unit=ms,metric=cluster.clock.clusterTime]=1726154249829]
12-09-2024 15:17:29 1726154249817 Metric[[thread=hz.flamboyant_bhaskara.generic-operation.thread-1,unit=count,metric=operation.thread.completedPartitionSpecificRunnableCount]=0]
12-09-2024 15:17:29 1726154249817 Metric[[unit=count,metric=partitions.plannedMigrations]=0]
12-09-2024 15:17:29 1726154249817 Metric[[service=hz:impl:replicatedMapService,unit=count,metric=event.publicationCount]=0]
12-09-2024 15:17:29 1726154249817 Metric[[thread=hz.flamboyant_bhaskara.partition-operation.thread-4,unit=count,metric=operation.thread.completedPacketCount]=0]
12-09-2024 15:17:29 1726154249817 Metric[[thread=hz.flamboyant_bhaskara.priority-generic-operation.thread-0,unit=count,metric=operation.thread.errorCount]=0]
12-09-2024 15:17:29 1726154249817 Metric[[dir=user.home,unit=bytes,metric=file.partition.usableSpace]=74653200384]
12-09-2024 15:17:29 1726154249817 Metric[[thread=hz.flamboyant_bhaskara.partition-operation.thread-9,unit=count,metric=operation.thread.completedPartitionSpecificRunnableCount]=0]
12-09-2024 15:17:29 1726154249817 Metric[[unit=count,metric=proxy.destroyedCount]=0]
12-09-2024 15:17:29 1726154249817 Metric[[thread=hz.flamboyant_bhaskara.partition-operation.thread-7,unit=count,metric=operation.thread.errorCount]=0]
12-09-2024 15:17:29 1726154249817 Metric[[unit=count,metric=operation.invocations.normalTimeouts]=0]
12-09-2024 15:17:29 1726154249817 Metric[[unit=count,metric=raft.metadata.activeMembers]=0]
12-09-2024 15:17:29 1726154249817 Metric[[unit=count,metric=operation.failedBackups]=0]
12-09-2024 15:17:29 1726154249817 Metric[[thread=hz.flamboyant_bhaskara.partition-operation.thread-0,unit=count,metric=operation.thread.priorityPendingCount]=0]
12-09-2024 15:17:29 1726154249817 Metric[[unit=count,metric=partitions.memberGroupsSize]=0]
12-09-2024 15:17:29 1726154249817 Metric[[unit=count,metric=operation.operationTimeoutCount]=0]
12-09-2024 15:17:29 1726154249817 Metric[[thread=hz.flamboyant_bhaskara.partition-operation.thread-2,unit=count,metric=operation.thread.completedOperationBatchCount]=0]
12-09-2024 15:17:29 1726154249817 Metric[[thread=hz.flamboyant_bhaskara.partition-operation.thread-3,unit=count,metric=operation.thread.completedTotalCount]=0]
12-09-2024 15:17:29 1726154249817 Metric[[unit=count,metric=transactions.rollbackCount]=0]
12-09-2024 15:17:29 1726154249817 Metric[[thread=hz.flamboyant_bhaskara.generic-operation.thread-2,unit=count,metric=operation.thread.completedRunnableCount]=0]
12-09-2024 15:17:29 1726154249817 Metric[[metric=runtime.uptime]=1913]
12-09-2024 15:17:29 1726154249817 Metric[[unit=count,metric=event.queueCapacity]=1000000]
12-09-2024 15:17:29 1726154249817 Metric[[thread=hz.flamboyant_bhaskara.generic-operation.thread-0,unit=count,metric=operation.thread.completedPartitionSpecificRunnableCount]=0]
12-09-2024 15:17:29 1726154249817 Metric[[unit=count,metric=raft.nodes]=0]
12-09-2024 15:17:29 1726154249817 Metric[[thread=hz.flamboyant_bhaskara.partition-operation.thread-5,unit=count,metric=operation.thread.completedPacketCount]=0]
12-09-2024 15:17:29 1726154249817 Metric[[thread=hz.flamboyant_bhaskara.priority-generic-operation.thread-0,unit=count,metric=operation.thread.completedPacketCount]=0]
12-09-2024 15:17:29 1726154249817 Metric[[unit=count,metric=partitions.stateStamp]=0]
12-09-2024 15:17:29 1726154249817 Metric[[unit=count,metric=partitions.completedMigrations]=0]
12-09-2024 15:17:29 1726154249817 Metric[[thread=hz.flamboyant_bhaskara.partition-operation.thread-6,unit=count,metric=operation.thread.errorCount]=0]
12-09-2024 15:17:29 1726154249817 Metric[[thread=hz.flamboyant_bhaskara.generic-operation.thread-0,unit=count,metric=operation.thread.completedOperationCount]=0]
12-09-2024 15:17:29 1726154249817 Metric[[unit=bytes,metric=memory.usedHeap]=63567328]
12-09-2024 15:17:29 1726154249817 Metric[[thread=hz.flamboyant_bhaskara.IO.thread-in-0,unit=ms,metric=tcp.inputThread.idleTimeMillis]=1726154249831]
12-09-2024 15:17:29 1726154249817 Metric[[thread=hz.flamboyant_bhaskara.IO.thread-in-0,unit=count,metric=tcp.inputThread.ioThreadId]=0]
12-09-2024 15:17:29 1726154249817 Metric[[thread=hz.flamboyant_bhaskara.IO.thread-in-0,unit=bytes,metric=tcp.inputThread.bytesTransceived]=0]
12-09-2024 15:17:29 1726154249817 Metric[[thread=hz.flamboyant_bhaskara.IO.thread-in-0,unit=count,metric=tcp.inputThread.framesTransceived]=0]
12-09-2024 15:17:29 1726154249817 Metric[[thread=hz.flamboyant_bhaskara.IO.thread-in-0,unit=count,metric=tcp.inputThread.priorityFramesTransceived]=0]
12-09-2024 15:17:29 1726154249817 Metric[[thread=hz.flamboyant_bhaskara.IO.thread-in-0,unit=count,metric=tcp.inputThread.processCount]=0]
12-09-2024 15:17:29 1726154249817 Metric[[thread=hz.flamboyant_bhaskara.IO.thread-in-0,unit=count,metric=tcp.inputThread.taskQueueSize]=0]
12-09-2024 15:17:29 1726154249817 Metric[[thread=hz.flamboyant_bhaskara.IO.thread-in-0,unit=count,metric=tcp.inputThread.eventCount]=0]
12-09-2024 15:17:29 1726154249817 Metric[[thread=hz.flamboyant_bhaskara.IO.thread-in-0,unit=count,metric=tcp.inputThread.selectorIOExceptionCount]=0]
12-09-2024 15:17:29 1726154249817 Metric[[thread=hz.flamboyant_bhaskara.IO.thread-in-0,unit=count,metric=tcp.inputThread.completedTaskCount]=0]
12-09-2024 15:17:29 1726154249817 Metric[[thread=hz.flamboyant_bhaskara.IO.thread-in-0,unit=count,metric=tcp.inputThread.selectorRebuildCount]=0]
12-09-2024 15:17:29 1726154249817 Metric[[thread=hz.flamboyant_bhaskara.IO.thread-in-1,unit=ms,metric=tcp.inputThread.idleTimeMillis]=1726154249831]
12-09-2024 15:17:29 1726154249817 Metric[[thread=hz.flamboyant_bhaskara.IO.thread-in-1,unit=count,metric=tcp.inputThread.ioThreadId]=1]
12-09-2024 15:17:29 1726154249817 Metric[[thread=hz.flamboyant_bhaskara.IO.thread-in-1,unit=bytes,metric=tcp.inputThread.bytesTransceived]=0]
12-09-2024 15:17:29 1726154249817 Metric[[thread=hz.flamboyant_bhaskara.IO.thread-in-1,unit=count,metric=tcp.inputThread.framesTransceived]=0]
12-09-2024 15:17:29 1726154249817 Metric[[thread=hz.flamboyant_bhaskara.IO.thread-in-1,unit=count,metric=tcp.inputThread.priorityFramesTransceived]=0]
12-09-2024 15:17:29 1726154249817 Metric[[thread=hz.flamboyant_bhaskara.IO.thread-in-1,unit=count,metric=tcp.inputThread.processCount]=0]
12-09-2024 15:17:29 1726154249817 Metric[[thread=hz.flamboyant_bhaskara.IO.thread-in-1,unit=count,metric=tcp.inputThread.taskQueueSize]=0]
12-09-2024 15:17:29 1726154249817 Metric[[thread=hz.flamboyant_bhaskara.IO.thread-in-1,unit=count,metric=tcp.inputThread.eventCount]=0]
12-09-2024 15:17:29 1726154249817 Metric[[thread=hz.flamboyant_bhaskara.IO.thread-in-1,unit=count,metric=tcp.inputThread.selectorIOExceptionCount]=0]
12-09-2024 15:17:29 1726154249817 Metric[[thread=hz.flamboyant_bhaskara.IO.thread-in-1,unit=count,metric=tcp.inputThread.completedTaskCount]=0]
12-09-2024 15:17:29 1726154249817 Metric[[thread=hz.flamboyant_bhaskara.IO.thread-in-1,unit=count,metric=tcp.inputThread.selectorRebuildCount]=0]
12-09-2024 15:17:29 1726154249817 Metric[[thread=hz.flamboyant_bhaskara.IO.thread-in-2,unit=ms,metric=tcp.inputThread.idleTimeMillis]=1726154249831]
12-09-2024 15:17:29 1726154249817 Metric[[thread=hz.flamboyant_bhaskara.IO.thread-in-2,unit=count,metric=tcp.inputThread.ioThreadId]=2]
12-09-2024 15:17:29 1726154249817 Metric[[thread=hz.flamboyant_bhaskara.IO.thread-in-2,unit=bytes,metric=tcp.inputThread.bytesTransceived]=0]
12-09-2024 15:17:29 1726154249817 Metric[[thread=hz.flamboyant_bhaskara.IO.thread-in-2,unit=count,metric=tcp.inputThread.framesTransceived]=0]
12-09-2024 15:17:29 1726154249817 Metric[[thread=hz.flamboyant_bhaskara.IO.thread-in-2,unit=count,metric=tcp.inputThread.priorityFramesTransceived]=0]
12-09-2024 15:17:29 1726154249817 Metric[[thread=hz.flamboyant_bhaskara.IO.thread-in-2,unit=count,metric=tcp.inputThread.processCount]=0]
12-09-2024 15:17:29 1726154249817 Metric[[thread=hz.flamboyant_bhaskara.IO.thread-in-2,unit=count,metric=tcp.inputThread.taskQueueSize]=0]
12-09-2024 15:17:29 1726154249817 Metric[[thread=hz.flamboyant_bhaskara.IO.thread-in-2,unit=count,metric=tcp.inputThread.eventCount]=0]
12-09-2024 15:17:29 1726154249817 Metric[[thread=hz.flamboyant_bhaskara.IO.thread-in-2,unit=count,metric=tcp.inputThread.selectorIOExceptionCount]=0]
12-09-2024 15:17:29 1726154249817 Metric[[thread=hz.flamboyant_bhaskara.IO.thread-in-2,unit=count,metric=tcp.inputThread.completedTaskCount]=0]
12-09-2024 15:17:29 1726154249817 Metric[[thread=hz.flamboyant_bhaskara.IO.thread-in-2,unit=count,metric=tcp.inputThread.selectorRebuildCount]=0]
12-09-2024 15:17:29 1726154249817 Metric[[thread=hz.flamboyant_bhaskara.IO.thread-out-0,unit=ms,metric=tcp.outputThread.idleTimeMillis]=1726154249831]
12-09-2024 15:17:29 1726154249817 Metric[[thread=hz.flamboyant_bhaskara.IO.thread-out-0,unit=count,metric=tcp.outputThread.ioThreadId]=0]
12-09-2024 15:17:29 1726154249817 Metric[[thread=hz.flamboyant_bhaskara.IO.thread-out-0,unit=bytes,metric=tcp.outputThread.bytesTransceived]=0]
12-09-2024 15:17:29 1726154249817 Metric[[thread=hz.flamboyant_bhaskara.IO.thread-out-0,unit=count,metric=tcp.outputThread.framesTransceived]=0]
12-09-2024 15:17:29 1726154249817 Metric[[thread=hz.flamboyant_bhaskara.IO.thread-out-0,unit=count,metric=tcp.outputThread.priorityFramesTransceived]=0]
12-09-2024 15:17:29 1726154249817 Metric[[thread=hz.flamboyant_bhaskara.IO.thread-out-0,unit=count,metric=tcp.outputThread.processCount]=0]
12-09-2024 15:17:29 1726154249817 Metric[[thread=hz.flamboyant_bhaskara.IO.thread-out-0,unit=count,metric=tcp.outputThread.taskQueueSize]=0]
12-09-2024 15:17:29 1726154249817 Metric[[thread=hz.flamboyant_bhaskara.IO.thread-out-0,unit=count,metric=tcp.outputThread.eventCount]=0]
12-09-2024 15:17:29 1726154249817 Metric[[thread=hz.flamboyant_bhaskara.IO.thread-out-0,unit=count,metric=tcp.outputThread.selectorIOExceptionCount]=0]
12-09-2024 15:17:29 1726154249817 Metric[[thread=hz.flamboyant_bhaskara.IO.thread-out-0,unit=count,metric=tcp.outputThread.completedTaskCount]=0]
12-09-2024 15:17:29 1726154249817 Metric[[thread=hz.flamboyant_bhaskara.IO.thread-out-0,unit=count,metric=tcp.outputThread.selectorRebuildCount]=0]
12-09-2024 15:17:29 1726154249817 Metric[[thread=hz.flamboyant_bhaskara.IO.thread-out-1,unit=ms,metric=tcp.outputThread.idleTimeMillis]=1726154249831]
12-09-2024 15:17:29 1726154249817 Metric[[thread=hz.flamboyant_bhaskara.IO.thread-out-1,unit=count,metric=tcp.outputThread.ioThreadId]=1]
12-09-2024 15:17:29 1726154249817 Metric[[thread=hz.flamboyant_bhaskara.IO.thread-out-1,unit=bytes,metric=tcp.outputThread.bytesTransceived]=0]
12-09-2024 15:17:29 1726154249817 Metric[[thread=hz.flamboyant_bhaskara.IO.thread-out-1,unit=count,metric=tcp.outputThread.framesTransceived]=0]
12-09-2024 15:17:29 1726154249817 Metric[[thread=hz.flamboyant_bhaskara.IO.thread-out-1,unit=count,metric=tcp.outputThread.priorityFramesTransceived]=0]
12-09-2024 15:17:29 1726154249817 Metric[[thread=hz.flamboyant_bhaskara.IO.thread-out-1,unit=count,metric=tcp.outputThread.processCount]=0]
12-09-2024 15:17:29 1726154249817 Metric[[thread=hz.flamboyant_bhaskara.IO.thread-out-1,unit=count,metric=tcp.outputThread.taskQueueSize]=0]
12-09-2024 15:17:29 1726154249817 Metric[[thread=hz.flamboyant_bhaskara.IO.thread-out-1,unit=count,metric=tcp.outputThread.eventCount]=0]
12-09-2024 15:17:29 1726154249817 Metric[[thread=hz.flamboyant_bhaskara.IO.thread-out-1,unit=count,metric=tcp.outputThread.selectorIOExceptionCount]=0]
12-09-2024 15:17:29 1726154249817 Metric[[thread=hz.flamboyant_bhaskara.IO.thread-out-1,unit=count,metric=tcp.outputThread.completedTaskCount]=0]
12-09-2024 15:17:29 1726154249817 Metric[[thread=hz.flamboyant_bhaskara.IO.thread-out-1,unit=count,metric=tcp.outputThread.selectorRebuildCount]=0]
12-09-2024 15:17:29 1726154249817 Metric[[thread=hz.flamboyant_bhaskara.IO.thread-out-2,unit=ms,metric=tcp.outputThread.idleTimeMillis]=1726154249832]
12-09-2024 15:17:29 1726154249817 Metric[[thread=hz.flamboyant_bhaskara.IO.thread-out-2,unit=count,metric=tcp.outputThread.ioThreadId]=2]
12-09-2024 15:17:29 1726154249817 Metric[[thread=hz.flamboyant_bhaskara.IO.thread-out-2,unit=bytes,metric=tcp.outputThread.bytesTransceived]=0]
12-09-2024 15:17:29 1726154249817 Metric[[thread=hz.flamboyant_bhaskara.IO.thread-out-2,unit=count,metric=tcp.outputThread.framesTransceived]=0]
12-09-2024 15:17:29 1726154249817 Metric[[thread=hz.flamboyant_bhaskara.IO.thread-out-2,unit=count,metric=tcp.outputThread.priorityFramesTransceived]=0]
12-09-2024 15:17:29 1726154249817 Metric[[thread=hz.flamboyant_bhaskara.IO.thread-out-2,unit=count,metric=tcp.outputThread.processCount]=0]
12-09-2024 15:17:29 1726154249817 Metric[[thread=hz.flamboyant_bhaskara.IO.thread-out-2,unit=count,metric=tcp.outputThread.taskQueueSize]=0]
12-09-2024 15:17:29 1726154249817 Metric[[thread=hz.flamboyant_bhaskara.IO.thread-out-2,unit=count,metric=tcp.outputThread.eventCount]=0]
12-09-2024 15:17:29 1726154249817 Metric[[thread=hz.flamboyant_bhaskara.IO.thread-out-2,unit=count,metric=tcp.outputThread.selectorIOExceptionCount]=0]
12-09-2024 15:17:29 1726154249817 Metric[[thread=hz.flamboyant_bhaskara.IO.thread-out-2,unit=count,metric=tcp.outputThread.completedTaskCount]=0]
12-09-2024 15:17:29 1726154249817 Metric[[thread=hz.flamboyant_bhaskara.IO.thread-out-2,unit=count,metric=tcp.outputThread.selectorRebuildCount]=0]
12-09-2024 15:17:29 1726154249817 Metric[[unit=count,metric=tcp.balancer.imbalanceDetectedCount]=0]
12-09-2024 15:17:29 1726154249817 Metric[[unit=count,metric=tcp.balancer.migrationCompletedCount]=0]
12-09-2024 15:17:29 1726154249817 Metric[[unit=bytes,metric=tcp.bytesSend]=0]
12-09-2024 15:17:29 1726154249817 Metric[[unit=bytes,metric=tcp.bytesReceived]=0]
12-09-2024 15:17:29 1726154249817 Metric[[unit=count,metric=tcp.packetsSend]=0]
12-09-2024 15:17:29 1726154249817 Metric[[unit=count,metric=tcp.packetsReceived]=0]
12-09-2024 15:17:29 1726154249817 Metric[[thread=hz.flamboyant_bhaskara.IO.thread-Acceptor,unit=ms,metric=tcp.acceptor.idleTimeMillis]=1726154249838]
12-09-2024 15:17:29 1726154249817 Metric[[thread=hz.flamboyant_bhaskara.IO.thread-Acceptor,unit=count,metric=tcp.acceptor.eventCount]=0]
12-09-2024 15:17:29 1726154249817 Metric[[thread=hz.flamboyant_bhaskara.IO.thread-Acceptor,unit=count,metric=tcp.acceptor.exceptionCount]=0]
12-09-2024 15:17:29 1726154249817 Metric[[thread=hz.flamboyant_bhaskara.IO.thread-Acceptor,unit=count,metric=tcp.acceptor.selectorRecreateCount]=0]
12-09-2024 15:17:29 1726154249817 Metric[[unit=count,metric=tcp.connection.inProgressCount]=3]
12-09-2024 15:17:29 1726154249817 Metric[[unit=count,metric=tcp.connection.count]=0]
12-09-2024 15:17:29 1726154249817 Metric[[unit=count,metric=tcp.connection.openedCount]=0]
12-09-2024 15:17:29 1726154249817 Metric[[unit=count,metric=tcp.connection.closedCount]=0]
12-09-2024 15:17:29 1726154249817 Metric[[unit=count,metric=tcp.connection.activeCount]=0]
12-09-2024 15:17:29 1726154249817 Metric[[unit=count,metric=tcp.connection.acceptedSocketCount]=0]
12-09-2024 15:17:29 1726154249817 Metric[[unit=count,metric=tcp.connection.connectionListenerCount]=3]
12-09-2024 15:17:29 1726154249817 Metric[[unit=count,metric=tcp.connection.clientCount]=0]
12-09-2024 15:17:29 1726154249817 Metric[[unit=count,metric=tcp.connection.textCount]=0]
12-09-2024 15:17:29 1726154249817 Metric[[name=__sql.catalog,unit=ms,metric=replicatedMap.maxPutLatency]=0]
12-09-2024 15:17:29 1726154249817 Metric[[name=__sql.catalog,unit=ms,metric=replicatedMap.maxGetLatency]=0]
12-09-2024 15:17:29 1726154249817 Metric[[name=__sql.catalog,unit=ms,metric=replicatedMap.totalRemoveLatencies]=0]
12-09-2024 15:17:29 1726154249817 Metric[[name=__sql.catalog,unit=ms,metric=replicatedMap.maxRemoveLatency]=0]
12-09-2024 15:17:29 1726154249817 Metric[[name=__sql.catalog,unit=ms,metric=replicatedMap.totalPutLatencies]=0]
12-09-2024 15:17:29 1726154249817 Metric[[name=__sql.catalog,unit=ms,metric=replicatedMap.totalGetLatencies]=0]
12-09-2024 15:17:29 1726154249817 Metric[[name=__sql.catalog,unit=count,metric=replicatedMap.total]=0]
12-09-2024 15:17:29 1726154249817 Metric[[name=__sql.catalog,unit=ms,metric=replicatedMap.lastAccessTime]=0]
12-09-2024 15:17:29 1726154249817 Metric[[name=__sql.catalog,unit=ms,metric=replicatedMap.lastUpdateTime]=0]
12-09-2024 15:17:29 1726154249817 Metric[[name=__sql.catalog,unit=count,metric=replicatedMap.hits]=0]
12-09-2024 15:17:29 1726154249817 Metric[[name=__sql.catalog,unit=count,metric=replicatedMap.numberOfOtherOperations]=0]
12-09-2024 15:17:29 1726154249817 Metric[[name=__sql.catalog,unit=count,metric=replicatedMap.numberOfEvents]=0]
12-09-2024 15:17:29 1726154249817 Metric[[name=__sql.catalog,unit=count,metric=replicatedMap.getCount]=0]
12-09-2024 15:17:29 1726154249817 Metric[[name=__sql.catalog,unit=count,metric=replicatedMap.putCount]=0]
12-09-2024 15:17:29 1726154249817 Metric[[name=__sql.catalog,unit=count,metric=replicatedMap.removeCount]=0]
12-09-2024 15:17:29 1726154249817 Metric[[name=__sql.catalog,unit=ms,metric=replicatedMap.creationTime]=1726154249841]
12-09-2024 15:17:29 1726154249817 Metric[[name=__sql.catalog,unit=count,metric=replicatedMap.ownedEntryCount]=0]
12-09-2024 15:17:29 1726154249817 Metric[[name=__sql.catalog,unit=bytes,metric=replicatedMap.ownedEntryMemoryCost]=0]
12-09-2024 15:17:29 1726154249817 Metric[[name=hz:cluster,unit=count,metric=executor.internal.remainingQueueCapacity]=2147483647]
12-09-2024 15:17:29 1726154249817 Metric[[name=hz:cluster,unit=count,metric=executor.internal.queueSize]=0]
12-09-2024 15:17:29 1726154249817 Metric[[name=hz:cluster,unit=count,metric=executor.internal.maximumPoolSize]=2]
12-09-2024 15:17:29 1726154249817 Metric[[name=hz:cluster,unit=count,metric=executor.internal.completedTasks]=0]
12-09-2024 15:17:29 1726154249817 Metric[[name=hz:cluster,unit=count,metric=executor.internal.poolSize]=0]
12-09-2024 15:17:29 1726154249817 Metric[[name=hz:cluster:event,unit=count,metric=executor.internal.remainingQueueCapacity]=2147483647]
12-09-2024 15:17:29 1726154249817 Metric[[name=hz:cluster:event,unit=count,metric=executor.internal.queueSize]=0]
12-09-2024 15:17:29 1726154249817 Metric[[name=hz:cluster:event,unit=count,metric=executor.internal.maximumPoolSize]=1]
12-09-2024 15:17:29 1726154249817 Metric[[name=hz:cluster:event,unit=count,metric=executor.internal.completedTasks]=6]
12-09-2024 15:17:29 1726154249817 Metric[[name=hz:cluster:event,unit=count,metric=executor.internal.poolSize]=0]
12-09-2024 15:17:29 1726154249817 Metric[[name=hz:offloadable,unit=count,metric=executor.internal.remainingQueueCapacity]=100000]
12-09-2024 15:17:29 1726154249817 Metric[[name=hz:offloadable,unit=count,metric=executor.internal.queueSize]=0]
12-09-2024 15:17:29 1726154249817 Metric[[name=hz:offloadable,unit=count,metric=executor.internal.maximumPoolSize]=10]
12-09-2024 15:17:29 1726154249817 Metric[[name=hz:offloadable,unit=count,metric=executor.internal.completedTasks]=0]
12-09-2024 15:17:29 1726154249817 Metric[[name=hz:offloadable,unit=count,metric=executor.internal.poolSize]=0]
12-09-2024 15:17:29 1726154249817 Metric[[name=hz:splitBrainProtection,unit=count,metric=executor.internal.remainingQueueCapacity]=2147483647]
12-09-2024 15:17:29 1726154249817 Metric[[name=hz:splitBrainProtection,unit=count,metric=executor.internal.queueSize]=0]
12-09-2024 15:17:29 1726154249817 Metric[[name=hz:splitBrainProtection,unit=count,metric=executor.internal.maximumPoolSize]=1]
12-09-2024 15:17:29 1726154249817 Metric[[name=hz:splitBrainProtection,unit=count,metric=executor.internal.completedTasks]=0]
12-09-2024 15:17:29 1726154249817 Metric[[name=hz:splitBrainProtection,unit=count,metric=executor.internal.poolSize]=0]
12-09-2024 15:17:29 1726154249817 Metric[[name=hz:client,unit=count,metric=executor.internal.remainingQueueCapacity]=1000000]
12-09-2024 15:17:29 1726154249817 Metric[[name=hz:client,unit=count,metric=executor.internal.queueSize]=0]
12-09-2024 15:17:29 1726154249817 Metric[[name=hz:client,unit=count,metric=executor.internal.maximumPoolSize]=10]
12-09-2024 15:17:29 1726154249817 Metric[[name=hz:client,unit=count,metric=executor.internal.completedTasks]=0]
12-09-2024 15:17:29 1726154249817 Metric[[name=hz:client,unit=count,metric=executor.internal.poolSize]=0]
12-09-2024 15:17:29 1726154249817 Metric[[name=hz:cluster:mastership,unit=count,metric=executor.internal.remainingQueueCapacity]=2147483647]
12-09-2024 15:17:29 1726154249817 Metric[[name=hz:cluster:mastership,unit=count,metric=executor.internal.queueSize]=0]
12-09-2024 15:17:29 1726154249817 Metric[[name=hz:cluster:mastership,unit=count,metric=executor.internal.maximumPoolSize]=1]
12-09-2024 15:17:29 1726154249817 Metric[[name=hz:cluster:mastership,unit=count,metric=executor.internal.completedTasks]=0]
12-09-2024 15:17:29 1726154249817 Metric[[name=hz:cluster:mastership,unit=count,metric=executor.internal.poolSize]=0]
12-09-2024 15:17:29 1726154249817 Metric[[name=hz:async,unit=count,metric=executor.internal.remainingQueueCapacity]=100000]
12-09-2024 15:17:29 1726154249817 Metric[[name=hz:async,unit=count,metric=executor.internal.queueSize]=0]
12-09-2024 15:17:29 1726154249817 Metric[[name=hz:async,unit=count,metric=executor.internal.maximumPoolSize]=10]
12-09-2024 15:17:29 1726154249817 Metric[[name=hz:async,unit=count,metric=executor.internal.completedTasks]=0]
12-09-2024 15:17:29 1726154249817 Metric[[name=hz:async,unit=count,metric=executor.internal.poolSize]=0]
12-09-2024 15:17:29 1726154249817 Metric[[name=hz:scheduled:cqc:6c22df92-efa7-46c0-99dd-8795f405aa66,unit=count,metric=executor.internal.remainingQueueCapacity]=10000]
12-09-2024 15:17:29 1726154249817 Metric[[name=hz:scheduled:cqc:6c22df92-efa7-46c0-99dd-8795f405aa66,unit=count,metric=executor.internal.queueSize]=0]
12-09-2024 15:17:29 1726154249817 Metric[[name=hz:scheduled:cqc:6c22df92-efa7-46c0-99dd-8795f405aa66,unit=count,metric=executor.internal.maximumPoolSize]=1]
12-09-2024 15:17:29 1726154249817 Metric[[name=hz:scheduled:cqc:6c22df92-efa7-46c0-99dd-8795f405aa66,unit=count,metric=executor.internal.completedTasks]=0]
12-09-2024 15:17:29 1726154249817 Metric[[name=hz:scheduled:cqc:6c22df92-efa7-46c0-99dd-8795f405aa66,unit=count,metric=executor.internal.poolSize]=0]
12-09-2024 15:17:29 1726154249817 Metric[[name=hz:client-blocking-tasks,unit=count,metric=executor.internal.remainingQueueCapacity]=1000000]
12-09-2024 15:17:29 1726154249817 Metric[[name=hz:client-blocking-tasks,unit=count,metric=executor.internal.queueSize]=0]
12-09-2024 15:17:29 1726154249817 Metric[[name=hz:client-blocking-tasks,unit=count,metric=executor.internal.maximumPoolSize]=200]
12-09-2024 15:17:29 1726154249817 Metric[[name=hz:client-blocking-tasks,unit=count,metric=executor.internal.completedTasks]=0]
12-09-2024 15:17:29 1726154249817 Metric[[name=hz:client-blocking-tasks,unit=count,metric=executor.internal.poolSize]=0]
12-09-2024 15:17:29 1726154249817 Metric[[name=hz:client-query,unit=count,metric=executor.internal.remainingQueueCapacity]=1000000]
12-09-2024 15:17:29 1726154249817 Metric[[name=hz:client-query,unit=count,metric=executor.internal.queueSize]=0]
12-09-2024 15:17:29 1726154249817 Metric[[name=hz:client-query,unit=count,metric=executor.internal.maximumPoolSize]=10]
12-09-2024 15:17:29 1726154249817 Metric[[name=hz:client-query,unit=count,metric=executor.internal.completedTasks]=0]
12-09-2024 15:17:29 1726154249817 Metric[[name=hz:client-query,unit=count,metric=executor.internal.poolSize]=0]
12-09-2024 15:17:29 1726154249817 Metric[[name=hz:scheduled,unit=count,metric=executor.internal.remainingQueueCapacity]=1000000]
12-09-2024 15:17:29 1726154249817 Metric[[name=hz:scheduled,unit=count,metric=executor.internal.queueSize]=0]
12-09-2024 15:17:29 1726154249817 Metric[[name=hz:scheduled,unit=count,metric=executor.internal.maximumPoolSize]=20]
12-09-2024 15:17:29 1726154249817 Metric[[name=hz:scheduled,unit=count,metric=executor.internal.completedTasks]=1]
12-09-2024 15:17:29 1726154249817 Metric[[name=hz:scheduled,unit=count,metric=executor.internal.poolSize]=0]
12-09-2024 15:17:29 1726154249817 Metric[[name=hz:system,unit=count,metric=executor.internal.remainingQueueCapacity]=2147483647]
12-09-2024 15:17:29 1726154249817 Metric[[name=hz:system,unit=count,metric=executor.internal.queueSize]=0]
12-09-2024 15:17:29 1726154249817 Metric[[name=hz:system,unit=count,metric=executor.internal.maximumPoolSize]=10]
12-09-2024 15:17:29 1726154249817 Metric[[name=hz:system,unit=count,metric=executor.internal.completedTasks]=0]
12-09-2024 15:17:29 1726154249817 Metric[[name=hz:system,unit=count,metric=executor.internal.poolSize]=0]
12-09-2024 15:17:29 1726154249817 Metric[[name=MetricsPublisher,unit=count,metric=executor.internal.remainingQueueCapacity]=2147483647]
12-09-2024 15:17:29 1726154249817 Metric[[name=MetricsPublisher,unit=count,metric=executor.internal.queueSize]=0]
12-09-2024 15:17:29 1726154249817 Metric[[name=MetricsPublisher,unit=count,metric=executor.internal.maximumPoolSize]=16]
12-09-2024 15:17:29 1726154249817 Metric[[name=MetricsPublisher,unit=count,metric=executor.internal.completedTasks]=0]
12-09-2024 15:17:29 1726154249817 Metric[[name=MetricsPublisher,unit=count,metric=executor.internal.poolSize]=0]
12-09-2024 15:17:29 1726154249817 Metric[[name=hz:cluster:splitbrain,unit=count,metric=executor.internal.remainingQueueCapacity]=2147483647]
12-09-2024 15:17:29 1726154249817 Metric[[name=hz:cluster:splitbrain,unit=count,metric=executor.internal.queueSize]=0]
12-09-2024 15:17:29 1726154249817 Metric[[name=hz:cluster:splitbrain,unit=count,metric=executor.internal.maximumPoolSize]=2]
12-09-2024 15:17:29 1726154249817 Metric[[name=hz:cluster:splitbrain,unit=count,metric=executor.internal.completedTasks]=0]
12-09-2024 15:17:29 1726154249817 Metric[[name=hz:cluster:splitbrain,unit=count,metric=executor.internal.poolSize]=0]
12-09-2024 15:17:29 1726154249817 Metric[[name=hz:cluster:version:auto:upgrade,unit=count,metric=executor.internal.remainingQueueCapacity]=2147483647]
12-09-2024 15:17:29 1726154249817 Metric[[name=hz:cluster:version:auto:upgrade,unit=count,metric=executor.internal.queueSize]=0]
12-09-2024 15:17:29 1726154249817 Metric[[name=hz:cluster:version:auto:upgrade,unit=count,metric=executor.internal.maximumPoolSize]=1]
12-09-2024 15:17:29 1726154249817 Metric[[name=hz:cluster:version:auto:upgrade,unit=count,metric=executor.internal.completedTasks]=0]
12-09-2024 15:17:29 1726154249817 Metric[[name=hz:cluster:version:auto:upgrade,unit=count,metric=executor.internal.poolSize]=0]
12-09-2024 15:17:29 1726154249817 Metric[[name=hz:query,unit=count,metric=executor.internal.remainingQueueCapacity]=2147483647]
12-09-2024 15:17:29 1726154249817 Metric[[name=hz:query,unit=count,metric=executor.internal.queueSize]=0]
12-09-2024 15:17:29 1726154249817 Metric[[name=hz:query,unit=count,metric=executor.internal.maximumPoolSize]=16]
12-09-2024 15:17:29 1726154249817 Metric[[name=hz:query,unit=count,metric=executor.internal.completedTasks]=0]
12-09-2024 15:17:29 1726154249817 Metric[[name=hz:query,unit=count,metric=executor.internal.poolSize]=0]
12-09-2024 15:17:29 1726154249817 Metric[[name=hz:CRDTReplicationMigration,unit=count,metric=executor.internal.remainingQueueCapacity]=2147483647]
12-09-2024 15:17:29 1726154249817 Metric[[name=hz:CRDTReplicationMigration,unit=count,metric=executor.internal.queueSize]=0]
12-09-2024 15:17:29 1726154249817 Metric[[name=hz:CRDTReplicationMigration,unit=count,metric=executor.internal.maximumPoolSize]=16]
12-09-2024 15:17:29 1726154249817 Metric[[name=hz:CRDTReplicationMigration,unit=count,metric=executor.internal.completedTasks]=1]
12-09-2024 15:17:29 1726154249817 Metric[[name=hz:CRDTReplicationMigration,unit=count,metric=executor.internal.poolSize]=0]
12-09-2024 15:17:29 1726154249817 Metric[[name=hz:io,unit=count,metric=executor.internal.remainingQueueCapacity]=2147483647]
12-09-2024 15:17:29 1726154249817 Metric[[name=hz:io,unit=count,metric=executor.internal.queueSize]=0]
12-09-2024 15:17:29 1726154249817 Metric[[name=hz:io,unit=count,metric=executor.internal.maximumPoolSize]=16]
12-09-2024 15:17:29 1726154249817 Metric[[name=hz:io,unit=count,metric=executor.internal.completedTasks]=0]
12-09-2024 15:17:29 1726154249817 Metric[[name=hz:io,unit=count,metric=executor.internal.poolSize]=3]
12-09-2024 15:17:29 1726154249849 SlowOperations[]
12-09-2024 15:17:29 1726154249849 Invocations[
                          Pending[]
                          History[]
                          SlowHistory[]]
12-09-2024 15:17:29 1726154249850 InvocationProfiler[]
12-09-2024 15:17:29 1726154249850 OperationsProfiler[]
12-09-2024 15:17:29 1726154249851 HazelcastInstance[
                          thisAddress=[172.18.0.7]:5701
                          isRunning=true
                          isLite=false
                          joined=false
                          nodeState=ACTIVE
                          clusterId=null
                          clusterSize=1
                          isMaster=false
                          masterAddress=null
                          Members[
                                  [172.18.0.7]:5701]]
12-09-2024 15:17:29 1726154249852 ClusterVersionChanged[
                          5.0]
12-09-2024 15:17:29 1726154249852 Lifecycle[
                          STARTING]
12-09-2024 15:17:29 1726154249852 MemberAdded[
                          member=[172.18.0.7]:5701
                          Members[
                                  [172.18.0.7]:5701:this:master]]
12-09-2024 15:17:34 1726154254816 InvocationProfiler[]
12-09-2024 15:17:34 1726154254816 OperationsProfiler[]
12-09-2024 15:17:39 1726154259816 InvocationProfiler[]
12-09-2024 15:17:39 1726154259816 OperationsProfiler[]
12-09-2024 15:17:44 1726154264816 InvocationProfiler[]
12-09-2024 15:17:44 1726154264819 OperationsProfiler[
                          com.hazelcast.client.impl.protocol.task.AuthenticationMessageTask[
                                  count=17
                                  totalTime(us)=14,450
                                  avg(us)=850
                                  max(us)=4,739
                                  latency-distribution[
                                          128..255us=2
                                          256..511us=7
                                          512..1023us=6
                                          2048..4095us=1
                                          4096..8191us=1]]]
12-09-2024 15:17:45 1726154265816 ClusterVersionChanged[
                          5.0]
12-09-2024 15:17:45 1726154265816 Lifecycle[
                          STARTED]
12-09-2024 15:17:45 1726154265816 ConnectionAdded[
                          Connection[id=1, /10.0.1.9:5701->/10.0.1.4:37633, qualifier=null, endpoint=[10.0.1.4]:37633, alive=true, connectionType=JVM, planeIndex=-1]
                          type=JVM
                          isAlive=true]
